<?xml version="1.0" encoding="UTF-8"?>
<coverage generated="1541859693884" clover="3.2.0">
  <project timestamp="1541859693884" name="All files">
    <metrics statements="1017" coveredstatements="945" conditionals="644" coveredconditionals="569" methods="675" coveredmethods="623" elements="2336" coveredelements="2137" complexity="0" loc="1017" ncloc="1017" packages="1" files="1" classes="1">
      <file name="_30s.js" path="H:\My Files\git Repositories\30-seconds-of-code\test\_30s.js">
        <metrics statements="1017" coveredstatements="945" conditionals="644" coveredconditionals="569" methods="675" coveredmethods="623"/>
        <line num="1" count="360" type="cond" truecount="2" falsecount="0"/>
        <line num="2" count="360" type="cond" truecount="2" falsecount="0"/>
        <line num="4" count="360" type="cond" truecount="2" falsecount="0"/>
        <line num="5" count="4" type="stmt"/>
        <line num="8" count="8" type="stmt"/>
        <line num="9" count="360" type="cond" truecount="1" falsecount="0"/>
        <line num="10" count="2" type="stmt"/>
        <line num="11" count="2" type="stmt"/>
        <line num="15" count="4" type="stmt"/>
        <line num="16" count="8" type="stmt"/>
        <line num="20" count="360" type="stmt"/>
        <line num="21" count="0" type="stmt"/>
        <line num="22" count="360" type="cond" truecount="1" falsecount="0"/>
        <line num="23" count="2" type="stmt"/>
        <line num="26" count="8" type="stmt"/>
        <line num="27" count="16" type="cond" truecount="4" falsecount="0"/>
        <line num="32" count="360" type="stmt"/>
        <line num="33" count="360" type="stmt"/>
        <line num="34" count="2" type="stmt"/>
        <line num="42" count="360" type="stmt"/>
        <line num="43" count="0" type="stmt"/>
        <line num="44" count="0" type="stmt"/>
        <line num="47" count="360" type="stmt"/>
        <line num="48" count="1" type="stmt"/>
        <line num="49" count="31" type="stmt"/>
        <line num="51" count="360" type="cond" truecount="1" falsecount="0"/>
        <line num="52" count="360" type="stmt"/>
        <line num="53" count="360" type="cond" truecount="1" falsecount="0"/>
        <line num="54" count="360" type="cond" truecount="1" falsecount="0"/>
        <line num="55" count="360" type="cond" truecount="1" falsecount="0"/>
        <line num="56" count="8" type="stmt"/>
        <line num="57" count="360" type="stmt"/>
        <line num="58" count="0" type="stmt"/>
        <line num="59" count="0" type="stmt"/>
        <line num="60" count="0" type="stmt"/>
        <line num="62" count="360" type="stmt"/>
        <line num="63" count="360" type="stmt"/>
        <line num="64" count="360" type="stmt"/>
        <line num="65" count="2" type="stmt"/>
        <line num="66" count="2" type="stmt"/>
        <line num="68" count="1" type="cond" truecount="1" falsecount="1"/>
        <line num="71" count="360" type="stmt"/>
        <line num="72" count="360" type="stmt"/>
        <line num="73" count="8" type="cond" truecount="2" falsecount="0"/>
        <line num="75" count="360" type="stmt"/>
        <line num="76" count="4" type="cond" truecount="2" falsecount="0"/>
        <line num="77" count="360" type="stmt"/>
        <line num="78" count="4" type="cond" truecount="2" falsecount="0"/>
        <line num="79" count="360" type="stmt"/>
        <line num="80" count="360" type="stmt"/>
        <line num="81" count="1" type="stmt"/>
        <line num="83" count="1" type="stmt"/>
        <line num="85" count="1" type="stmt"/>
        <line num="89" count="360" type="stmt"/>
        <line num="90" count="1" type="stmt"/>
        <line num="91" count="360" type="stmt"/>
        <line num="92" count="7" type="cond" truecount="4" falsecount="0"/>
        <line num="93" count="5" type="cond" truecount="4" falsecount="0"/>
        <line num="94" count="4" type="cond" truecount="4" falsecount="0"/>
        <line num="95" count="3" type="cond" truecount="4" falsecount="0"/>
        <line num="96" count="2" type="cond" truecount="2" falsecount="0"/>
        <line num="97" count="2" type="stmt"/>
        <line num="98" count="2" type="stmt"/>
        <line num="99" count="2" type="stmt"/>
        <line num="101" count="360" type="stmt"/>
        <line num="102" count="1" type="stmt"/>
        <line num="104" count="360" type="stmt"/>
        <line num="105" count="360" type="stmt"/>
        <line num="106" count="360" type="stmt"/>
        <line num="107" count="360" type="cond" truecount="1" falsecount="0"/>
        <line num="108" count="4" type="cond" truecount="2" falsecount="0"/>
        <line num="109" count="360" type="stmt"/>
        <line num="110" count="360" type="cond" truecount="2" falsecount="0"/>
        <line num="111" count="360" type="stmt"/>
        <line num="112" count="1" type="stmt"/>
        <line num="113" count="3" type="stmt"/>
        <line num="114" count="1" type="stmt"/>
        <line num="116" count="360" type="stmt"/>
        <line num="117" count="9" type="stmt"/>
        <line num="118" count="14" type="stmt"/>
        <line num="120" count="360" type="stmt"/>
        <line num="121" count="360" type="stmt"/>
        <line num="122" count="360" type="stmt"/>
        <line num="123" count="360" type="stmt"/>
        <line num="124" count="360" type="stmt"/>
        <line num="125" count="360" type="stmt"/>
        <line num="143" count="360" type="stmt"/>
        <line num="144" count="360" type="stmt"/>
        <line num="145" count="360" type="stmt"/>
        <line num="146" count="360" type="stmt"/>
        <line num="147" count="360" type="stmt"/>
        <line num="148" count="2" type="stmt"/>
        <line num="149" count="2" type="stmt"/>
        <line num="150" count="2" type="stmt"/>
        <line num="151" count="2" type="stmt"/>
        <line num="152" count="2" type="stmt"/>
        <line num="153" count="2" type="stmt"/>
        <line num="155" count="2" type="cond" truecount="2" falsecount="0"/>
        <line num="156" count="2" type="stmt"/>
        <line num="157" count="2" type="stmt"/>
        <line num="158" count="2" type="stmt"/>
        <line num="159" count="2" type="cond" truecount="2" falsecount="0"/>
        <line num="160" count="1" type="stmt"/>
        <line num="161" count="1" type="stmt"/>
        <line num="164" count="360" type="stmt"/>
        <line num="165" count="3" type="cond" truecount="2" falsecount="0"/>
        <line num="166" count="6" type="cond" truecount="2" falsecount="0"/>
        <line num="167" count="6" type="stmt"/>
        <line num="169" count="360" type="cond" truecount="2" falsecount="0"/>
        <line num="170" count="360" type="cond" truecount="2" falsecount="0"/>
        <line num="171" count="3" type="stmt"/>
        <line num="172" count="3" type="cond" truecount="2" falsecount="0"/>
        <line num="173" count="3" type="stmt"/>
        <line num="174" count="0" type="stmt"/>
        <line num="175" count="0" type="stmt"/>
        <line num="176" count="0" type="cond" truecount="0" falsecount="2"/>
        <line num="177" count="0" type="cond" truecount="0" falsecount="2"/>
        <line num="179" count="3" type="stmt"/>
        <line num="181" count="360" type="stmt"/>
        <line num="182" count="1" type="stmt"/>
        <line num="183" count="1" type="stmt"/>
        <line num="184" count="1" type="stmt"/>
        <line num="186" count="360" type="stmt"/>
        <line num="189" count="1" type="cond" truecount="2" falsecount="0"/>
        <line num="192" count="1" type="cond" truecount="1" falsecount="1"/>
        <line num="193" count="1" type="stmt"/>
        <line num="196" count="1" type="cond" truecount="1" falsecount="1"/>
        <line num="197" count="1" type="cond" truecount="1" falsecount="1"/>
        <line num="200" count="360" type="stmt"/>
        <line num="201" count="360" type="cond" truecount="1" falsecount="0"/>
        <line num="202" count="7" type="cond" truecount="2" falsecount="0"/>
        <line num="203" count="360" type="stmt"/>
        <line num="204" count="0" type="stmt"/>
        <line num="205" count="360" type="cond" truecount="1" falsecount="0"/>
        <line num="207" count="1" type="stmt"/>
        <line num="208" count="0" type="stmt"/>
        <line num="209" count="0" type="stmt"/>
        <line num="212" count="360" type="cond" truecount="1" falsecount="0"/>
        <line num="213" count="2" type="cond" truecount="2" falsecount="0"/>
        <line num="214" count="360" type="stmt"/>
        <line num="215" count="4" type="stmt"/>
        <line num="216" count="4" type="stmt"/>
        <line num="217" count="6" type="cond" truecount="2" falsecount="0"/>
        <line num="219" count="4" type="cond" truecount="4" falsecount="0"/>
        <line num="221" count="360" type="cond" truecount="2" falsecount="0"/>
        <line num="222" count="360" type="stmt"/>
        <line num="223" count="4" type="cond" truecount="2" falsecount="0"/>
        <line num="225" count="3" type="cond" truecount="4" falsecount="0"/>
        <line num="227" count="360" type="stmt"/>
        <line num="228" count="360" type="stmt"/>
        <line num="229" count="360" type="stmt"/>
        <line num="230" count="360" type="stmt"/>
        <line num="231" count="360" type="stmt"/>
        <line num="232" count="0" type="cond" truecount="0" falsecount="2"/>
        <line num="235" count="360" type="stmt"/>
        <line num="236" count="1" type="stmt"/>
        <line num="237" count="3" type="stmt"/>
        <line num="239" count="360" type="stmt"/>
        <line num="240" count="2" type="stmt"/>
        <line num="241" count="4" type="stmt"/>
        <line num="243" count="360" type="stmt"/>
        <line num="244" count="360" type="stmt"/>
        <line num="245" count="13" type="cond" truecount="2" falsecount="0"/>
        <line num="248" count="15" type="cond" truecount="1" falsecount="1"/>
        <line num="249" count="15" type="cond" truecount="2" falsecount="0"/>
        <line num="251" count="360" type="stmt"/>
        <line num="252" count="360" type="stmt"/>
        <line num="253" count="360" type="cond" truecount="1" falsecount="0"/>
        <line num="254" count="360" type="cond" truecount="1" falsecount="0"/>
        <line num="255" count="360" type="stmt"/>
        <line num="256" count="2" type="cond" truecount="2" falsecount="0"/>
        <line num="257" count="1" type="stmt"/>
        <line num="259" count="360" type="stmt"/>
        <line num="260" count="2" type="cond" truecount="2" falsecount="0"/>
        <line num="261" count="1" type="stmt"/>
        <line num="263" count="360" type="cond" truecount="2" falsecount="0"/>
        <line num="264" count="360" type="cond" truecount="1" falsecount="0"/>
        <line num="265" count="2" type="stmt"/>
        <line num="266" count="2" type="stmt"/>
        <line num="267" count="2" type="cond" truecount="2" falsecount="0"/>
        <line num="272" count="360" type="cond" truecount="1" falsecount="0"/>
        <line num="273" count="9" type="stmt"/>
        <line num="274" count="16" type="stmt"/>
        <line num="275" count="9" type="stmt"/>
        <line num="276" count="16" type="cond" truecount="6" falsecount="0"/>
        <line num="277" count="9" type="cond" truecount="2" falsecount="0"/>
        <line num="279" count="1" type="stmt"/>
        <line num="280" count="4" type="stmt"/>
        <line num="281" count="4" type="stmt"/>
        <line num="282" count="6" type="stmt"/>
        <line num="283" count="6" type="stmt"/>
        <line num="286" count="1" type="stmt"/>
        <line num="288" count="360" type="stmt"/>
        <line num="289" count="30" type="cond" truecount="2" falsecount="0"/>
        <line num="290" count="16" type="cond" truecount="4" falsecount="0"/>
        <line num="291" count="15" type="cond" truecount="6" falsecount="0"/>
        <line num="292" count="11" type="cond" truecount="5" falsecount="1"/>
        <line num="293" count="11" type="cond" truecount="1" falsecount="1"/>
        <line num="294" count="11" type="stmt"/>
        <line num="295" count="11" type="cond" truecount="2" falsecount="0"/>
        <line num="296" count="21" type="stmt"/>
        <line num="298" count="360" type="stmt"/>
        <line num="299" count="1" type="stmt"/>
        <line num="302" count="7" type="cond" truecount="1" falsecount="1"/>
        <line num="310" count="360" type="stmt"/>
        <line num="311" count="360" type="stmt"/>
        <line num="312" count="360" type="stmt"/>
        <line num="313" count="2" type="stmt"/>
        <line num="317" count="6" type="stmt"/>
        <line num="319" count="360" type="stmt"/>
        <line num="320" count="23" type="cond" truecount="2" falsecount="0"/>
        <line num="322" count="1" type="stmt"/>
        <line num="327" count="360" type="stmt"/>
        <line num="328" count="1" type="stmt"/>
        <line num="329" count="6" type="cond" truecount="2" falsecount="0"/>
        <line num="332" count="360" type="stmt"/>
        <line num="333" count="360" type="stmt"/>
        <line num="334" count="34" type="stmt"/>
        <line num="335" count="360" type="stmt"/>
        <line num="336" count="360" type="stmt"/>
        <line num="337" count="360" type="stmt"/>
        <line num="338" count="1" type="stmt"/>
        <line num="339" count="4" type="stmt"/>
        <line num="340" count="4" type="stmt"/>
        <line num="342" count="360" type="stmt"/>
        <line num="343" count="1" type="stmt"/>
        <line num="345" count="1" type="stmt"/>
        <line num="346" count="360" type="cond" truecount="1" falsecount="0"/>
        <line num="347" count="10" type="cond" truecount="4" falsecount="0"/>
        <line num="348" count="360" type="cond" truecount="1" falsecount="0"/>
        <line num="349" count="6" type="stmt"/>
        <line num="350" count="11" type="cond" truecount="2" falsecount="0"/>
        <line num="351" count="11" type="cond" truecount="2" falsecount="0"/>
        <line num="352" count="7" type="stmt"/>
        <line num="353" count="11" type="stmt"/>
        <line num="355" count="360" type="stmt"/>
        <line num="356" count="360" type="stmt"/>
        <line num="357" count="1" type="stmt"/>
        <line num="361" count="360" type="stmt"/>
        <line num="362" count="360" type="stmt"/>
        <line num="363" count="1" type="stmt"/>
        <line num="365" count="2" type="stmt"/>
        <line num="366" count="360" type="stmt"/>
        <line num="367" count="3" type="cond" truecount="2" falsecount="0"/>
        <line num="368" count="3" type="stmt"/>
        <line num="375" count="3" type="stmt"/>
        <line num="376" count="15" type="stmt"/>
        <line num="377" count="9" type="cond" truecount="2" falsecount="0"/>
        <line num="380" count="360" type="cond" truecount="1" falsecount="0"/>
        <line num="381" count="3" type="stmt"/>
        <line num="385" count="360" type="stmt"/>
        <line num="386" count="360" type="cond" truecount="1" falsecount="0"/>
        <line num="387" count="2" type="cond" truecount="2" falsecount="0"/>
        <line num="390" count="5" type="stmt"/>
        <line num="391" count="360" type="stmt"/>
        <line num="392" count="10" type="cond" truecount="2" falsecount="0"/>
        <line num="393" count="10" type="stmt"/>
        <line num="395" count="360" type="cond" truecount="2" falsecount="0"/>
        <line num="396" count="3" type="stmt"/>
        <line num="397" count="21" type="stmt"/>
        <line num="399" count="360" type="stmt"/>
        <line num="400" count="1" type="stmt"/>
        <line num="401" count="1" type="stmt"/>
        <line num="404" count="3" type="stmt"/>
        <line num="405" count="3" type="cond" truecount="2" falsecount="0"/>
        <line num="407" count="360" type="stmt"/>
        <line num="408" count="360" type="stmt"/>
        <line num="409" count="1" type="stmt"/>
        <line num="410" count="360" type="cond" truecount="1" falsecount="0"/>
        <line num="411" count="5" type="stmt"/>
        <line num="412" count="5" type="cond" truecount="2" falsecount="0"/>
        <line num="414" count="360" type="stmt"/>
        <line num="415" count="5" type="cond" truecount="4" falsecount="0"/>
        <line num="422" count="360" type="cond" truecount="1" falsecount="0"/>
        <line num="426" count="360" type="stmt"/>
        <line num="427" count="360" type="stmt"/>
        <line num="428" count="3" type="cond" truecount="4" falsecount="0"/>
        <line num="429" count="360" type="stmt"/>
        <line num="430" count="1" type="cond" truecount="1" falsecount="1"/>
        <line num="431" count="2" type="stmt"/>
        <line num="434" count="360" type="stmt"/>
        <line num="435" count="3" type="cond" truecount="2" falsecount="0"/>
        <line num="436" count="6" type="cond" truecount="2" falsecount="0"/>
        <line num="437" count="6" type="stmt"/>
        <line num="439" count="360" type="cond" truecount="1" falsecount="1"/>
        <line num="440" count="360" type="stmt"/>
        <line num="441" count="360" type="stmt"/>
        <line num="442" count="0" type="cond" truecount="0" falsecount="2"/>
        <line num="443" count="360" type="stmt"/>
        <line num="444" count="0" type="stmt"/>
        <line num="445" count="0" type="stmt"/>
        <line num="446" count="0" type="stmt"/>
        <line num="447" count="0" type="stmt"/>
        <line num="448" count="0" type="stmt"/>
        <line num="449" count="0" type="stmt"/>
        <line num="452" count="360" type="stmt"/>
        <line num="453" count="1" type="stmt"/>
        <line num="454" count="1" type="stmt"/>
        <line num="456" count="0" type="stmt"/>
        <line num="465" count="360" type="stmt"/>
        <line num="466" count="360" type="stmt"/>
        <line num="467" count="3" type="stmt"/>
        <line num="468" count="3" type="cond" truecount="2" falsecount="0"/>
        <line num="469" count="3" type="cond" truecount="2" falsecount="0"/>
        <line num="470" count="2" type="cond" truecount="2" falsecount="0"/>
        <line num="471" count="3" type="stmt"/>
        <line num="472" count="3" type="stmt"/>
        <line num="485" count="360" type="stmt"/>
        <line num="486" count="360" type="cond" truecount="1" falsecount="0"/>
        <line num="487" count="2" type="stmt"/>
        <line num="488" count="2" type="stmt"/>
        <line num="489" count="2" type="stmt"/>
        <line num="490" count="2" type="stmt"/>
        <line num="491" count="2" type="stmt"/>
        <line num="493" count="360" type="cond" truecount="1" falsecount="0"/>
        <line num="494" count="2" type="stmt"/>
        <line num="495" count="2" type="stmt"/>
        <line num="496" count="2" type="stmt"/>
        <line num="497" count="2" type="stmt"/>
        <line num="498" count="2" type="stmt"/>
        <line num="499" count="2" type="stmt"/>
        <line num="501" count="360" type="stmt"/>
        <line num="502" count="0" type="cond" truecount="0" falsecount="2"/>
        <line num="504" count="360" type="cond" truecount="1" falsecount="0"/>
        <line num="505" count="2" type="stmt"/>
        <line num="506" count="110" type="stmt"/>
        <line num="507" count="2" type="stmt"/>
        <line num="509" count="360" type="cond" truecount="1" falsecount="0"/>
        <line num="510" count="5" type="cond" truecount="4" falsecount="0"/>
        <line num="511" count="5" type="cond" truecount="6" falsecount="0"/>
        <line num="513" count="360" type="cond" truecount="1" falsecount="0"/>
        <line num="514" count="360" type="cond" truecount="2" falsecount="0"/>
        <line num="515" count="360" type="stmt"/>
        <line num="516" count="360" type="cond" truecount="1" falsecount="0"/>
        <line num="517" count="4" type="stmt"/>
        <line num="518" count="360" type="cond" truecount="2" falsecount="0"/>
        <line num="519" count="16" type="stmt"/>
        <line num="520" count="360" type="cond" truecount="2" falsecount="0"/>
        <line num="521" count="3" type="stmt"/>
        <line num="522" count="16" type="stmt"/>
        <line num="524" count="360" type="cond" truecount="1" falsecount="0"/>
        <line num="525" count="360" type="stmt"/>
        <line num="526" count="19" type="cond" truecount="2" falsecount="0"/>
        <line num="528" count="17" type="stmt"/>
        <line num="529" count="360" type="stmt"/>
        <line num="530" count="360" type="stmt"/>
        <line num="531" count="360" type="stmt"/>
        <line num="532" count="1" type="stmt"/>
        <line num="533" count="3" type="stmt"/>
        <line num="535" count="360" type="stmt"/>
        <line num="536" count="1" type="stmt"/>
        <line num="537" count="2" type="stmt"/>
        <line num="539" count="360" type="stmt"/>
        <line num="540" count="360" type="stmt"/>
        <line num="541" count="2" type="stmt"/>
        <line num="542" count="6" type="cond" truecount="2" falsecount="0"/>
        <line num="543" count="6" type="cond" truecount="2" falsecount="0"/>
        <line num="544" count="6" type="stmt"/>
        <line num="545" count="6" type="stmt"/>
        <line num="547" count="360" type="cond" truecount="2" falsecount="0"/>
        <line num="548" count="360" type="stmt"/>
        <line num="549" count="360" type="stmt"/>
        <line num="550" count="360" type="stmt"/>
        <line num="551" count="4" type="stmt"/>
        <line num="552" count="8" type="stmt"/>
        <line num="558" count="4" type="stmt"/>
        <line num="560" count="360" type="cond" truecount="2" falsecount="0"/>
        <line num="561" count="360" type="stmt"/>
        <line num="562" count="360" type="stmt"/>
        <line num="563" count="360" type="stmt"/>
        <line num="564" count="360" type="stmt"/>
        <line num="565" count="360" type="stmt"/>
        <line num="566" count="360" type="stmt"/>
        <line num="567" count="4" type="cond" truecount="7" falsecount="0"/>
        <line num="574" count="360" type="cond" truecount="3" falsecount="1"/>
        <line num="575" count="360" type="stmt"/>
        <line num="576" count="360" type="stmt"/>
        <line num="577" count="360" type="stmt"/>
        <line num="578" count="360" type="cond" truecount="2" falsecount="0"/>
        <line num="579" count="360" type="stmt"/>
        <line num="580" count="360" type="stmt"/>
        <line num="581" count="360" type="stmt"/>
        <line num="582" count="360" type="cond" truecount="2" falsecount="0"/>
        <line num="583" count="360" type="cond" truecount="3" falsecount="0"/>
        <line num="584" count="360" type="stmt"/>
        <line num="585" count="2" type="stmt"/>
        <line num="586" count="3" type="cond" truecount="2" falsecount="0"/>
        <line num="587" count="1" type="stmt"/>
        <line num="589" count="360" type="stmt"/>
        <line num="590" count="360" type="stmt"/>
        <line num="591" count="3" type="cond" truecount="4" falsecount="0"/>
        <line num="594" count="360" type="stmt"/>
        <line num="595" count="4" type="cond" truecount="5" falsecount="0"/>
        <line num="600" count="360" type="stmt"/>
        <line num="601" count="360" type="stmt"/>
        <line num="602" count="11" type="stmt"/>
        <line num="603" count="11" type="stmt"/>
        <line num="604" count="31" type="cond" truecount="2" falsecount="0"/>
        <line num="605" count="31" type="cond" truecount="4" falsecount="0"/>
        <line num="606" count="22" type="cond" truecount="2" falsecount="0"/>
        <line num="609" count="360" type="cond" truecount="3" falsecount="0"/>
        <line num="610" count="360" type="stmt"/>
        <line num="611" count="360" type="stmt"/>
        <line num="612" count="360" type="cond" truecount="1" falsecount="1"/>
        <line num="613" count="360" type="stmt"/>
        <line num="614" count="360" type="stmt"/>
        <line num="615" count="360" type="stmt"/>
        <line num="616" count="3" type="stmt"/>
        <line num="617" count="3" type="stmt"/>
        <line num="618" count="2" type="stmt"/>
        <line num="620" count="1" type="stmt"/>
        <line num="623" count="360" type="stmt"/>
        <line num="624" count="4" type="cond" truecount="5" falsecount="0"/>
        <line num="629" count="360" type="cond" truecount="2" falsecount="0"/>
        <line num="630" count="3" type="stmt"/>
        <line num="632" count="12" type="cond" truecount="2" falsecount="0"/>
        <line num="639" count="360" type="stmt"/>
        <line num="640" count="360" type="stmt"/>
        <line num="641" count="16" type="cond" truecount="2" falsecount="0"/>
        <line num="642" count="4" type="stmt"/>
        <line num="643" count="4" type="stmt"/>
        <line num="645" count="360" type="cond" truecount="2" falsecount="0"/>
        <line num="646" count="360" type="stmt"/>
        <line num="647" count="1" type="stmt"/>
        <line num="648" count="2" type="stmt"/>
        <line num="649" count="2" type="stmt"/>
        <line num="651" count="360" type="stmt"/>
        <line num="652" count="3" type="stmt"/>
        <line num="655" count="41" type="stmt"/>
        <line num="656" count="3" type="stmt"/>
        <line num="657" count="38" type="cond" truecount="4" falsecount="0"/>
        <line num="658" count="3" type="stmt"/>
        <line num="659" count="3" type="stmt"/>
        <line num="661" count="360" type="stmt"/>
        <line num="662" count="1" type="stmt"/>
        <line num="663" count="2" type="stmt"/>
        <line num="664" count="2" type="stmt"/>
        <line num="666" count="360" type="stmt"/>
        <line num="667" count="3" type="stmt"/>
        <line num="668" count="11" type="stmt"/>
        <line num="670" count="360" type="stmt"/>
        <line num="671" count="3" type="stmt"/>
        <line num="673" count="12" type="stmt"/>
        <line num="675" count="360" type="stmt"/>
        <line num="676" count="1" type="stmt"/>
        <line num="677" count="2" type="stmt"/>
        <line num="678" count="2" type="stmt"/>
        <line num="680" count="360" type="cond" truecount="2" falsecount="0"/>
        <line num="681" count="360" type="stmt"/>
        <line num="682" count="3" type="cond" truecount="2" falsecount="0"/>
        <line num="683" count="360" type="stmt"/>
        <line num="684" count="1" type="stmt"/>
        <line num="686" count="1" type="cond" truecount="3" falsecount="1"/>
        <line num="690" count="360" type="cond" truecount="2" falsecount="0"/>
        <line num="691" count="360" type="stmt"/>
        <line num="692" count="360" type="cond" truecount="1" falsecount="0"/>
        <line num="693" count="360" type="stmt"/>
        <line num="694" count="3" type="stmt"/>
        <line num="695" count="14" type="stmt"/>
        <line num="696" count="3" type="cond" truecount="2" falsecount="0"/>
        <line num="698" count="360" type="stmt"/>
        <line num="699" count="1" type="stmt"/>
        <line num="700" count="1" type="stmt"/>
        <line num="701" count="3" type="cond" truecount="4" falsecount="0"/>
        <line num="703" count="1" type="stmt"/>
        <line num="704" count="1" type="stmt"/>
        <line num="706" count="360" type="stmt"/>
        <line num="707" count="1" type="stmt"/>
        <line num="709" count="2" type="stmt"/>
        <line num="710" count="5" type="cond" truecount="2" falsecount="0"/>
        <line num="711" count="5" type="stmt"/>
        <line num="715" count="360" type="cond" truecount="2" falsecount="0"/>
        <line num="716" count="360" type="stmt"/>
        <line num="717" count="360" type="cond" truecount="1" falsecount="0"/>
        <line num="718" count="360" type="cond" truecount="1" falsecount="0"/>
        <line num="719" count="2" type="stmt"/>
        <line num="720" count="4" type="stmt"/>
        <line num="721" count="20020" type="stmt"/>
        <line num="722" count="4" type="stmt"/>
        <line num="724" count="2" type="stmt"/>
        <line num="726" count="360" type="stmt"/>
        <line num="727" count="360" type="cond" truecount="2" falsecount="0"/>
        <line num="728" count="6" type="stmt"/>
        <line num="729" count="30" type="stmt"/>
        <line num="730" count="5" type="stmt"/>
        <line num="731" count="360" type="stmt"/>
        <line num="732" count="360" type="cond" truecount="1" falsecount="0"/>
        <line num="733" count="360" type="stmt"/>
        <line num="734" count="360" type="cond" truecount="3" falsecount="0"/>
        <line num="735" count="360" type="stmt"/>
        <line num="736" count="360" type="stmt"/>
        <line num="737" count="360" type="stmt"/>
        <line num="738" count="0" type="stmt"/>
        <line num="739" count="0" type="stmt"/>
        <line num="753" count="0" type="stmt"/>
        <line num="755" count="360" type="cond" truecount="1" falsecount="0"/>
        <line num="756" count="360" type="stmt"/>
        <line num="757" count="360" type="stmt"/>
        <line num="758" count="1" type="stmt"/>
        <line num="759" count="3" type="stmt"/>
        <line num="760" count="2" type="stmt"/>
        <line num="761" count="360" type="stmt"/>
        <line num="762" count="1" type="stmt"/>
        <line num="763" count="3" type="stmt"/>
        <line num="764" count="1" type="stmt"/>
        <line num="765" count="360" type="cond" truecount="1" falsecount="0"/>
        <line num="766" count="2" type="cond" truecount="2" falsecount="0"/>
        <line num="767" count="2" type="cond" truecount="4" falsecount="0"/>
        <line num="768" count="2" type="cond" truecount="2" falsecount="0"/>
        <line num="770" count="360" type="stmt"/>
        <line num="771" count="0" type="stmt"/>
        <line num="772" count="0" type="stmt"/>
        <line num="773" count="0" type="stmt"/>
        <line num="774" count="0" type="stmt"/>
        <line num="775" count="0" type="cond" truecount="0" falsecount="2"/>
        <line num="776" count="0" type="stmt"/>
        <line num="777" count="0" type="stmt"/>
        <line num="779" count="0" type="stmt"/>
        <line num="780" count="0" type="cond" truecount="0" falsecount="2"/>
        <line num="781" count="0" type="stmt"/>
        <line num="784" count="360" type="stmt"/>
        <line num="785" count="2" type="stmt"/>
        <line num="786" count="2" type="stmt"/>
        <line num="787" count="2" type="cond" truecount="2" falsecount="0"/>
        <line num="788" count="1" type="stmt"/>
        <line num="789" count="1" type="stmt"/>
        <line num="792" count="360" type="stmt"/>
        <line num="793" count="2" type="stmt"/>
        <line num="794" count="5" type="stmt"/>
        <line num="795" count="10" type="cond" truecount="2" falsecount="0"/>
        <line num="796" count="7" type="cond" truecount="4" falsecount="0"/>
        <line num="797" count="7" type="cond" truecount="4" falsecount="0"/>
        <line num="799" count="10" type="stmt"/>
        <line num="802" count="360" type="stmt"/>
        <line num="803" count="360" type="stmt"/>
        <line num="804" count="360" type="cond" truecount="1" falsecount="0"/>
        <line num="805" count="4" type="stmt"/>
        <line num="806" count="360" type="stmt"/>
        <line num="807" count="2" type="stmt"/>
        <line num="808" count="2" type="stmt"/>
        <line num="810" count="360" type="stmt"/>
        <line num="811" count="1" type="stmt"/>
        <line num="813" count="2" type="stmt"/>
        <line num="815" count="2" type="stmt"/>
        <line num="816" count="2" type="stmt"/>
        <line num="818" count="360" type="stmt"/>
        <line num="819" count="360" type="stmt"/>
        <line num="820" count="360" type="stmt"/>
        <line num="821" count="1" type="stmt"/>
        <line num="823" count="2" type="cond" truecount="2" falsecount="0"/>
        <line num="824" count="2" type="stmt"/>
        <line num="828" count="360" type="stmt"/>
        <line num="829" count="10" type="cond" truecount="4" falsecount="0"/>
        <line num="830" count="360" type="stmt"/>
        <line num="831" count="5" type="cond" truecount="4" falsecount="0"/>
        <line num="832" count="1" type="stmt"/>
        <line num="834" count="3" type="stmt"/>
        <line num="835" count="6" type="stmt"/>
        <line num="840" count="360" type="stmt"/>
        <line num="841" count="2" type="cond" truecount="2" falsecount="0"/>
        <line num="842" count="360" type="stmt"/>
        <line num="843" count="1" type="stmt"/>
        <line num="844" count="3" type="stmt"/>
        <line num="845" count="2" type="stmt"/>
        <line num="846" count="360" type="stmt"/>
        <line num="847" count="360" type="stmt"/>
        <line num="848" count="360" type="cond" truecount="1" falsecount="0"/>
        <line num="849" count="6" type="cond" truecount="0" falsecount="1"/>
        <line num="850" count="6" type="cond" truecount="2" falsecount="0"/>
        <line num="851" count="6" type="cond" truecount="2" falsecount="0"/>
        <line num="852" count="5" type="stmt"/>
        <line num="854" count="360" type="stmt"/>
        <line num="855" count="360" type="stmt"/>
        <line num="856" count="1" type="stmt"/>
        <line num="857" count="1" type="stmt"/>
        <line num="858" count="1" type="stmt"/>
        <line num="859" count="2" type="cond" truecount="2" falsecount="0"/>
        <line num="861" count="1" type="cond" truecount="2" falsecount="2"/>
        <line num="863" count="360" type="cond" truecount="2" falsecount="0"/>
        <line num="864" count="5" type="stmt"/>
        <line num="865" count="5" type="cond" truecount="4" falsecount="0"/>
        <line num="866" count="3" type="cond" truecount="2" falsecount="0"/>
        <line num="867" count="3" type="cond" truecount="2" falsecount="0"/>
        <line num="868" count="3" type="cond" truecount="4" falsecount="0"/>
        <line num="870" count="360" type="stmt"/>
        <line num="871" count="9" type="stmt"/>
        <line num="872" count="1" type="stmt"/>
        <line num="873" count="2" type="stmt"/>
        <line num="874" count="14" type="cond" truecount="2" falsecount="0"/>
        <line num="875" count="1" type="stmt"/>
        <line num="877" count="360" type="stmt"/>
        <line num="878" count="2" type="stmt"/>
        <line num="879" count="2" type="cond" truecount="0" falsecount="2"/>
        <line num="881" count="360" type="stmt"/>
        <line num="882" count="1" type="cond" truecount="1" falsecount="1"/>
        <line num="883" count="6" type="stmt"/>
        <line num="884" count="1" type="stmt"/>
        <line num="885" count="2" type="stmt"/>
        <line num="887" count="360" type="stmt"/>
        <line num="888" count="1" type="stmt"/>
        <line num="889" count="1" type="stmt"/>
        <line num="890" count="4" type="cond" truecount="2" falsecount="0"/>
        <line num="891" count="4" type="stmt"/>
        <line num="892" count="1" type="stmt"/>
        <line num="893" count="2" type="stmt"/>
        <line num="894" count="1" type="stmt"/>
        <line num="896" count="360" type="stmt"/>
        <line num="897" count="1" type="stmt"/>
        <line num="898" count="4" type="cond" truecount="2" falsecount="0"/>
        <line num="899" count="4" type="stmt"/>
        <line num="900" count="1" type="stmt"/>
        <line num="901" count="2" type="stmt"/>
        <line num="902" count="1" type="stmt"/>
        <line num="904" count="360" type="stmt"/>
        <line num="905" count="1" type="stmt"/>
        <line num="906" count="1" type="cond" truecount="1" falsecount="1"/>
        <line num="907" count="1" type="cond" truecount="1" falsecount="1"/>
        <line num="908" count="2" type="cond" truecount="1" falsecount="1"/>
        <line num="909" count="4" type="stmt"/>
        <line num="910" count="1" type="stmt"/>
        <line num="911" count="1" type="stmt"/>
        <line num="913" count="360" type="stmt"/>
        <line num="914" count="360" type="stmt"/>
        <line num="915" count="3" type="stmt"/>
        <line num="916" count="3" type="stmt"/>
        <line num="918" count="360" type="cond" truecount="0" falsecount="1"/>
        <line num="919" count="10" type="stmt"/>
        <line num="920" count="360" type="stmt"/>
        <line num="921" count="360" type="stmt"/>
        <line num="923" count="360" type="stmt"/>
        <line num="924" count="0" type="stmt"/>
        <line num="928" count="360" type="stmt"/>
        <line num="929" count="360" type="cond" truecount="0" falsecount="1"/>
        <line num="930" count="0" type="stmt"/>
        <line num="932" count="0" type="stmt"/>
        <line num="933" count="0" type="stmt"/>
        <line num="934" count="0" type="stmt"/>
        <line num="936" count="0" type="stmt"/>
        <line num="937" count="0" type="stmt"/>
        <line num="938" count="0" type="stmt"/>
        <line num="940" count="0" type="stmt"/>
        <line num="941" count="0" type="stmt"/>
        <line num="942" count="0" type="stmt"/>
        <line num="943" count="0" type="cond" truecount="0" falsecount="2"/>
        <line num="946" count="0" type="cond" truecount="0" falsecount="2"/>
        <line num="947" count="0" type="stmt"/>
        <line num="949" count="360" type="cond" truecount="0" falsecount="1"/>
        <line num="950" count="0" type="cond" truecount="0" falsecount="2"/>
        <line num="951" count="360" type="stmt"/>
        <line num="952" count="6" type="stmt"/>
        <line num="953" count="360" type="cond" truecount="1" falsecount="0"/>
        <line num="954" count="6" type="cond" truecount="2" falsecount="0"/>
        <line num="955" count="360" type="stmt"/>
        <line num="956" count="1" type="stmt"/>
        <line num="957" count="1" type="stmt"/>
        <line num="958" count="2" type="stmt"/>
        <line num="959" count="2" type="stmt"/>
        <line num="962" count="360" type="stmt"/>
        <line num="963" count="360" type="stmt"/>
        <line num="964" count="1" type="cond" truecount="1" falsecount="1"/>
        <line num="966" count="2" type="stmt"/>
        <line num="967" count="2" type="stmt"/>
        <line num="970" count="360" type="stmt"/>
        <line num="971" count="360" type="stmt"/>
        <line num="972" count="1" type="stmt"/>
        <line num="973" count="3" type="stmt"/>
        <line num="979" count="360" type="stmt"/>
        <line num="980" count="360" type="cond" truecount="1" falsecount="0"/>
        <line num="981" count="360" type="stmt"/>
        <line num="982" count="0" type="stmt"/>
        <line num="987" count="0" type="stmt"/>
        <line num="988" count="0" type="stmt"/>
        <line num="989" count="0" type="stmt"/>
        <line num="991" count="0" type="stmt"/>
        <line num="992" count="0" type="stmt"/>
        <line num="996" count="360" type="stmt"/>
        <line num="997" count="360" type="stmt"/>
        <line num="998" count="360" type="cond" truecount="1" falsecount="0"/>
        <line num="999" count="5" type="stmt"/>
        <line num="1000" count="5" type="stmt"/>
        <line num="1001" count="16" type="stmt"/>
        <line num="1002" count="16" type="stmt"/>
        <line num="1004" count="5" type="stmt"/>
        <line num="1006" count="360" type="stmt"/>
        <line num="1007" count="0" type="cond" truecount="0" falsecount="2"/>
        <line num="1008" count="0" type="cond" truecount="0" falsecount="2"/>
        <line num="1009" count="0" type="stmt"/>
        <line num="1010" count="0" type="stmt"/>
        <line num="1013" count="360" type="stmt"/>
        <line num="1014" count="1" type="stmt"/>
        <line num="1015" count="1" type="stmt"/>
        <line num="1017" count="4" type="stmt"/>
        <line num="1021" count="360" type="stmt"/>
        <line num="1022" count="360" type="stmt"/>
        <line num="1023" count="360" type="stmt"/>
        <line num="1024" count="360" type="cond" truecount="0" falsecount="2"/>
        <line num="1025" count="3" type="stmt"/>
        <line num="1029" count="360" type="stmt"/>
        <line num="1030" count="360" type="stmt"/>
        <line num="1031" count="4" type="stmt"/>
        <line num="1032" count="4" type="stmt"/>
        <line num="1033" count="13" type="stmt"/>
        <line num="1034" count="13" type="stmt"/>
        <line num="1036" count="4" type="stmt"/>
        <line num="1038" count="360" type="stmt"/>
        <line num="1039" count="360" type="stmt"/>
        <line num="1040" count="2" type="cond" truecount="2" falsecount="0"/>
        <line num="1047" count="360" type="stmt"/>
        <line num="1048" count="360" type="stmt"/>
        <line num="1049" count="0" type="stmt"/>
        <line num="1052" count="360" type="stmt"/>
        <line num="1053" count="360" type="stmt"/>
        <line num="1054" count="3" type="stmt"/>
        <line num="1055" count="6" type="cond" truecount="2" falsecount="0"/>
        <line num="1056" count="3" type="cond" truecount="2" falsecount="0"/>
        <line num="1058" count="360" type="stmt"/>
        <line num="1059" count="3" type="stmt"/>
        <line num="1060" count="3" type="stmt"/>
        <line num="1061" count="5" type="cond" truecount="2" falsecount="0"/>
        <line num="1062" count="3" type="cond" truecount="2" falsecount="0"/>
        <line num="1064" count="360" type="stmt"/>
        <line num="1065" count="3" type="stmt"/>
        <line num="1066" count="9" type="cond" truecount="2" falsecount="0"/>
        <line num="1067" count="3" type="cond" truecount="2" falsecount="0"/>
        <line num="1069" count="360" type="stmt"/>
        <line num="1070" count="3" type="stmt"/>
        <line num="1071" count="3" type="stmt"/>
        <line num="1072" count="3" type="stmt"/>
        <line num="1075" count="6" type="cond" truecount="2" falsecount="0"/>
        <line num="1076" count="3" type="cond" truecount="2" falsecount="0"/>
        <line num="1078" count="360" type="stmt"/>
        <line num="1079" count="360" type="stmt"/>
        <line num="1080" count="360" type="stmt"/>
        <line num="1081" count="1" type="stmt"/>
        <line num="1082" count="11" type="stmt"/>
        <line num="1083" count="22" type="cond" truecount="2" falsecount="0"/>
        <line num="1084" count="11" type="stmt"/>
        <line num="1085" count="360" type="cond" truecount="1" falsecount="0"/>
        <line num="1086" count="14" type="stmt"/>
        <line num="1087" count="2" type="stmt"/>
        <line num="1088" count="14" type="stmt"/>
        <line num="1092" count="360" type="stmt"/>
        <line num="1093" count="6" type="cond" truecount="4" falsecount="0"/>
        <line num="1094" count="1" type="stmt"/>
        <line num="1098" count="6" type="stmt"/>
        <line num="1102" count="360" type="stmt"/>
        <line num="1103" count="360" type="stmt"/>
        <line num="1104" count="360" type="stmt"/>
        <line num="1105" count="8" type="cond" truecount="2" falsecount="0"/>
        <line num="1106" count="360" type="cond" truecount="2" falsecount="0"/>
        <line num="1107" count="3" type="stmt"/>
        <line num="1109" count="26" type="stmt"/>
        <line num="1110" count="26" type="stmt"/>
        <line num="1111" count="360" type="stmt"/>
        <line num="1112" count="2" type="stmt"/>
        <line num="1113" count="2" type="stmt"/>
        <line num="1114" count="6" type="stmt"/>
        <line num="1116" count="360" type="stmt"/>
        <line num="1117" count="2" type="stmt"/>
        <line num="1118" count="2" type="stmt"/>
        <line num="1119" count="2" type="stmt"/>
        <line num="1121" count="360" type="stmt"/>
        <line num="1122" count="14" type="stmt"/>
        <line num="1123" count="17" type="stmt"/>
        <line num="1125" count="360" type="cond" truecount="2" falsecount="0"/>
        <line num="1126" count="360" type="cond" truecount="1" falsecount="0"/>
        <line num="1127" count="360" type="cond" truecount="1" falsecount="0"/>
        <line num="1128" count="360" type="stmt"/>
        <line num="1129" count="4" type="cond" truecount="2" falsecount="0"/>
        <line num="1130" count="360" type="stmt"/>
        <line num="1131" count="7" type="cond" truecount="2" falsecount="0"/>
        <line num="1132" count="1" type="stmt"/>
        <line num="1134" count="360" type="stmt"/>
        <line num="1136" count="1" type="stmt"/>
        <line num="1137" count="1" type="stmt"/>
        <line num="1138" count="1" type="stmt"/>
        <line num="1139" count="1" type="cond" truecount="1" falsecount="1"/>
        <line num="1140" count="1" type="stmt"/>
        <line num="1141" count="1" type="stmt"/>
        <line num="1142" count="1" type="stmt"/>
        <line num="1144" count="0" type="stmt"/>
        <line num="1145" count="0" type="stmt"/>
        <line num="1146" count="0" type="cond" truecount="0" falsecount="2"/>
        <line num="1147" count="0" type="stmt"/>
        <line num="1148" count="0" type="stmt"/>
        <line num="1154" count="360" type="stmt"/>
        <line num="1155" count="1" type="stmt"/>
        <line num="1156" count="1" type="stmt"/>
        <line num="1157" count="1" type="stmt"/>
        <line num="1158" count="1" type="stmt"/>
        <line num="1160" count="360" type="cond" truecount="1" falsecount="0"/>
        <line num="1161" count="1" type="stmt"/>
        <line num="1162" count="1" type="cond" truecount="2" falsecount="0"/>
        <line num="1164" count="360" type="stmt"/>
        <line num="1166" count="9" type="cond" truecount="2" falsecount="0"/>
        <line num="1169" count="30" type="stmt"/>
        <line num="1171" count="6" type="stmt"/>
        <line num="1173" count="360" type="cond" truecount="1" falsecount="0"/>
        <line num="1174" count="3" type="stmt"/>
        <line num="1175" count="360" type="stmt"/>
        <line num="1176" count="360" type="stmt"/>
        <line num="1177" count="2" type="stmt"/>
        <line num="1179" count="5" type="cond" truecount="2" falsecount="0"/>
        <line num="1182" count="360" type="stmt"/>
        <line num="1183" count="9" type="cond" truecount="2" falsecount="0"/>
        <line num="1186" count="50" type="stmt"/>
        <line num="1188" count="360" type="stmt"/>
        <line num="1189" count="4" type="stmt"/>
        <line num="1190" count="4" type="stmt"/>
        <line num="1191" count="4" type="stmt"/>
        <line num="1192" count="4" type="stmt"/>
        <line num="1193" count="4" type="stmt"/>
        <line num="1194" count="4" type="cond" truecount="4" falsecount="0"/>
        <line num="1198" count="360" type="stmt"/>
        <line num="1199" count="11" type="stmt"/>
        <line num="1200" count="360" type="stmt"/>
        <line num="1201" count="9" type="cond" truecount="2" falsecount="0"/>
        <line num="1204" count="50" type="stmt"/>
        <line num="1206" count="360" type="stmt"/>
        <line num="1207" count="8" type="stmt"/>
        <line num="1209" count="31" type="stmt"/>
        <line num="1211" count="360" type="stmt"/>
        <line num="1212" count="360" type="cond" truecount="1" falsecount="0"/>
        <line num="1213" count="1" type="stmt"/>
        <line num="1214" count="1" type="stmt"/>
        <line num="1215" count="1" type="stmt"/>
        <line num="1218" count="1" type="cond" truecount="1" falsecount="1"/>
        <line num="1220" count="360" type="stmt"/>
        <line num="1221" count="360" type="stmt"/>
        <line num="1222" count="1" type="stmt"/>
        <line num="1223" count="360" type="stmt"/>
        <line num="1224" count="1" type="cond" truecount="2" falsecount="2"/>
        <line num="1225" count="360" type="stmt"/>
        <line num="1226" count="360" type="stmt"/>
        <line num="1227" count="360" type="cond" truecount="1" falsecount="0"/>
        <line num="1228" count="6" type="stmt"/>
        <line num="1229" count="4" type="cond" truecount="2" falsecount="0"/>
        <line num="1230" count="3" type="stmt"/>
        <line num="1232" count="360" type="stmt"/>
        <line num="1233" count="1" type="stmt"/>
        <line num="1236" count="7" type="cond" truecount="1" falsecount="1"/>
        <line num="1244" count="360" type="stmt"/>
        <line num="1245" count="1" type="stmt"/>
        <line num="1246" count="2" type="cond" truecount="2" falsecount="0"/>
        <line num="1247" count="1" type="stmt"/>
        <line num="1248" count="1" type="stmt"/>
        <line num="1252" count="3" type="cond" truecount="2" falsecount="0"/>
        <line num="1257" count="1" type="stmt"/>
        <line num="1258" count="2" type="stmt"/>
        <line num="1260" count="360" type="stmt"/>
        <line num="1261" count="1" type="stmt"/>
        <line num="1262" count="1" type="stmt"/>
        <line num="1263" count="5" type="stmt"/>
        <line num="1264" count="1" type="stmt"/>
        <line num="1266" count="360" type="stmt"/>
        <line num="1267" count="360" type="stmt"/>
        <line num="1268" count="1" type="stmt"/>
        <line num="1269" count="2" type="stmt"/>
        <line num="1271" count="360" type="stmt"/>
        <line num="1272" count="17" type="stmt"/>
        <line num="1273" count="360" type="stmt"/>
        <line num="1274" count="360" type="stmt"/>
        <line num="1275" count="2" type="stmt"/>
        <line num="1276" count="12" type="cond" truecount="2" falsecount="0"/>
        <line num="1277" count="10" type="stmt"/>
        <line num="1279" count="360" type="stmt"/>
        <line num="1280" count="2" type="stmt"/>
        <line num="1281" count="12" type="cond" truecount="2" falsecount="0"/>
        <line num="1282" count="10" type="stmt"/>
        <line num="1284" count="360" type="stmt"/>
        <line num="1285" count="6" type="stmt"/>
        <line num="1287" count="360" type="stmt"/>
        <line num="1288" count="360" type="stmt"/>
        <line num="1289" count="2" type="stmt"/>
        <line num="1290" count="11" type="stmt"/>
        <line num="1292" count="4" type="stmt"/>
        <line num="1293" count="6" type="stmt"/>
        <line num="1295" count="360" type="stmt"/>
        <line num="1296" count="1" type="stmt"/>
        <line num="1298" count="6" type="stmt"/>
        <line num="1300" count="2" type="stmt"/>
        <line num="1301" count="3" type="stmt"/>
        <line num="1303" count="3" type="stmt"/>
        <line num="1304" count="360" type="cond" truecount="3" falsecount="0"/>
        <line num="1305" count="360" type="cond" truecount="2" falsecount="0"/>
        <line num="1306" count="360" type="stmt"/>
        <line num="1307" count="360" type="cond" truecount="1" falsecount="0"/>
        <line num="1308" count="360" type="stmt"/>
        <line num="1309" count="360" type="cond" truecount="1" falsecount="0"/>
        <line num="1310" count="12" type="cond" truecount="4" falsecount="0"/>
        <line num="1311" count="360" type="stmt"/>
        <line num="1312" count="15" type="stmt"/>
        <line num="1313" count="6" type="stmt"/>
        <line num="1314" count="24" type="stmt"/>
        <line num="1317" count="360" type="stmt"/>
        <line num="1318" count="10" type="stmt"/>
        <line num="1319" count="360" type="stmt"/>
        <line num="1320" count="2" type="cond" truecount="2" falsecount="0"/>
        <line num="1321" count="2" type="stmt"/>
        <line num="1322" count="6" type="stmt"/>
        <line num="1323" count="6" type="cond" truecount="2" falsecount="0"/>
        <line num="1326" count="360" type="stmt"/>
        <line num="1327" count="1" type="stmt"/>
        <line num="1328" count="1" type="stmt"/>
        <line num="1330" count="360" type="cond" truecount="2" falsecount="0"/>
        <line num="1331" count="9" type="cond" truecount="2" falsecount="0"/>
        <line num="1332" count="7" type="stmt"/>
        <line num="1333" count="7" type="cond" truecount="2" falsecount="0"/>
        <line num="1334" count="5" type="cond" truecount="2" falsecount="0"/>
        <line num="1335" count="2" type="stmt"/>
        <line num="1337" count="360" type="stmt"/>
        <line num="1338" count="360" type="cond" truecount="0" falsecount="1"/>
        <line num="1339" count="2" type="stmt"/>
        <line num="1340" count="5" type="cond" truecount="2" falsecount="0"/>
        <line num="1341" count="1" type="stmt"/>
        <line num="1342" count="4" type="cond" truecount="2" falsecount="0"/>
        <line num="1343" count="2" type="stmt"/>
        <line num="1346" count="2" type="stmt"/>
        <line num="1348" count="360" type="cond" truecount="2" falsecount="0"/>
        <line num="1349" count="360" type="cond" truecount="2" falsecount="0"/>
        <line num="1350" count="360" type="cond" truecount="1" falsecount="0"/>
        <line num="1351" count="4" type="stmt"/>
        <line num="1352" count="15" type="stmt"/>
        <line num="1353" count="15" type="cond" truecount="1" falsecount="1"/>
        <line num="1354" count="9" type="stmt"/>
        <line num="1356" count="4" type="stmt"/>
        <line num="1357" count="4" type="cond" truecount="2" falsecount="0"/>
        <line num="1358" count="4" type="stmt"/>
        <line num="1359" count="44" type="cond" truecount="2" falsecount="0"/>
        <line num="1360" count="44" type="stmt"/>
        <line num="1361" count="4" type="cond" truecount="2" falsecount="0"/>
        <line num="1362" count="2" type="stmt"/>
        <line num="1363" count="10" type="stmt"/>
        <line num="1364" count="10" type="stmt"/>
        <line num="1365" count="10" type="stmt"/>
        <line num="1367" count="4" type="cond" truecount="2" falsecount="0"/>
        <line num="1369" count="360" type="stmt"/>
        <line num="1370" count="360" type="stmt"/>
        <line num="1371" count="1" type="stmt"/>
        <line num="1372" count="360" type="stmt"/>
        <line num="1373" count="1" type="stmt"/>
        <line num="1374" count="1" type="stmt"/>
        <line num="1375" count="7" type="cond" truecount="2" falsecount="0"/>
        <line num="1379" count="360" type="stmt"/>
        <line num="1380" count="1" type="stmt"/>
        <line num="1381" count="1" type="stmt"/>
        <line num="1383" count="360" type="stmt"/>
        <line num="1384" count="4" type="cond" truecount="4" falsecount="0"/>
        <line num="1385" count="3" type="cond" truecount="2" falsecount="0"/>
        <line num="1386" count="2" type="stmt"/>
        <line num="1387" count="2" type="stmt"/>
        <line num="1388" count="4" type="stmt"/>
        <line num="1389" count="4" type="stmt"/>
        <line num="1391" count="2" type="stmt"/>
        <line num="1393" count="360" type="cond" truecount="1" falsecount="0"/>
        <line num="1394" count="2" type="stmt"/>
        <line num="1395" count="2" type="stmt"/>
        <line num="1396" count="2" type="stmt"/>
        <line num="1397" count="2" type="stmt"/>
        <line num="1398" count="2" type="stmt"/>
        <line num="1400" count="360" type="cond" truecount="1" falsecount="0"/>
        <line num="1401" count="2" type="stmt"/>
        <line num="1402" count="2" type="stmt"/>
        <line num="1403" count="2" type="stmt"/>
        <line num="1404" count="2" type="stmt"/>
        <line num="1405" count="2" type="stmt"/>
        <line num="1406" count="2" type="stmt"/>
        <line num="1408" count="360" type="stmt"/>
        <line num="1409" count="6" type="stmt"/>
        <line num="1412" count="360" type="stmt"/>
        <line num="1413" count="2" type="stmt"/>
        <line num="1415" count="10" type="cond" truecount="3" falsecount="1"/>
        <line num="1420" count="360" type="stmt"/>
        <line num="1421" count="360" type="stmt"/>
        <line num="1422" count="3" type="cond" truecount="2" falsecount="0"/>
        <line num="1423" count="2" type="cond" truecount="2" falsecount="0"/>
        <line num="1424" count="1" type="stmt"/>
        <line num="1426" count="26" type="stmt"/>
        <line num="1427" count="1" type="stmt"/>
        <line num="1429" count="19" type="stmt"/>
        <line num="1430" count="1" type="stmt"/>
        <line num="1431" count="25" type="stmt"/>
        <line num="1432" count="450" type="cond" truecount="2" falsecount="0"/>
        <line num="1433" count="45" type="stmt"/>
        <line num="1435" count="405" type="stmt"/>
        <line num="1443" count="1" type="stmt"/>
        <line num="1445" count="360" type="stmt"/>
        <line num="1446" count="360" type="cond" truecount="2" falsecount="0"/>
        <line num="1447" count="360" type="stmt"/>
        <line num="1448" count="51" type="cond" truecount="2" falsecount="0"/>
        <line num="1451" count="53" type="cond" truecount="1" falsecount="1"/>
        <line num="1453" count="53" type="cond" truecount="1" falsecount="1"/>
        <line num="1455" count="360" type="cond" truecount="1" falsecount="0"/>
        <line num="1456" count="360" type="stmt"/>
        <line num="1457" count="2" type="stmt"/>
        <line num="1458" count="1" type="stmt"/>
        <line num="1459" count="3" type="stmt"/>
        <line num="1460" count="2" type="stmt"/>
        <line num="1461" count="1" type="stmt"/>
        <line num="1462" count="1" type="stmt"/>
        <line num="1464" count="2" type="stmt"/>
        <line num="1469" count="18" type="cond" truecount="2" falsecount="0"/>
        <line num="1471" count="2" type="stmt"/>
        <line num="1472" count="18" type="cond" truecount="4" falsecount="0"/>
        <line num="1473" count="10" type="stmt"/>
        <line num="1474" count="8" type="cond" truecount="1" falsecount="1"/>
        <line num="1475" count="8" type="stmt"/>
        <line num="1476" count="8" type="stmt"/>
        <line num="1478" count="0" type="stmt"/>
        <line num="1481" count="2" type="cond" truecount="1" falsecount="1"/>
        <line num="1482" count="0" type="stmt"/>
        <line num="1484" count="360" type="stmt"/>
        <line num="1485" count="0" type="stmt"/>
        <line num="1486" count="0" type="stmt"/>
        <line num="1487" count="0" type="stmt"/>
        <line num="1489" count="360" type="stmt"/>
        <line num="1492" count="360" type="stmt"/>
      </file>
    </metrics>
  </project>
</coverage>
