{"/home/travis/build/30-seconds/30-seconds-of-code/test/_30s.js": {"path":"/home/travis/build/30-seconds/30-seconds-of-code/test/_30s.js","statementMap":{"0":{"start":{"line":1,"column":11},"end":{"line":1,"column":58}},"1":{"start":{"line":2,"column":15},"end":{"line":2,"column":66}},"2":{"start":{"line":4,"column":19},"end":{"line":8,"column":33}},"3":{"start":{"line":5,"column":2},"end":{"line":8,"column":33}},"4":{"start":{"line":8,"column":14},"end":{"line":8,"column":32}},"5":{"start":{"line":9,"column":18},"end":{"line":18,"column":1}},"6":{"start":{"line":10,"column":17},"end":{"line":10,"column":67}},"7":{"start":{"line":11,"column":2},"end":{"line":17,"column":7}},"8":{"start":{"line":15,"column":21},"end":{"line":15,"column":39}},"9":{"start":{"line":16,"column":6},"end":{"line":16,"column":91}},"10":{"start":{"line":16,"column":51},"end":{"line":16,"column":84}},"11":{"start":{"line":20,"column":19},"end":{"line":21,"column":64}},"12":{"start":{"line":21,"column":2},"end":{"line":21,"column":64}},"13":{"start":{"line":22,"column":18},"end":{"line":31,"column":14}},"14":{"start":{"line":23,"column":2},"end":{"line":31,"column":14}},"15":{"start":{"line":26,"column":6},"end":{"line":29,"column":7}},"16":{"start":{"line":27,"column":22},"end":{"line":27,"column":91}},"17":{"start":{"line":32,"column":17},"end":{"line":32,"column":86}},"18":{"start":{"line":32,"column":30},"end":{"line":32,"column":86}},"19":{"start":{"line":33,"column":16},"end":{"line":41,"column":22}},"20":{"start":{"line":34,"column":2},"end":{"line":41,"column":22}},"21":{"start":{"line":42,"column":29},"end":{"line":45,"column":3}},"22":{"start":{"line":43,"column":2},"end":{"line":45,"column":3}},"23":{"start":{"line":44,"column":4},"end":{"line":44,"column":87}},"24":{"start":{"line":47,"column":26},"end":{"line":50,"column":3}},"25":{"start":{"line":48,"column":2},"end":{"line":50,"column":3}},"26":{"start":{"line":49,"column":4},"end":{"line":49,"column":67}},"27":{"start":{"line":51,"column":12},"end":{"line":51,"column":48}},"28":{"start":{"line":51,"column":35},"end":{"line":51,"column":48}},"29":{"start":{"line":52,"column":17},"end":{"line":52,"column":56}},"30":{"start":{"line":52,"column":24},"end":{"line":52,"column":56}},"31":{"start":{"line":52,"column":41},"end":{"line":52,"column":55}},"32":{"start":{"line":53,"column":12},"end":{"line":53,"column":47}},"33":{"start":{"line":53,"column":35},"end":{"line":53,"column":47}},"34":{"start":{"line":54,"column":27},"end":{"line":54,"column":83}},"35":{"start":{"line":54,"column":56},"end":{"line":54,"column":83}},"36":{"start":{"line":55,"column":19},"end":{"line":56,"column":63}},"37":{"start":{"line":56,"column":2},"end":{"line":56,"column":63}},"38":{"start":{"line":56,"column":15},"end":{"line":56,"column":51}},"39":{"start":{"line":56,"column":26},"end":{"line":56,"column":34}},"40":{"start":{"line":57,"column":24},"end":{"line":61,"column":6}},"41":{"start":{"line":58,"column":2},"end":{"line":61,"column":6}},"42":{"start":{"line":59,"column":4},"end":{"line":61,"column":2}},"43":{"start":{"line":60,"column":37},"end":{"line":60,"column":55}},"44":{"start":{"line":62,"column":12},"end":{"line":62,"column":59}},"45":{"start":{"line":62,"column":23},"end":{"line":62,"column":59}},"46":{"start":{"line":62,"column":36},"end":{"line":62,"column":59}},"47":{"start":{"line":63,"column":13},"end":{"line":63,"column":65}},"48":{"start":{"line":63,"column":20},"end":{"line":63,"column":65}},"49":{"start":{"line":64,"column":16},"end":{"line":70,"column":1}},"50":{"start":{"line":65,"column":2},"end":{"line":69,"column":3}},"51":{"start":{"line":66,"column":4},"end":{"line":66,"column":23}},"52":{"start":{"line":68,"column":4},"end":{"line":68,"column":49}},"53":{"start":{"line":71,"column":16},"end":{"line":71,"column":82}},"54":{"start":{"line":71,"column":29},"end":{"line":71,"column":82}},"55":{"start":{"line":71,"column":55},"end":{"line":71,"column":64}},"56":{"start":{"line":72,"column":18},"end":{"line":74,"column":12}},"57":{"start":{"line":73,"column":2},"end":{"line":74,"column":12}},"58":{"start":{"line":73,"column":49},"end":{"line":73,"column":56}},"59":{"start":{"line":73,"column":79},"end":{"line":73,"column":88}},"60":{"start":{"line":75,"column":18},"end":{"line":76,"column":80}},"61":{"start":{"line":76,"column":2},"end":{"line":76,"column":80}},"62":{"start":{"line":76,"column":31},"end":{"line":76,"column":68}},"63":{"start":{"line":77,"column":20},"end":{"line":78,"column":81}},"64":{"start":{"line":78,"column":2},"end":{"line":78,"column":81}},"65":{"start":{"line":78,"column":31},"end":{"line":78,"column":69}},"66":{"start":{"line":79,"column":13},"end":{"line":79,"column":99}},"67":{"start":{"line":79,"column":44},"end":{"line":79,"column":99}},"68":{"start":{"line":79,"column":57},"end":{"line":79,"column":99}},"69":{"start":{"line":80,"column":16},"end":{"line":88,"column":3}},"70":{"start":{"line":81,"column":2},"end":{"line":88,"column":3}},"71":{"start":{"line":83,"column":6},"end":{"line":87,"column":4}},"72":{"start":{"line":85,"column":8},"end":{"line":85,"column":28}},"73":{"start":{"line":89,"column":16},"end":{"line":90,"column":53}},"74":{"start":{"line":89,"column":47},"end":{"line":90,"column":53}},"75":{"start":{"line":90,"column":2},"end":{"line":90,"column":53}},"76":{"start":{"line":91,"column":28},"end":{"line":100,"column":1}},"77":{"start":{"line":92,"column":2},"end":{"line":92,"column":53}},"78":{"start":{"line":92,"column":42},"end":{"line":92,"column":53}},"79":{"start":{"line":93,"column":2},"end":{"line":93,"column":31}},"80":{"start":{"line":93,"column":22},"end":{"line":93,"column":31}},"81":{"start":{"line":94,"column":2},"end":{"line":94,"column":35}},"82":{"start":{"line":94,"column":26},"end":{"line":94,"column":35}},"83":{"start":{"line":95,"column":2},"end":{"line":95,"column":39}},"84":{"start":{"line":95,"column":30},"end":{"line":95,"column":39}},"85":{"start":{"line":96,"column":2},"end":{"line":96,"column":27}},"86":{"start":{"line":96,"column":17},"end":{"line":96,"column":27}},"87":{"start":{"line":97,"column":12},"end":{"line":97,"column":13}},"88":{"start":{"line":98,"column":2},"end":{"line":98,"column":54}},"89":{"start":{"line":98,"column":31},"end":{"line":98,"column":54}},"90":{"start":{"line":99,"column":2},"end":{"line":99,"column":25}},"91":{"start":{"line":101,"column":22},"end":{"line":103,"column":82}},"92":{"start":{"line":102,"column":2},"end":{"line":103,"column":82}},"93":{"start":{"line":104,"column":13},"end":{"line":104,"column":65}},"94":{"start":{"line":104,"column":20},"end":{"line":104,"column":65}},"95":{"start":{"line":105,"column":17},"end":{"line":105,"column":44}},"96":{"start":{"line":105,"column":24},"end":{"line":105,"column":44}},"97":{"start":{"line":106,"column":13},"end":{"line":106,"column":63}},"98":{"start":{"line":106,"column":31},"end":{"line":106,"column":63}},"99":{"start":{"line":106,"column":42},"end":{"line":106,"column":63}},"100":{"start":{"line":107,"column":19},"end":{"line":108,"column":81}},"101":{"start":{"line":108,"column":2},"end":{"line":108,"column":81}},"102":{"start":{"line":109,"column":28},"end":{"line":109,"column":86}},"103":{"start":{"line":109,"column":35},"end":{"line":109,"column":86}},"104":{"start":{"line":109,"column":67},"end":{"line":109,"column":85}},"105":{"start":{"line":110,"column":18},"end":{"line":110,"column":59}},"106":{"start":{"line":110,"column":26},"end":{"line":110,"column":58}},"107":{"start":{"line":111,"column":19},"end":{"line":115,"column":1}},"108":{"start":{"line":112,"column":13},"end":{"line":112,"column":14}},"109":{"start":{"line":113,"column":15},"end":{"line":113,"column":38}},"110":{"start":{"line":113,"column":21},"end":{"line":113,"column":38}},"111":{"start":{"line":114,"column":2},"end":{"line":114,"column":9}},"112":{"start":{"line":116,"column":14},"end":{"line":119,"column":3}},"113":{"start":{"line":117,"column":2},"end":{"line":119,"column":3}},"114":{"start":{"line":118,"column":4},"end":{"line":118,"column":40}},"115":{"start":{"line":120,"column":20},"end":{"line":120,"column":90}},"116":{"start":{"line":120,"column":35},"end":{"line":120,"column":90}},"117":{"start":{"line":121,"column":20},"end":{"line":121,"column":69}},"118":{"start":{"line":121,"column":30},"end":{"line":121,"column":69}},"119":{"start":{"line":122,"column":17},"end":{"line":122,"column":76}},"120":{"start":{"line":122,"column":30},"end":{"line":122,"column":76}},"121":{"start":{"line":122,"column":45},"end":{"line":122,"column":75}},"122":{"start":{"line":123,"column":24},"end":{"line":123,"column":62}},"123":{"start":{"line":123,"column":33},"end":{"line":123,"column":62}},"124":{"start":{"line":123,"column":46},"end":{"line":123,"column":62}},"125":{"start":{"line":124,"column":20},"end":{"line":124,"column":47}},"126":{"start":{"line":124,"column":26},"end":{"line":124,"column":47}},"127":{"start":{"line":124,"column":39},"end":{"line":124,"column":47}},"128":{"start":{"line":125,"column":17},"end":{"line":142,"column":2}},"129":{"start":{"line":125,"column":31},"end":{"line":142,"column":1}},"130":{"start":{"line":143,"column":16},"end":{"line":143,"column":42}},"131":{"start":{"line":143,"column":23},"end":{"line":143,"column":42}},"132":{"start":{"line":144,"column":16},"end":{"line":144,"column":76}},"133":{"start":{"line":144,"column":28},"end":{"line":144,"column":76}},"134":{"start":{"line":144,"column":49},"end":{"line":144,"column":75}},"135":{"start":{"line":144,"column":62},"end":{"line":144,"column":75}},"136":{"start":{"line":145,"column":21},"end":{"line":145,"column":81}},"137":{"start":{"line":145,"column":33},"end":{"line":145,"column":81}},"138":{"start":{"line":145,"column":54},"end":{"line":145,"column":80}},"139":{"start":{"line":145,"column":67},"end":{"line":145,"column":80}},"140":{"start":{"line":146,"column":17},"end":{"line":146,"column":99}},"141":{"start":{"line":146,"column":37},"end":{"line":146,"column":99}},"142":{"start":{"line":146,"column":50},"end":{"line":146,"column":99}},"143":{"start":{"line":146,"column":77},"end":{"line":146,"column":97}},"144":{"start":{"line":147,"column":24},"end":{"line":163,"column":1}},"145":{"start":{"line":148,"column":13},"end":{"line":148,"column":47}},"146":{"start":{"line":149,"column":2},"end":{"line":149,"column":17}},"147":{"start":{"line":150,"column":2},"end":{"line":150,"column":34}},"148":{"start":{"line":151,"column":2},"end":{"line":151,"column":33}},"149":{"start":{"line":152,"column":2},"end":{"line":152,"column":28}},"150":{"start":{"line":153,"column":2},"end":{"line":153,"column":32}},"151":{"start":{"line":155,"column":4},"end":{"line":155,"column":90}},"152":{"start":{"line":156,"column":2},"end":{"line":156,"column":14}},"153":{"start":{"line":157,"column":2},"end":{"line":157,"column":31}},"154":{"start":{"line":158,"column":2},"end":{"line":158,"column":32}},"155":{"start":{"line":159,"column":2},"end":{"line":162,"column":3}},"156":{"start":{"line":160,"column":4},"end":{"line":160,"column":46}},"157":{"start":{"line":161,"column":4},"end":{"line":161,"column":47}},"158":{"start":{"line":164,"column":16},"end":{"line":168,"column":8}},"159":{"start":{"line":165,"column":2},"end":{"line":168,"column":8}},"160":{"start":{"line":165,"column":49},"end":{"line":165,"column":56}},"161":{"start":{"line":166,"column":4},"end":{"line":166,"column":35}},"162":{"start":{"line":167,"column":4},"end":{"line":167,"column":15}},"163":{"start":{"line":169,"column":25},"end":{"line":169,"column":87}},"164":{"start":{"line":169,"column":39},"end":{"line":169,"column":87}},"165":{"start":{"line":169,"column":61},"end":{"line":169,"column":82}},"166":{"start":{"line":170,"column":16},"end":{"line":180,"column":1}},"167":{"start":{"line":171,"column":16},"end":{"line":171,"column":21}},"168":{"start":{"line":172,"column":12},"end":{"line":172,"column":51}},"169":{"start":{"line":173,"column":12},"end":{"line":178,"column":54}},"170":{"start":{"line":174,"column":6},"end":{"line":174,"column":23}},"171":{"start":{"line":175,"column":6},"end":{"line":175,"column":59}},"172":{"start":{"line":176,"column":6},"end":{"line":176,"column":75}},"173":{"start":{"line":176,"column":26},"end":{"line":176,"column":75}},"174":{"start":{"line":177,"column":6},"end":{"line":177,"column":47}},"175":{"start":{"line":177,"column":26},"end":{"line":177,"column":47}},"176":{"start":{"line":179,"column":2},"end":{"line":179,"column":15}},"177":{"start":{"line":181,"column":22},"end":{"line":185,"column":1}},"178":{"start":{"line":182,"column":13},"end":{"line":182,"column":42}},"179":{"start":{"line":183,"column":2},"end":{"line":183,"column":21}},"180":{"start":{"line":184,"column":2},"end":{"line":184,"column":30}},"181":{"start":{"line":186,"column":23},"end":{"line":199,"column":2}},"182":{"start":{"line":186,"column":30},"end":{"line":199,"column":1}},"183":{"start":{"line":189,"column":4},"end":{"line":189,"column":62}},"184":{"start":{"line":189,"column":47},"end":{"line":189,"column":60}},"185":{"start":{"line":192,"column":4},"end":{"line":192,"column":47}},"186":{"start":{"line":192,"column":26},"end":{"line":192,"column":47}},"187":{"start":{"line":193,"column":4},"end":{"line":193,"column":34}},"188":{"start":{"line":196,"column":14},"end":{"line":196,"column":67}},"189":{"start":{"line":196,"column":53},"end":{"line":196,"column":66}},"190":{"start":{"line":197,"column":4},"end":{"line":197,"column":45}},"191":{"start":{"line":197,"column":16},"end":{"line":197,"column":45}},"192":{"start":{"line":200,"column":19},"end":{"line":200,"column":45}},"193":{"start":{"line":200,"column":25},"end":{"line":200,"column":45}},"194":{"start":{"line":201,"column":14},"end":{"line":202,"column":75}},"195":{"start":{"line":202,"column":2},"end":{"line":202,"column":75}},"196":{"start":{"line":203,"column":18},"end":{"line":204,"column":79}},"197":{"start":{"line":204,"column":2},"end":{"line":204,"column":79}},"198":{"start":{"line":205,"column":17},"end":{"line":211,"column":1}},"199":{"start":{"line":207,"column":2},"end":{"line":210,"column":4}},"200":{"start":{"line":208,"column":4},"end":{"line":208,"column":28}},"201":{"start":{"line":209,"column":4},"end":{"line":209,"column":59}},"202":{"start":{"line":209,"column":33},"end":{"line":209,"column":53}},"203":{"start":{"line":212,"column":21},"end":{"line":213,"column":81}},"204":{"start":{"line":213,"column":2},"end":{"line":213,"column":81}},"205":{"start":{"line":214,"column":18},"end":{"line":220,"column":1}},"206":{"start":{"line":215,"column":14},"end":{"line":215,"column":36}},"207":{"start":{"line":216,"column":2},"end":{"line":218,"column":4}},"208":{"start":{"line":217,"column":12},"end":{"line":217,"column":86}},"209":{"start":{"line":219,"column":2},"end":{"line":219,"column":87}},"210":{"start":{"line":221,"column":20},"end":{"line":221,"column":94}},"211":{"start":{"line":221,"column":27},"end":{"line":221,"column":94}},"212":{"start":{"line":221,"column":54},"end":{"line":221,"column":91}},"213":{"start":{"line":222,"column":19},"end":{"line":226,"column":25}},"214":{"start":{"line":223,"column":2},"end":{"line":226,"column":25}},"215":{"start":{"line":225,"column":6},"end":{"line":225,"column":97}},"216":{"start":{"line":227,"column":17},"end":{"line":227,"column":81}},"217":{"start":{"line":227,"column":35},"end":{"line":227,"column":81}},"218":{"start":{"line":228,"column":14},"end":{"line":228,"column":57}},"219":{"start":{"line":228,"column":31},"end":{"line":228,"column":57}},"220":{"start":{"line":229,"column":22},"end":{"line":229,"column":52}},"221":{"start":{"line":229,"column":29},"end":{"line":229,"column":52}},"222":{"start":{"line":230,"column":14},"end":{"line":230,"column":66}},"223":{"start":{"line":230,"column":37},"end":{"line":230,"column":66}},"224":{"start":{"line":231,"column":25},"end":{"line":234,"column":15}},"225":{"start":{"line":232,"column":2},"end":{"line":234,"column":15}},"226":{"start":{"line":235,"column":19},"end":{"line":238,"column":1}},"227":{"start":{"line":236,"column":12},"end":{"line":236,"column":22}},"228":{"start":{"line":237,"column":2},"end":{"line":237,"column":34}},"229":{"start":{"line":237,"column":23},"end":{"line":237,"column":32}},"230":{"start":{"line":239,"column":21},"end":{"line":242,"column":1}},"231":{"start":{"line":240,"column":12},"end":{"line":240,"column":30}},"232":{"start":{"line":241,"column":2},"end":{"line":241,"column":38}},"233":{"start":{"line":241,"column":23},"end":{"line":241,"column":36}},"234":{"start":{"line":243,"column":23},"end":{"line":243,"column":97}},"235":{"start":{"line":243,"column":43},"end":{"line":243,"column":97}},"236":{"start":{"line":243,"column":59},"end":{"line":243,"column":96}},"237":{"start":{"line":243,"column":78},"end":{"line":243,"column":88}},"238":{"start":{"line":244,"column":12},"end":{"line":250,"column":17}},"239":{"start":{"line":245,"column":2},"end":{"line":250,"column":17}},"240":{"start":{"line":248,"column":6},"end":{"line":248,"column":40}},"241":{"start":{"line":248,"column":29},"end":{"line":248,"column":40}},"242":{"start":{"line":249,"column":6},"end":{"line":249,"column":59}},"243":{"start":{"line":249,"column":35},"end":{"line":249,"column":59}},"244":{"start":{"line":251,"column":17},"end":{"line":251,"column":55}},"245":{"start":{"line":251,"column":22},"end":{"line":251,"column":55}},"246":{"start":{"line":251,"column":43},"end":{"line":251,"column":54}},"247":{"start":{"line":252,"column":17},"end":{"line":252,"column":65}},"248":{"start":{"line":252,"column":37},"end":{"line":252,"column":65}},"249":{"start":{"line":253,"column":13},"end":{"line":253,"column":41}},"250":{"start":{"line":253,"column":29},"end":{"line":253,"column":41}},"251":{"start":{"line":254,"column":18},"end":{"line":254,"column":50}},"252":{"start":{"line":254,"column":34},"end":{"line":254,"column":50}},"253":{"start":{"line":255,"column":23},"end":{"line":258,"column":1}},"254":{"start":{"line":256,"column":2},"end":{"line":256,"column":78}},"255":{"start":{"line":256,"column":55},"end":{"line":256,"column":78}},"256":{"start":{"line":257,"column":2},"end":{"line":257,"column":13}},"257":{"start":{"line":259,"column":18},"end":{"line":262,"column":1}},"258":{"start":{"line":260,"column":2},"end":{"line":260,"column":61}},"259":{"start":{"line":260,"column":42},"end":{"line":260,"column":61}},"260":{"start":{"line":261,"column":2},"end":{"line":261,"column":13}},"261":{"start":{"line":263,"column":24},"end":{"line":263,"column":85}},"262":{"start":{"line":263,"column":43},"end":{"line":263,"column":85}},"263":{"start":{"line":264,"column":35},"end":{"line":271,"column":1}},"264":{"start":{"line":265,"column":39},"end":{"line":265,"column":65}},"265":{"start":{"line":266,"column":38},"end":{"line":266,"column":44}},"266":{"start":{"line":267,"column":2},"end":{"line":270,"column":76}},"267":{"start":{"line":272,"column":12},"end":{"line":287,"column":1}},"268":{"start":{"line":273,"column":17},"end":{"line":273,"column":24}},"269":{"start":{"line":274,"column":24},"end":{"line":274,"column":85}},"270":{"start":{"line":274,"column":44},"end":{"line":274,"column":85}},"271":{"start":{"line":275,"column":20},"end":{"line":276,"column":80}},"272":{"start":{"line":276,"column":4},"end":{"line":276,"column":80}},"273":{"start":{"line":277,"column":2},"end":{"line":277,"column":70}},"274":{"start":{"line":277,"column":28},"end":{"line":277,"column":70}},"275":{"start":{"line":279,"column":2},"end":{"line":285,"column":3}},"276":{"start":{"line":280,"column":12},"end":{"line":280,"column":13}},"277":{"start":{"line":281,"column":4},"end":{"line":284,"column":5}},"278":{"start":{"line":282,"column":6},"end":{"line":282,"column":10}},"279":{"start":{"line":283,"column":6},"end":{"line":283,"column":72}},"280":{"start":{"line":286,"column":2},"end":{"line":286,"column":17}},"281":{"start":{"line":288,"column":15},"end":{"line":297,"column":1}},"282":{"start":{"line":289,"column":2},"end":{"line":289,"column":27}},"283":{"start":{"line":289,"column":15},"end":{"line":289,"column":27}},"284":{"start":{"line":290,"column":2},"end":{"line":290,"column":81}},"285":{"start":{"line":290,"column":46},"end":{"line":290,"column":81}},"286":{"start":{"line":291,"column":2},"end":{"line":291,"column":83}},"287":{"start":{"line":291,"column":68},"end":{"line":291,"column":83}},"288":{"start":{"line":292,"column":2},"end":{"line":292,"column":83}},"289":{"start":{"line":292,"column":70},"end":{"line":292,"column":83}},"290":{"start":{"line":293,"column":2},"end":{"line":293,"column":48}},"291":{"start":{"line":293,"column":35},"end":{"line":293,"column":48}},"292":{"start":{"line":294,"column":13},"end":{"line":294,"column":27}},"293":{"start":{"line":295,"column":2},"end":{"line":295,"column":58}},"294":{"start":{"line":295,"column":45},"end":{"line":295,"column":58}},"295":{"start":{"line":296,"column":2},"end":{"line":296,"column":45}},"296":{"start":{"line":296,"column":25},"end":{"line":296,"column":43}},"297":{"start":{"line":298,"column":19},"end":{"line":309,"column":3}},"298":{"start":{"line":299,"column":2},"end":{"line":309,"column":3}},"299":{"start":{"line":302,"column":7},"end":{"line":308,"column":19}},"300":{"start":{"line":310,"column":21},"end":{"line":310,"column":70}},"301":{"start":{"line":310,"column":28},"end":{"line":310,"column":70}},"302":{"start":{"line":311,"column":17},"end":{"line":311,"column":72}},"303":{"start":{"line":311,"column":31},"end":{"line":311,"column":72}},"304":{"start":{"line":311,"column":52},"end":{"line":311,"column":71}},"305":{"start":{"line":312,"column":18},"end":{"line":318,"column":13}},"306":{"start":{"line":313,"column":2},"end":{"line":318,"column":13}},"307":{"start":{"line":317,"column":14},"end":{"line":317,"column":19}},"308":{"start":{"line":319,"column":18},"end":{"line":326,"column":28}},"309":{"start":{"line":320,"column":2},"end":{"line":326,"column":28}},"310":{"start":{"line":322,"column":6},"end":{"line":322,"column":63}},"311":{"start":{"line":327,"column":18},"end":{"line":331,"column":3}},"312":{"start":{"line":328,"column":2},"end":{"line":331,"column":3}},"313":{"start":{"line":329,"column":21},"end":{"line":329,"column":68}},"314":{"start":{"line":332,"column":24},"end":{"line":332,"column":85}},"315":{"start":{"line":332,"column":31},"end":{"line":332,"column":85}},"316":{"start":{"line":332,"column":47},"end":{"line":332,"column":84}},"317":{"start":{"line":333,"column":26},"end":{"line":334,"column":73}},"318":{"start":{"line":334,"column":2},"end":{"line":334,"column":73}},"319":{"start":{"line":334,"column":23},"end":{"line":334,"column":72}},"320":{"start":{"line":334,"column":43},"end":{"line":334,"column":71}},"321":{"start":{"line":335,"column":16},"end":{"line":335,"column":81}},"322":{"start":{"line":335,"column":29},"end":{"line":335,"column":81}},"323":{"start":{"line":335,"column":58},"end":{"line":335,"column":80}},"324":{"start":{"line":336,"column":17},"end":{"line":336,"column":50}},"325":{"start":{"line":336,"column":30},"end":{"line":336,"column":50}},"326":{"start":{"line":337,"column":22},"end":{"line":341,"column":13}},"327":{"start":{"line":338,"column":2},"end":{"line":341,"column":13}},"328":{"start":{"line":339,"column":21},"end":{"line":339,"column":29}},"329":{"start":{"line":340,"column":26},"end":{"line":340,"column":41}},"330":{"start":{"line":342,"column":20},"end":{"line":345,"column":40}},"331":{"start":{"line":343,"column":2},"end":{"line":345,"column":40}},"332":{"start":{"line":345,"column":17},"end":{"line":345,"column":39}},"333":{"start":{"line":346,"column":16},"end":{"line":347,"column":95}},"334":{"start":{"line":347,"column":2},"end":{"line":347,"column":95}},"335":{"start":{"line":347,"column":23},"end":{"line":347,"column":90}},"336":{"start":{"line":348,"column":22},"end":{"line":354,"column":8}},"337":{"start":{"line":349,"column":2},"end":{"line":354,"column":8}},"338":{"start":{"line":350,"column":16},"end":{"line":350,"column":49}},"339":{"start":{"line":351,"column":4},"end":{"line":352,"column":31}},"340":{"start":{"line":351,"column":36},"end":{"line":351,"column":87}},"341":{"start":{"line":352,"column":9},"end":{"line":352,"column":31}},"342":{"start":{"line":353,"column":4},"end":{"line":353,"column":15}},"343":{"start":{"line":355,"column":13},"end":{"line":355,"column":57}},"344":{"start":{"line":355,"column":19},"end":{"line":355,"column":57}},"345":{"start":{"line":355,"column":39},"end":{"line":355,"column":57}},"346":{"start":{"line":356,"column":21},"end":{"line":360,"column":22}},"347":{"start":{"line":357,"column":2},"end":{"line":360,"column":22}},"348":{"start":{"line":361,"column":15},"end":{"line":361,"column":83}},"349":{"start":{"line":361,"column":28},"end":{"line":361,"column":83}},"350":{"start":{"line":361,"column":60},"end":{"line":361,"column":82}},"351":{"start":{"line":362,"column":20},"end":{"line":365,"column":43}},"352":{"start":{"line":363,"column":2},"end":{"line":365,"column":43}},"353":{"start":{"line":365,"column":20},"end":{"line":365,"column":42}},"354":{"start":{"line":366,"column":23},"end":{"line":379,"column":1}},"355":{"start":{"line":367,"column":2},"end":{"line":367,"column":23}},"356":{"start":{"line":367,"column":14},"end":{"line":367,"column":23}},"357":{"start":{"line":368,"column":15},"end":{"line":374,"column":3}},"358":{"start":{"line":375,"column":2},"end":{"line":378,"column":16}},"359":{"start":{"line":376,"column":19},"end":{"line":376,"column":31}},"360":{"start":{"line":377,"column":25},"end":{"line":377,"column":63}},"361":{"start":{"line":380,"column":22},"end":{"line":384,"column":18}},"362":{"start":{"line":381,"column":2},"end":{"line":384,"column":18}},"363":{"start":{"line":385,"column":21},"end":{"line":385,"column":55}},"364":{"start":{"line":385,"column":28},"end":{"line":385,"column":54}},"365":{"start":{"line":386,"column":18},"end":{"line":390,"column":49}},"366":{"start":{"line":387,"column":2},"end":{"line":390,"column":49}},"367":{"start":{"line":390,"column":18},"end":{"line":390,"column":48}},"368":{"start":{"line":391,"column":12},"end":{"line":394,"column":1}},"369":{"start":{"line":392,"column":15},"end":{"line":392,"column":49}},"370":{"start":{"line":392,"column":26},"end":{"line":392,"column":48}},"371":{"start":{"line":393,"column":2},"end":{"line":393,"column":47}},"372":{"start":{"line":393,"column":35},"end":{"line":393,"column":45}},"373":{"start":{"line":395,"column":29},"end":{"line":398,"column":3}},"374":{"start":{"line":396,"column":2},"end":{"line":398,"column":3}},"375":{"start":{"line":397,"column":14},"end":{"line":397,"column":31}},"376":{"start":{"line":399,"column":12},"end":{"line":406,"column":3}},"377":{"start":{"line":400,"column":2},"end":{"line":406,"column":3}},"378":{"start":{"line":401,"column":4},"end":{"line":405,"column":53}},"379":{"start":{"line":404,"column":19},"end":{"line":404,"column":27}},"380":{"start":{"line":405,"column":29},"end":{"line":405,"column":46}},"381":{"start":{"line":407,"column":29},"end":{"line":407,"column":68}},"382":{"start":{"line":407,"column":37},"end":{"line":407,"column":68}},"383":{"start":{"line":408,"column":32},"end":{"line":409,"column":48}},"384":{"start":{"line":409,"column":2},"end":{"line":409,"column":48}},"385":{"start":{"line":410,"column":18},"end":{"line":413,"column":1}},"386":{"start":{"line":411,"column":17},"end":{"line":411,"column":88}},"387":{"start":{"line":411,"column":64},"end":{"line":411,"column":87}},"388":{"start":{"line":412,"column":2},"end":{"line":412,"column":59}},"389":{"start":{"line":414,"column":35},"end":{"line":421,"column":27}},"390":{"start":{"line":415,"column":2},"end":{"line":421,"column":27}},"391":{"start":{"line":422,"column":26},"end":{"line":425,"column":2}},"392":{"start":{"line":422,"column":44},"end":{"line":425,"column":1}},"393":{"start":{"line":426,"column":17},"end":{"line":426,"column":65}},"394":{"start":{"line":426,"column":35},"end":{"line":426,"column":65}},"395":{"start":{"line":427,"column":16},"end":{"line":428,"column":88}},"396":{"start":{"line":428,"column":2},"end":{"line":428,"column":88}},"397":{"start":{"line":429,"column":25},"end":{"line":433,"column":3}},"398":{"start":{"line":430,"column":2},"end":{"line":433,"column":3}},"399":{"start":{"line":431,"column":15},"end":{"line":431,"column":79}},"400":{"start":{"line":434,"column":16},"end":{"line":438,"column":8}},"401":{"start":{"line":435,"column":2},"end":{"line":438,"column":8}},"402":{"start":{"line":435,"column":49},"end":{"line":435,"column":56}},"403":{"start":{"line":436,"column":4},"end":{"line":436,"column":47}},"404":{"start":{"line":437,"column":4},"end":{"line":437,"column":15}},"405":{"start":{"line":439,"column":24},"end":{"line":439,"column":92}},"406":{"start":{"line":439,"column":40},"end":{"line":439,"column":92}},"407":{"start":{"line":440,"column":17},"end":{"line":440,"column":68}},"408":{"start":{"line":440,"column":36},"end":{"line":440,"column":68}},"409":{"start":{"line":441,"column":17},"end":{"line":442,"column":87}},"410":{"start":{"line":442,"column":2},"end":{"line":442,"column":87}},"411":{"start":{"line":442,"column":22},"end":{"line":442,"column":86}},"412":{"start":{"line":443,"column":20},"end":{"line":450,"column":4}},"413":{"start":{"line":444,"column":2},"end":{"line":450,"column":4}},"414":{"start":{"line":445,"column":16},"end":{"line":445,"column":18}},"415":{"start":{"line":446,"column":13},"end":{"line":446,"column":28}},"416":{"start":{"line":447,"column":4},"end":{"line":448,"column":74}},"417":{"start":{"line":448,"column":6},"end":{"line":448,"column":74}},"418":{"start":{"line":449,"column":4},"end":{"line":449,"column":26}},"419":{"start":{"line":452,"column":17},"end":{"line":464,"column":3}},"420":{"start":{"line":453,"column":2},"end":{"line":464,"column":3}},"421":{"start":{"line":454,"column":4},"end":{"line":463,"column":5}},"422":{"start":{"line":456,"column":8},"end":{"line":461,"column":9}},"423":{"start":{"line":465,"column":13},"end":{"line":465,"column":26}},"424":{"start":{"line":465,"column":20},"end":{"line":465,"column":26}},"425":{"start":{"line":466,"column":17},"end":{"line":484,"column":1}},"426":{"start":{"line":467,"column":14},"end":{"line":467,"column":19}},"427":{"start":{"line":468,"column":8},"end":{"line":468,"column":46}},"428":{"start":{"line":469,"column":2},"end":{"line":470,"column":40}},"429":{"start":{"line":469,"column":22},"end":{"line":469,"column":58}},"430":{"start":{"line":469,"column":42},"end":{"line":469,"column":47}},"431":{"start":{"line":470,"column":7},"end":{"line":470,"column":40}},"432":{"start":{"line":470,"column":27},"end":{"line":470,"column":40}},"433":{"start":{"line":471,"column":2},"end":{"line":471,"column":22}},"434":{"start":{"line":472,"column":2},"end":{"line":483,"column":4}},"435":{"start":{"line":485,"column":13},"end":{"line":485,"column":72}},"436":{"start":{"line":485,"column":24},"end":{"line":485,"column":72}},"437":{"start":{"line":485,"column":46},"end":{"line":485,"column":70}},"438":{"start":{"line":486,"column":16},"end":{"line":492,"column":1}},"439":{"start":{"line":487,"column":18},"end":{"line":487,"column":38}},"440":{"start":{"line":488,"column":2},"end":{"line":488,"column":33}},"441":{"start":{"line":489,"column":2},"end":{"line":489,"column":56}},"442":{"start":{"line":489,"column":25},"end":{"line":489,"column":55}},"443":{"start":{"line":490,"column":2},"end":{"line":490,"column":39}},"444":{"start":{"line":490,"column":26},"end":{"line":490,"column":38}},"445":{"start":{"line":491,"column":2},"end":{"line":491,"column":17}},"446":{"start":{"line":493,"column":17},"end":{"line":500,"column":1}},"447":{"start":{"line":494,"column":18},"end":{"line":494,"column":38}},"448":{"start":{"line":495,"column":2},"end":{"line":495,"column":34}},"449":{"start":{"line":496,"column":2},"end":{"line":496,"column":78}},"450":{"start":{"line":497,"column":2},"end":{"line":497,"column":56}},"451":{"start":{"line":497,"column":25},"end":{"line":497,"column":55}},"452":{"start":{"line":498,"column":2},"end":{"line":498,"column":39}},"453":{"start":{"line":498,"column":26},"end":{"line":498,"column":38}},"454":{"start":{"line":499,"column":2},"end":{"line":499,"column":21}},"455":{"start":{"line":501,"column":22},"end":{"line":503,"column":1}},"456":{"start":{"line":502,"column":2},"end":{"line":502,"column":98}},"457":{"start":{"line":502,"column":38},"end":{"line":502,"column":98}},"458":{"start":{"line":504,"column":11},"end":{"line":508,"column":1}},"459":{"start":{"line":505,"column":17},"end":{"line":505,"column":34}},"460":{"start":{"line":506,"column":2},"end":{"line":506,"column":44}},"461":{"start":{"line":506,"column":39},"end":{"line":506,"column":44}},"462":{"start":{"line":507,"column":2},"end":{"line":507,"column":60}},"463":{"start":{"line":509,"column":16},"end":{"line":512,"column":1}},"464":{"start":{"line":510,"column":2},"end":{"line":510,"column":54}},"465":{"start":{"line":510,"column":26},"end":{"line":510,"column":54}},"466":{"start":{"line":511,"column":2},"end":{"line":511,"column":67}},"467":{"start":{"line":513,"column":21},"end":{"line":513,"column":91}},"468":{"start":{"line":513,"column":51},"end":{"line":513,"column":91}},"469":{"start":{"line":514,"column":19},"end":{"line":514,"column":97}},"470":{"start":{"line":514,"column":33},"end":{"line":514,"column":97}},"471":{"start":{"line":514,"column":61},"end":{"line":514,"column":91}},"472":{"start":{"line":515,"column":16},"end":{"line":515,"column":39}},"473":{"start":{"line":515,"column":23},"end":{"line":515,"column":39}},"474":{"start":{"line":516,"column":26},"end":{"line":517,"column":74}},"475":{"start":{"line":517,"column":2},"end":{"line":517,"column":74}},"476":{"start":{"line":517,"column":38},"end":{"line":517,"column":73}},"477":{"start":{"line":518,"column":33},"end":{"line":519,"column":89}},"478":{"start":{"line":519,"column":2},"end":{"line":519,"column":89}},"479":{"start":{"line":519,"column":72},"end":{"line":519,"column":88}},"480":{"start":{"line":520,"column":38},"end":{"line":523,"column":3}},"481":{"start":{"line":521,"column":2},"end":{"line":523,"column":3}},"482":{"start":{"line":522,"column":19},"end":{"line":522,"column":54}},"483":{"start":{"line":524,"column":34},"end":{"line":524,"column":68}},"484":{"start":{"line":524,"column":50},"end":{"line":524,"column":68}},"485":{"start":{"line":525,"column":26},"end":{"line":528,"column":89}},"486":{"start":{"line":526,"column":2},"end":{"line":528,"column":89}},"487":{"start":{"line":528,"column":48},"end":{"line":528,"column":88}},"488":{"start":{"line":529,"column":20},"end":{"line":529,"column":85}},"489":{"start":{"line":529,"column":40},"end":{"line":529,"column":85}},"490":{"start":{"line":530,"column":21},"end":{"line":530,"column":89}},"491":{"start":{"line":530,"column":41},"end":{"line":530,"column":89}},"492":{"start":{"line":531,"column":21},"end":{"line":534,"column":1}},"493":{"start":{"line":532,"column":12},"end":{"line":532,"column":22}},"494":{"start":{"line":533,"column":2},"end":{"line":533,"column":33}},"495":{"start":{"line":533,"column":23},"end":{"line":533,"column":31}},"496":{"start":{"line":535,"column":23},"end":{"line":538,"column":1}},"497":{"start":{"line":536,"column":12},"end":{"line":536,"column":30}},"498":{"start":{"line":537,"column":2},"end":{"line":537,"column":37}},"499":{"start":{"line":537,"column":23},"end":{"line":537,"column":35}},"500":{"start":{"line":539,"column":25},"end":{"line":539,"column":91}},"501":{"start":{"line":539,"column":41},"end":{"line":539,"column":91}},"502":{"start":{"line":539,"column":55},"end":{"line":539,"column":90}},"503":{"start":{"line":539,"column":72},"end":{"line":539,"column":82}},"504":{"start":{"line":540,"column":24},"end":{"line":546,"column":8}},"505":{"start":{"line":541,"column":2},"end":{"line":546,"column":8}},"506":{"start":{"line":542,"column":16},"end":{"line":542,"column":44}},"507":{"start":{"line":543,"column":4},"end":{"line":543,"column":30}},"508":{"start":{"line":544,"column":4},"end":{"line":544,"column":23}},"509":{"start":{"line":545,"column":4},"end":{"line":545,"column":15}},"510":{"start":{"line":547,"column":11},"end":{"line":547,"column":77}},"511":{"start":{"line":547,"column":26},"end":{"line":547,"column":77}},"512":{"start":{"line":548,"column":22},"end":{"line":548,"column":60}},"513":{"start":{"line":548,"column":29},"end":{"line":548,"column":60}},"514":{"start":{"line":549,"column":20},"end":{"line":549,"column":51}},"515":{"start":{"line":549,"column":38},"end":{"line":549,"column":51}},"516":{"start":{"line":550,"column":18},"end":{"line":559,"column":1}},"517":{"start":{"line":551,"column":20},"end":{"line":557,"column":15}},"518":{"start":{"line":552,"column":4},"end":{"line":557,"column":15}},"519":{"start":{"line":558,"column":2},"end":{"line":558,"column":45}},"520":{"start":{"line":560,"column":20},"end":{"line":560,"column":84}},"521":{"start":{"line":560,"column":27},"end":{"line":560,"column":84}},"522":{"start":{"line":561,"column":21},"end":{"line":561,"column":52}},"523":{"start":{"line":561,"column":39},"end":{"line":561,"column":52}},"524":{"start":{"line":562,"column":18},"end":{"line":562,"column":49}},"525":{"start":{"line":562,"column":25},"end":{"line":562,"column":49}},"526":{"start":{"line":563,"column":18},"end":{"line":563,"column":79}},"527":{"start":{"line":563,"column":24},"end":{"line":563,"column":79}},"528":{"start":{"line":564,"column":28},"end":{"line":564,"column":50}},"529":{"start":{"line":564,"column":34},"end":{"line":564,"column":50}},"530":{"start":{"line":565,"column":20},"end":{"line":565,"column":67}},"531":{"start":{"line":565,"column":43},"end":{"line":565,"column":67}},"532":{"start":{"line":566,"column":23},"end":{"line":573,"column":40}},"533":{"start":{"line":567,"column":2},"end":{"line":573,"column":40}},"534":{"start":{"line":574,"column":16},"end":{"line":574,"column":71}},"535":{"start":{"line":574,"column":23},"end":{"line":574,"column":71}},"536":{"start":{"line":575,"column":15},"end":{"line":575,"column":35}},"537":{"start":{"line":575,"column":22},"end":{"line":575,"column":35}},"538":{"start":{"line":576,"column":19},"end":{"line":576,"column":51}},"539":{"start":{"line":576,"column":26},"end":{"line":576,"column":51}},"540":{"start":{"line":577,"column":20},"end":{"line":577,"column":52}},"541":{"start":{"line":577,"column":27},"end":{"line":577,"column":52}},"542":{"start":{"line":578,"column":14},"end":{"line":578,"column":54}},"543":{"start":{"line":578,"column":21},"end":{"line":578,"column":54}},"544":{"start":{"line":579,"column":15},"end":{"line":579,"column":34}},"545":{"start":{"line":579,"column":22},"end":{"line":579,"column":34}},"546":{"start":{"line":580,"column":17},"end":{"line":580,"column":47}},"547":{"start":{"line":580,"column":24},"end":{"line":580,"column":47}},"548":{"start":{"line":581,"column":17},"end":{"line":581,"column":43}},"549":{"start":{"line":581,"column":24},"end":{"line":581,"column":43}},"550":{"start":{"line":582,"column":21},"end":{"line":582,"column":67}},"551":{"start":{"line":582,"column":28},"end":{"line":582,"column":67}},"552":{"start":{"line":583,"column":22},"end":{"line":583,"column":91}},"553":{"start":{"line":583,"column":29},"end":{"line":583,"column":91}},"554":{"start":{"line":584,"column":16},"end":{"line":588,"column":1}},"555":{"start":{"line":585,"column":19},"end":{"line":585,"column":45}},"556":{"start":{"line":586,"column":2},"end":{"line":586,"column":70}},"557":{"start":{"line":586,"column":38},"end":{"line":586,"column":70}},"558":{"start":{"line":586,"column":57},"end":{"line":586,"column":70}},"559":{"start":{"line":587,"column":2},"end":{"line":587,"column":18}},"560":{"start":{"line":589,"column":20},"end":{"line":589,"column":46}},"561":{"start":{"line":589,"column":27},"end":{"line":589,"column":46}},"562":{"start":{"line":590,"column":22},"end":{"line":593,"column":32}},"563":{"start":{"line":591,"column":2},"end":{"line":593,"column":32}},"564":{"start":{"line":594,"column":25},"end":{"line":599,"column":40}},"565":{"start":{"line":595,"column":2},"end":{"line":599,"column":40}},"566":{"start":{"line":600,"column":19},"end":{"line":600,"column":80}},"567":{"start":{"line":600,"column":37},"end":{"line":600,"column":80}},"568":{"start":{"line":601,"column":17},"end":{"line":608,"column":1}},"569":{"start":{"line":602,"column":18},"end":{"line":602,"column":36}},"570":{"start":{"line":603,"column":2},"end":{"line":607,"column":3}},"571":{"start":{"line":604,"column":4},"end":{"line":604,"column":64}},"572":{"start":{"line":605,"column":4},"end":{"line":606,"column":58}},"573":{"start":{"line":605,"column":30},"end":{"line":605,"column":64}},"574":{"start":{"line":606,"column":9},"end":{"line":606,"column":58}},"575":{"start":{"line":606,"column":49},"end":{"line":606,"column":58}},"576":{"start":{"line":609,"column":17},"end":{"line":609,"column":97}},"577":{"start":{"line":609,"column":24},"end":{"line":609,"column":97}},"578":{"start":{"line":610,"column":17},"end":{"line":610,"column":47}},"579":{"start":{"line":610,"column":24},"end":{"line":610,"column":47}},"580":{"start":{"line":611,"column":17},"end":{"line":611,"column":47}},"581":{"start":{"line":611,"column":24},"end":{"line":611,"column":47}},"582":{"start":{"line":612,"column":19},"end":{"line":612,"column":71}},"583":{"start":{"line":612,"column":25},"end":{"line":612,"column":71}},"584":{"start":{"line":613,"column":20},"end":{"line":613,"column":44}},"585":{"start":{"line":613,"column":27},"end":{"line":613,"column":44}},"586":{"start":{"line":614,"column":20},"end":{"line":614,"column":52}},"587":{"start":{"line":614,"column":27},"end":{"line":614,"column":52}},"588":{"start":{"line":615,"column":20},"end":{"line":622,"column":1}},"589":{"start":{"line":616,"column":2},"end":{"line":621,"column":3}},"590":{"start":{"line":617,"column":4},"end":{"line":617,"column":20}},"591":{"start":{"line":618,"column":4},"end":{"line":618,"column":16}},"592":{"start":{"line":620,"column":4},"end":{"line":620,"column":17}},"593":{"start":{"line":623,"column":25},"end":{"line":628,"column":40}},"594":{"start":{"line":624,"column":2},"end":{"line":628,"column":40}},"595":{"start":{"line":629,"column":13},"end":{"line":638,"column":3}},"596":{"start":{"line":630,"column":2},"end":{"line":638,"column":3}},"597":{"start":{"line":632,"column":6},"end":{"line":636,"column":33}},"598":{"start":{"line":639,"column":13},"end":{"line":639,"column":39}},"599":{"start":{"line":639,"column":20},"end":{"line":639,"column":39}},"600":{"start":{"line":640,"column":12},"end":{"line":644,"column":1}},"601":{"start":{"line":641,"column":14},"end":{"line":641,"column":48}},"602":{"start":{"line":641,"column":25},"end":{"line":641,"column":47}},"603":{"start":{"line":642,"column":15},"end":{"line":642,"column":44}},"604":{"start":{"line":642,"column":25},"end":{"line":642,"column":44}},"605":{"start":{"line":643,"column":2},"end":{"line":643,"column":47}},"606":{"start":{"line":643,"column":35},"end":{"line":643,"column":45}},"607":{"start":{"line":645,"column":20},"end":{"line":645,"column":85}},"608":{"start":{"line":645,"column":33},"end":{"line":645,"column":85}},"609":{"start":{"line":645,"column":56},"end":{"line":645,"column":83}},"610":{"start":{"line":646,"column":22},"end":{"line":650,"column":8}},"611":{"start":{"line":647,"column":2},"end":{"line":650,"column":8}},"612":{"start":{"line":648,"column":4},"end":{"line":648,"column":38}},"613":{"start":{"line":649,"column":4},"end":{"line":649,"column":15}},"614":{"start":{"line":651,"column":18},"end":{"line":660,"column":1}},"615":{"start":{"line":652,"column":12},"end":{"line":655,"column":26}},"616":{"start":{"line":655,"column":14},"end":{"line":655,"column":25}},"617":{"start":{"line":656,"column":18},"end":{"line":656,"column":37}},"618":{"start":{"line":657,"column":12},"end":{"line":657,"column":98}},"619":{"start":{"line":657,"column":41},"end":{"line":657,"column":93}},"620":{"start":{"line":658,"column":2},"end":{"line":658,"column":19}},"621":{"start":{"line":659,"column":2},"end":{"line":659,"column":24}},"622":{"start":{"line":661,"column":16},"end":{"line":665,"column":8}},"623":{"start":{"line":662,"column":2},"end":{"line":665,"column":8}},"624":{"start":{"line":663,"column":4},"end":{"line":663,"column":37}},"625":{"start":{"line":664,"column":4},"end":{"line":664,"column":15}},"626":{"start":{"line":666,"column":18},"end":{"line":669,"column":6}},"627":{"start":{"line":667,"column":2},"end":{"line":669,"column":6}},"628":{"start":{"line":668,"column":4},"end":{"line":669,"column":2}},"629":{"start":{"line":668,"column":62},"end":{"line":668,"column":89}},"630":{"start":{"line":670,"column":18},"end":{"line":674,"column":13}},"631":{"start":{"line":671,"column":2},"end":{"line":674,"column":13}},"632":{"start":{"line":673,"column":19},"end":{"line":673,"column":32}},"633":{"start":{"line":675,"column":18},"end":{"line":679,"column":8}},"634":{"start":{"line":676,"column":2},"end":{"line":679,"column":8}},"635":{"start":{"line":677,"column":4},"end":{"line":677,"column":32}},"636":{"start":{"line":678,"column":4},"end":{"line":678,"column":15}},"637":{"start":{"line":680,"column":13},"end":{"line":680,"column":92}},"638":{"start":{"line":680,"column":42},"end":{"line":680,"column":92}},"639":{"start":{"line":681,"column":16},"end":{"line":682,"column":87}},"640":{"start":{"line":682,"column":2},"end":{"line":682,"column":87}},"641":{"start":{"line":682,"column":35},"end":{"line":682,"column":86}},"642":{"start":{"line":683,"column":20},"end":{"line":689,"column":3}},"643":{"start":{"line":684,"column":2},"end":{"line":689,"column":3}},"644":{"start":{"line":686,"column":6},"end":{"line":688,"column":33}},"645":{"start":{"line":690,"column":14},"end":{"line":690,"column":95}},"646":{"start":{"line":690,"column":27},"end":{"line":690,"column":95}},"647":{"start":{"line":690,"column":86},"end":{"line":690,"column":93}},"648":{"start":{"line":691,"column":16},"end":{"line":691,"column":70}},"649":{"start":{"line":691,"column":30},"end":{"line":691,"column":70}},"650":{"start":{"line":692,"column":13},"end":{"line":692,"column":71}},"651":{"start":{"line":692,"column":29},"end":{"line":692,"column":71}},"652":{"start":{"line":692,"column":53},"end":{"line":692,"column":58}},"653":{"start":{"line":693,"column":15},"end":{"line":697,"column":1}},"654":{"start":{"line":694,"column":14},"end":{"line":694,"column":40}},"655":{"start":{"line":695,"column":11},"end":{"line":695,"column":41}},"656":{"start":{"line":695,"column":35},"end":{"line":695,"column":40}},"657":{"start":{"line":696,"column":2},"end":{"line":696,"column":76}},"658":{"start":{"line":698,"column":16},"end":{"line":705,"column":1}},"659":{"start":{"line":699,"column":16},"end":{"line":699,"column":25}},"660":{"start":{"line":700,"column":17},"end":{"line":702,"column":3}},"661":{"start":{"line":701,"column":4},"end":{"line":701,"column":98}},"662":{"start":{"line":703,"column":2},"end":{"line":703,"column":23}},"663":{"start":{"line":704,"column":2},"end":{"line":704,"column":16}},"664":{"start":{"line":706,"column":14},"end":{"line":714,"column":3}},"665":{"start":{"line":707,"column":2},"end":{"line":714,"column":3}},"666":{"start":{"line":709,"column":6},"end":{"line":712,"column":12}},"667":{"start":{"line":710,"column":8},"end":{"line":710,"column":83}},"668":{"start":{"line":711,"column":8},"end":{"line":711,"column":19}},"669":{"start":{"line":715,"column":14},"end":{"line":715,"column":95}},"670":{"start":{"line":715,"column":27},"end":{"line":715,"column":95}},"671":{"start":{"line":715,"column":86},"end":{"line":715,"column":93}},"672":{"start":{"line":716,"column":16},"end":{"line":716,"column":70}},"673":{"start":{"line":716,"column":30},"end":{"line":716,"column":70}},"674":{"start":{"line":717,"column":13},"end":{"line":717,"column":71}},"675":{"start":{"line":717,"column":29},"end":{"line":717,"column":71}},"676":{"start":{"line":717,"column":53},"end":{"line":717,"column":58}},"677":{"start":{"line":718,"column":23},"end":{"line":725,"column":1}},"678":{"start":{"line":719,"column":16},"end":{"line":723,"column":4}},"679":{"start":{"line":720,"column":19},"end":{"line":720,"column":36}},"680":{"start":{"line":721,"column":4},"end":{"line":721,"column":46}},"681":{"start":{"line":721,"column":41},"end":{"line":721,"column":46}},"682":{"start":{"line":722,"column":4},"end":{"line":722,"column":38}},"683":{"start":{"line":724,"column":2},"end":{"line":724,"column":43}},"684":{"start":{"line":726,"column":15},"end":{"line":726,"column":50}},"685":{"start":{"line":726,"column":23},"end":{"line":726,"column":50}},"686":{"start":{"line":726,"column":36},"end":{"line":726,"column":50}},"687":{"start":{"line":727,"column":13},"end":{"line":730,"column":63}},"688":{"start":{"line":728,"column":2},"end":{"line":730,"column":63}},"689":{"start":{"line":729,"column":20},"end":{"line":729,"column":37}},"690":{"start":{"line":730,"column":18},"end":{"line":730,"column":61}},"691":{"start":{"line":731,"column":24},"end":{"line":731,"column":49}},"692":{"start":{"line":731,"column":36},"end":{"line":731,"column":49}},"693":{"start":{"line":732,"column":13},"end":{"line":732,"column":49}},"694":{"start":{"line":732,"column":36},"end":{"line":732,"column":49}},"695":{"start":{"line":733,"column":15},"end":{"line":733,"column":49}},"696":{"start":{"line":733,"column":20},"end":{"line":733,"column":49}},"697":{"start":{"line":733,"column":33},"end":{"line":733,"column":49}},"698":{"start":{"line":734,"column":19},"end":{"line":734,"column":85}},"699":{"start":{"line":734,"column":35},"end":{"line":734,"column":85}},"700":{"start":{"line":735,"column":24},"end":{"line":735,"column":85}},"701":{"start":{"line":735,"column":31},"end":{"line":735,"column":85}},"702":{"start":{"line":735,"column":62},"end":{"line":735,"column":79}},"703":{"start":{"line":736,"column":22},"end":{"line":736,"column":67}},"704":{"start":{"line":736,"column":29},"end":{"line":736,"column":67}},"705":{"start":{"line":736,"column":55},"end":{"line":736,"column":66}},"706":{"start":{"line":737,"column":25},"end":{"line":754,"column":1}},"707":{"start":{"line":738,"column":19},"end":{"line":738,"column":89}},"708":{"start":{"line":738,"column":53},"end":{"line":738,"column":88}},"709":{"start":{"line":738,"column":76},"end":{"line":738,"column":87}},"710":{"start":{"line":739,"column":2},"end":{"line":752,"column":4}},"711":{"start":{"line":753,"column":2},"end":{"line":753,"column":18}},"712":{"start":{"line":755,"column":12},"end":{"line":755,"column":80}},"713":{"start":{"line":755,"column":43},"end":{"line":755,"column":80}},"714":{"start":{"line":756,"column":15},"end":{"line":756,"column":79}},"715":{"start":{"line":756,"column":32},"end":{"line":756,"column":79}},"716":{"start":{"line":757,"column":13},"end":{"line":760,"column":59}},"717":{"start":{"line":758,"column":2},"end":{"line":760,"column":59}},"718":{"start":{"line":759,"column":17},"end":{"line":759,"column":33}},"719":{"start":{"line":760,"column":27},"end":{"line":760,"column":53}},"720":{"start":{"line":761,"column":15},"end":{"line":764,"column":59}},"721":{"start":{"line":762,"column":2},"end":{"line":764,"column":59}},"722":{"start":{"line":763,"column":17},"end":{"line":763,"column":31}},"723":{"start":{"line":764,"column":27},"end":{"line":764,"column":53}},"724":{"start":{"line":765,"column":11},"end":{"line":769,"column":1}},"725":{"start":{"line":766,"column":22},"end":{"line":766,"column":80}},"726":{"start":{"line":766,"column":27},"end":{"line":766,"column":80}},"727":{"start":{"line":767,"column":2},"end":{"line":767,"column":82}},"728":{"start":{"line":768,"column":2},"end":{"line":768,"column":38}},"729":{"start":{"line":768,"column":19},"end":{"line":768,"column":38}},"730":{"start":{"line":770,"column":26},"end":{"line":783,"column":1}},"731":{"start":{"line":771,"column":13},"end":{"line":771,"column":20}},"732":{"start":{"line":772,"column":15},"end":{"line":772,"column":16}},"733":{"start":{"line":773,"column":27},"end":{"line":778,"column":3}},"734":{"start":{"line":774,"column":16},"end":{"line":774,"column":33}},"735":{"start":{"line":775,"column":4},"end":{"line":776,"column":100}},"736":{"start":{"line":776,"column":6},"end":{"line":776,"column":100}},"737":{"start":{"line":777,"column":4},"end":{"line":777,"column":19}},"738":{"start":{"line":779,"column":2},"end":{"line":782,"column":5}},"739":{"start":{"line":780,"column":4},"end":{"line":780,"column":33}},"740":{"start":{"line":780,"column":26},"end":{"line":780,"column":33}},"741":{"start":{"line":781,"column":4},"end":{"line":781,"column":95}},"742":{"start":{"line":784,"column":13},"end":{"line":791,"column":1}},"743":{"start":{"line":785,"column":15},"end":{"line":785,"column":20}},"744":{"start":{"line":786,"column":2},"end":{"line":790,"column":4}},"745":{"start":{"line":787,"column":4},"end":{"line":787,"column":23}},"746":{"start":{"line":787,"column":16},"end":{"line":787,"column":23}},"747":{"start":{"line":788,"column":4},"end":{"line":788,"column":18}},"748":{"start":{"line":789,"column":4},"end":{"line":789,"column":32}},"749":{"start":{"line":792,"column":16},"end":{"line":801,"column":3}},"750":{"start":{"line":793,"column":2},"end":{"line":801,"column":3}},"751":{"start":{"line":794,"column":4},"end":{"line":800,"column":9}},"752":{"start":{"line":795,"column":6},"end":{"line":798,"column":7}},"753":{"start":{"line":796,"column":25},"end":{"line":796,"column":97}},"754":{"start":{"line":797,"column":8},"end":{"line":797,"column":45}},"755":{"start":{"line":799,"column":6},"end":{"line":799,"column":17}},"756":{"start":{"line":802,"column":13},"end":{"line":802,"column":73}},"757":{"start":{"line":802,"column":25},"end":{"line":802,"column":73}},"758":{"start":{"line":802,"column":38},"end":{"line":802,"column":73}},"759":{"start":{"line":802,"column":52},"end":{"line":802,"column":72}},"760":{"start":{"line":803,"column":17},"end":{"line":803,"column":97}},"761":{"start":{"line":803,"column":37},"end":{"line":803,"column":97}},"762":{"start":{"line":803,"column":50},"end":{"line":803,"column":97}},"763":{"start":{"line":803,"column":77},"end":{"line":803,"column":95}},"764":{"start":{"line":804,"column":12},"end":{"line":805,"column":68}},"765":{"start":{"line":805,"column":2},"end":{"line":805,"column":68}},"766":{"start":{"line":806,"column":19},"end":{"line":809,"column":1}},"767":{"start":{"line":807,"column":12},"end":{"line":807,"column":51}},"768":{"start":{"line":808,"column":2},"end":{"line":808,"column":41}},"769":{"start":{"line":810,"column":20},"end":{"line":817,"column":10}},"770":{"start":{"line":811,"column":2},"end":{"line":817,"column":10}},"771":{"start":{"line":813,"column":14},"end":{"line":813,"column":26}},"772":{"start":{"line":815,"column":6},"end":{"line":815,"column":77}},"773":{"start":{"line":816,"column":6},"end":{"line":816,"column":17}},"774":{"start":{"line":818,"column":16},"end":{"line":818,"column":74}},"775":{"start":{"line":818,"column":37},"end":{"line":818,"column":74}},"776":{"start":{"line":818,"column":50},"end":{"line":818,"column":74}},"777":{"start":{"line":819,"column":21},"end":{"line":819,"column":79}},"778":{"start":{"line":819,"column":42},"end":{"line":819,"column":79}},"779":{"start":{"line":819,"column":55},"end":{"line":819,"column":79}},"780":{"start":{"line":820,"column":18},"end":{"line":827,"column":3}},"781":{"start":{"line":821,"column":2},"end":{"line":827,"column":3}},"782":{"start":{"line":823,"column":6},"end":{"line":823,"column":45}},"783":{"start":{"line":824,"column":6},"end":{"line":824,"column":17}},"784":{"start":{"line":828,"column":19},"end":{"line":829,"column":97}},"785":{"start":{"line":829,"column":2},"end":{"line":829,"column":97}},"786":{"start":{"line":829,"column":32},"end":{"line":829,"column":79}},"787":{"start":{"line":830,"column":21},"end":{"line":839,"column":1}},"788":{"start":{"line":831,"column":2},"end":{"line":831,"column":79}},"789":{"start":{"line":831,"column":23},"end":{"line":831,"column":79}},"790":{"start":{"line":832,"column":2},"end":{"line":838,"column":4}},"791":{"start":{"line":834,"column":6},"end":{"line":836,"column":7}},"792":{"start":{"line":835,"column":75},"end":{"line":835,"column":89}},"793":{"start":{"line":840,"column":13},"end":{"line":841,"column":78}},"794":{"start":{"line":841,"column":2},"end":{"line":841,"column":78}},"795":{"start":{"line":841,"column":29},"end":{"line":841,"column":72}},"796":{"start":{"line":842,"column":15},"end":{"line":845,"column":59}},"797":{"start":{"line":843,"column":2},"end":{"line":845,"column":59}},"798":{"start":{"line":844,"column":17},"end":{"line":844,"column":30}},"799":{"start":{"line":845,"column":27},"end":{"line":845,"column":53}},"800":{"start":{"line":846,"column":27},"end":{"line":846,"column":99}},"801":{"start":{"line":846,"column":39},"end":{"line":846,"column":99}},"802":{"start":{"line":846,"column":46},"end":{"line":846,"column":99}},"803":{"start":{"line":846,"column":67},"end":{"line":846,"column":76}},"804":{"start":{"line":847,"column":22},"end":{"line":847,"column":82}},"805":{"start":{"line":847,"column":34},"end":{"line":847,"column":82}},"806":{"start":{"line":847,"column":55},"end":{"line":847,"column":81}},"807":{"start":{"line":847,"column":68},"end":{"line":847,"column":81}},"808":{"start":{"line":848,"column":18},"end":{"line":853,"column":1}},"809":{"start":{"line":849,"column":21},"end":{"line":850,"column":49}},"810":{"start":{"line":850,"column":4},"end":{"line":850,"column":49}},"811":{"start":{"line":851,"column":2},"end":{"line":851,"column":86}},"812":{"start":{"line":851,"column":31},"end":{"line":851,"column":86}},"813":{"start":{"line":851,"column":53},"end":{"line":851,"column":85}},"814":{"start":{"line":852,"column":2},"end":{"line":852,"column":39}},"815":{"start":{"line":854,"column":17},"end":{"line":854,"column":87}},"816":{"start":{"line":854,"column":24},"end":{"line":854,"column":87}},"817":{"start":{"line":854,"column":45},"end":{"line":854,"column":80}},"818":{"start":{"line":854,"column":65},"end":{"line":854,"column":78}},"819":{"start":{"line":855,"column":15},"end":{"line":862,"column":1}},"820":{"start":{"line":856,"column":26},"end":{"line":856,"column":70}},"821":{"start":{"line":857,"column":19},"end":{"line":857,"column":51}},"822":{"start":{"line":858,"column":12},"end":{"line":860,"column":3}},"823":{"start":{"line":859,"column":14},"end":{"line":859,"column":98}},"824":{"start":{"line":861,"column":2},"end":{"line":861,"column":76}},"825":{"start":{"line":863,"column":20},"end":{"line":869,"column":1}},"826":{"start":{"line":864,"column":16},"end":{"line":864,"column":69}},"827":{"start":{"line":865,"column":2},"end":{"line":865,"column":71}},"828":{"start":{"line":865,"column":25},"end":{"line":865,"column":71}},"829":{"start":{"line":866,"column":19},"end":{"line":866,"column":95}},"830":{"start":{"line":867,"column":12},"end":{"line":867,"column":86}},"831":{"start":{"line":868,"column":2},"end":{"line":868,"column":76}},"832":{"start":{"line":870,"column":15},"end":{"line":876,"column":1}},"833":{"start":{"line":871,"column":12},"end":{"line":871,"column":64}},"834":{"start":{"line":871,"column":58},"end":{"line":871,"column":63}},"835":{"start":{"line":872,"column":13},"end":{"line":872,"column":39}},"836":{"start":{"line":873,"column":21},"end":{"line":873,"column":76}},"837":{"start":{"line":873,"column":70},"end":{"line":873,"column":75}},"838":{"start":{"line":874,"column":2},"end":{"line":874,"column":79}},"839":{"start":{"line":874,"column":31},"end":{"line":874,"column":76}},"840":{"start":{"line":874,"column":53},"end":{"line":874,"column":75}},"841":{"start":{"line":875,"column":2},"end":{"line":875,"column":13}},"842":{"start":{"line":877,"column":18},"end":{"line":880,"column":3}},"843":{"start":{"line":877,"column":26},"end":{"line":880,"column":3}},"844":{"start":{"line":878,"column":2},"end":{"line":880,"column":3}},"845":{"start":{"line":879,"column":4},"end":{"line":879,"column":73}},"846":{"start":{"line":879,"column":36},"end":{"line":879,"column":71}},"847":{"start":{"line":881,"column":13},"end":{"line":886,"column":1}},"848":{"start":{"line":882,"column":17},"end":{"line":882,"column":56}},"849":{"start":{"line":883,"column":15},"end":{"line":883,"column":58}},"850":{"start":{"line":883,"column":36},"end":{"line":883,"column":57}},"851":{"start":{"line":884,"column":2},"end":{"line":884,"column":17}},"852":{"start":{"line":885,"column":2},"end":{"line":885,"column":35}},"853":{"start":{"line":885,"column":22},"end":{"line":885,"column":33}},"854":{"start":{"line":887,"column":20},"end":{"line":895,"column":1}},"855":{"start":{"line":888,"column":16},"end":{"line":888,"column":18}},"856":{"start":{"line":889,"column":15},"end":{"line":891,"column":43}},"857":{"start":{"line":890,"column":20},"end":{"line":890,"column":61}},"858":{"start":{"line":891,"column":22},"end":{"line":891,"column":42}},"859":{"start":{"line":892,"column":2},"end":{"line":892,"column":17}},"860":{"start":{"line":893,"column":2},"end":{"line":893,"column":35}},"861":{"start":{"line":893,"column":22},"end":{"line":893,"column":33}},"862":{"start":{"line":894,"column":2},"end":{"line":894,"column":17}},"863":{"start":{"line":896,"column":20},"end":{"line":903,"column":1}},"864":{"start":{"line":897,"column":16},"end":{"line":897,"column":18}},"865":{"start":{"line":898,"column":19},"end":{"line":898,"column":85}},"866":{"start":{"line":898,"column":42},"end":{"line":898,"column":83}},"867":{"start":{"line":899,"column":15},"end":{"line":899,"column":57}},"868":{"start":{"line":899,"column":36},"end":{"line":899,"column":56}},"869":{"start":{"line":900,"column":2},"end":{"line":900,"column":17}},"870":{"start":{"line":901,"column":2},"end":{"line":901,"column":37}},"871":{"start":{"line":901,"column":24},"end":{"line":901,"column":35}},"872":{"start":{"line":902,"column":2},"end":{"line":902,"column":17}},"873":{"start":{"line":904,"column":15},"end":{"line":912,"column":1}},"874":{"start":{"line":905,"column":17},"end":{"line":905,"column":28}},"875":{"start":{"line":906,"column":11},"end":{"line":906,"column":52}},"876":{"start":{"line":907,"column":2},"end":{"line":907,"column":62}},"877":{"start":{"line":908,"column":17},"end":{"line":908,"column":78}},"878":{"start":{"line":908,"column":70},"end":{"line":908,"column":77}},"879":{"start":{"line":909,"column":15},"end":{"line":909,"column":62}},"880":{"start":{"line":909,"column":36},"end":{"line":909,"column":61}},"881":{"start":{"line":910,"column":2},"end":{"line":910,"column":17}},"882":{"start":{"line":911,"column":2},"end":{"line":911,"column":35}},"883":{"start":{"line":911,"column":22},"end":{"line":911,"column":33}},"884":{"start":{"line":913,"column":22},"end":{"line":913,"column":52}},"885":{"start":{"line":913,"column":29},"end":{"line":913,"column":52}},"886":{"start":{"line":914,"column":27},"end":{"line":917,"column":1}},"887":{"start":{"line":915,"column":10},"end":{"line":915,"column":58}},"888":{"start":{"line":916,"column":2},"end":{"line":916,"column":29}},"889":{"start":{"line":918,"column":30},"end":{"line":919,"column":84}},"890":{"start":{"line":919,"column":2},"end":{"line":919,"column":84}},"891":{"start":{"line":919,"column":34},"end":{"line":919,"column":83}},"892":{"start":{"line":920,"column":29},"end":{"line":920,"column":92}},"893":{"start":{"line":920,"column":43},"end":{"line":920,"column":92}},"894":{"start":{"line":921,"column":28},"end":{"line":921,"column":75}},"895":{"start":{"line":921,"column":42},"end":{"line":921,"column":75}},"896":{"start":{"line":923,"column":22},"end":{"line":927,"column":16}},"897":{"start":{"line":924,"column":2},"end":{"line":927,"column":16}},"898":{"start":{"line":928,"column":14},"end":{"line":928,"column":76}},"899":{"start":{"line":928,"column":31},"end":{"line":928,"column":76}},"900":{"start":{"line":928,"column":44},"end":{"line":928,"column":76}},"901":{"start":{"line":928,"column":67},"end":{"line":928,"column":74}},"902":{"start":{"line":929,"column":30},"end":{"line":948,"column":1}},"903":{"start":{"line":930,"column":16},"end":{"line":930,"column":20}},"904":{"start":{"line":932,"column":15},"end":{"line":935,"column":3}},"905":{"start":{"line":933,"column":4},"end":{"line":933,"column":20}},"906":{"start":{"line":934,"column":4},"end":{"line":934,"column":30}},"907":{"start":{"line":936,"column":16},"end":{"line":939,"column":3}},"908":{"start":{"line":937,"column":4},"end":{"line":937,"column":19}},"909":{"start":{"line":938,"column":4},"end":{"line":938,"column":10}},"910":{"start":{"line":940,"column":14},"end":{"line":945,"column":3}},"911":{"start":{"line":941,"column":4},"end":{"line":944,"column":7}},"912":{"start":{"line":942,"column":6},"end":{"line":942,"column":17}},"913":{"start":{"line":943,"column":6},"end":{"line":943,"column":25}},"914":{"start":{"line":943,"column":19},"end":{"line":943,"column":25}},"915":{"start":{"line":946,"column":2},"end":{"line":946,"column":25}},"916":{"start":{"line":946,"column":17},"end":{"line":946,"column":25}},"917":{"start":{"line":947,"column":2},"end":{"line":947,"column":25}},"918":{"start":{"line":949,"column":17},"end":{"line":950,"column":70}},"919":{"start":{"line":950,"column":2},"end":{"line":950,"column":70}},"920":{"start":{"line":951,"column":25},"end":{"line":952,"column":93}},"921":{"start":{"line":952,"column":2},"end":{"line":952,"column":93}},"922":{"start":{"line":952,"column":36},"end":{"line":952,"column":84}},"923":{"start":{"line":953,"column":20},"end":{"line":954,"column":55}},"924":{"start":{"line":953,"column":49},"end":{"line":953,"column":54}},"925":{"start":{"line":954,"column":2},"end":{"line":954,"column":55}},"926":{"start":{"line":954,"column":24},"end":{"line":954,"column":53}},"927":{"start":{"line":955,"column":22},"end":{"line":961,"column":3}},"928":{"start":{"line":956,"column":2},"end":{"line":961,"column":3}},"929":{"start":{"line":957,"column":4},"end":{"line":960,"column":10}},"930":{"start":{"line":958,"column":6},"end":{"line":958,"column":25}},"931":{"start":{"line":959,"column":6},"end":{"line":959,"column":17}},"932":{"start":{"line":962,"column":15},"end":{"line":962,"column":73}},"933":{"start":{"line":962,"column":32},"end":{"line":962,"column":73}},"934":{"start":{"line":962,"column":58},"end":{"line":962,"column":72}},"935":{"start":{"line":963,"column":15},"end":{"line":969,"column":8}},"936":{"start":{"line":964,"column":2},"end":{"line":969,"column":8}},"937":{"start":{"line":966,"column":8},"end":{"line":966,"column":40}},"938":{"start":{"line":967,"column":8},"end":{"line":967,"column":31}},"939":{"start":{"line":970,"column":23},"end":{"line":970,"column":62}},"940":{"start":{"line":970,"column":30},"end":{"line":970,"column":62}},"941":{"start":{"line":971,"column":19},"end":{"line":978,"column":3}},"942":{"start":{"line":972,"column":2},"end":{"line":978,"column":3}},"943":{"start":{"line":973,"column":19},"end":{"line":976,"column":5}},"944":{"start":{"line":979,"column":22},"end":{"line":979,"column":56}},"945":{"start":{"line":979,"column":29},"end":{"line":979,"column":56}},"946":{"start":{"line":980,"column":14},"end":{"line":980,"column":91}},"947":{"start":{"line":980,"column":35},"end":{"line":980,"column":91}},"948":{"start":{"line":981,"column":17},"end":{"line":995,"column":1}},"949":{"start":{"line":982,"column":17},"end":{"line":986,"column":3}},"950":{"start":{"line":987,"column":2},"end":{"line":994,"column":5}},"951":{"start":{"line":988,"column":4},"end":{"line":990,"column":6}},"952":{"start":{"line":989,"column":6},"end":{"line":989,"column":36}},"953":{"start":{"line":991,"column":4},"end":{"line":993,"column":6}},"954":{"start":{"line":992,"column":6},"end":{"line":992,"column":35}},"955":{"start":{"line":996,"column":28},"end":{"line":996,"column":89}},"956":{"start":{"line":996,"column":34},"end":{"line":996,"column":89}},"957":{"start":{"line":996,"column":57},"end":{"line":996,"column":69}},"958":{"start":{"line":997,"column":15},"end":{"line":997,"column":65}},"959":{"start":{"line":997,"column":22},"end":{"line":997,"column":65}},"960":{"start":{"line":998,"column":19},"end":{"line":1005,"column":1}},"961":{"start":{"line":999,"column":10},"end":{"line":999,"column":20}},"962":{"start":{"line":1000,"column":2},"end":{"line":1003,"column":3}},"963":{"start":{"line":1001,"column":14},"end":{"line":1001,"column":45}},"964":{"start":{"line":1002,"column":4},"end":{"line":1002,"column":40}},"965":{"start":{"line":1004,"column":2},"end":{"line":1004,"column":25}},"966":{"start":{"line":1006,"column":20},"end":{"line":1012,"column":1}},"967":{"start":{"line":1007,"column":12},"end":{"line":1007,"column":73}},"968":{"start":{"line":1008,"column":2},"end":{"line":1011,"column":3}},"969":{"start":{"line":1009,"column":4},"end":{"line":1009,"column":46}},"970":{"start":{"line":1010,"column":4},"end":{"line":1010,"column":34}},"971":{"start":{"line":1013,"column":13},"end":{"line":1020,"column":1}},"972":{"start":{"line":1014,"column":12},"end":{"line":1014,"column":25}},"973":{"start":{"line":1015,"column":2},"end":{"line":1019,"column":4}},"974":{"start":{"line":1017,"column":7},"end":{"line":1017,"column":90}},"975":{"start":{"line":1021,"column":24},"end":{"line":1021,"column":95}},"976":{"start":{"line":1021,"column":39},"end":{"line":1021,"column":95}},"977":{"start":{"line":1022,"column":17},"end":{"line":1022,"column":66}},"978":{"start":{"line":1022,"column":41},"end":{"line":1022,"column":65}},"979":{"start":{"line":1023,"column":21},"end":{"line":1023,"column":50}},"980":{"start":{"line":1023,"column":28},"end":{"line":1023,"column":50}},"981":{"start":{"line":1024,"column":14},"end":{"line":1028,"column":40}},"982":{"start":{"line":1025,"column":2},"end":{"line":1028,"column":40}},"983":{"start":{"line":1029,"column":13},"end":{"line":1029,"column":68}},"984":{"start":{"line":1029,"column":24},"end":{"line":1029,"column":68}},"985":{"start":{"line":1029,"column":46},"end":{"line":1029,"column":66}},"986":{"start":{"line":1030,"column":16},"end":{"line":1037,"column":1}},"987":{"start":{"line":1031,"column":10},"end":{"line":1031,"column":20}},"988":{"start":{"line":1032,"column":2},"end":{"line":1035,"column":3}},"989":{"start":{"line":1033,"column":14},"end":{"line":1033,"column":45}},"990":{"start":{"line":1034,"column":4},"end":{"line":1034,"column":40}},"991":{"start":{"line":1036,"column":2},"end":{"line":1036,"column":13}},"992":{"start":{"line":1038,"column":19},"end":{"line":1038,"column":71}},"993":{"start":{"line":1038,"column":36},"end":{"line":1038,"column":71}},"994":{"start":{"line":1038,"column":52},"end":{"line":1038,"column":70}},"995":{"start":{"line":1039,"column":13},"end":{"line":1046,"column":11}},"996":{"start":{"line":1040,"column":2},"end":{"line":1046,"column":11}},"997":{"start":{"line":1047,"column":14},"end":{"line":1047,"column":67}},"998":{"start":{"line":1047,"column":20},"end":{"line":1047,"column":67}},"999":{"start":{"line":1047,"column":43},"end":{"line":1047,"column":66}},"1000":{"start":{"line":1048,"column":21},"end":{"line":1051,"column":4}},"1001":{"start":{"line":1049,"column":2},"end":{"line":1051,"column":4}},"1002":{"start":{"line":1052,"column":31},"end":{"line":1052,"column":90}},"1003":{"start":{"line":1052,"column":38},"end":{"line":1052,"column":90}},"1004":{"start":{"line":1052,"column":62},"end":{"line":1052,"column":80}},"1005":{"start":{"line":1053,"column":20},"end":{"line":1057,"column":1}},"1006":{"start":{"line":1054,"column":23},"end":{"line":1054,"column":51}},"1007":{"start":{"line":1055,"column":16},"end":{"line":1055,"column":71}},"1008":{"start":{"line":1055,"column":37},"end":{"line":1055,"column":69}},"1009":{"start":{"line":1056,"column":2},"end":{"line":1056,"column":43}},"1010":{"start":{"line":1058,"column":22},"end":{"line":1063,"column":1}},"1011":{"start":{"line":1059,"column":23},"end":{"line":1059,"column":59}},"1012":{"start":{"line":1060,"column":14},"end":{"line":1060,"column":19}},"1013":{"start":{"line":1061,"column":16},"end":{"line":1061,"column":83}},"1014":{"start":{"line":1061,"column":37},"end":{"line":1061,"column":81}},"1015":{"start":{"line":1062,"column":2},"end":{"line":1062,"column":43}},"1016":{"start":{"line":1064,"column":24},"end":{"line":1068,"column":1}},"1017":{"start":{"line":1065,"column":23},"end":{"line":1065,"column":51}},"1018":{"start":{"line":1066,"column":16},"end":{"line":1066,"column":81}},"1019":{"start":{"line":1066,"column":47},"end":{"line":1066,"column":79}},"1020":{"start":{"line":1067,"column":2},"end":{"line":1067,"column":47}},"1021":{"start":{"line":1069,"column":26},"end":{"line":1077,"column":1}},"1022":{"start":{"line":1070,"column":23},"end":{"line":1070,"column":59}},"1023":{"start":{"line":1071,"column":14},"end":{"line":1071,"column":19}},"1024":{"start":{"line":1072,"column":16},"end":{"line":1075,"column":60}},"1025":{"start":{"line":1075,"column":22},"end":{"line":1075,"column":58}},"1026":{"start":{"line":1076,"column":2},"end":{"line":1076,"column":47}},"1027":{"start":{"line":1078,"column":19},"end":{"line":1078,"column":44}},"1028":{"start":{"line":1078,"column":26},"end":{"line":1078,"column":44}},"1029":{"start":{"line":1079,"column":19},"end":{"line":1079,"column":50}},"1030":{"start":{"line":1079,"column":25},"end":{"line":1079,"column":50}},"1031":{"start":{"line":1079,"column":36},"end":{"line":1079,"column":50}},"1032":{"start":{"line":1080,"column":19},"end":{"line":1084,"column":28}},"1033":{"start":{"line":1081,"column":2},"end":{"line":1084,"column":28}},"1034":{"start":{"line":1082,"column":27},"end":{"line":1082,"column":42}},"1035":{"start":{"line":1083,"column":20},"end":{"line":1083,"column":64}},"1036":{"start":{"line":1084,"column":23},"end":{"line":1084,"column":27}},"1037":{"start":{"line":1085,"column":26},"end":{"line":1091,"column":1}},"1038":{"start":{"line":1086,"column":15},"end":{"line":1086,"column":66}},"1039":{"start":{"line":1086,"column":40},"end":{"line":1086,"column":49}},"1040":{"start":{"line":1087,"column":2},"end":{"line":1090,"column":4}},"1041":{"start":{"line":1088,"column":29},"end":{"line":1088,"column":58}},"1042":{"start":{"line":1088,"column":85},"end":{"line":1088,"column":94}},"1043":{"start":{"line":1092,"column":27},"end":{"line":1101,"column":1}},"1044":{"start":{"line":1093,"column":2},"end":{"line":1093,"column":80}},"1045":{"start":{"line":1093,"column":23},"end":{"line":1093,"column":80}},"1046":{"start":{"line":1094,"column":2},"end":{"line":1100,"column":6}},"1047":{"start":{"line":1098,"column":8},"end":{"line":1098,"column":99}},"1048":{"start":{"line":1098,"column":85},"end":{"line":1098,"column":97}},"1049":{"start":{"line":1102,"column":22},"end":{"line":1102,"column":56}},"1050":{"start":{"line":1102,"column":29},"end":{"line":1102,"column":56}},"1051":{"start":{"line":1103,"column":12},"end":{"line":1103,"column":67}},"1052":{"start":{"line":1103,"column":24},"end":{"line":1103,"column":67}},"1053":{"start":{"line":1103,"column":54},"end":{"line":1103,"column":63}},"1054":{"start":{"line":1104,"column":14},"end":{"line":1105,"column":92}},"1055":{"start":{"line":1105,"column":2},"end":{"line":1105,"column":92}},"1056":{"start":{"line":1105,"column":49},"end":{"line":1105,"column":56}},"1057":{"start":{"line":1105,"column":79},"end":{"line":1105,"column":88}},"1058":{"start":{"line":1106,"column":17},"end":{"line":1110,"column":31}},"1059":{"start":{"line":1107,"column":2},"end":{"line":1110,"column":31}},"1060":{"start":{"line":1109,"column":19},"end":{"line":1109,"column":39}},"1061":{"start":{"line":1110,"column":22},"end":{"line":1110,"column":27}},"1062":{"start":{"line":1111,"column":28},"end":{"line":1115,"column":1}},"1063":{"start":{"line":1112,"column":13},"end":{"line":1112,"column":23}},"1064":{"start":{"line":1113,"column":9},"end":{"line":1113,"column":19}},"1065":{"start":{"line":1114,"column":2},"end":{"line":1114,"column":70}},"1066":{"start":{"line":1114,"column":27},"end":{"line":1114,"column":37}},"1067":{"start":{"line":1114,"column":57},"end":{"line":1114,"column":67}},"1068":{"start":{"line":1116,"column":30},"end":{"line":1120,"column":1}},"1069":{"start":{"line":1117,"column":13},"end":{"line":1117,"column":39}},"1070":{"start":{"line":1117,"column":32},"end":{"line":1117,"column":37}},"1071":{"start":{"line":1118,"column":9},"end":{"line":1118,"column":35}},"1072":{"start":{"line":1118,"column":28},"end":{"line":1118,"column":33}},"1073":{"start":{"line":1119,"column":2},"end":{"line":1119,"column":78}},"1074":{"start":{"line":1119,"column":27},"end":{"line":1119,"column":41}},"1075":{"start":{"line":1119,"column":61},"end":{"line":1119,"column":75}},"1076":{"start":{"line":1121,"column":32},"end":{"line":1124,"column":1}},"1077":{"start":{"line":1121,"column":52},"end":{"line":1124,"column":1}},"1078":{"start":{"line":1122,"column":21},"end":{"line":1122,"column":58}},"1079":{"start":{"line":1122,"column":40},"end":{"line":1122,"column":50}},"1080":{"start":{"line":1123,"column":21},"end":{"line":1123,"column":58}},"1081":{"start":{"line":1123,"column":40},"end":{"line":1123,"column":50}},"1082":{"start":{"line":1125,"column":13},"end":{"line":1125,"column":57}},"1083":{"start":{"line":1125,"column":21},"end":{"line":1125,"column":56}},"1084":{"start":{"line":1126,"column":13},"end":{"line":1126,"column":44}},"1085":{"start":{"line":1126,"column":29},"end":{"line":1126,"column":44}},"1086":{"start":{"line":1127,"column":18},"end":{"line":1127,"column":71}},"1087":{"start":{"line":1127,"column":34},"end":{"line":1127,"column":71}},"1088":{"start":{"line":1128,"column":23},"end":{"line":1129,"column":67}},"1089":{"start":{"line":1129,"column":2},"end":{"line":1129,"column":67}},"1090":{"start":{"line":1129,"column":32},"end":{"line":1129,"column":61}},"1091":{"start":{"line":1130,"column":18},"end":{"line":1133,"column":1}},"1092":{"start":{"line":1131,"column":2},"end":{"line":1131,"column":78}},"1093":{"start":{"line":1131,"column":40},"end":{"line":1131,"column":78}},"1094":{"start":{"line":1131,"column":55},"end":{"line":1131,"column":78}},"1095":{"start":{"line":1132,"column":2},"end":{"line":1132,"column":13}},"1096":{"start":{"line":1134,"column":17},"end":{"line":1153,"column":1}},"1097":{"start":{"line":1136,"column":2},"end":{"line":1152,"column":4}},"1098":{"start":{"line":1137,"column":20},"end":{"line":1137,"column":24}},"1099":{"start":{"line":1138,"column":13},"end":{"line":1138,"column":22}},"1100":{"start":{"line":1139,"column":4},"end":{"line":1151,"column":5}},"1101":{"start":{"line":1140,"column":6},"end":{"line":1140,"column":30}},"1102":{"start":{"line":1141,"column":6},"end":{"line":1141,"column":28}},"1103":{"start":{"line":1142,"column":6},"end":{"line":1142,"column":24}},"1104":{"start":{"line":1144,"column":6},"end":{"line":1144,"column":27}},"1105":{"start":{"line":1145,"column":6},"end":{"line":1150,"column":54}},"1106":{"start":{"line":1146,"column":8},"end":{"line":1149,"column":9}},"1107":{"start":{"line":1147,"column":10},"end":{"line":1147,"column":34}},"1108":{"start":{"line":1148,"column":10},"end":{"line":1148,"column":32}},"1109":{"start":{"line":1154,"column":18},"end":{"line":1159,"column":1}},"1110":{"start":{"line":1155,"column":2},"end":{"line":1155,"column":28}},"1111":{"start":{"line":1156,"column":12},"end":{"line":1156,"column":22}},"1112":{"start":{"line":1157,"column":2},"end":{"line":1157,"column":31}},"1113":{"start":{"line":1158,"column":2},"end":{"line":1158,"column":11}},"1114":{"start":{"line":1160,"column":14},"end
[...]
,"240":15,"241":0,"242":15,"243":9,"244":360,"245":1,"246":3,"247":360,"248":1,"249":360,"250":3,"251":360,"252":3,"253":360,"254":1,"255":2,"256":1,"257":360,"258":1,"259":2,"260":1,"261":360,"262":2,"263":360,"264":2,"265":2,"266":2,"267":360,"268":9,"269":9,"270":16,"271":9,"272":16,"273":9,"274":8,"275":1,"276":4,"277":4,"278":6,"279":6,"280":1,"281":360,"282":30,"283":14,"284":16,"285":1,"286":15,"287":4,"288":11,"289":0,"290":11,"291":0,"292":11,"293":11,"294":1,"295":10,"296":21,"297":360,"298":1,"299":7,"300":360,"301":1,"302":360,"303":1,"304":6,"305":360,"306":2,"307":6,"308":360,"309":23,"310":1,"311":360,"312":1,"313":6,"314":360,"315":1,"316":7,"317":360,"318":2,"319":10,"320":34,"321":360,"322":1,"323":1,"324":360,"325":1,"326":360,"327":1,"328":4,"329":4,"330":360,"331":1,"332":1,"333":360,"334":3,"335":10,"336":360,"337":6,"338":11,"339":11,"340":4,"341":7,"342":11,"343":360,"344":1,"345":1,"346":360,"347":1,"348":360,"349":1,"350":2,"351":360,"352":1,"353":2,"354":360,"355":3,"356":1,"357":3,"358":3,"359":15,"360":9,"361":360,"362":3,"363":360,"364":3,"365":360,"366":2,"367":5,"368":360,"369":9,"370":10,"371":9,"372":10,"373":360,"374":3,"375":21,"376":360,"377":1,"378":1,"379":3,"380":3,"381":360,"382":1,"383":360,"384":1,"385":360,"386":5,"387":5,"388":5,"389":360,"390":5,"391":360,"392":2,"393":360,"394":1,"395":360,"396":3,"397":360,"398":1,"399":2,"400":360,"401":2,"402":3,"403":6,"404":6,"405":360,"406":1,"407":360,"408":1,"409":360,"410":0,"411":0,"412":360,"413":0,"414":0,"415":0,"416":0,"417":0,"418":0,"419":360,"420":1,"421":1,"422":0,"423":360,"424":8,"425":360,"426":3,"427":3,"428":3,"429":1,"430":3,"431":2,"432":1,"433":3,"434":3,"435":360,"436":1,"437":1,"438":360,"439":2,"440":2,"441":2,"442":0,"443":2,"444":0,"445":2,"446":360,"447":2,"448":2,"449":2,"450":2,"451":0,"452":2,"453":0,"454":2,"455":360,"456":0,"457":0,"458":360,"459":2,"460":2,"461":110,"462":2,"463":360,"464":5,"465":1,"466":5,"467":360,"468":2,"469":360,"470":2,"471":9,"472":360,"473":1,"474":360,"475":2,"476":4,"477":360,"478":3,"479":16,"480":360,"481":3,"482":16,"483":360,"484":2,"485":360,"486":19,"487":17,"488":360,"489":1,"490":360,"491":1,"492":360,"493":1,"494":1,"495":3,"496":360,"497":1,"498":1,"499":2,"500":360,"501":1,"502":5,"503":14,"504":360,"505":2,"506":6,"507":6,"508":6,"509":6,"510":360,"511":16,"512":360,"513":3,"514":360,"515":2,"516":360,"517":4,"518":8,"519":4,"520":360,"521":3,"522":360,"523":2,"524":360,"525":2,"526":360,"527":1,"528":360,"529":1,"530":360,"531":1,"532":360,"533":4,"534":360,"535":10,"536":360,"537":2,"538":360,"539":2,"540":360,"541":3,"542":360,"543":3,"544":360,"545":2,"546":360,"547":2,"548":360,"549":4,"550":360,"551":4,"552":360,"553":2,"554":360,"555":2,"556":2,"557":3,"558":1,"559":1,"560":360,"561":11,"562":360,"563":3,"564":360,"565":4,"566":360,"567":2,"568":360,"569":11,"570":11,"571":31,"572":31,"573":9,"574":22,"575":1,"576":360,"577":4,"578":360,"579":5,"580":360,"581":1,"582":360,"583":2,"584":360,"585":1,"586":360,"587":3,"588":360,"589":3,"590":3,"591":2,"592":1,"593":360,"594":4,"595":360,"596":3,"597":12,"598":360,"599":8,"600":360,"601":2,"602":16,"603":2,"604":4,"605":2,"606":4,"607":360,"608":8,"609":14,"610":360,"611":1,"612":2,"613":2,"614":360,"615":3,"616":41,"617":3,"618":3,"619":38,"620":3,"621":3,"622":360,"623":1,"624":2,"625":2,"626":360,"627":3,"628":3,"629":11,"630":360,"631":3,"632":12,"633":360,"634":1,"635":2,"636":2,"637":360,"638":3,"639":360,"640":2,"641":3,"642":360,"643":1,"644":1,"645":360,"646":2,"647":4,"648":360,"649":1,"650":360,"651":2,"652":4,"653":360,"654":3,"655":3,"656":13,"657":3,"658":360,"659":1,"660":1,"661":3,"662":1,"663":1,"664":360,"665":1,"666":2,"667":5,"668":5,"669":360,"670":2,"671":4,"672":360,"673":1,"674":360,"675":2,"676":4,"677":360,"678":2,"679":4,"680":4,"681":20020,"682":4,"683":2,"684":360,"685":1,"686":6,"687":360,"688":6,"689":30,"690":5,"691":360,"692":1,"693":360,"694":4,"695":360,"696":2,"697":3,"698":360,"699":4,"700":360,"701":1,"702":2,"703":360,"704":1,"705":2,"706":360,"707":0,"708":0,"709":0,"710":0,"711":0,"712":360,"713":2,"714":360,"715":6,"716":360,"717":1,"718":3,"719":2,"720":360,"721":1,"722":3,"723":1,"724":360,"725":2,"726":1,"727":2,"728":2,"729":1,"730":360,"731":0,"732":0,"733":0,"734":0,"735":0,"736":0,"737":0,"738":0,"739":0,"740":0,"741":0,"742":360,"743":2,"744":2,"745":2,"746":1,"747":1,"748":1,"749":360,"750":2,"751":7,"752":14,"753":9,"754":9,"755":14,"756":360,"757":1,"758":1,"759":2,"760":360,"761":1,"762":1,"763":2,"764":360,"765":4,"766":360,"767":2,"768":2,"769":360,"770":1,"771":2,"772":2,"773":2,"774":360,"775":1,"776":1,"777":360,"778":1,"779":1,"780":360,"781":1,"782":2,"783":2,"784":360,"785":1,"786":10,"787":360,"788":5,"789":4,"790":1,"791":3,"792":6,"793":360,"794":1,"795":2,"796":360,"797":1,"798":3,"799":2,"800":360,"801":1,"802":1,"803":4,"804":360,"805":1,"806":1,"807":1,"808":360,"809":6,"810":6,"811":6,"812":1,"813":1,"814":5,"815":360,"816":1,"817":2,"818":3,"819":360,"820":1,"821":1,"822":1,"823":2,"824":1,"825":360,"826":5,"827":5,"828":2,"829":3,"830":3,"831":3,"832":360,"833":1,"834":9,"835":1,"836":1,"837":2,"838":1,"839":2,"840":14,"841":1,"842":360,"843":2,"844":2,"845":2,"846":0,"847":360,"848":1,"849":1,"850":6,"851":1,"852":1,"853":2,"854":360,"855":1,"856":1,"857":4,"858":4,"859":1,"860":1,"861":2,"862":1,"863":360,"864":1,"865":1,"866":4,"867":1,"868":4,"869":1,"870":1,"871":2,"872":1,"873":360,"874":1,"875":1,"876":1,"877":1,"878":2,"879":1,"880":4,"881":1,"882":1,"883":1,"884":360,"885":1,"886":360,"887":3,"888":3,"889":360,"890":1,"891":10,"892":360,"893":2,"894":360,"895":2,"896":360,"897":0,"898":360,"899":1,"900":1,"901":3,"902":360,"903":0,"904":0,"905":0,"906":0,"907":0,"908":0,"909":0,"910":0,"911":0,"912":0,"913":0,"914":0,"915":0,"916":0,"917":0,"918":360,"919":0,"920":360,"921":1,"922":6,"923":360,"924":2,"925":3,"926":6,"927":360,"928":1,"929":1,"930":2,"931":2,"932":360,"933":2,"934":9,"935":360,"936":1,"937":2,"938":2,"939":360,"940":1,"941":360,"942":1,"943":3,"944":360,"945":1,"946":360,"947":10,"948":360,"949":0,"950":0,"951":0,"952":0,"953":0,"954":0,"955":360,"956":1,"957":2,"958":360,"959":3,"960":360,"961":5,"962":5,"963":16,"964":16,"965":5,"966":360,"967":0,"968":0,"969":0,"970":0,"971":360,"972":1,"973":1,"974":4,"975":360,"976":1,"977":360,"978":0,"979":360,"980":1,"981":360,"982":3,"983":360,"984":1,"985":1,"986":360,"987":4,"988":4,"989":13,"990":13,"991":4,"992":360,"993":1,"994":3,"995":360,"996":2,"997":360,"998":0,"999":0,"1000":360,"1001":0,"1002":360,"1003":1,"1004":14,"1005":360,"1006":3,"1007":3,"1008":6,"1009":3,"1010":360,"1011":3,"1012":3,"1013":3,"1014":5,"1015":3,"1016":360,"1017":3,"1018":3,"1019":9,"1020":3,"1021":360,"1022":3,"1023":3,"1024":3,"1025":6,"1026":3,"1027":360,"1028":1,"1029":360,"1030":1,"1031":1,"1032":360,"1033":1,"1034":11,"1035":10,"1036":11,"1037":360,"1038":2,"1039":14,"1040":2,"1041":14,"1042":14,"1043":360,"1044":6,"1045":5,"1046":1,"1047":3,"1048":6,"1049":360,"1050":1,"1051":360,"1052":1,"1053":4,"1054":360,"1055":2,"1056":4,"1057":8,"1058":360,"1059":3,"1060":26,"1061":26,"1062":360,"1063":2,"1064":2,"1065":2,"1066":6,"1067":6,"1068":360,"1069":1,"1070":2,"1071":1,"1072":2,"1073":1,"1074":2,"1075":2,"1076":360,"1077":1,"1078":5,"1079":14,"1080":4,"1081":17,"1082":360,"1083":2,"1084":360,"1085":3,"1086":360,"1087":2,"1088":360,"1089":1,"1090":4,"1091":360,"1092":2,"1093":7,"1094":1,"1095":1,"1096":360,"1097":1,"1098":1,"1099":1,"1100":1,"1101":1,"1102":1,"1103":1,"1104":0,"1105":0,"1106":0,"1107":0,"1108":0,"1109":360,"1110":1,"1111":1,"1112":1,"1113":1,"1114":360,"1115":1,"1116":1,"1117":360,"1118":9,"1119":30,"1120":6,"1121":360,"1122":3,"1123":360,"1124":1,"1125":360,"1126":2,"1127":5,"1128":360,"1129":9,"1130":50,"1131":360,"1132":4,"1133":4,"1134":4,"1135":4,"1136":4,"1137":4,"1138":360,"1139":11,"1140":360,"1141":9,"1142":50,"1143":360,"1144":8,"1145":31,"1146":360,"1147":1,"1148":360,"1149":1,"1150":1,"1151":1,"1152":1,"1153":360,"1154":1,"1155":3,"1156":360,"1157":1,"1158":360,"1159":1,"1160":360,"1161":1,"1162":2,"1163":360,"1164":1,"1165":3,"1166":360,"1167":3,"1168":4,"1169":3,"1170":3,"1171":6,"1172":4,"1173":1,"1174":3,"1175":360,"1176":1,"1177":7,"1178":360,"1179":1,"1180":2,"1181":1,"1182":1,"1183":3,"1184":1,"1185":2,"1186":360,"1187":1,"1188":1,"1189":1,"1190":5,"1191":1,"1192":360,"1193":11,"1194":360,"1195":1,"1196":1,"1197":2,"1198":360,"1199":1,"1200":4,"1201":17,"1202":360,"1203":12,"1204":360,"1205":2,"1206":10,"1207":12,"1208":6,"1209":10,"1210":360,"1211":2,"1212":10,"1213":12,"1214":6,"1215":10,"1216":360,"1217":2,"1218":6,"1219":6,"1220":360,"1221":3,"1222":360,"1223":2,"1224":4,"1225":11,"1226":4,"1227":6,"1228":360,"1229":1,"1230":2,"1231":6,"1232":2,"1233":3,"1234":3,"1235":360,"1236":12,"1237":360,"1238":1,"1239":2,"1240":360,"1241":9,"1242":15,"1243":360,"1244":9,"1245":360,"1246":1,"1247":2,"1248":4,"1249":360,"1250":12,"1251":360,"1252":8,"1253":15,"1254":6,"1255":8,"1256":24,"1257":360,"1258":9,"1259":10,"1260":360,"1261":2,"1262":2,"1263":6,"1264":4,"1265":6,"1266":6,"1267":360,"1268":1,"1269":1,"1270":360,"1271":9,"1272":2,"1273":7,"1274":7,"1275":2,"1276":5,"1277":3,"1278":2,"1279":360,"1280":5,"1281":360,"1282":2,"1283":5,"1284":1,"1285":4,"1286":2,"1287":2,"1288":360,"1289":21,"1290":360,"1291":2,"1292":360,"1293":4,"1294":15,"1295":15,"1296":6,"1297":6,"1298":9,"1299":4,"1300":4,"1301":4,"1302":44,"1303":44,"1304":4,"1305":2,"1306":10,"1307":10,"1308":10,"1309":4,"1310":360,"1311":5,"1312":360,"1313":1,"1314":360,"1315":1,"1316":1,"1317":7,"1318":360,"1319":1,"1320":1,"1321":360,"1322":4,"1323":1,"1324":3,"1325":1,"1326":2,"1327":2,"1328":4,"1329":4,"1330":2,"1331":360,"1332":2,"1333":2,"1334":2,"1335":0,"1336":2,"1337":0,"1338":2,"1339":360,"1340":2,"1341":2,"1342":2,"1343":2,"1344":0,"1345":2,"1346":0,"1347":2,"1348":360,"1349":2,"1350":2,"1351":6,"1352":360,"1353":2,"1354":10,"1355":360,"1356":1,"1357":360,"1358":3,"1359":1,"1360":2,"1361":1,"1362":1,"1363":26,"1364":1,"1365":19,"1366":1,"1367":25,"1368":450,"1369":45,"1370":405,"1371":1,"1372":360,"1373":1,"1374":360,"1375":1,"1376":360,"1377":51,"1378":53,"1379":53,"1380":360,"1381":2,"1382":360,"1383":2,"1384":1,"1385":3,"1386":2,"1387":1,"1388":1,"1389":2,"1390":18,"1391":2,"1392":18,"1393":10,"1394":8,"1395":8,"1396":8,"1397":0,"1398":2,"1399":2,"1400":0,"1401":360,"1402":0,"1403":0,"1404":0,"1405":360,"1406":1,"1407":3,"1408":360},"f":{"0":4,"1":8,"2":2,"3":4,"4":8,"5":0,"6":2,"7":8,"8":16,"9":1,"10":2,"11":0,"12":0,"13":1,"14":31,"15":8,"16":9,"17":24,"18":5,"19":4,"20":2,"21":4,"22":8,"23":0,"24":0,"25":0,"26":1,"27":3,"28":2,"29":2,"30":11,"31":34,"32":2,"33":4,"34":8,"35":1,"36":4,"37":1,"38":4,"39":1,"40":1,"41":1,"42":1,"43":1,"44":1,"45":1,"46":7,"47":1,"48":1,"49":3,"50":1,"51":1,"52":4,"53":3,"54":3,"55":5,"56":1,"57":3,"58":9,"59":14,"60":1,"61":1,"62":1,"63":3,"64":1,"65":1,"66":1,"67":1,"68":1,"69":1,"70":1,"71":1,"72":1,"73":1,"74":1,"75":1,"76":2,"77":2,"78":4,"79":2,"80":2,"81":3,"82":6,"83":1,"84":6,"85":3,"86":0,"87":1,"88":1,"89":0,"90":1,"91":1,"92":7,"93":0,"94":1,"95":0,"96":0,"97":2,"98":4,"99":6,"100":4,"101":8,"102":4,"103":3,"104":1,"105":0,"106":1,"107":1,"108":0,"109":1,"110":3,"111":2,"112":4,"113":1,"114":5,"115":12,"116":13,"117":15,"118":1,"119":3,"120":1,"121":3,"122":3,"123":1,"124":1,"125":2,"126":2,"127":9,"128":16,"129":16,"130":30,"131":21,"132":1,"133":7,"134":1,"135":1,"136":6,"137":2,"138":6,"139":23,"140":1,"141":1,"142":6,"143":1,"144":7,"145":2,"146":10,"147":34,"148":1,"149":1,"150":1,"151":1,"152":4,"153":4,"154":1,"155":1,"156":3,"157":10,"158":6,"159":11,"160":1,"161":1,"162":1,"163":1,"164":2,"165":1,"166":2,"167":3,"168":15,"169":9,"170":3,"171":3,"172":2,"173":5,"174":9,"175":10,"176":10,"177":3,"178":21,"179":1,"180":1,"181":3,"182":3,"183":1,"184":1,"185":5,"186":5,"187":5,"188":2,"189":1,"190":3,"191":1,"192":2,"193":2,"194":3,"195":6,"196":1,"197":1,"198":0,"199":0,"200":0,"201":0,"202":1,"203":1,"204":0,"205":8,"206":3,"207":3,"208":1,"209":1,"210":2,"211":0,"212":0,"213":2,"214":0,"215":0,"216":0,"217":2,"218":5,"219":2,"220":2,"221":9,"222":1,"223":2,"224":4,"225":3,"226":16,"227":3,"228":16,"229":2,"230":19,"231":17,"232":1,"233":1,"234":1,"235":3,"236":1,"237":2,"238":1,"239":5,"240":14,"241":2,"242":6,"243":16,"244":3,"245":2,"246":4,"247":8,"248":3,"249":2,"250":2,"251":1,"252":1,"253":1,"254":4,"255":10,"256":2,"257":2,"258":3,"259":3,"260":2,"261":2,"262":4,"263":4,"264":2,"265":2,"266":11,"267":3,"268":4,"269":2,"270":11,"271":4,"272":5,"273":1,"274":2,"275":1,"276":3,"277":3,"278":4,"279":3,"280":12,"281":8,"282":2,"283":16,"284":4,"285":4,"286":8,"287":14,"288":1,"289":2,"290":3,"291":41,"292":38,"293":1,"294":2,"295":3,"296":3,"297":11,"298":3,"299":12,"300":1,"301":2,"302":3,"303":2,"304":3,"305":1,"306":1,"307":2,"308":4,"309":1,"310":2,"311":4,"312":3,"313":13,"314":1,"315":3,"316":1,"317":2,"318":5,"319":2,"320":4,"321":1,"322":2,"323":4,"324":2,"325":4,"326":1,"327":6,"328":6,"329":30,"330":5,"331":1,"332":4,"333":2,"334":3,"335":4,"336":1,"337":2,"338":1,"339":2,"340":0,"341":0,"342":0,"343":2,"344":6,"345":1,"346":3,"347":2,"348":1,"349":3,"350":1,"351":2,"352":1,"353":0,"354":0,"355":0,"356":2,"357":2,"358":2,"359":7,"360":14,"361":1,"362":1,"363":2,"364":1,"365":1,"366":2,"367":4,"368":2,"369":1,"370":2,"371":2,"372":1,"373":1,"374":1,"375":1,"376":1,"377":2,"378":1,"379":10,"380":5,"381":3,"382":6,"383":1,"384":2,"385":1,"386":3,"387":2,"388":1,"389":1,"390":4,"391":1,"392":1,"393":1,"394":6,"395":6,"396":1,"397":1,"398":2,"399":3,"400":1,"401":2,"402":5,"403":1,"404":9,"405":2,"406":2,"407":14,"408":2,"409":2,"410":2,"411":0,"412":1,"413":6,"414":2,"415":1,"416":4,"417":4,"418":2,"419":1,"420":4,"421":4,"422":2,"423":1,"424":2,"425":4,"426":1,"427":1,"428":3,"429":1,"430":10,"431":2,"432":2,"433":0,"434":1,"435":1,"436":3,"437":0,"438":0,"439":0,"440":0,"441":0,"442":0,"443":1,"444":6,"445":3,"446":2,"447":6,"448":1,"449":1,"450":2,"451":2,"452":9,"453":1,"454":2,"455":1,"456":1,"457":3,"458":1,"459":10,"460":0,"461":0,"462":0,"463":0,"464":1,"465":2,"466":3,"467":5,"468":0,"469":1,"470":4,"471":1,"472":0,"473":1,"474":3,"475":1,"476":1,"477":4,"478":1,"479":3,"480":2,"481":0,"482":0,"483":0,"484":1,"485":14,"486":3,"487":6,"488":3,"489":5,"490":3,"491":9,"492":3,"493":6,"494":1,"495":1,"496":1,"497":1,"498":11,"499":10,"500":11,"501":2,"502":14,"503":14,"504":14,"505":6,"506":3,"507":6,"508":1,"509":1,"510":4,"511":2,"512":4,"513":8,"514":3,"515":26,"516":26,"517":2,"518":6,"519":6,"520":1,"521":2,"522":2,"523":2,"524":2,"525":1,"526":5,"527":14,"528":4,"529":17,"530":2,"531":3,"532":2,"533":1,"534":4,"535":2,"536":1,"537":1,"538":0,"539":1,"540":1,"541":9,"542":30,"543":3,"544":1,"545":2,"546":5,"547":9,"548":50,"549":4,"550":11,"551":9,"552":50,"553":8,"554":31,"555":1,"556":1,"557":1,"558":3,"559":1,"560":1,"561":1,"562":2,"563":1,"564":3,"565":3,"566":4,"567":3,"568":3,"569":6,"570":1,"571":7,"572":1,"573":2,"574":3,"575":1,"576":11,"577":1,"578":2,"579":1,"580":4,"581":17,"582":12,"583":2,"584":10,"585":12,"586":2,"587":10,"588":12,"589":2,"590":6,"591":6,"592":3,"593":2,"594":4,"595":11,"596":4,"597":6,"598":1,"599":2,"600":6,"601":2,"602":3,"603":3,"604":12,"605":1,"606":2,"607":9,"608":15,"609":9,"610":1,"611":2,"612":4,"613":12,"614":8,"615":15,"616":8,"617":24,"618":9,"619":10,"620":2,"621":6,"622":4,"623":6,"624":6,"625":1,"626":9,"627":5,"628":2,"629":5,"630":21,"631":2,"632":4,"633":15,"634":44,"635":44,"636":10,"637":5,"638":1,"639":1,"640":7,"641":1,"642":4,"643":2,"644":0,"645":0,"646":2,"647":0,"648":0,"649":2,"650":2,"651":6,"652":2,"653":10,"654":1,"655":3,"656":26,"657":19,"658":1,"659":1,"660":51,"661":53,"662":53,"663":2,"664":2,"665":1,"666":3,"667":2,"668":1,"669":1,"670":18,"671":18,"672":0,"673":1,"674":3},"b":{"0":[360,360],"1":[360,360],"2":[1],"3":[2],"4":[2,2],"5":[1],"6":[1],"7":[8,8],"8":[4,12],"9":[6],"10":[3],"11":[3],"12":[1],"13":[1,0],"14":[1,1],"15":[3,1],"16":[3,1],"17":[2,5],"18":[7,6],"19":[1,4],"20":[5,4],"21":[1,3],"22":[4,3],"23":[1,2],"24":[3,2],"25":[1,1],"26":[1,1],"27":[1],"28":[3,1],"29":[2,3],"30":[1,1],"31":[1,1],"32":[1,1],"33":[6,4],"34":[3,3],"35":[1],"36":[1],"37":[1,2],"38":[0,0],"39":[0,0],"40":[1,1],"41":[1,0],"42":[1,0],"43":[1,0],"44":[1],"45":[2,5],"46":[1],"47":[1],"48":[1,1],"49":[2,4],"50":[1,3],"51":[1,1],"52":[3,5],"53":[4,4],"54":[2,1],"55":[3,1],"56":[0,0],"57":[3,10],"58":[0,15],"59":[9,6],"60":[1],"61":[1],"62":[3,3],"63":[3,3],"64":[2,2],"65":[1],"66":[1,1],"67":[1,0,1,0,0,0,0,0],"68":[1,1,1,1],"69":[2],"70":[16,16],"71":[8,8],"72":[8,8],"73":[8,1],"74":[14,16],"75":[1,15],"76":[16,1],"77":[4,11],"78":[15,13,13,2],"79":[0,11],"80":[11,11,11,11],"81":[0,11],"82":[1,10],"83":[7,0],"84":[1,1],"85":[1,22],"86":[5,17],"87":[4,2],"88":[1],"89":[1,9],"90":[10,3],"91":[2],"92":[5,6],"93":[4,7],"94":[1,2],"95":[5,4],"96":[1],"97":[1],"98":[1,1],"99":[3,7],"100":[1],"101":[2],"102":[3,3],"103":[1],"104":[2,3],"105":[1,4],"106":[5,4],"107":[1,3],"108":[1,2],"109":[1],"110":[1,1],"111":[1,1],"112":[1,2],"113":[1,1],"114":[1,0],"115":[1,1],"116":[6,4],"117":[1,0],"118":[0,0],"119":[2,1],"120":[1,2],"121":[1,1],"122":[1,2],"123":[1,2],"124":[1,2],"125":[1,2],"126":[1,2],"127":[1,2],"128":[1,2],"129":[1],"130":[2],"131":[0,0],"132":[1],"133":[2],"134":[1,4],"135":[5,3],"136":[2,3],"137":[2,2],"138":[3,2],"139":[1],"140":[2,7],"141":[1],"142":[1],"143":[2],"144":[1],"145":[2],"146":[1],"147":[11,8],"148":[3,3],"149":[6,4],"150":[16,16],"151":[3,2],"152":[4,4,4,3,2,2,1],"153":[10,10],"154":[10,0],"155":[3,2],"156":[4,3],"157":[2,2,2],"158":[1,2],"159":[3,3,1,3],"160":[4,4,4,3,2],"161":[7,24],"162":[9,22],"163":[1,8],"164":[1,21],"165":[4,4,4],"166":[2,2],"167":[4,4,4,3,2],"168":[1],"169":[2],"170":[3,9],"171":[3,6],"172":[4,12],"173":[8,5],"174":[18,20],"175":[20,1],"176":[1],"177":[2],"178":[3,2],"179":[1,0],"180":[1,1],"181":[1,1],"182":[1],"183":[2,1],"184":[1,2],"185":[2,2],"186":[2,3],"187":[1,1],"188":[1],"189":[1],"190":[1],"191":[6],"192":[2],"193":[1],"194":[1,3],"195":[1],"196":[1],"197":[1,1],"198":[1,1],"199":[2,2],"200":[1,1],"201":[0,0],"202":[0,0],"203":[1,1],"204":[9,5],"205":[1,8],"206":[9,4],"207":[4,5],"208":[3,2],"209":[3],"210":[1,1],"211":[5,5],"212":[1,9],"213":[4,1],"214":[3,1],"215":[2,2],"216":[4],"217":[0],"218":[2,4],"219":[1,5],"220":[1,1],"221":[1,0],"222":[0,1],"223":[1],"224":[2],"225":[2,3],"226":[1,1],"227":[1,2],"228":[1,2],"229":[1,2],"230":[2,1],"231":[14,7],"232":[0,0],"233":[0,1],"234":[2,2],"235":[2,2],"236":[1,0],"237":[1,0],"238":[1,0],"239":[0],"240":[0],"241":[0,0],"242":[0,0],"243":[0],"244":[0,0],"245":[1],"246":[2,4],"247":[1,0],"248":[3,1],"249":[4],"250":[1],"251":[0,0],"252":[0,0],"253":[0],"254":[0],"255":[1,1],"256":[1,0],"257":[1,1],"258":[1,1,1],"259":[0,0],"260":[2,4],"261":[1,2],"262":[2,3],"263":[1,2],"264":[2,7],"265":[1,2],"266":[2,4],"267":[1,2],"268":[10,10],"269":[1],"270":[1,1],"271":[5,1],"272":[3,2],"273":[1,1],"274":[1],"275":[2],"276":[1,1],"277":[1],"278":[1],"279":[2,2],"280":[1,6],"281":[1,0],"282":[0,0],"283":[1],"284":[5,5],"285":[9,8],"286":[2],"287":[4,1],"288":[9,8],"289":[2,2],"290":[4,2],"291":[9,8],"292":[1],"293":[1,0],"294":[1,0],"295":[1,0],"296":[1],"297":[1,3],"298":[7,0],"299":[1,1],"300":[2,1],"301":[6,4],"302":[6,4],"303":[12,7,6],"304":[1,1],"305":[9],"306":[9],"307":[2,10],"308":[1,9],"309":[1,1],"310":[2,2],"311":[4],"312":[4],"313":[2,7],"314":[2,5],"315":[3,2],"316":[0],"317":[1,4],"318":[2,2],"319":[14,7],"320":[2,1],"321":[2],"322":[6,0],"323":[2,2],"324":[20,24],"325":[2,2],"326":[2,2],"327":[5,2],"328":[1,3],"329":[4,4],"330":[1,2],"331":[1],"332":[2],"333":[3,7],"334":[10,0],"335":[1,2],"336":[1,1],"337":[45,405],"338":[1,1],"339":[27,24],"340":[0,53],"341":[53,0],"342":[1],"343":[18,18],"344":[10,8],"345":[18,10],"346":[8,0],"347":[2,0]},"_coverageSchema":"332fd63041d2c1bcb487cc26dd0d5f7d97098a6c","hash":"fc9c2b8bfcdab27cf9dd5c0e3f7a64ad637eb246"}
}
