{"/home/travis/build/30-seconds/30-seconds-of-code/test/_30s.js": {"path":"/home/travis/build/30-seconds/30-seconds-of-code/test/_30s.js","statementMap":{"0":{"start":{"line":1,"column":11},"end":{"line":1,"column":58}},"1":{"start":{"line":2,"column":15},"end":{"line":2,"column":66}},"2":{"start":{"line":4,"column":19},"end":{"line":8,"column":33}},"3":{"start":{"line":5,"column":2},"end":{"line":8,"column":33}},"4":{"start":{"line":8,"column":14},"end":{"line":8,"column":32}},"5":{"start":{"line":9,"column":18},"end":{"line":18,"column":1}},"6":{"start":{"line":10,"column":17},"end":{"line":10,"column":67}},"7":{"start":{"line":11,"column":2},"end":{"line":17,"column":7}},"8":{"start":{"line":15,"column":21},"end":{"line":15,"column":39}},"9":{"start":{"line":16,"column":6},"end":{"line":16,"column":91}},"10":{"start":{"line":16,"column":51},"end":{"line":16,"column":84}},"11":{"start":{"line":20,"column":19},"end":{"line":21,"column":64}},"12":{"start":{"line":21,"column":2},"end":{"line":21,"column":64}},"13":{"start":{"line":22,"column":18},"end":{"line":31,"column":14}},"14":{"start":{"line":23,"column":2},"end":{"line":31,"column":14}},"15":{"start":{"line":26,"column":6},"end":{"line":29,"column":7}},"16":{"start":{"line":27,"column":22},"end":{"line":27,"column":91}},"17":{"start":{"line":32,"column":17},"end":{"line":32,"column":86}},"18":{"start":{"line":32,"column":30},"end":{"line":32,"column":86}},"19":{"start":{"line":33,"column":16},"end":{"line":41,"column":22}},"20":{"start":{"line":34,"column":2},"end":{"line":41,"column":22}},"21":{"start":{"line":42,"column":29},"end":{"line":45,"column":3}},"22":{"start":{"line":43,"column":2},"end":{"line":45,"column":3}},"23":{"start":{"line":44,"column":4},"end":{"line":44,"column":87}},"24":{"start":{"line":47,"column":26},"end":{"line":50,"column":3}},"25":{"start":{"line":48,"column":2},"end":{"line":50,"column":3}},"26":{"start":{"line":49,"column":4},"end":{"line":49,"column":67}},"27":{"start":{"line":51,"column":12},"end":{"line":51,"column":48}},"28":{"start":{"line":51,"column":35},"end":{"line":51,"column":48}},"29":{"start":{"line":52,"column":17},"end":{"line":52,"column":56}},"30":{"start":{"line":52,"column":24},"end":{"line":52,"column":56}},"31":{"start":{"line":52,"column":41},"end":{"line":52,"column":55}},"32":{"start":{"line":53,"column":12},"end":{"line":53,"column":47}},"33":{"start":{"line":53,"column":35},"end":{"line":53,"column":47}},"34":{"start":{"line":54,"column":27},"end":{"line":54,"column":83}},"35":{"start":{"line":54,"column":56},"end":{"line":54,"column":83}},"36":{"start":{"line":55,"column":19},"end":{"line":56,"column":63}},"37":{"start":{"line":56,"column":2},"end":{"line":56,"column":63}},"38":{"start":{"line":56,"column":15},"end":{"line":56,"column":51}},"39":{"start":{"line":56,"column":26},"end":{"line":56,"column":34}},"40":{"start":{"line":57,"column":24},"end":{"line":61,"column":6}},"41":{"start":{"line":58,"column":2},"end":{"line":61,"column":6}},"42":{"start":{"line":59,"column":4},"end":{"line":61,"column":2}},"43":{"start":{"line":60,"column":37},"end":{"line":60,"column":55}},"44":{"start":{"line":62,"column":12},"end":{"line":62,"column":59}},"45":{"start":{"line":62,"column":23},"end":{"line":62,"column":59}},"46":{"start":{"line":62,"column":36},"end":{"line":62,"column":59}},"47":{"start":{"line":63,"column":13},"end":{"line":63,"column":65}},"48":{"start":{"line":63,"column":20},"end":{"line":63,"column":65}},"49":{"start":{"line":64,"column":16},"end":{"line":70,"column":1}},"50":{"start":{"line":65,"column":2},"end":{"line":69,"column":3}},"51":{"start":{"line":66,"column":4},"end":{"line":66,"column":23}},"52":{"start":{"line":68,"column":4},"end":{"line":68,"column":49}},"53":{"start":{"line":71,"column":16},"end":{"line":71,"column":82}},"54":{"start":{"line":71,"column":29},"end":{"line":71,"column":82}},"55":{"start":{"line":71,"column":55},"end":{"line":71,"column":64}},"56":{"start":{"line":72,"column":18},"end":{"line":74,"column":12}},"57":{"start":{"line":73,"column":2},"end":{"line":74,"column":12}},"58":{"start":{"line":73,"column":49},"end":{"line":73,"column":56}},"59":{"start":{"line":73,"column":79},"end":{"line":73,"column":88}},"60":{"start":{"line":75,"column":18},"end":{"line":76,"column":80}},"61":{"start":{"line":76,"column":2},"end":{"line":76,"column":80}},"62":{"start":{"line":76,"column":31},"end":{"line":76,"column":68}},"63":{"start":{"line":77,"column":20},"end":{"line":78,"column":81}},"64":{"start":{"line":78,"column":2},"end":{"line":78,"column":81}},"65":{"start":{"line":78,"column":31},"end":{"line":78,"column":69}},"66":{"start":{"line":79,"column":13},"end":{"line":79,"column":99}},"67":{"start":{"line":79,"column":44},"end":{"line":79,"column":99}},"68":{"start":{"line":79,"column":57},"end":{"line":79,"column":99}},"69":{"start":{"line":80,"column":16},"end":{"line":88,"column":3}},"70":{"start":{"line":81,"column":2},"end":{"line":88,"column":3}},"71":{"start":{"line":83,"column":6},"end":{"line":87,"column":4}},"72":{"start":{"line":85,"column":8},"end":{"line":85,"column":28}},"73":{"start":{"line":89,"column":16},"end":{"line":90,"column":53}},"74":{"start":{"line":89,"column":47},"end":{"line":90,"column":53}},"75":{"start":{"line":90,"column":2},"end":{"line":90,"column":53}},"76":{"start":{"line":91,"column":28},"end":{"line":100,"column":1}},"77":{"start":{"line":92,"column":2},"end":{"line":92,"column":53}},"78":{"start":{"line":92,"column":42},"end":{"line":92,"column":53}},"79":{"start":{"line":93,"column":2},"end":{"line":93,"column":31}},"80":{"start":{"line":93,"column":22},"end":{"line":93,"column":31}},"81":{"start":{"line":94,"column":2},"end":{"line":94,"column":35}},"82":{"start":{"line":94,"column":26},"end":{"line":94,"column":35}},"83":{"start":{"line":95,"column":2},"end":{"line":95,"column":39}},"84":{"start":{"line":95,"column":30},"end":{"line":95,"column":39}},"85":{"start":{"line":96,"column":2},"end":{"line":96,"column":27}},"86":{"start":{"line":96,"column":17},"end":{"line":96,"column":27}},"87":{"start":{"line":97,"column":12},"end":{"line":97,"column":13}},"88":{"start":{"line":98,"column":2},"end":{"line":98,"column":54}},"89":{"start":{"line":98,"column":31},"end":{"line":98,"column":54}},"90":{"start":{"line":99,"column":2},"end":{"line":99,"column":25}},"91":{"start":{"line":101,"column":22},"end":{"line":103,"column":82}},"92":{"start":{"line":102,"column":2},"end":{"line":103,"column":82}},"93":{"start":{"line":104,"column":13},"end":{"line":104,"column":65}},"94":{"start":{"line":104,"column":20},"end":{"line":104,"column":65}},"95":{"start":{"line":105,"column":17},"end":{"line":105,"column":44}},"96":{"start":{"line":105,"column":24},"end":{"line":105,"column":44}},"97":{"start":{"line":106,"column":13},"end":{"line":106,"column":63}},"98":{"start":{"line":106,"column":31},"end":{"line":106,"column":63}},"99":{"start":{"line":106,"column":42},"end":{"line":106,"column":63}},"100":{"start":{"line":107,"column":19},"end":{"line":108,"column":81}},"101":{"start":{"line":108,"column":2},"end":{"line":108,"column":81}},"102":{"start":{"line":109,"column":28},"end":{"line":109,"column":86}},"103":{"start":{"line":109,"column":35},"end":{"line":109,"column":86}},"104":{"start":{"line":109,"column":67},"end":{"line":109,"column":85}},"105":{"start":{"line":110,"column":18},"end":{"line":110,"column":59}},"106":{"start":{"line":110,"column":26},"end":{"line":110,"column":58}},"107":{"start":{"line":111,"column":19},"end":{"line":115,"column":1}},"108":{"start":{"line":112,"column":13},"end":{"line":112,"column":14}},"109":{"start":{"line":113,"column":15},"end":{"line":113,"column":38}},"110":{"start":{"line":113,"column":21},"end":{"line":113,"column":38}},"111":{"start":{"line":114,"column":2},"end":{"line":114,"column":9}},"112":{"start":{"line":116,"column":14},"end":{"line":119,"column":3}},"113":{"start":{"line":117,"column":2},"end":{"line":119,"column":3}},"114":{"start":{"line":118,"column":4},"end":{"line":118,"column":40}},"115":{"start":{"line":120,"column":20},"end":{"line":120,"column":90}},"116":{"start":{"line":120,"column":35},"end":{"line":120,"column":90}},"117":{"start":{"line":121,"column":20},"end":{"line":121,"column":69}},"118":{"start":{"line":121,"column":30},"end":{"line":121,"column":69}},"119":{"start":{"line":122,"column":17},"end":{"line":122,"column":76}},"120":{"start":{"line":122,"column":30},"end":{"line":122,"column":76}},"121":{"start":{"line":122,"column":45},"end":{"line":122,"column":75}},"122":{"start":{"line":123,"column":24},"end":{"line":123,"column":62}},"123":{"start":{"line":123,"column":33},"end":{"line":123,"column":62}},"124":{"start":{"line":123,"column":46},"end":{"line":123,"column":62}},"125":{"start":{"line":124,"column":20},"end":{"line":124,"column":47}},"126":{"start":{"line":124,"column":26},"end":{"line":124,"column":47}},"127":{"start":{"line":124,"column":39},"end":{"line":124,"column":47}},"128":{"start":{"line":125,"column":17},"end":{"line":142,"column":2}},"129":{"start":{"line":125,"column":31},"end":{"line":142,"column":1}},"130":{"start":{"line":143,"column":16},"end":{"line":143,"column":42}},"131":{"start":{"line":143,"column":23},"end":{"line":143,"column":42}},"132":{"start":{"line":144,"column":16},"end":{"line":144,"column":76}},"133":{"start":{"line":144,"column":28},"end":{"line":144,"column":76}},"134":{"start":{"line":144,"column":49},"end":{"line":144,"column":75}},"135":{"start":{"line":144,"column":62},"end":{"line":144,"column":75}},"136":{"start":{"line":145,"column":21},"end":{"line":145,"column":81}},"137":{"start":{"line":145,"column":33},"end":{"line":145,"column":81}},"138":{"start":{"line":145,"column":54},"end":{"line":145,"column":80}},"139":{"start":{"line":145,"column":67},"end":{"line":145,"column":80}},"140":{"start":{"line":146,"column":17},"end":{"line":146,"column":99}},"141":{"start":{"line":146,"column":37},"end":{"line":146,"column":99}},"142":{"start":{"line":146,"column":50},"end":{"line":146,"column":99}},"143":{"start":{"line":146,"column":77},"end":{"line":146,"column":97}},"144":{"start":{"line":147,"column":24},"end":{"line":163,"column":1}},"145":{"start":{"line":148,"column":13},"end":{"line":148,"column":47}},"146":{"start":{"line":149,"column":2},"end":{"line":149,"column":17}},"147":{"start":{"line":150,"column":2},"end":{"line":150,"column":34}},"148":{"start":{"line":151,"column":2},"end":{"line":151,"column":33}},"149":{"start":{"line":152,"column":2},"end":{"line":152,"column":28}},"150":{"start":{"line":153,"column":2},"end":{"line":153,"column":32}},"151":{"start":{"line":155,"column":4},"end":{"line":155,"column":90}},"152":{"start":{"line":156,"column":2},"end":{"line":156,"column":14}},"153":{"start":{"line":157,"column":2},"end":{"line":157,"column":31}},"154":{"start":{"line":158,"column":2},"end":{"line":158,"column":32}},"155":{"start":{"line":159,"column":2},"end":{"line":162,"column":3}},"156":{"start":{"line":160,"column":4},"end":{"line":160,"column":46}},"157":{"start":{"line":161,"column":4},"end":{"line":161,"column":47}},"158":{"start":{"line":164,"column":16},"end":{"line":168,"column":8}},"159":{"start":{"line":165,"column":2},"end":{"line":168,"column":8}},"160":{"start":{"line":165,"column":49},"end":{"line":165,"column":56}},"161":{"start":{"line":166,"column":4},"end":{"line":166,"column":35}},"162":{"start":{"line":167,"column":4},"end":{"line":167,"column":15}},"163":{"start":{"line":169,"column":25},"end":{"line":169,"column":87}},"164":{"start":{"line":169,"column":39},"end":{"line":169,"column":87}},"165":{"start":{"line":169,"column":61},"end":{"line":169,"column":82}},"166":{"start":{"line":170,"column":16},"end":{"line":180,"column":1}},"167":{"start":{"line":171,"column":16},"end":{"line":171,"column":21}},"168":{"start":{"line":172,"column":12},"end":{"line":172,"column":51}},"169":{"start":{"line":173,"column":12},"end":{"line":178,"column":54}},"170":{"start":{"line":174,"column":6},"end":{"line":174,"column":23}},"171":{"start":{"line":175,"column":6},"end":{"line":175,"column":59}},"172":{"start":{"line":176,"column":6},"end":{"line":176,"column":75}},"173":{"start":{"line":176,"column":26},"end":{"line":176,"column":75}},"174":{"start":{"line":177,"column":6},"end":{"line":177,"column":47}},"175":{"start":{"line":177,"column":26},"end":{"line":177,"column":47}},"176":{"start":{"line":179,"column":2},"end":{"line":179,"column":15}},"177":{"start":{"line":181,"column":22},"end":{"line":185,"column":1}},"178":{"start":{"line":182,"column":13},"end":{"line":182,"column":42}},"179":{"start":{"line":183,"column":2},"end":{"line":183,"column":21}},"180":{"start":{"line":184,"column":2},"end":{"line":184,"column":30}},"181":{"start":{"line":186,"column":23},"end":{"line":199,"column":2}},"182":{"start":{"line":186,"column":30},"end":{"line":199,"column":1}},"183":{"start":{"line":189,"column":4},"end":{"line":189,"column":62}},"184":{"start":{"line":189,"column":47},"end":{"line":189,"column":60}},"185":{"start":{"line":192,"column":4},"end":{"line":192,"column":47}},"186":{"start":{"line":192,"column":26},"end":{"line":192,"column":47}},"187":{"start":{"line":193,"column":4},"end":{"line":193,"column":34}},"188":{"start":{"line":196,"column":14},"end":{"line":196,"column":67}},"189":{"start":{"line":196,"column":53},"end":{"line":196,"column":66}},"190":{"start":{"line":197,"column":4},"end":{"line":197,"column":45}},"191":{"start":{"line":197,"column":16},"end":{"line":197,"column":45}},"192":{"start":{"line":200,"column":19},"end":{"line":200,"column":45}},"193":{"start":{"line":200,"column":25},"end":{"line":200,"column":45}},"194":{"start":{"line":201,"column":14},"end":{"line":202,"column":75}},"195":{"start":{"line":202,"column":2},"end":{"line":202,"column":75}},"196":{"start":{"line":203,"column":18},"end":{"line":204,"column":79}},"197":{"start":{"line":204,"column":2},"end":{"line":204,"column":79}},"198":{"start":{"line":205,"column":17},"end":{"line":211,"column":1}},"199":{"start":{"line":207,"column":2},"end":{"line":210,"column":4}},"200":{"start":{"line":208,"column":4},"end":{"line":208,"column":28}},"201":{"start":{"line":209,"column":4},"end":{"line":209,"column":59}},"202":{"start":{"line":209,"column":33},"end":{"line":209,"column":53}},"203":{"start":{"line":212,"column":21},"end":{"line":213,"column":81}},"204":{"start":{"line":213,"column":2},"end":{"line":213,"column":81}},"205":{"start":{"line":214,"column":18},"end":{"line":220,"column":1}},"206":{"start":{"line":215,"column":14},"end":{"line":215,"column":36}},"207":{"start":{"line":216,"column":2},"end":{"line":218,"column":4}},"208":{"start":{"line":217,"column":12},"end":{"line":217,"column":86}},"209":{"start":{"line":219,"column":2},"end":{"line":219,"column":87}},"210":{"start":{"line":221,"column":20},"end":{"line":221,"column":94}},"211":{"start":{"line":221,"column":27},"end":{"line":221,"column":94}},"212":{"start":{"line":221,"column":54},"end":{"line":221,"column":91}},"213":{"start":{"line":222,"column":19},"end":{"line":226,"column":25}},"214":{"start":{"line":223,"column":2},"end":{"line":226,"column":25}},"215":{"start":{"line":225,"column":6},"end":{"line":225,"column":97}},"216":{"start":{"line":227,"column":17},"end":{"line":227,"column":81}},"217":{"start":{"line":227,"column":35},"end":{"line":227,"column":81}},"218":{"start":{"line":228,"column":14},"end":{"line":228,"column":57}},"219":{"start":{"line":228,"column":31},"end":{"line":228,"column":57}},"220":{"start":{"line":229,"column":22},"end":{"line":229,"column":52}},"221":{"start":{"line":229,"column":29},"end":{"line":229,"column":52}},"222":{"start":{"line":230,"column":14},"end":{"line":230,"column":66}},"223":{"start":{"line":230,"column":37},"end":{"line":230,"column":66}},"224":{"start":{"line":231,"column":25},"end":{"line":234,"column":15}},"225":{"start":{"line":232,"column":2},"end":{"line":234,"column":15}},"226":{"start":{"line":235,"column":19},"end":{"line":238,"column":1}},"227":{"start":{"line":236,"column":12},"end":{"line":236,"column":22}},"228":{"start":{"line":237,"column":2},"end":{"line":237,"column":34}},"229":{"start":{"line":237,"column":23},"end":{"line":237,"column":32}},"230":{"start":{"line":239,"column":21},"end":{"line":242,"column":1}},"231":{"start":{"line":240,"column":12},"end":{"line":240,"column":30}},"232":{"start":{"line":241,"column":2},"end":{"line":241,"column":38}},"233":{"start":{"line":241,"column":23},"end":{"line":241,"column":36}},"234":{"start":{"line":243,"column":23},"end":{"line":243,"column":97}},"235":{"start":{"line":243,"column":43},"end":{"line":243,"column":97}},"236":{"start":{"line":243,"column":59},"end":{"line":243,"column":96}},"237":{"start":{"line":243,"column":78},"end":{"line":243,"column":88}},"238":{"start":{"line":244,"column":12},"end":{"line":250,"column":17}},"239":{"start":{"line":245,"column":2},"end":{"line":250,"column":17}},"240":{"start":{"line":248,"column":6},"end":{"line":248,"column":40}},"241":{"start":{"line":248,"column":29},"end":{"line":248,"column":40}},"242":{"start":{"line":249,"column":6},"end":{"line":249,"column":59}},"243":{"start":{"line":249,"column":35},"end":{"line":249,"column":59}},"244":{"start":{"line":251,"column":17},"end":{"line":251,"column":55}},"245":{"start":{"line":251,"column":22},"end":{"line":251,"column":55}},"246":{"start":{"line":251,"column":43},"end":{"line":251,"column":54}},"247":{"start":{"line":252,"column":17},"end":{"line":252,"column":65}},"248":{"start":{"line":252,"column":37},"end":{"line":252,"column":65}},"249":{"start":{"line":253,"column":13},"end":{"line":253,"column":41}},"250":{"start":{"line":253,"column":29},"end":{"line":253,"column":41}},"251":{"start":{"line":254,"column":18},"end":{"line":254,"column":50}},"252":{"start":{"line":254,"column":34},"end":{"line":254,"column":50}},"253":{"start":{"line":255,"column":23},"end":{"line":258,"column":1}},"254":{"start":{"line":256,"column":2},"end":{"line":256,"column":78}},"255":{"start":{"line":256,"column":55},"end":{"line":256,"column":78}},"256":{"start":{"line":257,"column":2},"end":{"line":257,"column":13}},"257":{"start":{"line":259,"column":18},"end":{"line":262,"column":1}},"258":{"start":{"line":260,"column":2},"end":{"line":260,"column":61}},"259":{"start":{"line":260,"column":42},"end":{"line":260,"column":61}},"260":{"start":{"line":261,"column":2},"end":{"line":261,"column":13}},"261":{"start":{"line":263,"column":24},"end":{"line":263,"column":85}},"262":{"start":{"line":263,"column":43},"end":{"line":263,"column":85}},"263":{"start":{"line":264,"column":35},"end":{"line":271,"column":1}},"264":{"start":{"line":265,"column":39},"end":{"line":265,"column":65}},"265":{"start":{"line":266,"column":38},"end":{"line":266,"column":44}},"266":{"start":{"line":267,"column":2},"end":{"line":270,"column":76}},"267":{"start":{"line":272,"column":12},"end":{"line":287,"column":1}},"268":{"start":{"line":273,"column":17},"end":{"line":273,"column":24}},"269":{"start":{"line":274,"column":24},"end":{"line":274,"column":85}},"270":{"start":{"line":274,"column":44},"end":{"line":274,"column":85}},"271":{"start":{"line":275,"column":20},"end":{"line":276,"column":80}},"272":{"start":{"line":276,"column":4},"end":{"line":276,"column":80}},"273":{"start":{"line":277,"column":2},"end":{"line":277,"column":70}},"274":{"start":{"line":277,"column":28},"end":{"line":277,"column":70}},"275":{"start":{"line":279,"column":2},"end":{"line":285,"column":3}},"276":{"start":{"line":280,"column":12},"end":{"line":280,"column":13}},"277":{"start":{"line":281,"column":4},"end":{"line":284,"column":5}},"278":{"start":{"line":282,"column":6},"end":{"line":282,"column":10}},"279":{"start":{"line":283,"column":6},"end":{"line":283,"column":72}},"280":{"start":{"line":286,"column":2},"end":{"line":286,"column":17}},"281":{"start":{"line":288,"column":15},"end":{"line":297,"column":1}},"282":{"start":{"line":289,"column":2},"end":{"line":289,"column":27}},"283":{"start":{"line":289,"column":15},"end":{"line":289,"column":27}},"284":{"start":{"line":290,"column":2},"end":{"line":290,"column":81}},"285":{"start":{"line":290,"column":46},"end":{"line":290,"column":81}},"286":{"start":{"line":291,"column":2},"end":{"line":291,"column":83}},"287":{"start":{"line":291,"column":68},"end":{"line":291,"column":83}},"288":{"start":{"line":292,"column":2},"end":{"line":292,"column":83}},"289":{"start":{"line":292,"column":70},"end":{"line":292,"column":83}},"290":{"start":{"line":293,"column":2},"end":{"line":293,"column":48}},"291":{"start":{"line":293,"column":35},"end":{"line":293,"column":48}},"292":{"start":{"line":294,"column":13},"end":{"line":294,"column":27}},"293":{"start":{"line":295,"column":2},"end":{"line":295,"column":58}},"294":{"start":{"line":295,"column":45},"end":{"line":295,"column":58}},"295":{"start":{"line":296,"column":2},"end":{"line":296,"column":45}},"296":{"start":{"line":296,"column":25},"end":{"line":296,"column":43}},"297":{"start":{"line":298,"column":19},"end":{"line":309,"column":3}},"298":{"start":{"line":299,"column":2},"end":{"line":309,"column":3}},"299":{"start":{"line":302,"column":7},"end":{"line":308,"column":19}},"300":{"start":{"line":310,"column":21},"end":{"line":310,"column":70}},"301":{"start":{"line":310,"column":28},"end":{"line":310,"column":70}},"302":{"start":{"line":311,"column":17},"end":{"line":311,"column":72}},"303":{"start":{"line":311,"column":31},"end":{"line":311,"column":72}},"304":{"start":{"line":311,"column":52},"end":{"line":311,"column":71}},"305":{"start":{"line":312,"column":18},"end":{"line":318,"column":13}},"306":{"start":{"line":313,"column":2},"end":{"line":318,"column":13}},"307":{"start":{"line":317,"column":14},"end":{"line":317,"column":19}},"308":{"start":{"line":319,"column":18},"end":{"line":326,"column":28}},"309":{"start":{"line":320,"column":2},"end":{"line":326,"column":28}},"310":{"start":{"line":322,"column":6},"end":{"line":322,"column":63}},"311":{"start":{"line":327,"column":18},"end":{"line":331,"column":3}},"312":{"start":{"line":328,"column":2},"end":{"line":331,"column":3}},"313":{"start":{"line":329,"column":21},"end":{"line":329,"column":68}},"314":{"start":{"line":332,"column":24},"end":{"line":332,"column":85}},"315":{"start":{"line":332,"column":31},"end":{"line":332,"column":85}},"316":{"start":{"line":332,"column":47},"end":{"line":332,"column":84}},"317":{"start":{"line":333,"column":26},"end":{"line":334,"column":73}},"318":{"start":{"line":334,"column":2},"end":{"line":334,"column":73}},"319":{"start":{"line":334,"column":23},"end":{"line":334,"column":72}},"320":{"start":{"line":334,"column":43},"end":{"line":334,"column":71}},"321":{"start":{"line":335,"column":16},"end":{"line":335,"column":81}},"322":{"start":{"line":335,"column":29},"end":{"line":335,"column":81}},"323":{"start":{"line":335,"column":58},"end":{"line":335,"column":80}},"324":{"start":{"line":336,"column":17},"end":{"line":336,"column":50}},"325":{"start":{"line":336,"column":30},"end":{"line":336,"column":50}},"326":{"start":{"line":337,"column":22},"end":{"line":341,"column":13}},"327":{"start":{"line":338,"column":2},"end":{"line":341,"column":13}},"328":{"start":{"line":339,"column":21},"end":{"line":339,"column":29}},"329":{"start":{"line":340,"column":26},"end":{"line":340,"column":41}},"330":{"start":{"line":342,"column":20},"end":{"line":345,"column":40}},"331":{"start":{"line":343,"column":2},"end":{"line":345,"column":40}},"332":{"start":{"line":345,"column":17},"end":{"line":345,"column":39}},"333":{"start":{"line":346,"column":16},"end":{"line":347,"column":95}},"334":{"start":{"line":347,"column":2},"end":{"line":347,"column":95}},"335":{"start":{"line":347,"column":23},"end":{"line":347,"column":90}},"336":{"start":{"line":348,"column":22},"end":{"line":354,"column":8}},"337":{"start":{"line":349,"column":2},"end":{"line":354,"column":8}},"338":{"start":{"line":350,"column":16},"end":{"line":350,"column":49}},"339":{"start":{"line":351,"column":4},"end":{"line":352,"column":31}},"340":{"start":{"line":351,"column":36},"end":{"line":351,"column":87}},"341":{"start":{"line":352,"column":9},"end":{"line":352,"column":31}},"342":{"start":{"line":353,"column":4},"end":{"line":353,"column":15}},"343":{"start":{"line":355,"column":13},"end":{"line":355,"column":57}},"344":{"start":{"line":355,"column":19},"end":{"line":355,"column":57}},"345":{"start":{"line":355,"column":39},"end":{"line":355,"column":57}},"346":{"start":{"line":356,"column":21},"end":{"line":360,"column":22}},"347":{"start":{"line":357,"column":2},"end":{"line":360,"column":22}},"348":{"start":{"line":361,"column":15},"end":{"line":361,"column":83}},"349":{"start":{"line":361,"column":28},"end":{"line":361,"column":83}},"350":{"start":{"line":361,"column":60},"end":{"line":361,"column":82}},"351":{"start":{"line":362,"column":20},"end":{"line":365,"column":43}},"352":{"start":{"line":363,"column":2},"end":{"line":365,"column":43}},"353":{"start":{"line":365,"column":20},"end":{"line":365,"column":42}},"354":{"start":{"line":366,"column":23},"end":{"line":379,"column":1}},"355":{"start":{"line":367,"column":2},"end":{"line":367,"column":23}},"356":{"start":{"line":367,"column":14},"end":{"line":367,"column":23}},"357":{"start":{"line":368,"column":15},"end":{"line":374,"column":3}},"358":{"start":{"line":375,"column":2},"end":{"line":378,"column":16}},"359":{"start":{"line":376,"column":19},"end":{"line":376,"column":31}},"360":{"start":{"line":377,"column":25},"end":{"line":377,"column":63}},"361":{"start":{"line":380,"column":22},"end":{"line":384,"column":18}},"362":{"start":{"line":381,"column":2},"end":{"line":384,"column":18}},"363":{"start":{"line":385,"column":21},"end":{"line":385,"column":55}},"364":{"start":{"line":385,"column":28},"end":{"line":385,"column":54}},"365":{"start":{"line":386,"column":18},"end":{"line":390,"column":49}},"366":{"start":{"line":387,"column":2},"end":{"line":390,"column":49}},"367":{"start":{"line":390,"column":18},"end":{"line":390,"column":48}},"368":{"start":{"line":391,"column":12},"end":{"line":394,"column":1}},"369":{"start":{"line":392,"column":15},"end":{"line":392,"column":49}},"370":{"start":{"line":392,"column":26},"end":{"line":392,"column":48}},"371":{"start":{"line":393,"column":2},"end":{"line":393,"column":47}},"372":{"start":{"line":393,"column":35},"end":{"line":393,"column":45}},"373":{"start":{"line":395,"column":29},"end":{"line":398,"column":3}},"374":{"start":{"line":396,"column":2},"end":{"line":398,"column":3}},"375":{"start":{"line":397,"column":14},"end":{"line":397,"column":31}},"376":{"start":{"line":399,"column":12},"end":{"line":406,"column":3}},"377":{"start":{"line":400,"column":2},"end":{"line":406,"column":3}},"378":{"start":{"line":401,"column":4},"end":{"line":405,"column":53}},"379":{"start":{"line":404,"column":19},"end":{"line":404,"column":27}},"380":{"start":{"line":405,"column":29},"end":{"line":405,"column":46}},"381":{"start":{"line":407,"column":29},"end":{"line":407,"column":68}},"382":{"start":{"line":407,"column":37},"end":{"line":407,"column":68}},"383":{"start":{"line":408,"column":32},"end":{"line":409,"column":48}},"384":{"start":{"line":409,"column":2},"end":{"line":409,"column":48}},"385":{"start":{"line":410,"column":18},"end":{"line":413,"column":1}},"386":{"start":{"line":411,"column":17},"end":{"line":411,"column":88}},"387":{"start":{"line":411,"column":64},"end":{"line":411,"column":87}},"388":{"start":{"line":412,"column":2},"end":{"line":412,"column":59}},"389":{"start":{"line":414,"column":35},"end":{"line":421,"column":27}},"390":{"start":{"line":415,"column":2},"end":{"line":421,"column":27}},"391":{"start":{"line":422,"column":26},"end":{"line":425,"column":2}},"392":{"start":{"line":422,"column":44},"end":{"line":425,"column":1}},"393":{"start":{"line":426,"column":17},"end":{"line":426,"column":65}},"394":{"start":{"line":426,"column":35},"end":{"line":426,"column":65}},"395":{"start":{"line":427,"column":16},"end":{"line":428,"column":88}},"396":{"start":{"line":428,"column":2},"end":{"line":428,"column":88}},"397":{"start":{"line":429,"column":25},"end":{"line":433,"column":3}},"398":{"start":{"line":430,"column":2},"end":{"line":433,"column":3}},"399":{"start":{"line":431,"column":15},"end":{"line":431,"column":79}},"400":{"start":{"line":434,"column":16},"end":{"line":438,"column":8}},"401":{"start":{"line":435,"column":2},"end":{"line":438,"column":8}},"402":{"start":{"line":435,"column":49},"end":{"line":435,"column":56}},"403":{"start":{"line":436,"column":4},"end":{"line":436,"column":47}},"404":{"start":{"line":437,"column":4},"end":{"line":437,"column":15}},"405":{"start":{"line":439,"column":24},"end":{"line":439,"column":92}},"406":{"start":{"line":439,"column":40},"end":{"line":439,"column":92}},"407":{"start":{"line":440,"column":17},"end":{"line":440,"column":68}},"408":{"start":{"line":440,"column":36},"end":{"line":440,"column":68}},"409":{"start":{"line":441,"column":17},"end":{"line":442,"column":87}},"410":{"start":{"line":442,"column":2},"end":{"line":442,"column":87}},"411":{"start":{"line":442,"column":22},"end":{"line":442,"column":86}},"412":{"start":{"line":443,"column":20},"end":{"line":450,"column":4}},"413":{"start":{"line":444,"column":2},"end":{"line":450,"column":4}},"414":{"start":{"line":445,"column":16},"end":{"line":445,"column":18}},"415":{"start":{"line":446,"column":13},"end":{"line":446,"column":28}},"416":{"start":{"line":447,"column":4},"end":{"line":448,"column":74}},"417":{"start":{"line":448,"column":6},"end":{"line":448,"column":74}},"418":{"start":{"line":449,"column":4},"end":{"line":449,"column":26}},"419":{"start":{"line":452,"column":17},"end":{"line":464,"column":3}},"420":{"start":{"line":453,"column":2},"end":{"line":464,"column":3}},"421":{"start":{"line":454,"column":4},"end":{"line":463,"column":5}},"422":{"start":{"line":456,"column":8},"end":{"line":461,"column":9}},"423":{"start":{"line":465,"column":13},"end":{"line":465,"column":26}},"424":{"start":{"line":465,"column":20},"end":{"line":465,"column":26}},"425":{"start":{"line":466,"column":17},"end":{"line":484,"column":1}},"426":{"start":{"line":467,"column":14},"end":{"line":467,"column":19}},"427":{"start":{"line":468,"column":8},"end":{"line":468,"column":46}},"428":{"start":{"line":469,"column":2},"end":{"line":470,"column":40}},"429":{"start":{"line":469,"column":22},"end":{"line":469,"column":58}},"430":{"start":{"line":469,"column":42},"end":{"line":469,"column":47}},"431":{"start":{"line":470,"column":7},"end":{"line":470,"column":40}},"432":{"start":{"line":470,"column":27},"end":{"line":470,"column":40}},"433":{"start":{"line":471,"column":2},"end":{"line":471,"column":22}},"434":{"start":{"line":472,"column":2},"end":{"line":483,"column":4}},"435":{"start":{"line":485,"column":13},"end":{"line":485,"column":72}},"436":{"start":{"line":485,"column":24},"end":{"line":485,"column":72}},"437":{"start":{"line":485,"column":46},"end":{"line":485,"column":70}},"438":{"start":{"line":486,"column":16},"end":{"line":492,"column":1}},"439":{"start":{"line":487,"column":18},"end":{"line":487,"column":38}},"440":{"start":{"line":488,"column":2},"end":{"line":488,"column":33}},"441":{"start":{"line":489,"column":2},"end":{"line":489,"column":56}},"442":{"start":{"line":489,"column":25},"end":{"line":489,"column":55}},"443":{"start":{"line":490,"column":2},"end":{"line":490,"column":39}},"444":{"start":{"line":490,"column":26},"end":{"line":490,"column":38}},"445":{"start":{"line":491,"column":2},"end":{"line":491,"column":17}},"446":{"start":{"line":493,"column":17},"end":{"line":500,"column":1}},"447":{"start":{"line":494,"column":18},"end":{"line":494,"column":38}},"448":{"start":{"line":495,"column":2},"end":{"line":495,"column":34}},"449":{"start":{"line":496,"column":2},"end":{"line":496,"column":78}},"450":{"start":{"line":497,"column":2},"end":{"line":497,"column":56}},"451":{"start":{"line":497,"column":25},"end":{"line":497,"column":55}},"452":{"start":{"line":498,"column":2},"end":{"line":498,"column":39}},"453":{"start":{"line":498,"column":26},"end":{"line":498,"column":38}},"454":{"start":{"line":499,"column":2},"end":{"line":499,"column":21}},"455":{"start":{"line":501,"column":22},"end":{"line":503,"column":1}},"456":{"start":{"line":502,"column":2},"end":{"line":502,"column":98}},"457":{"start":{"line":502,"column":38},"end":{"line":502,"column":98}},"458":{"start":{"line":504,"column":11},"end":{"line":508,"column":1}},"459":{"start":{"line":505,"column":17},"end":{"line":505,"column":34}},"460":{"start":{"line":506,"column":2},"end":{"line":506,"column":44}},"461":{"start":{"line":506,"column":39},"end":{"line":506,"column":44}},"462":{"start":{"line":507,"column":2},"end":{"line":507,"column":60}},"463":{"start":{"line":509,"column":16},"end":{"line":512,"column":1}},"464":{"start":{"line":510,"column":2},"end":{"line":510,"column":54}},"465":{"start":{"line":510,"column":26},"end":{"line":510,"column":54}},"466":{"start":{"line":511,"column":2},"end":{"line":511,"column":67}},"467":{"start":{"line":513,"column":21},"end":{"line":513,"column":91}},"468":{"start":{"line":513,"column":51},"end":{"line":513,"column":91}},"469":{"start":{"line":514,"column":19},"end":{"line":514,"column":97}},"470":{"start":{"line":514,"column":33},"end":{"line":514,"column":97}},"471":{"start":{"line":514,"column":61},"end":{"line":514,"column":91}},"472":{"start":{"line":515,"column":16},"end":{"line":515,"column":39}},"473":{"start":{"line":515,"column":23},"end":{"line":515,"column":39}},"474":{"start":{"line":516,"column":26},"end":{"line":517,"column":74}},"475":{"start":{"line":517,"column":2},"end":{"line":517,"column":74}},"476":{"start":{"line":517,"column":38},"end":{"line":517,"column":73}},"477":{"start":{"line":518,"column":33},"end":{"line":519,"column":89}},"478":{"start":{"line":519,"column":2},"end":{"line":519,"column":89}},"479":{"start":{"line":519,"column":72},"end":{"line":519,"column":88}},"480":{"start":{"line":520,"column":38},"end":{"line":523,"column":3}},"481":{"start":{"line":521,"column":2},"end":{"line":523,"column":3}},"482":{"start":{"line":522,"column":19},"end":{"line":522,"column":54}},"483":{"start":{"line":524,"column":34},"end":{"line":524,"column":68}},"484":{"start":{"line":524,"column":50},"end":{"line":524,"column":68}},"485":{"start":{"line":525,"column":26},"end":{"line":528,"column":89}},"486":{"start":{"line":526,"column":2},"end":{"line":528,"column":89}},"487":{"start":{"line":528,"column":48},"end":{"line":528,"column":88}},"488":{"start":{"line":529,"column":20},"end":{"line":529,"column":85}},"489":{"start":{"line":529,"column":40},"end":{"line":529,"column":85}},"490":{"start":{"line":530,"column":21},"end":{"line":530,"column":89}},"491":{"start":{"line":530,"column":41},"end":{"line":530,"column":89}},"492":{"start":{"line":531,"column":21},"end":{"line":534,"column":1}},"493":{"start":{"line":532,"column":12},"end":{"line":532,"column":22}},"494":{"start":{"line":533,"column":2},"end":{"line":533,"column":33}},"495":{"start":{"line":533,"column":23},"end":{"line":533,"column":31}},"496":{"start":{"line":535,"column":23},"end":{"line":538,"column":1}},"497":{"start":{"line":536,"column":12},"end":{"line":536,"column":30}},"498":{"start":{"line":537,"column":2},"end":{"line":537,"column":37}},"499":{"start":{"line":537,"column":23},"end":{"line":537,"column":35}},"500":{"start":{"line":539,"column":25},"end":{"line":539,"column":91}},"501":{"start":{"line":539,"column":41},"end":{"line":539,"column":91}},"502":{"start":{"line":539,"column":55},"end":{"line":539,"column":90}},"503":{"start":{"line":539,"column":72},"end":{"line":539,"column":82}},"504":{"start":{"line":540,"column":24},"end":{"line":546,"column":8}},"505":{"start":{"line":541,"column":2},"end":{"line":546,"column":8}},"506":{"start":{"line":542,"column":16},"end":{"line":542,"column":44}},"507":{"start":{"line":543,"column":4},"end":{"line":543,"column":30}},"508":{"start":{"line":544,"column":4},"end":{"line":544,"column":23}},"509":{"start":{"line":545,"column":4},"end":{"line":545,"column":15}},"510":{"start":{"line":547,"column":11},"end":{"line":547,"column":77}},"511":{"start":{"line":547,"column":26},"end":{"line":547,"column":77}},"512":{"start":{"line":548,"column":22},"end":{"line":548,"column":60}},"513":{"start":{"line":548,"column":29},"end":{"line":548,"column":60}},"514":{"start":{"line":549,"column":20},"end":{"line":549,"column":51}},"515":{"start":{"line":549,"column":38},"end":{"line":549,"column":51}},"516":{"start":{"line":550,"column":18},"end":{"line":559,"column":1}},"517":{"start":{"line":551,"column":20},"end":{"line":557,"column":15}},"518":{"start":{"line":552,"column":4},"end":{"line":557,"column":15}},"519":{"start":{"line":558,"column":2},"end":{"line":558,"column":45}},"520":{"start":{"line":560,"column":20},"end":{"line":560,"column":84}},"521":{"start":{"line":560,"column":27},"end":{"line":560,"column":84}},"522":{"start":{"line":561,"column":21},"end":{"line":561,"column":52}},"523":{"start":{"line":561,"column":39},"end":{"line":561,"column":52}},"524":{"start":{"line":562,"column":18},"end":{"line":562,"column":49}},"525":{"start":{"line":562,"column":25},"end":{"line":562,"column":49}},"526":{"start":{"line":563,"column":18},"end":{"line":563,"column":79}},"527":{"start":{"line":563,"column":24},"end":{"line":563,"column":79}},"528":{"start":{"line":564,"column":28},"end":{"line":564,"column":50}},"529":{"start":{"line":564,"column":34},"end":{"line":564,"column":50}},"530":{"start":{"line":565,"column":20},"end":{"line":565,"column":67}},"531":{"start":{"line":565,"column":43},"end":{"line":565,"column":67}},"532":{"start":{"line":566,"column":23},"end":{"line":573,"column":40}},"533":{"start":{"line":567,"column":2},"end":{"line":573,"column":40}},"534":{"start":{"line":574,"column":16},"end":{"line":574,"column":71}},"535":{"start":{"line":574,"column":23},"end":{"line":574,"column":71}},"536":{"start":{"line":575,"column":15},"end":{"line":575,"column":35}},"537":{"start":{"line":575,"column":22},"end":{"line":575,"column":35}},"538":{"start":{"line":576,"column":19},"end":{"line":576,"column":51}},"539":{"start":{"line":576,"column":26},"end":{"line":576,"column":51}},"540":{"start":{"line":577,"column":20},"end":{"line":577,"column":52}},"541":{"start":{"line":577,"column":27},"end":{"line":577,"column":52}},"542":{"start":{"line":578,"column":23},"end":{"line":578,"column":64}},"543":{"start":{"line":578,"column":30},"end":{"line":578,"column":64}},"544":{"start":{"line":579,"column":14},"end":{"line":579,"column":54}},"545":{"start":{"line":579,"column":21},"end":{"line":579,"column":54}},"546":{"start":{"line":580,"column":15},"end":{"line":580,"column":34}},"547":{"start":{"line":580,"column":22},"end":{"line":580,"column":34}},"548":{"start":{"line":581,"column":17},"end":{"line":581,"column":47}},"549":{"start":{"line":581,"column":24},"end":{"line":581,"column":47}},"550":{"start":{"line":582,"column":17},"end":{"line":582,"column":43}},"551":{"start":{"line":582,"column":24},"end":{"line":582,"column":43}},"552":{"start":{"line":583,"column":21},"end":{"line":583,"column":67}},"553":{"start":{"line":583,"column":28},"end":{"line":583,"column":67}},"554":{"start":{"line":584,"column":22},"end":{"line":584,"column":91}},"555":{"start":{"line":584,"column":29},"end":{"line":584,"column":91}},"556":{"start":{"line":585,"column":16},"end":{"line":589,"column":1}},"557":{"start":{"line":586,"column":19},"end":{"line":586,"column":45}},"558":{"start":{"line":587,"column":2},"end":{"line":587,"column":70}},"559":{"start":{"line":587,"column":38},"end":{"line":587,"column":70}},"560":{"start":{"line":587,"column":57},"end":{"line":587,"column":70}},"561":{"start":{"line":588,"column":2},"end":{"line":588,"column":18}},"562":{"start":{"line":590,"column":20},"end":{"line":590,"column":46}},"563":{"start":{"line":590,"column":27},"end":{"line":590,"column":46}},"564":{"start":{"line":591,"column":22},"end":{"line":594,"column":32}},"565":{"start":{"line":592,"column":2},"end":{"line":594,"column":32}},"566":{"start":{"line":595,"column":25},"end":{"line":600,"column":40}},"567":{"start":{"line":596,"column":2},"end":{"line":600,"column":40}},"568":{"start":{"line":601,"column":19},"end":{"line":601,"column":80}},"569":{"start":{"line":601,"column":37},"end":{"line":601,"column":80}},"570":{"start":{"line":602,"column":17},"end":{"line":609,"column":1}},"571":{"start":{"line":603,"column":18},"end":{"line":603,"column":36}},"572":{"start":{"line":604,"column":2},"end":{"line":608,"column":3}},"573":{"start":{"line":605,"column":4},"end":{"line":605,"column":64}},"574":{"start":{"line":606,"column":4},"end":{"line":607,"column":58}},"575":{"start":{"line":606,"column":30},"end":{"line":606,"column":64}},"576":{"start":{"line":607,"column":9},"end":{"line":607,"column":58}},"577":{"start":{"line":607,"column":49},"end":{"line":607,"column":58}},"578":{"start":{"line":610,"column":17},"end":{"line":610,"column":97}},"579":{"start":{"line":610,"column":24},"end":{"line":610,"column":97}},"580":{"start":{"line":611,"column":17},"end":{"line":611,"column":47}},"581":{"start":{"line":611,"column":24},"end":{"line":611,"column":47}},"582":{"start":{"line":612,"column":17},"end":{"line":612,"column":47}},"583":{"start":{"line":612,"column":24},"end":{"line":612,"column":47}},"584":{"start":{"line":613,"column":19},"end":{"line":613,"column":71}},"585":{"start":{"line":613,"column":25},"end":{"line":613,"column":71}},"586":{"start":{"line":614,"column":20},"end":{"line":614,"column":44}},"587":{"start":{"line":614,"column":27},"end":{"line":614,"column":44}},"588":{"start":{"line":615,"column":20},"end":{"line":615,"column":52}},"589":{"start":{"line":615,"column":27},"end":{"line":615,"column":52}},"590":{"start":{"line":616,"column":20},"end":{"line":623,"column":1}},"591":{"start":{"line":617,"column":2},"end":{"line":622,"column":3}},"592":{"start":{"line":618,"column":4},"end":{"line":618,"column":20}},"593":{"start":{"line":619,"column":4},"end":{"line":619,"column":16}},"594":{"start":{"line":621,"column":4},"end":{"line":621,"column":17}},"595":{"start":{"line":624,"column":25},"end":{"line":629,"column":40}},"596":{"start":{"line":625,"column":2},"end":{"line":629,"column":40}},"597":{"start":{"line":630,"column":13},"end":{"line":639,"column":3}},"598":{"start":{"line":631,"column":2},"end":{"line":639,"column":3}},"599":{"start":{"line":633,"column":6},"end":{"line":637,"column":33}},"600":{"start":{"line":640,"column":13},"end":{"line":640,"column":39}},"601":{"start":{"line":640,"column":20},"end":{"line":640,"column":39}},"602":{"start":{"line":641,"column":12},"end":{"line":645,"column":1}},"603":{"start":{"line":642,"column":14},"end":{"line":642,"column":48}},"604":{"start":{"line":642,"column":25},"end":{"line":642,"column":47}},"605":{"start":{"line":643,"column":15},"end":{"line":643,"column":44}},"606":{"start":{"line":643,"column":25},"end":{"line":643,"column":44}},"607":{"start":{"line":644,"column":2},"end":{"line":644,"column":47}},"608":{"start":{"line":644,"column":35},"end":{"line":644,"column":45}},"609":{"start":{"line":646,"column":20},"end":{"line":646,"column":85}},"610":{"start":{"line":646,"column":33},"end":{"line":646,"column":85}},"611":{"start":{"line":646,"column":56},"end":{"line":646,"column":83}},"612":{"start":{"line":647,"column":22},"end":{"line":651,"column":8}},"613":{"start":{"line":648,"column":2},"end":{"line":651,"column":8}},"614":{"start":{"line":649,"column":4},"end":{"line":649,"column":38}},"615":{"start":{"line":650,"column":4},"end":{"line":650,"column":15}},"616":{"start":{"line":652,"column":18},"end":{"line":661,"column":1}},"617":{"start":{"line":653,"column":12},"end":{"line":656,"column":26}},"618":{"start":{"line":656,"column":14},"end":{"line":656,"column":25}},"619":{"start":{"line":657,"column":18},"end":{"line":657,"column":37}},"620":{"start":{"line":658,"column":12},"end":{"line":658,"column":98}},"621":{"start":{"line":658,"column":41},"end":{"line":658,"column":93}},"622":{"start":{"line":659,"column":2},"end":{"line":659,"column":19}},"623":{"start":{"line":660,"column":2},"end":{"line":660,"column":24}},"624":{"start":{"line":662,"column":16},"end":{"line":666,"column":8}},"625":{"start":{"line":663,"column":2},"end":{"line":666,"column":8}},"626":{"start":{"line":664,"column":4},"end":{"line":664,"column":37}},"627":{"start":{"line":665,"column":4},"end":{"line":665,"column":15}},"628":{"start":{"line":667,"column":18},"end":{"line":670,"column":6}},"629":{"start":{"line":668,"column":2},"end":{"line":670,"column":6}},"630":{"start":{"line":669,"column":4},"end":{"line":670,"column":2}},"631":{"start":{"line":669,"column":62},"end":{"line":669,"column":89}},"632":{"start":{"line":671,"column":18},"end":{"line":675,"column":13}},"633":{"start":{"line":672,"column":2},"end":{"line":675,"column":13}},"634":{"start":{"line":674,"column":19},"end":{"line":674,"column":32}},"635":{"start":{"line":676,"column":18},"end":{"line":680,"column":8}},"636":{"start":{"line":677,"column":2},"end":{"line":680,"column":8}},"637":{"start":{"line":678,"column":4},"end":{"line":678,"column":32}},"638":{"start":{"line":679,"column":4},"end":{"line":679,"column":15}},"639":{"start":{"line":681,"column":13},"end":{"line":681,"column":92}},"640":{"start":{"line":681,"column":42},"end":{"line":681,"column":92}},"641":{"start":{"line":682,"column":16},"end":{"line":683,"column":87}},"642":{"start":{"line":683,"column":2},"end":{"line":683,"column":87}},"643":{"start":{"line":683,"column":35},"end":{"line":683,"column":86}},"644":{"start":{"line":684,"column":20},"end":{"line":690,"column":3}},"645":{"start":{"line":685,"column":2},"end":{"line":690,"column":3}},"646":{"start":{"line":687,"column":6},"end":{"line":689,"column":33}},"647":{"start":{"line":691,"column":14},"end":{"line":691,"column":95}},"648":{"start":{"line":691,"column":27},"end":{"line":691,"column":95}},"649":{"start":{"line":691,"column":86},"end":{"line":691,"column":93}},"650":{"start":{"line":692,"column":16},"end":{"line":692,"column":70}},"651":{"start":{"line":692,"column":30},"end":{"line":692,"column":70}},"652":{"start":{"line":693,"column":13},"end":{"line":693,"column":71}},"653":{"start":{"line":693,"column":29},"end":{"line":693,"column":71}},"654":{"start":{"line":693,"column":53},"end":{"line":693,"column":58}},"655":{"start":{"line":694,"column":15},"end":{"line":698,"column":1}},"656":{"start":{"line":695,"column":14},"end":{"line":695,"column":40}},"657":{"start":{"line":696,"column":11},"end":{"line":696,"column":41}},"658":{"start":{"line":696,"column":35},"end":{"line":696,"column":40}},"659":{"start":{"line":697,"column":2},"end":{"line":697,"column":76}},"660":{"start":{"line":699,"column":16},"end":{"line":706,"column":1}},"661":{"start":{"line":700,"column":16},"end":{"line":700,"column":25}},"662":{"start":{"line":701,"column":17},"end":{"line":703,"column":3}},"663":{"start":{"line":702,"column":4},"end":{"line":702,"column":98}},"664":{"start":{"line":704,"column":2},"end":{"line":704,"column":23}},"665":{"start":{"line":705,"column":2},"end":{"line":705,"column":16}},"666":{"start":{"line":707,"column":14},"end":{"line":715,"column":3}},"667":{"start":{"line":708,"column":2},"end":{"line":715,"column":3}},"668":{"start":{"line":710,"column":6},"end":{"line":713,"column":12}},"669":{"start":{"line":711,"column":8},"end":{"line":711,"column":83}},"670":{"start":{"line":712,"column":8},"end":{"line":712,"column":19}},"671":{"start":{"line":716,"column":14},"end":{"line":716,"column":95}},"672":{"start":{"line":716,"column":27},"end":{"line":716,"column":95}},"673":{"start":{"line":716,"column":86},"end":{"line":716,"column":93}},"674":{"start":{"line":717,"column":16},"end":{"line":717,"column":70}},"675":{"start":{"line":717,"column":30},"end":{"line":717,"column":70}},"676":{"start":{"line":718,"column":13},"end":{"line":718,"column":71}},"677":{"start":{"line":718,"column":29},"end":{"line":718,"column":71}},"678":{"start":{"line":718,"column":53},"end":{"line":718,"column":58}},"679":{"start":{"line":719,"column":23},"end":{"line":726,"column":1}},"680":{"start":{"line":720,"column":16},"end":{"line":724,"column":4}},"681":{"start":{"line":721,"column":19},"end":{"line":721,"column":36}},"682":{"start":{"line":722,"column":4},"end":{"line":722,"column":46}},"683":{"start":{"line":722,"column":41},"end":{"line":722,"column":46}},"684":{"start":{"line":723,"column":4},"end":{"line":723,"column":38}},"685":{"start":{"line":725,"column":2},"end":{"line":725,"column":43}},"686":{"start":{"line":727,"column":15},"end":{"line":727,"column":50}},"687":{"start":{"line":727,"column":23},"end":{"line":727,"column":50}},"688":{"start":{"line":727,"column":36},"end":{"line":727,"column":50}},"689":{"start":{"line":728,"column":13},"end":{"line":731,"column":63}},"690":{"start":{"line":729,"column":2},"end":{"line":731,"column":63}},"691":{"start":{"line":730,"column":20},"end":{"line":730,"column":37}},"692":{"start":{"line":731,"column":18},"end":{"line":731,"column":61}},"693":{"start":{"line":732,"column":24},"end":{"line":732,"column":49}},"694":{"start":{"line":732,"column":36},"end":{"line":732,"column":49}},"695":{"start":{"line":733,"column":13},"end":{"line":733,"column":49}},"696":{"start":{"line":733,"column":36},"end":{"line":733,"column":49}},"697":{"start":{"line":734,"column":15},"end":{"line":734,"column":49}},"698":{"start":{"line":734,"column":20},"end":{"line":734,"column":49}},"699":{"start":{"line":734,"column":33},"end":{"line":734,"column":49}},"700":{"start":{"line":735,"column":19},"end":{"line":735,"column":85}},"701":{"start":{"line":735,"column":35},"end":{"line":735,"column":85}},"702":{"start":{"line":736,"column":24},"end":{"line":736,"column":85}},"703":{"start":{"line":736,"column":31},"end":{"line":736,"column":85}},"704":{"start":{"line":736,"column":62},"end":{"line":736,"column":79}},"705":{"start":{"line":737,"column":22},"end":{"line":737,"column":67}},"706":{"start":{"line":737,"column":29},"end":{"line":737,"column":67}},"707":{"start":{"line":737,"column":55},"end":{"line":737,"column":66}},"708":{"start":{"line":738,"column":25},"end":{"line":755,"column":1}},"709":{"start":{"line":739,"column":19},"end":{"line":739,"column":89}},"710":{"start":{"line":739,"column":53},"end":{"line":739,"column":88}},"711":{"start":{"line":739,"column":76},"end":{"line":739,"column":87}},"712":{"start":{"line":740,"column":2},"end":{"line":753,"column":4}},"713":{"start":{"line":754,"column":2},"end":{"line":754,"column":18}},"714":{"start":{"line":756,"column":12},"end":{"line":756,"column":80}},"715":{"start":{"line":756,"column":43},"end":{"line":756,"column":80}},"716":{"start":{"line":757,"column":15},"end":{"line":757,"column":79}},"717":{"start":{"line":757,"column":32},"end":{"line":757,"column":79}},"718":{"start":{"line":758,"column":13},"end":{"line":761,"column":59}},"719":{"start":{"line":759,"column":2},"end":{"line":761,"column":59}},"720":{"start":{"line":760,"column":17},"end":{"line":760,"column":33}},"721":{"start":{"line":761,"column":27},"end":{"line":761,"column":53}},"722":{"start":{"line":762,"column":15},"end":{"line":765,"column":59}},"723":{"start":{"line":763,"column":2},"end":{"line":765,"column":59}},"724":{"start":{"line":764,"column":17},"end":{"line":764,"column":31}},"725":{"start":{"line":765,"column":27},"end":{"line":765,"column":53}},"726":{"start":{"line":766,"column":11},"end":{"line":770,"column":1}},"727":{"start":{"line":767,"column":22},"end":{"line":767,"column":80}},"728":{"start":{"line":767,"column":27},"end":{"line":767,"column":80}},"729":{"start":{"line":768,"column":2},"end":{"line":768,"column":82}},"730":{"start":{"line":769,"column":2},"end":{"line":769,"column":38}},"731":{"start":{"line":769,"column":19},"end":{"line":769,"column":38}},"732":{"start":{"line":771,"column":26},"end":{"line":784,"column":1}},"733":{"start":{"line":772,"column":13},"end":{"line":772,"column":20}},"734":{"start":{"line":773,"column":15},"end":{"line":773,"column":16}},"735":{"start":{"line":774,"column":27},"end":{"line":779,"column":3}},"736":{"start":{"line":775,"column":16},"end":{"line":775,"column":33}},"737":{"start":{"line":776,"column":4},"end":{"line":777,"column":100}},"738":{"start":{"line":777,"column":6},"end":{"line":777,"column":100}},"739":{"start":{"line":778,"column":4},"end":{"line":778,"column":19}},"740":{"start":{"line":780,"column":2},"end":{"line":783,"column":5}},"741":{"start":{"line":781,"column":4},"end":{"line":781,"column":33}},"742":{"start":{"line":781,"column":26},"end":{"line":781,"column":33}},"743":{"start":{"line":782,"column":4},"end":{"line":782,"column":95}},"744":{"start":{"line":785,"column":13},"end":{"line":792,"column":1}},"745":{"start":{"line":786,"column":15},"end":{"line":786,"column":20}},"746":{"start":{"line":787,"column":2},"end":{"line":791,"column":4}},"747":{"start":{"line":788,"column":4},"end":{"line":788,"column":23}},"748":{"start":{"line":788,"column":16},"end":{"line":788,"column":23}},"749":{"start":{"line":789,"column":4},"end":{"line":789,"column":18}},"750":{"start":{"line":790,"column":4},"end":{"line":790,"column":32}},"751":{"start":{"line":793,"column":16},"end":{"line":802,"column":3}},"752":{"start":{"line":794,"column":2},"end":{"line":802,"column":3}},"753":{"start":{"line":795,"column":4},"end":{"line":801,"column":9}},"754":{"start":{"line":796,"column":6},"end":{"line":799,"column":7}},"755":{"start":{"line":797,"column":25},"end":{"line":797,"column":97}},"756":{"start":{"line":798,"column":8},"end":{"line":798,"column":45}},"757":{"start":{"line":800,"column":6},"end":{"line":800,"column":17}},"758":{"start":{"line":803,"column":13},"end":{"line":803,"column":73}},"759":{"start":{"line":803,"column":25},"end":{"line":803,"column":73}},"760":{"start":{"line":803,"column":38},"end":{"line":803,"column":73}},"761":{"start":{"line":803,"column":52},"end":{"line":803,"column":72}},"762":{"start":{"line":804,"column":17},"end":{"line":804,"column":97}},"763":{"start":{"line":804,"column":37},"end":{"line":804,"column":97}},"764":{"start":{"line":804,"column":50},"end":{"line":804,"column":97}},"765":{"start":{"line":804,"column":77},"end":{"line":804,"column":95}},"766":{"start":{"line":805,"column":12},"end":{"line":806,"column":68}},"767":{"start":{"line":806,"column":2},"end":{"line":806,"column":68}},"768":{"start":{"line":807,"column":19},"end":{"line":810,"column":1}},"769":{"start":{"line":808,"column":12},"end":{"line":808,"column":51}},"770":{"start":{"line":809,"column":2},"end":{"line":809,"column":41}},"771":{"start":{"line":811,"column":20},"end":{"line":818,"column":10}},"772":{"start":{"line":812,"column":2},"end":{"line":818,"column":10}},"773":{"start":{"line":814,"column":14},"end":{"line":814,"column":26}},"774":{"start":{"line":816,"column":6},"end":{"line":816,"column":77}},"775":{"start":{"line":817,"column":6},"end":{"line":817,"column":17}},"776":{"start":{"line":819,"column":16},"end":{"line":819,"column":74}},"777":{"start":{"line":819,"column":37},"end":{"line":819,"column":74}},"778":{"start":{"line":819,"column":50},"end":{"line":819,"column":74}},"779":{"start":{"line":820,"column":21},"end":{"line":820,"column":79}},"780":{"start":{"line":820,"column":42},"end":{"line":820,"column":79}},"781":{"start":{"line":820,"column":55},"end":{"line":820,"column":79}},"782":{"start":{"line":821,"column":18},"end":{"line":828,"column":3}},"783":{"start":{"line":822,"column":2},"end":{"line":828,"column":3}},"784":{"start":{"line":824,"column":6},"end":{"line":824,"column":45}},"785":{"start":{"line":825,"column":6},"end":{"line":825,"column":17}},"786":{"start":{"line":829,"column":19},"end":{"line":830,"column":97}},"787":{"start":{"line":830,"column":2},"end":{"line":830,"column":97}},"788":{"start":{"line":830,"column":32},"end":{"line":830,"column":79}},"789":{"start":{"line":831,"column":21},"end":{"line":840,"column":1}},"790":{"start":{"line":832,"column":2},"end":{"line":832,"column":79}},"791":{"start":{"line":832,"column":23},"end":{"line":832,"column":79}},"792":{"start":{"line":833,"column":2},"end":{"line":839,"column":4}},"793":{"start":{"line":835,"column":6},"end":{"line":837,"column":7}},"794":{"start":{"line":836,"column":75},"end":{"line":836,"column":89}},"795":{"start":{"line":841,"column":13},"end":{"line":842,"column":78}},"796":{"start":{"line":842,"column":2},"end":{"line":842,"column":78}},"797":{"start":{"line":842,"column":29},"end":{"line":842,"column":72}},"798":{"start":{"line":843,"column":15},"end":{"line":846,"column":59}},"799":{"start":{"line":844,"column":2},"end":{"line":846,"column":59}},"800":{"start":{"line":845,"column":17},"end":{"line":845,"column":30}},"801":{"start":{"line":846,"column":27},"end":{"line":846,"column":53}},"802":{"start":{"line":847,"column":27},"end":{"line":847,"column":99}},"803":{"start":{"line":847,"column":39},"end":{"line":847,"column":99}},"804":{"start":{"line":847,"column":46},"end":{"line":847,"column":99}},"805":{"start":{"line":847,"column":67},"end":{"line":847,"column":76}},"806":{"start":{"line":848,"column":22},"end":{"line":848,"column":82}},"807":{"start":{"line":848,"column":34},"end":{"line":848,"column":82}},"808":{"start":{"line":848,"column":55},"end":{"line":848,"column":81}},"809":{"start":{"line":848,"column":68},"end":{"line":848,"column":81}},"810":{"start":{"line":849,"column":18},"end":{"line":854,"column":1}},"811":{"start":{"line":850,"column":21},"end":{"line":851,"column":49}},"812":{"start":{"line":851,"column":4},"end":{"line":851,"column":49}},"813":{"start":{"line":852,"column":2},"end":{"line":852,"column":86}},"814":{"start":{"line":852,"column":31},"end":{"line":852,"column":86}},"815":{"start":{"line":852,"column":53},"end":{"line":852,"column":85}},"816":{"start":{"line":853,"column":2},"end":{"line":853,"column":39}},"817":{"start":{"line":855,"column":17},"end":{"line":855,"column":87}},"818":{"start":{"line":855,"column":24},"end":{"line":855,"column":87}},"819":{"start":{"line":855,"column":45},"end":{"line":855,"column":80}},"820":{"start":{"line":855,"column":65},"end":{"line":855,"column":78}},"821":{"start":{"line":856,"column":15},"end":{"line":863,"column":1}},"822":{"start":{"line":857,"column":26},"end":{"line":857,"column":70}},"823":{"start":{"line":858,"column":19},"end":{"line":858,"column":51}},"824":{"start":{"line":859,"column":12},"end":{"line":861,"column":3}},"825":{"start":{"line":860,"column":14},"end":{"line":860,"column":98}},"826":{"start":{"line":862,"column":2},"end":{"line":862,"column":76}},"827":{"start":{"line":864,"column":20},"end":{"line":870,"column":1}},"828":{"start":{"line":865,"column":16},"end":{"line":865,"column":69}},"829":{"start":{"line":866,"column":2},"end":{"line":866,"column":71}},"830":{"start":{"line":866,"column":25},"end":{"line":866,"column":71}},"831":{"start":{"line":867,"column":19},"end":{"line":867,"column":95}},"832":{"start":{"line":868,"column":12},"end":{"line":868,"column":86}},"833":{"start":{"line":869,"column":2},"end":{"line":869,"column":76}},"834":{"start":{"line":871,"column":15},"end":{"line":877,"column":1}},"835":{"start":{"line":872,"column":12},"end":{"line":872,"column":64}},"836":{"start":{"line":872,"column":58},"end":{"line":872,"column":63}},"837":{"start":{"line":873,"column":13},"end":{"line":873,"column":39}},"838":{"start":{"line":874,"column":21},"end":{"line":874,"column":76}},"839":{"start":{"line":874,"column":70},"end":{"line":874,"column":75}},"840":{"start":{"line":875,"column":2},"end":{"line":875,"column":79}},"841":{"start":{"line":875,"column":31},"end":{"line":875,"column":76}},"842":{"start":{"line":875,"column":53},"end":{"line":875,"column":75}},"843":{"start":{"line":876,"column":2},"end":{"line":876,"column":13}},"844":{"start":{"line":878,"column":18},"end":{"line":881,"column":3}},"845":{"start":{"line":878,"column":26},"end":{"line":881,"column":3}},"846":{"start":{"line":879,"column":2},"end":{"line":881,"column":3}},"847":{"start":{"line":880,"column":4},"end":{"line":880,"column":73}},"848":{"start":{"line":880,"column":36},"end":{"line":880,"column":71}},"849":{"start":{"line":882,"column":13},"end":{"line":887,"column":1}},"850":{"start":{"line":883,"column":17},"end":{"line":883,"column":56}},"851":{"start":{"line":884,"column":15},"end":{"line":884,"column":58}},"852":{"start":{"line":884,"column":36},"end":{"line":884,"column":57}},"853":{"start":{"line":885,"column":2},"end":{"line":885,"column":17}},"854":{"start":{"line":886,"column":2},"end":{"line":886,"column":35}},"855":{"start":{"line":886,"column":22},"end":{"line":886,"column":33}},"856":{"start":{"line":888,"column":20},"end":{"line":896,"column":1}},"857":{"start":{"line":889,"column":16},"end":{"line":889,"column":18}},"858":{"start":{"line":890,"column":15},"end":{"line":892,"column":43}},"859":{"start":{"line":891,"column":20},"end":{"line":891,"column":61}},"860":{"start":{"line":892,"column":22},"end":{"line":892,"column":42}},"861":{"start":{"line":893,"column":2},"end":{"line":893,"column":17}},"862":{"start":{"line":894,"column":2},"end":{"line":894,"column":35}},"863":{"start":{"line":894,"column":22},"end":{"line":894,"column":33}},"864":{"start":{"line":895,"column":2},"end":{"line":895,"column":17}},"865":{"start":{"line":897,"column":20},"end":{"line":904,"column":1}},"866":{"start":{"line":898,"column":16},"end":{"line":898,"column":18}},"867":{"start":{"line":899,"column":19},"end":{"line":899,"column":85}},"868":{"start":{"line":899,"column":42},"end":{"line":899,"column":83}},"869":{"start":{"line":900,"column":15},"end":{"line":900,"column":57}},"870":{"start":{"line":900,"column":36},"end":{"line":900,"column":56}},"871":{"start":{"line":901,"column":2},"end":{"line":901,"column":17}},"872":{"start":{"line":902,"column":2},"end":{"line":902,"column":37}},"873":{"start":{"line":902,"column":24},"end":{"line":902,"column":35}},"874":{"start":{"line":903,"column":2},"end":{"line":903,"column":17}},"875":{"start":{"line":905,"column":15},"end":{"line":913,"column":1}},"876":{"start":{"line":906,"column":17},"end":{"line":906,"column":28}},"877":{"start":{"line":907,"column":11},"end":{"line":907,"column":52}},"878":{"start":{"line":908,"column":2},"end":{"line":908,"column":62}},"879":{"start":{"line":909,"column":17},"end":{"line":909,"column":78}},"880":{"start":{"line":909,"column":70},"end":{"line":909,"column":77}},"881":{"start":{"line":910,"column":15},"end":{"line":910,"column":62}},"882":{"start":{"line":910,"column":36},"end":{"line":910,"column":61}},"883":{"start":{"line":911,"column":2},"end":{"line":911,"column":17}},"884":{"start":{"line":912,"column":2},"end":{"line":912,"column":35}},"885":{"start":{"line":912,"column":22},"end":{"line":912,"column":33}},"886":{"start":{"line":914,"column":22},"end":{"line":914,"column":52}},"887":{"start":{"line":914,"column":29},"end":{"line":914,"column":52}},"888":{"start":{"line":915,"column":27},"end":{"line":918,"column":1}},"889":{"start":{"line":916,"column":10},"end":{"line":916,"column":58}},"890":{"start":{"line":917,"column":2},"end":{"line":917,"column":29}},"891":{"start":{"line":919,"column":30},"end":{"line":920,"column":84}},"892":{"start":{"line":920,"column":2},"end":{"line":920,"column":84}},"893":{"start":{"line":920,"column":34},"end":{"line":920,"column":83}},"894":{"start":{"line":921,"column":29},"end":{"line":921,"column":92}},"895":{"start":{"line":921,"column":43},"end":{"line":921,"column":92}},"896":{"start":{"line":922,"column":28},"end":{"line":922,"column":75}},"897":{"start":{"line":922,"column":42},"end":{"line":922,"column":75}},"898":{"start":{"line":924,"column":22},"end":{"line":928,"column":16}},"899":{"start":{"line":925,"column":2},"end":{"line":928,"column":16}},"900":{"start":{"line":929,"column":14},"end":{"line":929,"column":76}},"901":{"start":{"line":929,"column":31},"end":{"line":929,"column":76}},"902":{"start":{"line":929,"column":44},"end":{"line":929,"column":76}},"903":{"start":{"line":929,"column":67},"end":{"line":929,"column":74}},"904":{"start":{"line":930,"column":30},"end":{"line":949,"column":1}},"905":{"start":{"line":931,"column":16},"end":{"line":931,"column":20}},"906":{"start":{"line":933,"column":15},"end":{"line":936,"column":3}},"907":{"start":{"line":934,"column":4},"end":{"line":934,"column":20}},"908":{"start":{"line":935,"column":4},"end":{"line":935,"column":30}},"909":{"start":{"line":937,"column":16},"end":{"line":940,"column":3}},"910":{"start":{"line":938,"column":4},"end":{"line":938,"column":19}},"911":{"start":{"line":939,"column":4},"end":{"line":939,"column":10}},"912":{"start":{"line":941,"column":14},"end":{"line":946,"column":3}},"913":{"start":{"line":942,"column":4},"end":{"line":945,"column":7}},"914":{"start":{"line":943,"column":6},"end":{"line":943,"column":17}},"915":{"start":{"line":944,"column":6},"end":{"line":944,"column":25}},"916":{"start":{"line":944,"column":19},"end":{"line":944,"column":25}},"917":{"start":{"line":947,"column":2},"end":{"line":947,"column":25}},"918":{"start":{"line":947,"column":17},"end":{"line":947,"column":25}},"919":{"start":{"line":948,"column":2},"end":{"line":948,"column":25}},"920":{"start":{"line":950,"column":17},"end":{"line":951,"column":70}},"921":{"start":{"line":951,"column":2},"end":{"line":951,"column":70}},"922":{"start":{"line":952,"column":25},"end":{"line":953,"column":93}},"923":{"start":{"line":953,"column":2},"end":{"line":953,"column":93}},"924":{"start":{"line":953,"column":36},"end":{"line":953,"column":84}},"925":{"start":{"line":954,"column":20},"end":{"line":955,"column":55}},"926":{"start":{"line":954,"column":49},"end":{"line":954,"column":54}},"927":{"start":{"line":955,"column":2},"end":{"line":955,"column":55}},"928":{"start":{"line":955,"column":24},"end":{"line":955,"column":53}},"929":{"start":{"line":956,"column":22},"end":{"line":962,"column":3}},"930":{"start":{"line":957,"column":2},"end":{"line":962,"column":3}},"931":{"start":{"line":958,"column":4},"end":{"line":961,"column":10}},"932":{"start":{"line":959,"column":6},"end":{"line":959,"column":25}},"933":{"start":{"line":960,"column":6},"end":{"line":960,"column":17}},"934":{"start":{"line":963,"column":15},"end":{"line":963,"column":73}},"935":{"start":{"line":963,"column":32},"end":{"line":963,"column":73}},"936":{"start":{"line":963,"column":58},"end":{"line":963,"column":72}},"937":{"start":{"line":964,"column":15},"end":{"line":970,"column":8}},"938":{"start":{"line":965,"column":2},"end":{"line":970,"column":8}},"939":{"start":{"line":967,"column":6},"end":{"line":967,"column":38}},"940":{"start":{"line":968,"column":6},"end":{"line":968,"column":29}},"941":{"start":{"line":971,"column":23},"end":{"line":971,"column":62}},"942":{"start":{"line":971,"column":30},"end":{"line":971,"column":62}},"943":{"start":{"line":972,"column":19},"end":{"line":979,"column":3}},"944":{"start":{"line":973,"column":2},"end":{"line":979,"column":3}},"945":{"start":{"line":974,"column":19},"end":{"line":977,"column":5}},"946":{"start":{"line":980,"column":22},"end":{"line":980,"column":56}},"947":{"start":{"line":980,"column":29},"end":{"line":980,"column":56}},"948":{"start":{"line":981,"column":14},"end":{"line":981,"column":91}},"949":{"start":{"line":981,"column":35},"end":{"line":981,"column":91}},"950":{"start":{"line":982,"column":17},"end":{"line":996,"column":1}},"951":{"start":{"line":983,"column":17},"end":{"line":987,"column":3}},"952":{"start":{"line":988,"column":2},"end":{"line":995,"column":5}},"953":{"start":{"line":989,"column":4},"end":{"line":991,"column":6}},"954":{"start":{"line":990,"column":6},"end":{"line":990,"column":36}},"955":{"start":{"line":992,"column":4},"end":{"line":994,"column":6}},"956":{"start":{"line":993,"column":6},"end":{"line":993,"column":35}},"957":{"start":{"line":997,"column":28},"end":{"line":997,"column":89}},"958":{"start":{"line":997,"column":34},"end":{"line":997,"column":89}},"959":{"start":{"line":997,"column":57},"end":{"line":997,"column":69}},"960":{"start":{"line":998,"column":15},"end":{"line":998,"column":65}},"961":{"start":{"line":998,"column":22},"end":{"line":998,"column":65}},"962":{"start":{"line":999,"column":19},"end":{"line":1006,"column":1}},"963":{"start":{"line":1000,"column":10},"end":{"line":1000,"column":20}},"964":{"start":{"line":1001,"column":2},"end":{"line":1004,"column":3}},"965":{"start":{"line":1002,"column":14},"end":{"line":1002,"column":45}},"966":{"start":{"line":1003,"column":4},"end":{"line":1003,"column":40}},"967":{"start":{"line":1005,"column":2},"end":{"line":1005,"column":25}},"968":{"start":{"line":1007,"column":20},"end":{"line":1013,"column":1}},"969":{"start":{"line":1008,"column":12},"end":{"line":1008,"column":73}},"970":{"start":{"line":1009,"column":2},"end":{"line":1012,"column":3}},"971":{"start":{"line":1010,"column":4},"end":{"line":1010,"column":46}},"972":{"start":{"line":1011,"column":4},"end":{"line":1011,"column":34}},"973":{"start":{"line":1014,"column":13},"end":{"line":1021,"column":1}},"974":{"start":{"line":1015,"column":12},"end":{"line":1015,"column":25}},"975":{"start":{"line":1016,"column":2},"end":{"line":1020,"column":4}},"976":{"start":{"line":1018,"column":7},"end":{"line":1018,"column":90}},"977":{"start":{"line":1022,"column":24},"end":{"line":1022,"column":95}},"978":{"start":{"line":1022,"column":39},"end":{"line":1022,"column":95}},"979":{"start":{"line":1023,"column":17},"end":{"line":1023,"column":66}},"980":{"start":{"line":1023,"column":41},"end":{"line":1023,"column":65}},"981":{"start":{"line":1024,"column":21},"end":{"line":1024,"column":50}},"982":{"start":{"line":1024,"column":28},"end":{"line":1024,"column":50}},"983":{"start":{"line":1025,"column":14},"end":{"line":1029,"column":40}},"984":{"start":{"line":1026,"column":2},"end":{"line":1029,"column":40}},"985":{"start":{"line":1030,"column":13},"end":{"line":1030,"column":68}},"986":{"start":{"line":1030,"column":24},"end":{"line":1030,"column":68}},"987":{"start":{"line":1030,"column":46},"end":{"line":1030,"column":66}},"988":{"start":{"line":1031,"column":16},"end":{"line":1038,"column":1}},"989":{"start":{"line":1032,"column":10},"end":{"line":1032,"column":20}},"990":{"start":{"line":1033,"column":2},"end":{"line":1036,"column":3}},"991":{"start":{"line":1034,"column":14},"end":{"line":1034,"column":45}},"992":{"start":{"line":1035,"column":4},"end":{"line":1035,"column":40}},"993":{"start":{"line":1037,"column":2},"end":{"line":1037,"column":13}},"994":{"start":{"line":1039,"column":19},"end":{"line":1039,"column":71}},"995":{"start":{"line":1039,"column":36},"end":{"line":1039,"column":71}},"996":{"start":{"line":1039,"column":52},"end":{"line":1039,"column":70}},"997":{"start":{"line":1040,"column":13},"end":{"line":1047,"column":11}},"998":{"start":{"line":1041,"column":2},"end":{"line":1047,"column":11}},"999":{"start":{"line":1048,"column":14},"end":{"line":1048,"column":67}},"1000":{"start":{"line":1048,"column":20},"end":{"line":1048,"column":67}},"1001":{"start":{"line":1048,"column":43},"end":{"line":1048,"column":66}},"1002":{"start":{"line":1049,"column":21},"end":{"line":1052,"column":4}},"1003":{"start":{"line":1050,"column":2},"end":{"line":1052,"column":4}},"1004":{"start":{"line":1053,"column":31},"end":{"line":1053,"column":90}},"1005":{"start":{"line":1053,"column":38},"end":{"line":1053,"column":90}},"1006":{"start":{"line":1053,"column":62},"end":{"line":1053,"column":80}},"1007":{"start":{"line":1054,"column":20},"end":{"line":1058,"column":1}},"1008":{"start":{"line":1055,"column":23},"end":{"line":1055,"column":51}},"1009":{"start":{"line":1056,"column":16},"end":{"line":1056,"column":71}},"1010":{"start":{"line":1056,"column":37},"end":{"line":1056,"column":69}},"1011":{"start":{"line":1057,"column":2},"end":{"line":1057,"column":43}},"1012":{"start":{"line":1059,"column":22},"end":{"line":1064,"column":1}},"1013":{"start":{"line":1060,"column":23},"end":{"line":1060,"column":59}},"1014":{"start":{"line":1061,"column":14},"end":{"line":1061,"column":19}},"1015":{"start":{"line":1062,"column":16},"end":{"line":1062,"column":83}},"1016":{"start":{"line":1062,"column":37},"end":{"line":1062,"column":81}},"1017":{"start":{"line":1063,"column":2},"end":{"line":1063,"column":43}},"1018":{"start":{"line":1065,"column":24},"end":{"line":1069,"column":1}},"1019":{"start":{"line":1066,"column":23},"end":{"line":1066,"column":51}},"1020":{"start":{"line":1067,"column":16},"end":{"line":1067,"column":81}},"1021":{"start":{"line":1067,"column":47},"end":{"line":1067,"column":79}},"1022":{"start":{"line":1068,"column":2},"end":{"line":1068,"column":47}},"1023":{"start":{"line":1070,"column":26},"end":{"line":1078,"column":1}},"1024":{"start":{"line":1071,"column":23},"end":{"line":1071,"column":59}},"1025":{"start":{"line":1072,"column":14},"end":{"line":1072,"column":19}},"1026":{"start":{"line":1073,"column":16},"end":{"line":1076,"column":60}},"1027":{"start":{"line":1076,"column":22},"end":{"line":1076,"column":58}},"1028":{"start":{"line":1077,"column":2},"end":{"line":1077,"column":47}},"1029":{"start":{"line":1079,"column":19},"end":{"line":1079,"column":44}},"1030":{"start":{"line":1079,"column":26},"end":{"line":1079,"column":44}},"1031":{"start":{"line":1080,"column":19},"end":{"line":1080,"column":50}},"1032":{"start":{"line":1080,"column":25},"end":{"line":1080,"column":50}},"1033":{"start":{"line":1080,"column":36},"end":{"line":1080,"column":50}},"1034":{"start":{"line":1081,"column":19},"end":{"line":1085,"column":28}},"1035":{"start":{"line":1082,"column":2},"end":{"line":1085,"column":28}},"1036":{"start":{"line":1083,"column":27},"end":{"line":1083,"column":42}},"1037":{"start":{"line":1084,"column":20},"end":{"line":1084,"column":64}},"1038":{"start":{"line":1085,"column":23},"end":{"line":1085,"column":27}},"1039":{"start":{"line":1086,"column":26},"end":{"line":1092,"column":1}},"1040":{"start":{"line":1087,"column":15},"end":{"line":1087,"column":66}},"1041":{"start":{"line":1087,"column":40},"end":{"line":1087,"column":49}},"1042":{"start":{"line":1088,"column":2},"end":{"line":1091,"column":4}},"1043":{"start":{"line":1089,"column":29},"end":{"line":1089,"column":58}},"1044":{"start":{"line":1089,"column":85},"end":{"line":1089,"column":94}},"1045":{"start":{"line":1093,"column":27},"end":{"line":1102,"column":1}},"1046":{"start":{"line":1094,"column":2},"end":{"line":1094,"column":80}},"1047":{"start":{"line":1094,"column":23},"end":{"line":1094,"column":80}},"1048":{"start":{"line":1095,"column":2},"end":{"line":1101,"column":6}},"1049":{"start":{"line":1099,"column":8},"end":{"line":1099,"column":99}},"1050":{"start":{"line":1099,"column":85},"end":{"line":1099,"column":97}},"1051":{"start":{"line":1103,"column":22},"end":{"line":1103,"column":56}},"1052":{"start":{"line":1103,"column":29},"end":{"line":1103,"column":56}},"1053":{"start":{"line":1104,"column":12},"end":{"line":1104,"column":67}},"1054":{"start":{"line":1104,"column":24},"end":{"line":1104,"column":67}},"1055":{"start":{"line":1104,"column":54},"end":{"line":1104,"column":63}},"1056":{"start":{"line":1105,"column":14},"end":{"line":1106,"column":92}},"1057":{"start":{"line":1106,"column":2},"end":{"line":1106,"column":92}},"1058":{"start":{"line":1106,"column":49},"end":{"line":1106,"column":56}},"1059":{"start":{"line":1106,"column":79},"end":{"line":1106,"column":88}},"1060":{"start":{"line":1107,"column":17},"end":{"line":1111,"column":31}},"1061":{"start":{"line":1108,"column":2},"end":{"line":1111,"column":31}},"1062":{"start":{"line":1110,"column":19},"end":{"line":1110,"column":39}},"1063":{"start":{"line":1111,"column":22},"end":{"line":1111,"column":27}},"1064":{"start":{"line":1112,"column":28},"end":{"line":1116,"column":1}},"1065":{"start":{"line":1113,"column":13},"end":{"line":1113,"column":23}},"1066":{"start":{"line":1114,"column":9},"end":{"line":1114,"column":19}},"1067":{"start":{"line":1115,"column":2},"end":{"line":1115,"column":70}},"1068":{"start":{"line":1115,"column":27},"end":{"line":1115,"column":37}},"1069":{"start":{"line":1115,"column":57},"end":{"line":1115,"column":67}},"1070":{"start":{"line":1117,"column":30},"end":{"line":1121,"column":1}},"1071":{"start":{"line":1118,"column":13},"end":{"line":1118,"column":39}},"1072":{"start":{"line":1118,"column":32},"end":{"line":1118,"column":37}},"1073":{"start":{"line":1119,"column":9},"end":{"line":1119,"column":35}},"1074":{"start":{"line":1119,"column":28},"end":{"line":1119,"column":33}},"1075":{"start":{"line":1120,"column":2},"end":{"line":1120,"column":78}},"1076":{"start":{"line":1120,"column":27},"end":{"line":1120,"column":41}},"1077":{"start":{"line":1120,"column":61},"end":{"line":1120,"column":75}},"1078":{"start":{"line":1122,"column":32},"end":{"line":1125,"column":1}},"1079":{"start":{"line":1122,"column":52},"end":{"line":1125,"column":1}},"1080":{"start":{"line":1123,"column":21},"end":{"line":1123,"column":58}},"1081":{"start":{"line":1123,"column":40},"end":{"line":1123,"column":50}},"1082":{"start":{"line":1124,"column":21},"end":{"line":1124,"column":58}},"1083":{"start":{"line":1124,"column":40},"end":{"line":1124,"column":50}},"1084":{"start":{"line":1126,"column":13},"end":{"line":1126,"column":57}},"1085":{"start":{"line":1126,"column":21},"end":{"line":1126,"column":56}},"1086":{"start":{"line":1127,"column":13},"end":{"line":1127,"column":44}},"1087":{"start":{"line":1127,"column":29},"end":{"line":1127,"column":44}},"1088":{"start":{"line":1128,"column":18},"end":{"line":1128,"column":71}},"1089":{"start":{"line":1128,"column":34},"end":{"line":1128,"column":71}},"1090":{"start":{"line":1129,"column":23},"end":{"line":1130,"column":67}},"1091":{"start":{"line":1130,"column":2},"end":{"line":1130,"column":67}},"1092":{"start":{"line":1130,"column":32},"end":{"line":1130,"column":61}},"1093":{"start":{"line":1131,"column":18},"end":{"line":1134,"column":1}},"1094":{"start":{"line":1132,"column":2},"end":{"line":1132,"column":78}},"1095":{"start":{"line":1132,"column":40},"end":{"line":1132,"column":78}},"1096":{"start":{"line":1132,"column":55},"end":{"line":1132,"column":78}},"1097":{"start":{"line":1133,"column":2},"end":{"line":1133,"column":13}},"1098":{"start":{"line":1135,"column":17},"end":{"line":1154,"column":1}},"1099":{"start":{"line":1137,"column":2},"end":{"line":1153,"column":4}},"1100":{"start":{"line":1138,"column":20},"end":{"line":1138,"column":24}},"1101":{"start":{"line":1139,"column":13},"end":{"line":1139,"column":22}},"1102":{"start":{"line":1140,"column":4},"end":{"line":1152,"column":5}},"1103":{"start":{"line":1141,"column":6},"end":{"line":1141,"column":30}},"1104":{"start":{"line":1142,"column":6},"end":{"line":1142,"column":28}},"1105":{"start":{"line":1143,"column":6},"end":{"line":1143,"column":24}},"1106":{"start":{"line":1145,"column":6},"end":{"line":1145,"column":27}},"1107":{"start":{"line":1146,"column":6},"end":{"line":1151,"column":54}},"1108":{"start":{"line":1147,"column":8},"end":{"line":1150,"column":9}},"1109":{"start":{"line":1148,"column":10},"end":{"line":1148,"column":34}},"1110":{"start":{"line":1149,"column":10},"end":{"line":1149,"column":32}},"1111":{"start":{"line":1155,"column":18},"end":{"line":1160,"column":1}},"1112":{"start":{"line":1156,"column":2},"end":{"line":1156,"column":28}},"1113":{"start":{"line":1157,"column":12},"end":{"line":1157,"column":22}},"1114":{"start":{"line":1158,"column":2},"end"
[...]
61,"245":1,"246":3,"247":361,"248":1,"249":361,"250":3,"251":361,"252":3,"253":361,"254":1,"255":2,"256":1,"257":361,"258":1,"259":2,"260":1,"261":361,"262":2,"263":361,"264":2,"265":2,"266":2,"267":361,"268":9,"269":9,"270":16,"271":9,"272":16,"273":9,"274":8,"275":1,"276":4,"277":4,"278":6,"279":6,"280":1,"281":361,"282":30,"283":14,"284":16,"285":1,"286":15,"287":4,"288":11,"289":0,"290":11,"291":0,"292":11,"293":11,"294":1,"295":10,"296":21,"297":361,"298":1,"299":7,"300":361,"301":1,"302":361,"303":3,"304":16,"305":361,"306":2,"307":6,"308":361,"309":23,"310":1,"311":361,"312":1,"313":6,"314":361,"315":1,"316":7,"317":361,"318":2,"319":10,"320":34,"321":361,"322":1,"323":1,"324":361,"325":1,"326":361,"327":1,"328":4,"329":4,"330":361,"331":1,"332":1,"333":361,"334":3,"335":10,"336":361,"337":6,"338":11,"339":11,"340":4,"341":7,"342":11,"343":361,"344":1,"345":1,"346":361,"347":1,"348":361,"349":1,"350":2,"351":361,"352":1,"353":2,"354":361,"355":3,"356":1,"357":3,"358":3,"359":15,"360":9,"361":361,"362":3,"363":361,"364":3,"365":361,"366":2,"367":5,"368":361,"369":9,"370":10,"371":9,"372":10,"373":361,"374":3,"375":21,"376":361,"377":1,"378":1,"379":3,"380":3,"381":361,"382":1,"383":361,"384":1,"385":361,"386":5,"387":5,"388":5,"389":361,"390":5,"391":361,"392":2,"393":361,"394":1,"395":361,"396":3,"397":361,"398":1,"399":2,"400":361,"401":2,"402":3,"403":6,"404":6,"405":361,"406":1,"407":361,"408":1,"409":361,"410":0,"411":0,"412":361,"413":0,"414":0,"415":0,"416":0,"417":0,"418":0,"419":361,"420":1,"421":1,"422":0,"423":361,"424":8,"425":361,"426":3,"427":3,"428":3,"429":1,"430":3,"431":2,"432":1,"433":3,"434":3,"435":361,"436":1,"437":1,"438":361,"439":2,"440":2,"441":2,"442":0,"443":2,"444":0,"445":2,"446":361,"447":2,"448":2,"449":2,"450":2,"451":0,"452":2,"453":0,"454":2,"455":361,"456":0,"457":0,"458":361,"459":2,"460":2,"461":110,"462":2,"463":361,"464":5,"465":1,"466":5,"467":361,"468":2,"469":361,"470":2,"471":9,"472":361,"473":1,"474":361,"475":2,"476":4,"477":361,"478":3,"479":16,"480":361,"481":3,"482":16,"483":361,"484":2,"485":361,"486":19,"487":17,"488":361,"489":1,"490":361,"491":1,"492":361,"493":1,"494":1,"495":3,"496":361,"497":1,"498":1,"499":2,"500":361,"501":1,"502":5,"503":14,"504":361,"505":2,"506":6,"507":6,"508":6,"509":6,"510":361,"511":16,"512":361,"513":3,"514":361,"515":2,"516":361,"517":4,"518":8,"519":4,"520":361,"521":3,"522":361,"523":2,"524":361,"525":2,"526":361,"527":1,"528":361,"529":1,"530":361,"531":1,"532":361,"533":4,"534":361,"535":10,"536":361,"537":2,"538":361,"539":2,"540":361,"541":3,"542":361,"543":3,"544":361,"545":3,"546":361,"547":2,"548":361,"549":2,"550":361,"551":4,"552":361,"553":4,"554":361,"555":2,"556":361,"557":2,"558":2,"559":3,"560":1,"561":1,"562":361,"563":11,"564":361,"565":3,"566":361,"567":4,"568":361,"569":2,"570":361,"571":11,"572":11,"573":31,"574":31,"575":9,"576":22,"577":1,"578":361,"579":4,"580":361,"581":5,"582":361,"583":1,"584":361,"585":2,"586":361,"587":1,"588":361,"589":3,"590":361,"591":3,"592":3,"593":2,"594":1,"595":361,"596":4,"597":361,"598":3,"599":12,"600":361,"601":8,"602":361,"603":2,"604":16,"605":2,"606":4,"607":2,"608":4,"609":361,"610":8,"611":14,"612":361,"613":1,"614":2,"615":2,"616":361,"617":3,"618":41,"619":3,"620":3,"621":38,"622":3,"623":3,"624":361,"625":1,"626":2,"627":2,"628":361,"629":3,"630":3,"631":11,"632":361,"633":3,"634":12,"635":361,"636":1,"637":2,"638":2,"639":361,"640":3,"641":361,"642":2,"643":3,"644":361,"645":1,"646":1,"647":361,"648":2,"649":4,"650":361,"651":1,"652":361,"653":2,"654":4,"655":361,"656":3,"657":3,"658":13,"659":3,"660":361,"661":1,"662":1,"663":3,"664":1,"665":1,"666":361,"667":1,"668":2,"669":5,"670":5,"671":361,"672":2,"673":4,"674":361,"675":1,"676":361,"677":2,"678":4,"679":361,"680":2,"681":4,"682":4,"683":20020,"684":4,"685":2,"686":361,"687":1,"688":6,"689":361,"690":6,"691":30,"692":5,"693":361,"694":1,"695":361,"696":4,"697":361,"698":2,"699":3,"700":361,"701":4,"702":361,"703":1,"704":2,"705":361,"706":1,"707":2,"708":361,"709":0,"710":0,"711":0,"712":0,"713":0,"714":361,"715":2,"716":361,"717":6,"718":361,"719":1,"720":3,"721":2,"722":361,"723":1,"724":3,"725":1,"726":361,"727":2,"728":1,"729":2,"730":2,"731":1,"732":361,"733":0,"734":0,"735":0,"736":0,"737":0,"738":0,"739":0,"740":0,"741":0,"742":0,"743":0,"744":361,"745":2,"746":2,"747":2,"748":1,"749":1,"750":1,"751":361,"752":2,"753":7,"754":14,"755":9,"756":9,"757":14,"758":361,"759":1,"760":1,"761":2,"762":361,"763":1,"764":1,"765":2,"766":361,"767":4,"768":361,"769":2,"770":2,"771":361,"772":1,"773":2,"774":2,"775":2,"776":361,"777":1,"778":1,"779":361,"780":1,"781":1,"782":361,"783":1,"784":2,"785":2,"786":361,"787":1,"788":10,"789":361,"790":5,"791":4,"792":1,"793":3,"794":6,"795":361,"796":1,"797":2,"798":361,"799":1,"800":3,"801":2,"802":361,"803":1,"804":1,"805":4,"806":361,"807":1,"808":1,"809":1,"810":361,"811":6,"812":6,"813":6,"814":1,"815":1,"816":5,"817":361,"818":1,"819":2,"820":3,"821":361,"822":1,"823":1,"824":1,"825":2,"826":1,"827":361,"828":5,"829":5,"830":2,"831":3,"832":3,"833":3,"834":361,"835":1,"836":9,"837":1,"838":1,"839":2,"840":1,"841":2,"842":14,"843":1,"844":361,"845":2,"846":2,"847":2,"848":0,"849":361,"850":1,"851":1,"852":6,"853":1,"854":1,"855":2,"856":361,"857":1,"858":1,"859":4,"860":4,"861":1,"862":1,"863":2,"864":1,"865":361,"866":1,"867":1,"868":4,"869":1,"870":4,"871":1,"872":1,"873":2,"874":1,"875":361,"876":1,"877":1,"878":1,"879":1,"880":2,"881":1,"882":4,"883":1,"884":1,"885":1,"886":361,"887":1,"888":361,"889":3,"890":3,"891":361,"892":1,"893":10,"894":361,"895":2,"896":361,"897":2,"898":361,"899":0,"900":361,"901":1,"902":1,"903":3,"904":361,"905":0,"906":0,"907":0,"908":0,"909":0,"910":0,"911":0,"912":0,"913":0,"914":0,"915":0,"916":0,"917":0,"918":0,"919":0,"920":361,"921":0,"922":361,"923":1,"924":6,"925":361,"926":2,"927":3,"928":6,"929":361,"930":1,"931":1,"932":2,"933":2,"934":361,"935":2,"936":9,"937":361,"938":1,"939":2,"940":2,"941":361,"942":1,"943":361,"944":1,"945":3,"946":361,"947":1,"948":361,"949":10,"950":361,"951":0,"952":0,"953":0,"954":0,"955":0,"956":0,"957":361,"958":1,"959":2,"960":361,"961":3,"962":361,"963":5,"964":5,"965":16,"966":16,"967":5,"968":361,"969":0,"970":0,"971":0,"972":0,"973":361,"974":1,"975":1,"976":4,"977":361,"978":1,"979":361,"980":0,"981":361,"982":1,"983":361,"984":3,"985":361,"986":1,"987":1,"988":361,"989":4,"990":4,"991":13,"992":13,"993":4,"994":361,"995":1,"996":3,"997":361,"998":2,"999":361,"1000":0,"1001":0,"1002":361,"1003":0,"1004":361,"1005":1,"1006":14,"1007":361,"1008":3,"1009":3,"1010":6,"1011":3,"1012":361,"1013":3,"1014":3,"1015":3,"1016":5,"1017":3,"1018":361,"1019":3,"1020":3,"1021":9,"1022":3,"1023":361,"1024":3,"1025":3,"1026":3,"1027":6,"1028":3,"1029":361,"1030":1,"1031":361,"1032":1,"1033":1,"1034":361,"1035":1,"1036":11,"1037":10,"1038":11,"1039":361,"1040":2,"1041":14,"1042":2,"1043":14,"1044":14,"1045":361,"1046":6,"1047":5,"1048":1,"1049":3,"1050":6,"1051":361,"1052":1,"1053":361,"1054":1,"1055":4,"1056":361,"1057":2,"1058":4,"1059":8,"1060":361,"1061":3,"1062":26,"1063":26,"1064":361,"1065":2,"1066":2,"1067":2,"1068":6,"1069":6,"1070":361,"1071":1,"1072":2,"1073":1,"1074":2,"1075":1,"1076":2,"1077":2,"1078":361,"1079":1,"1080":5,"1081":14,"1082":4,"1083":17,"1084":361,"1085":2,"1086":361,"1087":3,"1088":361,"1089":2,"1090":361,"1091":1,"1092":4,"1093":361,"1094":2,"1095":7,"1096":1,"1097":1,"1098":361,"1099":1,"1100":1,"1101":1,"1102":1,"1103":1,"1104":1,"1105":1,"1106":0,"1107":0,"1108":0,"1109":0,"1110":0,"1111":361,"1112":1,"1113":1,"1114":1,"1115":1,"1116":361,"1117":1,"1118":1,"1119":361,"1120":9,"1121":30,"1122":6,"1123":361,"1124":3,"1125":361,"1126":1,"1127":361,"1128":2,"1129":5,"1130":361,"1131":9,"1132":50,"1133":361,"1134":4,"1135":4,"1136":4,"1137":4,"1138":4,"1139":4,"1140":361,"1141":11,"1142":361,"1143":9,"1144":50,"1145":361,"1146":8,"1147":31,"1148":361,"1149":1,"1150":361,"1151":1,"1152":1,"1153":1,"1154":1,"1155":361,"1156":1,"1157":3,"1158":361,"1159":1,"1160":361,"1161":1,"1162":361,"1163":1,"1164":2,"1165":361,"1166":1,"1167":3,"1168":361,"1169":3,"1170":4,"1171":3,"1172":3,"1173":6,"1174":4,"1175":1,"1176":3,"1177":361,"1178":1,"1179":7,"1180":361,"1181":1,"1182":2,"1183":1,"1184":1,"1185":3,"1186":1,"1187":2,"1188":361,"1189":1,"1190":1,"1191":1,"1192":5,"1193":1,"1194":361,"1195":11,"1196":361,"1197":1,"1198":1,"1199":2,"1200":361,"1201":1,"1202":4,"1203":17,"1204":361,"1205":12,"1206":361,"1207":2,"1208":10,"1209":12,"1210":6,"1211":10,"1212":361,"1213":2,"1214":10,"1215":12,"1216":6,"1217":10,"1218":361,"1219":2,"1220":6,"1221":6,"1222":361,"1223":3,"1224":361,"1225":2,"1226":4,"1227":11,"1228":4,"1229":6,"1230":361,"1231":1,"1232":2,"1233":6,"1234":2,"1235":3,"1236":3,"1237":361,"1238":12,"1239":361,"1240":1,"1241":2,"1242":361,"1243":9,"1244":15,"1245":361,"1246":9,"1247":361,"1248":1,"1249":2,"1250":4,"1251":361,"1252":12,"1253":361,"1254":8,"1255":15,"1256":6,"1257":8,"1258":24,"1259":361,"1260":9,"1261":10,"1262":361,"1263":2,"1264":2,"1265":6,"1266":4,"1267":6,"1268":6,"1269":361,"1270":1,"1271":1,"1272":361,"1273":9,"1274":2,"1275":7,"1276":7,"1277":2,"1278":5,"1279":3,"1280":2,"1281":361,"1282":5,"1283":361,"1284":2,"1285":5,"1286":1,"1287":4,"1288":2,"1289":2,"1290":361,"1291":21,"1292":361,"1293":2,"1294":361,"1295":4,"1296":15,"1297":15,"1298":6,"1299":6,"1300":9,"1301":4,"1302":4,"1303":4,"1304":44,"1305":44,"1306":4,"1307":2,"1308":10,"1309":10,"1310":10,"1311":4,"1312":361,"1313":5,"1314":361,"1315":1,"1316":361,"1317":1,"1318":1,"1319":7,"1320":361,"1321":1,"1322":1,"1323":361,"1324":4,"1325":1,"1326":3,"1327":1,"1328":2,"1329":2,"1330":4,"1331":4,"1332":2,"1333":361,"1334":2,"1335":2,"1336":2,"1337":0,"1338":2,"1339":0,"1340":2,"1341":361,"1342":2,"1343":2,"1344":2,"1345":2,"1346":0,"1347":2,"1348":0,"1349":2,"1350":361,"1351":2,"1352":2,"1353":6,"1354":361,"1355":2,"1356":10,"1357":361,"1358":1,"1359":361,"1360":3,"1361":1,"1362":2,"1363":1,"1364":1,"1365":26,"1366":1,"1367":19,"1368":1,"1369":25,"1370":450,"1371":45,"1372":405,"1373":1,"1374":361,"1375":1,"1376":361,"1377":1,"1378":361,"1379":51,"1380":53,"1381":53,"1382":361,"1383":2,"1384":361,"1385":2,"1386":1,"1387":3,"1388":2,"1389":1,"1390":1,"1391":2,"1392":18,"1393":2,"1394":18,"1395":10,"1396":8,"1397":8,"1398":8,"1399":0,"1400":2,"1401":2,"1402":0,"1403":361,"1404":0,"1405":0,"1406":0,"1407":361,"1408":1,"1409":3,"1410":361},"f":{"0":4,"1":8,"2":2,"3":4,"4":8,"5":0,"6":2,"7":8,"8":16,"9":1,"10":2,"11":0,"12":0,"13":1,"14":31,"15":8,"16":9,"17":24,"18":5,"19":4,"20":2,"21":4,"22":8,"23":0,"24":0,"25":0,"26":1,"27":3,"28":2,"29":2,"30":11,"31":34,"32":2,"33":4,"34":8,"35":1,"36":4,"37":1,"38":4,"39":1,"40":1,"41":1,"42":1,"43":1,"44":1,"45":1,"46":7,"47":1,"48":1,"49":3,"50":1,"51":1,"52":4,"53":3,"54":3,"55":5,"56":1,"57":3,"58":9,"59":14,"60":1,"61":1,"62":1,"63":3,"64":1,"65":1,"66":1,"67":1,"68":1,"69":1,"70":1,"71":1,"72":1,"73":1,"74":1,"75":1,"76":2,"77":2,"78":4,"79":2,"80":2,"81":3,"82":6,"83":1,"84":6,"85":3,"86":0,"87":1,"88":1,"89":0,"90":1,"91":1,"92":7,"93":0,"94":1,"95":0,"96":0,"97":2,"98":4,"99":6,"100":4,"101":8,"102":4,"103":3,"104":1,"105":0,"106":1,"107":1,"108":0,"109":1,"110":3,"111":2,"112":4,"113":1,"114":5,"115":12,"116":13,"117":15,"118":1,"119":3,"120":1,"121":3,"122":3,"123":1,"124":1,"125":2,"126":2,"127":9,"128":16,"129":16,"130":30,"131":21,"132":1,"133":7,"134":1,"135":3,"136":16,"137":2,"138":6,"139":23,"140":1,"141":1,"142":6,"143":1,"144":7,"145":2,"146":10,"147":34,"148":1,"149":1,"150":1,"151":1,"152":4,"153":4,"154":1,"155":1,"156":3,"157":10,"158":6,"159":11,"160":1,"161":1,"162":1,"163":1,"164":2,"165":1,"166":2,"167":3,"168":15,"169":9,"170":3,"171":3,"172":2,"173":5,"174":9,"175":10,"176":10,"177":3,"178":21,"179":1,"180":1,"181":3,"182":3,"183":1,"184":1,"185":5,"186":5,"187":5,"188":2,"189":1,"190":3,"191":1,"192":2,"193":2,"194":3,"195":6,"196":1,"197":1,"198":0,"199":0,"200":0,"201":0,"202":1,"203":1,"204":0,"205":8,"206":3,"207":3,"208":1,"209":1,"210":2,"211":0,"212":0,"213":2,"214":0,"215":0,"216":0,"217":2,"218":5,"219":2,"220":2,"221":9,"222":1,"223":2,"224":4,"225":3,"226":16,"227":3,"228":16,"229":2,"230":19,"231":17,"232":1,"233":1,"234":1,"235":3,"236":1,"237":2,"238":1,"239":5,"240":14,"241":2,"242":6,"243":16,"244":3,"245":2,"246":4,"247":8,"248":3,"249":2,"250":2,"251":1,"252":1,"253":1,"254":4,"255":10,"256":2,"257":2,"258":3,"259":3,"260":3,"261":2,"262":2,"263":4,"264":4,"265":2,"266":2,"267":11,"268":3,"269":4,"270":2,"271":11,"272":4,"273":5,"274":1,"275":2,"276":1,"277":3,"278":3,"279":4,"280":3,"281":12,"282":8,"283":2,"284":16,"285":4,"286":4,"287":8,"288":14,"289":1,"290":2,"291":3,"292":41,"293":38,"294":1,"295":2,"296":3,"297":3,"298":11,"299":3,"300":12,"301":1,"302":2,"303":3,"304":2,"305":3,"306":1,"307":1,"308":2,"309":4,"310":1,"311":2,"312":4,"313":3,"314":13,"315":1,"316":3,"317":1,"318":2,"319":5,"320":2,"321":4,"322":1,"323":2,"324":4,"325":2,"326":4,"327":1,"328":6,"329":6,"330":30,"331":5,"332":1,"333":4,"334":2,"335":3,"336":4,"337":1,"338":2,"339":1,"340":2,"341":0,"342":0,"343":0,"344":2,"345":6,"346":1,"347":3,"348":2,"349":1,"350":3,"351":1,"352":2,"353":1,"354":0,"355":0,"356":0,"357":2,"358":2,"359":2,"360":7,"361":14,"362":1,"363":1,"364":2,"365":1,"366":1,"367":2,"368":4,"369":2,"370":1,"371":2,"372":2,"373":1,"374":1,"375":1,"376":1,"377":1,"378":2,"379":1,"380":10,"381":5,"382":3,"383":6,"384":1,"385":2,"386":1,"387":3,"388":2,"389":1,"390":1,"391":4,"392":1,"393":1,"394":1,"395":6,"396":6,"397":1,"398":1,"399":2,"400":3,"401":1,"402":2,"403":5,"404":1,"405":9,"406":2,"407":2,"408":14,"409":2,"410":2,"411":2,"412":0,"413":1,"414":6,"415":2,"416":1,"417":4,"418":4,"419":2,"420":1,"421":4,"422":4,"423":2,"424":1,"425":2,"426":4,"427":1,"428":1,"429":3,"430":1,"431":10,"432":2,"433":2,"434":0,"435":1,"436":1,"437":3,"438":0,"439":0,"440":0,"441":0,"442":0,"443":0,"444":1,"445":6,"446":3,"447":2,"448":6,"449":1,"450":1,"451":2,"452":2,"453":9,"454":1,"455":2,"456":1,"457":1,"458":3,"459":1,"460":10,"461":0,"462":0,"463":0,"464":0,"465":1,"466":2,"467":3,"468":5,"469":0,"470":1,"471":4,"472":1,"473":0,"474":1,"475":3,"476":1,"477":1,"478":4,"479":1,"480":3,"481":2,"482":0,"483":0,"484":0,"485":1,"486":14,"487":3,"488":6,"489":3,"490":5,"491":3,"492":9,"493":3,"494":6,"495":1,"496":1,"497":1,"498":1,"499":11,"500":10,"501":11,"502":2,"503":14,"504":14,"505":14,"506":6,"507":3,"508":6,"509":1,"510":1,"511":4,"512":2,"513":4,"514":8,"515":3,"516":26,"517":26,"518":2,"519":6,"520":6,"521":1,"522":2,"523":2,"524":2,"525":2,"526":1,"527":5,"528":14,"529":4,"530":17,"531":2,"532":3,"533":2,"534":1,"535":4,"536":2,"537":1,"538":1,"539":0,"540":1,"541":1,"542":9,"543":30,"544":3,"545":1,"546":2,"547":5,"548":9,"549":50,"550":4,"551":11,"552":9,"553":50,"554":8,"555":31,"556":1,"557":1,"558":1,"559":3,"560":1,"561":1,"562":1,"563":2,"564":1,"565":3,"566":3,"567":4,"568":3,"569":3,"570":6,"571":1,"572":7,"573":1,"574":2,"575":3,"576":1,"577":11,"578":1,"579":2,"580":1,"581":4,"582":17,"583":12,"584":2,"585":10,"586":12,"587":2,"588":10,"589":12,"590":2,"591":6,"592":6,"593":3,"594":2,"595":4,"596":11,"597":4,"598":6,"599":1,"600":2,"601":6,"602":2,"603":3,"604":3,"605":12,"606":1,"607":2,"608":9,"609":15,"610":9,"611":1,"612":2,"613":4,"614":12,"615":8,"616":15,"617":8,"618":24,"619":9,"620":10,"621":2,"622":6,"623":4,"624":6,"625":6,"626":1,"627":9,"628":5,"629":2,"630":5,"631":21,"632":2,"633":4,"634":15,"635":44,"636":44,"637":10,"638":5,"639":1,"640":1,"641":7,"642":1,"643":4,"644":2,"645":0,"646":0,"647":2,"648":0,"649":0,"650":2,"651":2,"652":6,"653":2,"654":10,"655":1,"656":3,"657":26,"658":19,"659":1,"660":1,"661":51,"662":53,"663":53,"664":2,"665":2,"666":1,"667":3,"668":2,"669":1,"670":1,"671":18,"672":18,"673":0,"674":1,"675":3},"b":{"0":[361,361],"1":[361,361],"2":[1],"3":[2],"4":[2,2],"5":[1],"6":[1],"7":[8,8],"8":[4,12],"9":[6],"10":[3],"11":[3],"12":[1],"13":[1,0],"14":[1,1],"15":[3,1],"16":[3,1],"17":[2,5],"18":[7,6],"19":[1,4],"20":[5,4],"21":[1,3],"22":[4,3],"23":[1,2],"24":[3,2],"25":[1,1],"26":[1,1],"27":[1],"28":[3,1],"29":[2,3],"30":[1,1],"31":[1,1],"32":[1,1],"33":[6,4],"34":[3,3],"35":[1],"36":[1],"37":[1,2],"38":[0,0],"39":[0,0],"40":[1,1],"41":[1,0],"42":[1,0],"43":[1,0],"44":[1],"45":[2,5],"46":[1],"47":[1],"48":[1,1],"49":[2,4],"50":[1,3],"51":[1,1],"52":[3,5],"53":[4,4],"54":[2,1],"55":[3,1],"56":[0,0],"57":[3,10],"58":[0,15],"59":[9,6],"60":[1],"61":[1],"62":[3,3],"63":[3,3],"64":[2,2],"65":[1],"66":[1,1],"67":[1,0,1,0,0,0,0,0],"68":[1,1,1,1],"69":[2],"70":[16,16],"71":[8,8],"72":[8,8],"73":[8,1],"74":[14,16],"75":[1,15],"76":[16,1],"77":[4,11],"78":[15,13,13,2],"79":[0,11],"80":[11,11,11,11],"81":[0,11],"82":[1,10],"83":[7,0],"84":[1,1],"85":[1,22],"86":[5,17],"87":[4,2],"88":[1],"89":[1,9],"90":[10,3],"91":[2],"92":[5,6],"93":[4,7],"94":[1,2],"95":[5,4],"96":[1],"97":[1],"98":[1,1],"99":[3,7],"100":[1],"101":[2],"102":[3,3],"103":[1],"104":[2,3],"105":[1,4],"106":[5,4],"107":[1,3],"108":[1,2],"109":[1],"110":[1,1],"111":[1,1],"112":[1,2],"113":[1,1],"114":[1,0],"115":[1,1],"116":[6,4],"117":[1,0],"118":[0,0],"119":[2,1],"120":[1,2],"121":[1,1],"122":[1,2],"123":[1,2],"124":[1,2],"125":[1,2],"126":[1,2],"127":[1,2],"128":[1,2],"129":[1],"130":[2],"131":[0,0],"132":[1],"133":[2],"134":[1,4],"135":[5,3],"136":[2,3],"137":[2,2],"138":[3,2],"139":[1],"140":[2,7],"141":[1],"142":[1],"143":[2],"144":[1],"145":[2],"146":[1],"147":[11,8],"148":[3,3],"149":[6,4],"150":[16,16],"151":[3,2],"152":[4,4,4,3,2,2,1],"153":[10,10],"154":[10,0],"155":[3,2],"156":[3,2],"157":[4,3],"158":[2,2,2],"159":[1,2],"160":[3,3,1,3],"161":[4,4,4,3,2],"162":[7,24],"163":[9,22],"164":[1,8],"165":[1,21],"166":[4,4,4],"167":[2,2],"168":[4,4,4,3,2],"169":[1],"170":[2],"171":[3,9],"172":[3,6],"173":[4,12],"174":[8,5],"175":[18,20],"176":[20,1],"177":[1],"178":[2],"179":[3,2],"180":[1,0],"181":[1,1],"182":[1,1],"183":[1],"184":[2,1],"185":[1,2],"186":[2,2],"187":[2,3],"188":[1,1],"189":[1],"190":[1],"191":[1],"192":[6],"193":[2],"194":[1],"195":[1,3],"196":[1],"197":[1],"198":[1,1],"199":[1,1],"200":[2,2],"201":[1,1],"202":[0,0],"203":[0,0],"204":[1,1],"205":[9,5],"206":[1,8],"207":[9,4],"208":[4,5],"209":[3,2],"210":[3],"211":[1,1],"212":[5,5],"213":[1,9],"214":[4,1],"215":[3,1],"216":[2,2],"217":[4],"218":[0],"219":[2,4],"220":[1,5],"221":[1,1],"222":[1,0],"223":[0,1],"224":[1],"225":[2],"226":[2,3],"227":[1,1],"228":[1,2],"229":[1,2],"230":[1,2],"231":[2,1],"232":[14,7],"233":[0,0],"234":[0,1],"235":[2,2],"236":[2,2],"237":[1,0],"238":[1,0],"239":[1,0],"240":[0],"241":[0],"242":[0,0],"243":[0,0],"244":[0],"245":[0,0],"246":[1],"247":[2,4],"248":[1,0],"249":[3,1],"250":[4],"251":[1],"252":[0,0],"253":[0,0],"254":[0],"255":[0],"256":[1,1],"257":[1,0],"258":[1,1],"259":[1,1,1],"260":[0,0],"261":[2,4],"262":[1,2],"263":[2,3],"264":[1,2],"265":[2,7],"266":[1,2],"267":[2,4],"268":[1,2],"269":[10,10],"270":[1],"271":[1,1],"272":[5,1],"273":[3,2],"274":[1,1],"275":[1],"276":[2],"277":[1,1],"278":[1],"279":[1],"280":[2,2],"281":[1,6],"282":[1,0],"283":[0,0],"284":[1],"285":[5,5],"286":[9,8],"287":[2],"288":[4,1],"289":[9,8],"290":[2,2],"291":[4,2],"292":[9,8],"293":[1],"294":[1,0],"295":[1,0],"296":[1,0],"297":[1],"298":[1,3],"299":[7,0],"300":[1,1],"301":[2,1],"302":[6,4],"303":[6,4],"304":[12,7,6],"305":[1,1],"306":[9],"307":[9],"308":[2,10],"309":[1,9],"310":[1,1],"311":[2,2],"312":[4],"313":[4],"314":[2,7],"315":[2,5],"316":[3,2],"317":[0],"318":[1,4],"319":[2,2],"320":[14,7],"321":[2,1],"322":[2],"323":[6,0],"324":[2,2],"325":[20,24],"326":[2,2],"327":[2,2],"328":[5,2],"329":[1,3],"330":[4,4],"331":[1,2],"332":[1],"333":[2],"334":[3,7],"335":[10,0],"336":[1,2],"337":[1,1],"338":[45,405],"339":[1,1],"340":[27,24],"341":[0,53],"342":[53,0],"343":[1],"344":[18,18],"345":[10,8],"346":[18,10],"347":[8,0],"348":[2,0]},"_coverageSchema":"332fd63041d2c1bcb487cc26dd0d5f7d97098a6c","hash":"df3e3552068c3541ee90e3c8c3e566b55c197ecc"}
}
