TN:
SF:/home/travis/build/30-seconds/30-seconds-of-code/test/_30s.js
FN:4,(anonymous_0)
FN:8,(anonymous_1)
FN:9,(anonymous_2)
FN:14,(anonymous_3)
FN:16,(anonymous_4)
FN:20,(anonymous_5)
FN:22,(anonymous_6)
FN:25,(anonymous_7)
FN:27,(anonymous_8)
FN:32,(anonymous_9)
FN:33,(anonymous_10)
FN:42,(anonymous_11)
FN:43,(anonymous_12)
FN:47,(anonymous_13)
FN:48,(anonymous_14)
FN:51,(anonymous_15)
FN:52,(anonymous_16)
FN:52,(anonymous_17)
FN:53,(anonymous_18)
FN:54,(anonymous_19)
FN:55,(anonymous_20)
FN:56,(anonymous_21)
FN:56,(anonymous_22)
FN:57,(anonymous_23)
FN:58,(anonymous_24)
FN:60,(anonymous_25)
FN:62,(anonymous_26)
FN:62,(anonymous_27)
FN:63,(anonymous_28)
FN:64,(anonymous_29)
FN:71,(anonymous_30)
FN:71,(anonymous_31)
FN:72,(anonymous_32)
FN:73,(anonymous_33)
FN:73,(anonymous_34)
FN:75,(anonymous_35)
FN:76,(anonymous_36)
FN:77,(anonymous_37)
FN:78,(anonymous_38)
FN:79,(anonymous_39)
FN:79,(anonymous_40)
FN:80,(anonymous_41)
FN:82,(anonymous_42)
FN:84,(anonymous_43)
FN:89,(anonymous_44)
FN:89,(anonymous_45)
FN:91,(anonymous_46)
FN:101,(anonymous_47)
FN:104,(anonymous_48)
FN:105,(anonymous_49)
FN:106,(anonymous_50)
FN:106,(anonymous_51)
FN:107,(anonymous_52)
FN:109,(anonymous_53)
FN:109,(anonymous_54)
FN:110,(anonymous_55)
FN:111,(anonymous_56)
FN:113,(anonymous_57)
FN:116,(anonymous_58)
FN:117,(anonymous_59)
FN:120,(anonymous_60)
FN:121,(anonymous_61)
FN:122,(anonymous_62)
FN:122,(anonymous_63)
FN:123,(anonymous_64)
FN:123,(anonymous_65)
FN:124,(anonymous_66)
FN:124,(anonymous_67)
FN:125,(anonymous_68)
FN:143,(anonymous_69)
FN:144,(anonymous_70)
FN:144,(anonymous_71)
FN:144,(anonymous_72)
FN:145,(anonymous_73)
FN:145,(anonymous_74)
FN:145,(anonymous_75)
FN:146,(anonymous_76)
FN:146,(anonymous_77)
FN:146,(anonymous_78)
FN:147,(anonymous_79)
FN:164,(anonymous_80)
FN:165,(anonymous_81)
FN:165,(anonymous_82)
FN:169,(anonymous_83)
FN:169,(anonymous_84)
FN:170,(anonymous_85)
FN:173,(anonymous_86)
FN:181,(anonymous_87)
FN:186,(anonymous_88)
FN:189,(anonymous_89)
FN:196,(anonymous_90)
FN:200,(anonymous_91)
FN:201,(anonymous_92)
FN:203,(anonymous_93)
FN:205,(anonymous_94)
FN:207,(anonymous_95)
FN:209,(anonymous_96)
FN:212,(anonymous_97)
FN:214,(anonymous_98)
FN:217,(anonymous_99)
FN:221,(anonymous_100)
FN:221,(anonymous_101)
FN:222,(anonymous_102)
FN:224,(anonymous_103)
FN:227,(anonymous_104)
FN:228,(anonymous_105)
FN:229,(anonymous_106)
FN:230,(anonymous_107)
FN:231,(anonymous_108)
FN:235,(anonymous_109)
FN:237,(anonymous_110)
FN:239,(anonymous_111)
FN:241,(anonymous_112)
FN:243,(anonymous_113)
FN:243,(anonymous_114)
FN:243,(anonymous_115)
FN:244,(anonymous_116)
FN:247,(anonymous_117)
FN:251,(anonymous_118)
FN:251,(anonymous_119)
FN:252,(anonymous_120)
FN:253,(anonymous_121)
FN:254,(anonymous_122)
FN:255,(anonymous_123)
FN:259,(anonymous_124)
FN:263,(anonymous_125)
FN:264,(anonymous_126)
FN:272,(anonymous_127)
FN:274,(anonymous_128)
FN:275,(anonymous_129)
FN:288,(anonymous_130)
FN:296,(anonymous_131)
FN:298,(anonymous_132)
FN:301,(anonymous_133)
FN:310,(anonymous_134)
FN:311,(anonymous_135)
FN:311,(anonymous_136)
FN:312,(anonymous_137)
FN:317,(anonymous_138)
FN:319,(anonymous_139)
FN:321,(anonymous_140)
FN:327,(anonymous_141)
FN:329,(anonymous_142)
FN:332,(anonymous_143)
FN:332,(anonymous_144)
FN:333,(anonymous_145)
FN:334,(anonymous_146)
FN:334,(anonymous_147)
FN:335,(anonymous_148)
FN:335,(anonymous_149)
FN:336,(anonymous_150)
FN:337,(anonymous_151)
FN:339,(anonymous_152)
FN:340,(anonymous_153)
FN:342,(anonymous_154)
FN:345,(anonymous_155)
FN:346,(anonymous_156)
FN:347,(anonymous_157)
FN:348,(anonymous_158)
FN:349,(anonymous_159)
FN:355,(anonymous_160)
FN:355,(anonymous_161)
FN:356,(anonymous_162)
FN:361,(anonymous_163)
FN:361,(anonymous_164)
FN:362,(anonymous_165)
FN:365,(anonymous_166)
FN:366,(anonymous_167)
FN:376,(anonymous_168)
FN:377,(anonymous_169)
FN:380,(anonymous_170)
FN:385,(anonymous_171)
FN:386,(anonymous_172)
FN:390,(anonymous_173)
FN:391,(anonymous_174)
FN:392,(anonymous_175)
FN:393,(anonymous_176)
FN:395,(anonymous_177)
FN:397,(anonymous_178)
FN:399,(anonymous_179)
FN:400,(anonymous_180)
FN:404,(anonymous_181)
FN:405,(anonymous_182)
FN:407,(anonymous_183)
FN:408,(anonymous_184)
FN:410,(anonymous_185)
FN:411,(anonymous_186)
FN:414,(anonymous_187)
FN:422,(anonymous_188)
FN:426,(anonymous_189)
FN:427,(anonymous_190)
FN:429,(anonymous_191)
FN:431,(anonymous_192)
FN:434,(anonymous_193)
FN:435,(anonymous_194)
FN:435,(anonymous_195)
FN:439,(anonymous_196)
FN:440,(anonymous_197)
FN:441,(anonymous_198)
FN:442,(anonymous_199)
FN:443,(anonymous_200)
FN:444,(anonymous_201)
FN:452,(anonymous_202)
FN:453,(anonymous_203)
FN:455,(anonymous_204)
FN:465,(anonymous_205)
FN:466,(anonymous_206)
FN:469,(anonymous_207)
FN:485,(anonymous_208)
FN:485,(anonymous_209)
FN:486,(anonymous_210)
FN:489,(anonymous_211)
FN:490,(anonymous_212)
FN:493,(anonymous_213)
FN:497,(anonymous_214)
FN:498,(anonymous_215)
FN:501,(anonymous_216)
FN:504,(anonymous_217)
FN:509,(anonymous_218)
FN:513,(anonymous_219)
FN:514,(anonymous_220)
FN:514,(anonymous_221)
FN:515,(anonymous_222)
FN:516,(anonymous_223)
FN:517,(anonymous_224)
FN:518,(anonymous_225)
FN:519,(anonymous_226)
FN:520,(anonymous_227)
FN:522,(anonymous_228)
FN:524,(anonymous_229)
FN:525,(anonymous_230)
FN:528,(anonymous_231)
FN:529,(anonymous_232)
FN:530,(anonymous_233)
FN:531,(anonymous_234)
FN:533,(anonymous_235)
FN:535,(anonymous_236)
FN:537,(anonymous_237)
FN:539,(anonymous_238)
FN:539,(anonymous_239)
FN:539,(anonymous_240)
FN:540,(anonymous_241)
FN:541,(anonymous_242)
FN:547,(anonymous_243)
FN:548,(anonymous_244)
FN:549,(anonymous_245)
FN:550,(anonymous_246)
FN:551,(anonymous_247)
FN:560,(anonymous_248)
FN:561,(anonymous_249)
FN:562,(anonymous_250)
FN:563,(anonymous_251)
FN:564,(anonymous_252)
FN:565,(anonymous_253)
FN:566,(anonymous_254)
FN:574,(anonymous_255)
FN:575,(anonymous_256)
FN:576,(anonymous_257)
FN:577,(anonymous_258)
FN:578,(anonymous_259)
FN:579,(anonymous_260)
FN:580,(anonymous_261)
FN:581,(anonymous_262)
FN:582,(anonymous_263)
FN:583,(anonymous_264)
FN:584,(anonymous_265)
FN:589,(anonymous_266)
FN:590,(anonymous_267)
FN:594,(anonymous_268)
FN:600,(anonymous_269)
FN:601,(anonymous_270)
FN:609,(anonymous_271)
FN:610,(anonymous_272)
FN:611,(anonymous_273)
FN:612,(anonymous_274)
FN:613,(anonymous_275)
FN:614,(anonymous_276)
FN:615,(anonymous_277)
FN:623,(anonymous_278)
FN:629,(anonymous_279)
FN:631,(anonymous_280)
FN:639,(anonymous_281)
FN:640,(anonymous_282)
FN:641,(anonymous_283)
FN:642,(anonymous_284)
FN:643,(anonymous_285)
FN:645,(anonymous_286)
FN:645,(anonymous_287)
FN:646,(anonymous_288)
FN:647,(anonymous_289)
FN:651,(anonymous_290)
FN:655,(anonymous_291)
FN:657,(anonymous_292)
FN:661,(anonymous_293)
FN:662,(anonymous_294)
FN:666,(anonymous_295)
FN:667,(anonymous_296)
FN:668,(anonymous_297)
FN:670,(anonymous_298)
FN:673,(anonymous_299)
FN:675,(anonymous_300)
FN:676,(anonymous_301)
FN:680,(anonymous_302)
FN:681,(anonymous_303)
FN:682,(anonymous_304)
FN:683,(anonymous_305)
FN:685,(anonymous_306)
FN:690,(anonymous_307)
FN:690,(anonymous_308)
FN:691,(anonymous_309)
FN:692,(anonymous_310)
FN:692,(anonymous_311)
FN:693,(anonymous_312)
FN:695,(anonymous_313)
FN:698,(anonymous_314)
FN:700,(anonymous_315)
FN:706,(anonymous_316)
FN:708,(anonymous_317)
FN:709,(anonymous_318)
FN:715,(anonymous_319)
FN:715,(anonymous_320)
FN:716,(anonymous_321)
FN:717,(anonymous_322)
FN:717,(anonymous_323)
FN:718,(anonymous_324)
FN:719,(anonymous_325)
FN:726,(anonymous_326)
FN:726,(anonymous_327)
FN:727,(anonymous_328)
FN:729,(anonymous_329)
FN:730,(anonymous_330)
FN:731,(anonymous_331)
FN:732,(anonymous_332)
FN:733,(anonymous_333)
FN:733,(anonymous_334)
FN:734,(anonymous_335)
FN:735,(anonymous_336)
FN:735,(anonymous_337)
FN:736,(anonymous_338)
FN:736,(anonymous_339)
FN:737,(anonymous_340)
FN:738,(anonymous_341)
FN:738,(anonymous_342)
FN:755,(anonymous_343)
FN:756,(anonymous_344)
FN:757,(anonymous_345)
FN:759,(anonymous_346)
FN:760,(anonymous_347)
FN:761,(anonymous_348)
FN:763,(anonymous_349)
FN:764,(anonymous_350)
FN:765,(anonymous_351)
FN:766,(anonymous_352)
FN:770,(anonymous_353)
FN:773,(anonymous_354)
FN:779,(anonymous_355)
FN:784,(anonymous_356)
FN:786,(anonymous_357)
FN:792,(anonymous_358)
FN:793,(anonymous_359)
FN:794,(anonymous_360)
FN:802,(anonymous_361)
FN:802,(anonymous_362)
FN:802,(anonymous_363)
FN:803,(anonymous_364)
FN:803,(anonymous_365)
FN:803,(anonymous_366)
FN:804,(anonymous_367)
FN:806,(anonymous_368)
FN:810,(anonymous_369)
FN:813,(anonymous_370)
FN:814,(anonymous_371)
FN:818,(anonymous_372)
FN:818,(anonymous_373)
FN:819,(anonymous_374)
FN:819,(anonymous_375)
FN:820,(anonymous_376)
FN:822,(anonymous_377)
FN:828,(anonymous_378)
FN:829,(anonymous_379)
FN:830,(anonymous_380)
FN:833,(anonymous_381)
FN:835,(anonymous_382)
FN:840,(anonymous_383)
FN:841,(anonymous_384)
FN:842,(anonymous_385)
FN:844,(anonymous_386)
FN:845,(anonymous_387)
FN:846,(anonymous_388)
FN:846,(anonymous_389)
FN:846,(anonymous_390)
FN:847,(anonymous_391)
FN:847,(anonymous_392)
FN:847,(anonymous_393)
FN:848,(anonymous_394)
FN:849,(anonymous_395)
FN:851,(anonymous_396)
FN:854,(anonymous_397)
FN:854,(anonymous_398)
FN:854,(anonymous_399)
FN:855,(anonymous_400)
FN:859,(anonymous_401)
FN:863,(anonymous_402)
FN:870,(anonymous_403)
FN:871,(anonymous_404)
FN:873,(anonymous_405)
FN:874,(anonymous_406)
FN:874,(anonymous_407)
FN:877,(anonymous_408)
FN:877,(anonymous_409)
FN:878,(anonymous_410)
FN:879,(anonymous_411)
FN:881,(anonymous_412)
FN:883,(anonymous_413)
FN:885,(anonymous_414)
FN:887,(anonymous_415)
FN:890,(anonymous_416)
FN:891,(anonymous_417)
FN:893,(anonymous_418)
FN:896,(anonymous_419)
FN:898,(anonymous_420)
FN:899,(anonymous_421)
FN:901,(anonymous_422)
FN:904,(anonymous_423)
FN:908,(anonymous_424)
FN:909,(anonymous_425)
FN:911,(anonymous_426)
FN:913,(anonymous_427)
FN:914,(anonymous_428)
FN:918,(anonymous_429)
FN:919,(anonymous_430)
FN:920,(anonymous_431)
FN:921,(anonymous_432)
FN:923,(anonymous_433)
FN:928,(anonymous_434)
FN:928,(anonymous_435)
FN:928,(anonymous_436)
FN:929,(anonymous_437)
FN:932,(anonymous_438)
FN:936,(anonymous_439)
FN:940,(anonymous_440)
FN:941,(anonymous_441)
FN:949,(anonymous_442)
FN:951,(anonymous_443)
FN:952,(anonymous_444)
FN:953,(anonymous_445)
FN:953,(anonymous_446)
FN:954,(anonymous_447)
FN:955,(anonymous_448)
FN:956,(anonymous_449)
FN:957,(anonymous_450)
FN:962,(anonymous_451)
FN:962,(anonymous_452)
FN:963,(anonymous_453)
FN:965,(anonymous_454)
FN:970,(anonymous_455)
FN:971,(anonymous_456)
FN:973,(anonymous_457)
FN:979,(anonymous_458)
FN:980,(anonymous_459)
FN:981,(anonymous_460)
FN:987,(anonymous_461)
FN:988,(anonymous_462)
FN:991,(anonymous_463)
FN:996,(anonymous_464)
FN:996,(anonymous_465)
FN:997,(anonymous_466)
FN:998,(anonymous_467)
FN:1006,(anonymous_468)
FN:1013,(anonymous_469)
FN:1016,(anonymous_470)
FN:1021,(anonymous_471)
FN:1022,(anonymous_472)
FN:1023,(anonymous_473)
FN:1024,(anonymous_474)
FN:1029,(anonymous_475)
FN:1029,(anonymous_476)
FN:1030,(anonymous_477)
FN:1038,(anonymous_478)
FN:1038,(anonymous_479)
FN:1039,(anonymous_480)
FN:1047,(anonymous_481)
FN:1047,(anonymous_482)
FN:1048,(anonymous_483)
FN:1052,(anonymous_484)
FN:1052,(anonymous_485)
FN:1053,(anonymous_486)
FN:1055,(anonymous_487)
FN:1058,(anonymous_488)
FN:1061,(anonymous_489)
FN:1064,(anonymous_490)
FN:1066,(anonymous_491)
FN:1069,(anonymous_492)
FN:1075,(anonymous_493)
FN:1078,(anonymous_494)
FN:1079,(anonymous_495)
FN:1079,(anonymous_496)
FN:1080,(anonymous_497)
FN:1082,(anonymous_498)
FN:1083,(anonymous_499)
FN:1084,(anonymous_500)
FN:1085,(anonymous_501)
FN:1086,(anonymous_502)
FN:1088,(anonymous_503)
FN:1088,(anonymous_504)
FN:1092,(anonymous_505)
FN:1097,(anonymous_506)
FN:1098,(anonymous_507)
FN:1102,(anonymous_508)
FN:1103,(anonymous_509)
FN:1103,(anonymous_510)
FN:1104,(anonymous_511)
FN:1105,(anonymous_512)
FN:1105,(anonymous_513)
FN:1106,(anonymous_514)
FN:1109,(anonymous_515)
FN:1110,(anonymous_516)
FN:1111,(anonymous_517)
FN:1114,(anonymous_518)
FN:1114,(anonymous_519)
FN:1116,(anonymous_520)
FN:1117,(anonymous_521)
FN:1118,(anonymous_522)
FN:1119,(anonymous_523)
FN:1119,(anonymous_524)
FN:1121,(anonymous_525)
FN:1122,(anonymous_526)
FN:1122,(anonymous_527)
FN:1123,(anonymous_528)
FN:1123,(anonymous_529)
FN:1125,(anonymous_530)
FN:1126,(anonymous_531)
FN:1127,(anonymous_532)
FN:1128,(anonymous_533)
FN:1129,(anonymous_534)
FN:1130,(anonymous_535)
FN:1134,(anonymous_536)
FN:1136,(anonymous_537)
FN:1145,(anonymous_538)
FN:1154,(anonymous_539)
FN:1160,(anonymous_540)
FN:1164,(anonymous_541)
FN:1169,(anonymous_542)
FN:1173,(anonymous_543)
FN:1175,(anonymous_544)
FN:1176,(anonymous_545)
FN:1179,(anonymous_546)
FN:1182,(anonymous_547)
FN:1186,(anonymous_548)
FN:1188,(anonymous_549)
FN:1198,(anonymous_550)
FN:1200,(anonymous_551)
FN:1204,(anonymous_552)
FN:1206,(anonymous_553)
FN:1209,(anonymous_554)
FN:1211,(anonymous_555)
FN:1212,(anonymous_556)
FN:1220,(anonymous_557)
FN:1220,(anonymous_558)
FN:1221,(anonymous_559)
FN:1223,(anonymous_560)
FN:1225,(anonymous_561)
FN:1225,(anonymous_562)
FN:1226,(anonymous_563)
FN:1226,(anonymous_564)
FN:1227,(anonymous_565)
FN:1227,(anonymous_566)
FN:1228,(anonymous_567)
FN:1228,(anonymous_568)
FN:1228,(anonymous_569)
FN:1232,(anonymous_570)
FN:1235,(anonymous_571)
FN:1244,(anonymous_572)
FN:1245,(anonymous_573)
FN:1252,(anonymous_574)
FN:1260,(anonymous_575)
FN:1266,(anonymous_576)
FN:1267,(anonymous_577)
FN:1269,(anonymous_578)
FN:1271,(anonymous_579)
FN:1272,(anonymous_580)
FN:1272,(anonymous_581)
FN:1273,(anonymous_582)
FN:1274,(anonymous_583)
FN:1275,(anonymous_584)
FN:1276,(anonymous_585)
FN:1279,(anonymous_586)
FN:1280,(anonymous_587)
FN:1281,(anonymous_588)
FN:1284,(anonymous_589)
FN:1285,(anonymous_590)
FN:1285,(anonymous_591)
FN:1287,(anonymous_592)
FN:1288,(anonymous_593)
FN:1290,(anonymous_594)
FN:1290,(anonymous_595)
FN:1292,(anonymous_596)
FN:1293,(anonymous_597)
FN:1295,(anonymous_598)
FN:1298,(anonymous_599)
FN:1298,(anonymous_600)
FN:1300,(anonymous_601)
FN:1301,(anonymous_602)
FN:1303,(anonymous_603)
FN:1304,(anonymous_604)
FN:1305,(anonymous_605)
FN:1305,(anonymous_606)
FN:1306,(anonymous_607)
FN:1306,(anonymous_608)
FN:1307,(anonymous_609)
FN:1308,(anonymous_610)
FN:1308,(anonymous_611)
FN:1308,(anonymous_612)
FN:1309,(anonymous_613)
FN:1311,(anonymous_614)
FN:1312,(anonymous_615)
FN:1313,(anonymous_616)
FN:1314,(anonymous_617)
FN:1317,(anonymous_618)
FN:1318,(anonymous_619)
FN:1319,(anonymous_620)
FN:1322,(anonymous_621)
FN:1323,(anonymous_622)
FN:1323,(anonymous_623)
FN:1323,(anonymous_624)
FN:1326,(anonymous_625)
FN:1330,(anonymous_626)
FN:1337,(anonymous_627)
FN:1338,(anonymous_628)
FN:1339,(anonymous_629)
FN:1348,(anonymous_630)
FN:1349,(anonymous_631)
FN:1350,(anonymous_632)
FN:1351,(anonymous_633)
FN:1359,(anonymous_634)
FN:1360,(anonymous_635)
FN:1362,(anonymous_636)
FN:1369,(anonymous_637)
FN:1370,(anonymous_638)
FN:1372,(anonymous_639)
FN:1375,(anonymous_640)
FN:1379,(anonymous_641)
FN:1383,(anonymous_642)
FN:1393,(anonymous_643)
FN:1396,(anonymous_644)
FN:1397,(anonymous_645)
FN:1400,(anonymous_646)
FN:1404,(anonymous_647)
FN:1405,(anonymous_648)
FN:1408,(anonymous_649)
FN:1409,(anonymous_650)
FN:1409,(anonymous_651)
FN:1412,(anonymous_652)
FN:1414,(anonymous_653)
FN:1420,(anonymous_654)
FN:1421,(anonymous_655)
FN:1426,(anonymous_656)
FN:1429,(anonymous_657)
FN:1445,(anonymous_658)
FN:1446,(anonymous_659)
FN:1447,(anonymous_660)
FN:1451,(anonymous_661)
FN:1453,(anonymous_662)
FN:1455,(anonymous_663)
FN:1456,(anonymous_664)
FN:1458,(anonymous_665)
FN:1459,(anonymous_666)
FN:1460,(anonymous_667)
FN:1461,(anonymous_668)
FN:1462,(anonymous_669)
FN:1469,(anonymous_670)
FN:1471,(anonymous_671)
FN:1484,(anonymous_672)
FN:1489,(anonymous_673)
FN:1489,(anonymous_674)
FNF:675
FNH:623
FNDA:4,(anonymous_0)
FNDA:8,(anonymous_1)
FNDA:2,(anonymous_2)
FNDA:4,(anonymous_3)
FNDA:8,(anonymous_4)
FNDA:0,(anonymous_5)
FNDA:2,(anonymous_6)
FNDA:8,(anonymous_7)
FNDA:16,(anonymous_8)
FNDA:1,(anonymous_9)
FNDA:2,(anonymous_10)
FNDA:0,(anonymous_11)
FNDA:0,(anonymous_12)
FNDA:1,(anonymous_13)
FNDA:31,(anonymous_14)
FNDA:8,(anonymous_15)
FNDA:9,(anonymous_16)
FNDA:24,(anonymous_17)
FNDA:5,(anonymous_18)
FNDA:4,(anonymous_19)
FNDA:2,(anonymous_20)
FNDA:4,(anonymous_21)
FNDA:8,(anonymous_22)
FNDA:0,(anonymous_23)
FNDA:0,(anonymous_24)
FNDA:0,(anonymous_25)
FNDA:1,(anonymous_26)
FNDA:3,(anonymous_27)
FNDA:2,(anonymous_28)
FNDA:2,(anonymous_29)
FNDA:11,(anonymous_30)
FNDA:34,(anonymous_31)
FNDA:2,(anonymous_32)
FNDA:4,(anonymous_33)
FNDA:8,(anonymous_34)
FNDA:1,(anonymous_35)
FNDA:4,(anonymous_36)
FNDA:1,(anonymous_37)
FNDA:4,(anonymous_38)
FNDA:1,(anonymous_39)
FNDA:1,(anonymous_40)
FNDA:1,(anonymous_41)
FNDA:1,(anonymous_42)
FNDA:1,(anonymous_43)
FNDA:1,(anonymous_44)
FNDA:1,(anonymous_45)
FNDA:7,(anonymous_46)
FNDA:1,(anonymous_47)
FNDA:1,(anonymous_48)
FNDA:3,(anonymous_49)
FNDA:1,(anonymous_50)
FNDA:1,(anonymous_51)
FNDA:4,(anonymous_52)
FNDA:3,(anonymous_53)
FNDA:3,(anonymous_54)
FNDA:5,(anonymous_55)
FNDA:1,(anonymous_56)
FNDA:3,(anonymous_57)
FNDA:9,(anonymous_58)
FNDA:14,(anonymous_59)
FNDA:1,(anonymous_60)
FNDA:1,(anonymous_61)
FNDA:1,(anonymous_62)
FNDA:3,(anonymous_63)
FNDA:1,(anonymous_64)
FNDA:1,(anonymous_65)
FNDA:1,(anonymous_66)
FNDA:1,(anonymous_67)
FNDA:1,(anonymous_68)
FNDA:1,(anonymous_69)
FNDA:1,(anonymous_70)
FNDA:1,(anonymous_71)
FNDA:1,(anonymous_72)
FNDA:1,(anonymous_73)
FNDA:1,(anonymous_74)
FNDA:1,(anonymous_75)
FNDA:2,(anonymous_76)
FNDA:2,(anonymous_77)
FNDA:4,(anonymous_78)
FNDA:2,(anonymous_79)
FNDA:2,(anonymous_80)
FNDA:3,(anonymous_81)
FNDA:6,(anonymous_82)
FNDA:1,(anonymous_83)
FNDA:6,(anonymous_84)
FNDA:3,(anonymous_85)
FNDA:0,(anonymous_86)
FNDA:1,(anonymous_87)
FNDA:1,(anonymous_88)
FNDA:0,(anonymous_89)
FNDA:1,(anonymous_90)
FNDA:1,(anonymous_91)
FNDA:7,(anonymous_92)
FNDA:0,(anonymous_93)
FNDA:1,(anonymous_94)
FNDA:0,(anonymous_95)
FNDA:0,(anonymous_96)
FNDA:2,(anonymous_97)
FNDA:4,(anonymous_98)
FNDA:6,(anonymous_99)
FNDA:4,(anonymous_100)
FNDA:8,(anonymous_101)
FNDA:4,(anonymous_102)
FNDA:3,(anonymous_103)
FNDA:1,(anonymous_104)
FNDA:0,(anonymous_105)
FNDA:1,(anonymous_106)
FNDA:1,(anonymous_107)
FNDA:0,(anonymous_108)
FNDA:1,(anonymous_109)
FNDA:3,(anonymous_110)
FNDA:2,(anonymous_111)
FNDA:4,(anonymous_112)
FNDA:1,(anonymous_113)
FNDA:5,(anonymous_114)
FNDA:12,(anonymous_115)
FNDA:13,(anonymous_116)
FNDA:15,(anonymous_117)
FNDA:1,(anonymous_118)
FNDA:3,(anonymous_119)
FNDA:1,(anonymous_120)
FNDA:3,(anonymous_121)
FNDA:3,(anonymous_122)
FNDA:1,(anonymous_123)
FNDA:1,(anonymous_124)
FNDA:2,(anonymous_125)
FNDA:2,(anonymous_126)
FNDA:9,(anonymous_127)
FNDA:16,(anonymous_128)
FNDA:16,(anonymous_129)
FNDA:30,(anonymous_130)
FNDA:21,(anonymous_131)
FNDA:1,(anonymous_132)
FNDA:7,(anonymous_133)
FNDA:1,(anonymous_134)
FNDA:1,(anonymous_135)
FNDA:6,(anonymous_136)
FNDA:2,(anonymous_137)
FNDA:6,(anonymous_138)
FNDA:23,(anonymous_139)
FNDA:1,(anonymous_140)
FNDA:1,(anonymous_141)
FNDA:6,(anonymous_142)
FNDA:1,(anonymous_143)
FNDA:7,(anonymous_144)
FNDA:2,(anonymous_145)
FNDA:10,(anonymous_146)
FNDA:34,(anonymous_147)
FNDA:1,(anonymous_148)
FNDA:1,(anonymous_149)
FNDA:1,(anonymous_150)
FNDA:1,(anonymous_151)
FNDA:4,(anonymous_152)
FNDA:4,(anonymous_153)
FNDA:1,(anonymous_154)
FNDA:1,(anonymous_155)
FNDA:3,(anonymous_156)
FNDA:10,(anonymous_157)
FNDA:6,(anonymous_158)
FNDA:11,(anonymous_159)
FNDA:1,(anonymous_160)
FNDA:1,(anonymous_161)
FNDA:1,(anonymous_162)
FNDA:1,(anonymous_163)
FNDA:2,(anonymous_164)
FNDA:1,(anonymous_165)
FNDA:2,(anonymous_166)
FNDA:3,(anonymous_167)
FNDA:15,(anonymous_168)
FNDA:9,(anonymous_169)
FNDA:3,(anonymous_170)
FNDA:3,(anonymous_171)
FNDA:2,(anonymous_172)
FNDA:5,(anonymous_173)
FNDA:9,(anonymous_174)
FNDA:10,(anonymous_175)
FNDA:10,(anonymous_176)
FNDA:3,(anonymous_177)
FNDA:21,(anonymous_178)
FNDA:1,(anonymous_179)
FNDA:1,(anonymous_180)
FNDA:3,(anonymous_181)
FNDA:3,(anonymous_182)
FNDA:1,(anonymous_183)
FNDA:1,(anonymous_184)
FNDA:5,(anonymous_185)
FNDA:5,(anonymous_186)
FNDA:5,(anonymous_187)
FNDA:2,(anonymous_188)
FNDA:1,(anonymous_189)
FNDA:3,(anonymous_190)
FNDA:1,(anonymous_191)
FNDA:2,(anonymous_192)
FNDA:2,(anonymous_193)
FNDA:3,(anonymous_194)
FNDA:6,(anonymous_195)
FNDA:1,(anonymous_196)
FNDA:1,(anonymous_197)
FNDA:0,(anonymous_198)
FNDA:0,(anonymous_199)
FNDA:0,(anonymous_200)
FNDA:0,(anonymous_201)
FNDA:1,(anonymous_202)
FNDA:1,(anonymous_203)
FNDA:0,(anonymous_204)
FNDA:8,(anonymous_205)
FNDA:3,(anonymous_206)
FNDA:3,(anonymous_207)
FNDA:1,(anonymous_208)
FNDA:1,(anonymous_209)
FNDA:2,(anonymous_210)
FNDA:0,(anonymous_211)
FNDA:0,(anonymous_212)
FNDA:2,(anonymous_213)
FNDA:0,(anonymous_214)
FNDA:0,(anonymous_215)
FNDA:0,(anonymous_216)
FNDA:2,(anonymous_217)
FNDA:5,(anonymous_218)
FNDA:2,(anonymous_219)
FNDA:2,(anonymous_220)
FNDA:9,(anonymous_221)
FNDA:1,(anonymous_222)
FNDA:2,(anonymous_223)
FNDA:4,(anonymous_224)
FNDA:3,(anonymous_225)
FNDA:16,(anonymous_226)
FNDA:3,(anonymous_227)
FNDA:16,(anonymous_228)
FNDA:2,(anonymous_229)
FNDA:19,(anonymous_230)
FNDA:17,(anonymous_231)
FNDA:1,(anonymous_232)
FNDA:1,(anonymous_233)
FNDA:1,(anonymous_234)
FNDA:3,(anonymous_235)
FNDA:1,(anonymous_236)
FNDA:2,(anonymous_237)
FNDA:1,(anonymous_238)
FNDA:5,(anonymous_239)
FNDA:14,(anonymous_240)
FNDA:2,(anonymous_241)
FNDA:6,(anonymous_242)
FNDA:16,(anonymous_243)
FNDA:3,(anonymous_244)
FNDA:2,(anonymous_245)
FNDA:4,(anonymous_246)
FNDA:8,(anonymous_247)
FNDA:3,(anonymous_248)
FNDA:2,(anonymous_249)
FNDA:2,(anonymous_250)
FNDA:1,(anonymous_251)
FNDA:1,(anonymous_252)
FNDA:1,(anonymous_253)
FNDA:4,(anonymous_254)
FNDA:10,(anonymous_255)
FNDA:2,(anonymous_256)
FNDA:2,(anonymous_257)
FNDA:3,(anonymous_258)
FNDA:3,(anonymous_259)
FNDA:2,(anonymous_260)
FNDA:2,(anonymous_261)
FNDA:4,(anonymous_262)
FNDA:4,(anonymous_263)
FNDA:2,(anonymous_264)
FNDA:2,(anonymous_265)
FNDA:11,(anonymous_266)
FNDA:3,(anonymous_267)
FNDA:4,(anonymous_268)
FNDA:2,(anonymous_269)
FNDA:11,(anonymous_270)
FNDA:4,(anonymous_271)
FNDA:5,(anonymous_272)
FNDA:1,(anonymous_273)
FNDA:2,(anonymous_274)
FNDA:1,(anonymous_275)
FNDA:3,(anonymous_276)
FNDA:3,(anonymous_277)
FNDA:4,(anonymous_278)
FNDA:3,(anonymous_279)
FNDA:12,(anonymous_280)
FNDA:8,(anonymous_281)
FNDA:2,(anonymous_282)
FNDA:16,(anonymous_283)
FNDA:4,(anonymous_284)
FNDA:4,(anonymous_285)
FNDA:8,(anonymous_286)
FNDA:14,(anonymous_287)
FNDA:1,(anonymous_288)
FNDA:2,(anonymous_289)
FNDA:3,(anonymous_290)
FNDA:41,(anonymous_291)
FNDA:38,(anonymous_292)
FNDA:1,(anonymous_293)
FNDA:2,(anonymous_294)
FNDA:3,(anonymous_295)
FNDA:3,(anonymous_296)
FNDA:11,(anonymous_297)
FNDA:3,(anonymous_298)
FNDA:12,(anonymous_299)
FNDA:1,(anonymous_300)
FNDA:2,(anonymous_301)
FNDA:3,(anonymous_302)
FNDA:2,(anonymous_303)
FNDA:3,(anonymous_304)
FNDA:1,(anonymous_305)
FNDA:1,(anonymous_306)
FNDA:2,(anonymous_307)
FNDA:4,(anonymous_308)
FNDA:1,(anonymous_309)
FNDA:2,(anonymous_310)
FNDA:4,(anonymous_311)
FNDA:3,(anonymous_312)
FNDA:13,(anonymous_313)
FNDA:1,(anonymous_314)
FNDA:3,(anonymous_315)
FNDA:1,(anonymous_316)
FNDA:2,(anonymous_317)
FNDA:5,(anonymous_318)
FNDA:2,(anonymous_319)
FNDA:4,(anonymous_320)
FNDA:1,(anonymous_321)
FNDA:2,(anonymous_322)
FNDA:4,(anonymous_323)
FNDA:2,(anonymous_324)
FNDA:4,(anonymous_325)
FNDA:1,(anonymous_326)
FNDA:6,(anonymous_327)
FNDA:6,(anonymous_328)
FNDA:30,(anonymous_329)
FNDA:5,(anonymous_330)
FNDA:1,(anonymous_331)
FNDA:4,(anonymous_332)
FNDA:2,(anonymous_333)
FNDA:3,(anonymous_334)
FNDA:4,(anonymous_335)
FNDA:1,(anonymous_336)
FNDA:2,(anonymous_337)
FNDA:1,(anonymous_338)
FNDA:2,(anonymous_339)
FNDA:0,(anonymous_340)
FNDA:0,(anonymous_341)
FNDA:0,(anonymous_342)
FNDA:2,(anonymous_343)
FNDA:6,(anonymous_344)
FNDA:1,(anonymous_345)
FNDA:3,(anonymous_346)
FNDA:2,(anonymous_347)
FNDA:1,(anonymous_348)
FNDA:3,(anonymous_349)
FNDA:1,(anonymous_350)
FNDA:2,(anonymous_351)
FNDA:1,(anonymous_352)
FNDA:0,(anonymous_353)
FNDA:0,(anonymous_354)
FNDA:0,(anonymous_355)
FNDA:2,(anonymous_356)
FNDA:2,(anonymous_357)
FNDA:2,(anonymous_358)
FNDA:7,(anonymous_359)
FNDA:14,(anonymous_360)
FNDA:1,(anonymous_361)
FNDA:1,(anonymous_362)
FNDA:2,(anonymous_363)
FNDA:1,(anonymous_364)
FNDA:1,(anonymous_365)
FNDA:2,(anonymous_366)
FNDA:4,(anonymous_367)
FNDA:2,(anonymous_368)
FNDA:1,(anonymous_369)
FNDA:2,(anonymous_370)
FNDA:2,(anonymous_371)
FNDA:1,(anonymous_372)
FNDA:1,(anonymous_373)
FNDA:1,(anonymous_374)
FNDA:1,(anonymous_375)
FNDA:1,(anonymous_376)
FNDA:2,(anonymous_377)
FNDA:1,(anonymous_378)
FNDA:10,(anonymous_379)
FNDA:5,(anonymous_380)
FNDA:3,(anonymous_381)
FNDA:6,(anonymous_382)
FNDA:1,(anonymous_383)
FNDA:2,(anonymous_384)
FNDA:1,(anonymous_385)
FNDA:3,(anonymous_386)
FNDA:2,(anonymous_387)
FNDA:1,(anonymous_388)
FNDA:1,(anonymous_389)
FNDA:4,(anonymous_390)
FNDA:1,(anonymous_391)
FNDA:1,(anonymous_392)
FNDA:1,(anonymous_393)
FNDA:6,(anonymous_394)
FNDA:6,(anonymous_395)
FNDA:1,(anonymous_396)
FNDA:1,(anonymous_397)
FNDA:2,(anonymous_398)
FNDA:3,(anonymous_399)
FNDA:1,(anonymous_400)
FNDA:2,(anonymous_401)
FNDA:5,(anonymous_402)
FNDA:1,(anonymous_403)
FNDA:9,(anonymous_404)
FNDA:2,(anonymous_405)
FNDA:2,(anonymous_406)
FNDA:14,(anonymous_407)
FNDA:2,(anonymous_408)
FNDA:2,(anonymous_409)
FNDA:2,(anonymous_410)
FNDA:0,(anonymous_411)
FNDA:1,(anonymous_412)
FNDA:6,(anonymous_413)
FNDA:2,(anonymous_414)
FNDA:1,(anonymous_415)
FNDA:4,(anonymous_416)
FNDA:4,(anonymous_417)
FNDA:2,(anonymous_418)
FNDA:1,(anonymous_419)
FNDA:4,(anonymous_420)
FNDA:4,(anonymous_421)
FNDA:2,(anonymous_422)
FNDA:1,(anonymous_423)
FNDA:2,(anonymous_424)
FNDA:4,(anonymous_425)
FNDA:1,(anonymous_426)
FNDA:1,(anonymous_427)
FNDA:3,(anonymous_428)
FNDA:1,(anonymous_429)
FNDA:10,(anonymous_430)
FNDA:2,(anonymous_431)
FNDA:2,(anonymous_432)
FNDA:0,(anonymous_433)
FNDA:1,(anonymous_434)
FNDA:1,(anonymous_435)
FNDA:3,(anonymous_436)
FNDA:0,(anonymous_437)
FNDA:0,(anonymous_438)
FNDA:0,(anonymous_439)
FNDA:0,(anonymous_440)
FNDA:0,(anonymous_441)
FNDA:0,(anonymous_442)
FNDA:1,(anonymous_443)
FNDA:6,(anonymous_444)
FNDA:3,(anonymous_445)
FNDA:2,(anonymous_446)
FNDA:6,(anonymous_447)
FNDA:1,(anonymous_448)
FNDA:1,(anonymous_449)
FNDA:2,(anonymous_450)
FNDA:2,(anonymous_451)
FNDA:9,(anonymous_452)
FNDA:1,(anonymous_453)
FNDA:2,(anonymous_454)
FNDA:1,(anonymous_455)
FNDA:1,(anonymous_456)
FNDA:3,(anonymous_457)
FNDA:1,(anonymous_458)
FNDA:10,(anonymous_459)
FNDA:0,(anonymous_460)
FNDA:0,(anonymous_461)
FNDA:0,(anonymous_462)
FNDA:0,(anonymous_463)
FNDA:1,(anonymous_464)
FNDA:2,(anonymous_465)
FNDA:3,(anonymous_466)
FNDA:5,(anonymous_467)
FNDA:0,(anonymous_468)
FNDA:1,(anonymous_469)
FNDA:4,(anonymous_470)
FNDA:1,(anonymous_471)
FNDA:0,(anonymous_472)
FNDA:1,(anonymous_473)
FNDA:3,(anonymous_474)
FNDA:1,(anonymous_475)
FNDA:1,(anonymous_476)
FNDA:4,(anonymous_477)
FNDA:1,(anonymous_478)
FNDA:3,(anonymous_479)
FNDA:2,(anonymous_480)
FNDA:0,(anonymous_481)
FNDA:0,(anonymous_482)
FNDA:0,(anonymous_483)
FNDA:1,(anonymous_484)
FNDA:14,(anonymous_485)
FNDA:3,(anonymous_486)
FNDA:6,(anonymous_487)
FNDA:3,(anonymous_488)
FNDA:5,(anonymous_489)
FNDA:3,(anonymous_490)
FNDA:9,(anonymous_491)
FNDA:3,(anonymous_492)
FNDA:6,(anonymous_493)
FNDA:1,(anonymous_494)
FNDA:1,(anonymous_495)
FNDA:1,(anonymous_496)
FNDA:1,(anonymous_497)
FNDA:11,(anonymous_498)
FNDA:10,(anonymous_499)
FNDA:11,(anonymous_500)
FNDA:2,(anonymous_501)
FNDA:14,(anonymous_502)
FNDA:14,(anonymous_503)
FNDA:14,(anonymous_504)
FNDA:6,(anonymous_505)
FNDA:3,(anonymous_506)
FNDA:6,(anonymous_507)
FNDA:1,(anonymous_508)
FNDA:1,(anonymous_509)
FNDA:4,(anonymous_510)
FNDA:2,(anonymous_511)
FNDA:4,(anonymous_512)
FNDA:8,(anonymous_513)
FNDA:3,(anonymous_514)
FNDA:26,(anonymous_515)
FNDA:26,(anonymous_516)
FNDA:2,(anonymous_517)
FNDA:6,(anonymous_518)
FNDA:6,(anonymous_519)
FNDA:1,(anonymous_520)
FNDA:2,(anonymous_521)
FNDA:2,(anonymous_522)
FNDA:2,(anonymous_523)
FNDA:2,(anonymous_524)
FNDA:1,(anonymous_525)
FNDA:5,(anonymous_526)
FNDA:14,(anonymous_527)
FNDA:4,(anonymous_528)
FNDA:17,(anonymous_529)
FNDA:2,(anonymous_530)
FNDA:3,(anonymous_531)
FNDA:2,(anonymous_532)
FNDA:1,(anonymous_533)
FNDA:4,(anonymous_534)
FNDA:2,(anonymous_535)
FNDA:1,(anonymous_536)
FNDA:1,(anonymous_537)
FNDA:0,(anonymous_538)
FNDA:1,(anonymous_539)
FNDA:1,(anonymous_540)
FNDA:9,(anonymous_541)
FNDA:30,(anonymous_542)
FNDA:3,(anonymous_543)
FNDA:1,(anonymous_544)
FNDA:2,(anonymous_545)
FNDA:5,(anonymous_546)
FNDA:9,(anonymous_547)
FNDA:50,(anonymous_548)
FNDA:4,(anonymous_549)
FNDA:11,(anonymous_550)
FNDA:9,(anonymous_551)
FNDA:50,(anonymous_552)
FNDA:8,(anonymous_553)
FNDA:31,(anonymous_554)
FNDA:1,(anonymous_555)
FNDA:1,(anonymous_556)
FNDA:1,(anonymous_557)
FNDA:3,(anonymous_558)
FNDA:1,(anonymous_559)
FNDA:1,(anonymous_560)
FNDA:1,(anonymous_561)
FNDA:2,(anonymous_562)
FNDA:1,(anonymous_563)
FNDA:3,(anonymous_564)
FNDA:3,(anonymous_565)
FNDA:4,(anonymous_566)
FNDA:3,(anonymous_567)
FNDA:3,(anonymous_568)
FNDA:6,(anonymous_569)
FNDA:1,(anonymous_570)
FNDA:7,(anonymous_571)
FNDA:1,(anonymous_572)
FNDA:2,(anonymous_573)
FNDA:3,(anonymous_574)
FNDA:1,(anonymous_575)
FNDA:11,(anonymous_576)
FNDA:1,(anonymous_577)
FNDA:2,(anonymous_578)
FNDA:1,(anonymous_579)
FNDA:4,(anonymous_580)
FNDA:17,(anonymous_581)
FNDA:12,(anonymous_582)
FNDA:2,(anonymous_583)
FNDA:10,(anonymous_584)
FNDA:12,(anonymous_585)
FNDA:2,(anonymous_586)
FNDA:10,(anonymous_587)
FNDA:12,(anonymous_588)
FNDA:2,(anonymous_589)
FNDA:6,(anonymous_590)
FNDA:6,(anonymous_591)
FNDA:3,(anonymous_592)
FNDA:2,(anonymous_593)
FNDA:4,(anonymous_594)
FNDA:11,(anonymous_595)
FNDA:4,(anonymous_596)
FNDA:6,(anonymous_597)
FNDA:1,(anonymous_598)
FNDA:2,(anonymous_599)
FNDA:6,(anonymous_600)
FNDA:2,(anonymous_601)
FNDA:3,(anonymous_602)
FNDA:3,(anonymous_603)
FNDA:12,(anonymous_604)
FNDA:1,(anonymous_605)
FNDA:2,(anonymous_606)
FNDA:9,(anonymous_607)
FNDA:15,(anonymous_608)
FNDA:9,(anonymous_609)
FNDA:1,(anonymous_610)
FNDA:2,(anonymous_611)
FNDA:4,(anonymous_612)
FNDA:12,(anonymous_613)
FNDA:8,(anonymous_614)
FNDA:15,(anonymous_615)
FNDA:8,(anonymous_616)
FNDA:24,(anonymous_617)
FNDA:9,(anonymous_618)
FNDA:10,(anonymous_619)
FNDA:2,(anonymous_620)
FNDA:6,(anonymous_621)
FNDA:4,(anonymous_622)
FNDA:6,(anonymous_623)
FNDA:6,(anonymous_624)
FNDA:1,(anonymous_625)
FNDA:9,(anonymous_626)
FNDA:5,(anonymous_627)
FNDA:2,(anonymous_628)
FNDA:5,(anonymous_629)
FNDA:21,(anonymous_630)
FNDA:2,(anonymous_631)
FNDA:4,(anonymous_632)
FNDA:15,(anonymous_633)
FNDA:44,(anonymous_634)
FNDA:44,(anonymous_635)
FNDA:10,(anonymous_636)
FNDA:5,(anonymous_637)
FNDA:1,(anonymous_638)
FNDA:1,(anonymous_639)
FNDA:7,(anonymous_640)
FNDA:1,(anonymous_641)
FNDA:4,(anonymous_642)
FNDA:2,(anonymous_643)
FNDA:0,(anonymous_644)
FNDA:0,(anonymous_645)
FNDA:2,(anonymous_646)
FNDA:0,(anonymous_647)
FNDA:0,(anonymous_648)
FNDA:2,(anonymous_649)
FNDA:2,(anonymous_650)
FNDA:6,(anonymous_651)
FNDA:2,(anonymous_652)
FNDA:10,(anonymous_653)
FNDA:1,(anonymous_654)
FNDA:3,(anonymous_655)
FNDA:26,(anonymous_656)
FNDA:19,(anonymous_657)
FNDA:1,(anonymous_658)
FNDA:1,(anonymous_659)
FNDA:51,(anonymous_660)
FNDA:53,(anonymous_661)
FNDA:53,(anonymous_662)
FNDA:2,(anonymous_663)
FNDA:2,(anonymous_664)
FNDA:1,(anonymous_665)
FNDA:3,(anonymous_666)
FNDA:2,(anonymous_667)
FNDA:1,(anonymous_668)
FNDA:1,(anonymous_669)
FNDA:18,(anonymous_670)
FNDA:18,(anonymous_671)
FNDA:0,(anonymous_672)
FNDA:1,(anonymous_673)
FNDA:3,(anonymous_674)
DA:1,360
DA:2,360
DA:4,360
DA:5,4
DA:8,8
DA:9,360
DA:10,2
DA:11,2
DA:15,4
DA:16,8
DA:20,360
DA:21,0
DA:22,360
DA:23,2
DA:26,8
DA:27,16
DA:32,360
DA:33,360
DA:34,2
DA:42,360
DA:43,0
DA:44,0
DA:47,360
DA:48,1
DA:49,31
DA:51,360
DA:52,360
DA:53,360
DA:54,360
DA:55,360
DA:56,8
DA:57,360
DA:58,0
DA:59,0
DA:60,0
DA:62,360
DA:63,360
DA:64,360
DA:65,2
DA:66,2
DA:68,1
DA:71,360
DA:72,360
DA:73,8
DA:75,360
DA:76,4
DA:77,360
DA:78,4
DA:79,360
DA:80,360
DA:81,1
DA:83,1
DA:85,1
DA:89,360
DA:90,1
DA:91,360
DA:92,7
DA:93,5
DA:94,4
DA:95,3
DA:96,2
DA:97,2
DA:98,2
DA:99,2
DA:101,360
DA:102,1
DA:104,360
DA:105,360
DA:106,360
DA:107,360
DA:108,4
DA:109,360
DA:110,360
DA:111,360
DA:112,1
DA:113,3
DA:114,1
DA:116,360
DA:117,9
DA:118,14
DA:120,360
DA:121,360
DA:122,360
DA:123,360
DA:124,360
DA:125,360
DA:143,360
DA:144,360
DA:145,360
DA:146,360
DA:147,360
DA:148,2
DA:149,2
DA:150,2
DA:151,2
DA:152,2
DA:153,2
DA:155,2
DA:156,2
DA:157,2
DA:158,2
DA:159,2
DA:160,1
DA:161,1
DA:164,360
DA:165,3
DA:166,6
DA:167,6
DA:169,360
DA:170,360
DA:171,3
DA:172,3
DA:173,3
DA:174,0
DA:175,0
DA:176,0
DA:177,0
DA:179,3
DA:181,360
DA:182,1
DA:183,1
DA:184,1
DA:186,360
DA:189,1
DA:192,1
DA:193,1
DA:196,1
DA:197,1
DA:200,360
DA:201,360
DA:202,7
DA:203,360
DA:204,0
DA:205,360
DA:207,1
DA:208,0
DA:209,0
DA:212,360
DA:213,2
DA:214,360
DA:215,4
DA:216,4
DA:217,6
DA:219,4
DA:221,360
DA:222,360
DA:223,4
DA:225,3
DA:227,360
DA:228,360
DA:229,360
DA:230,360
DA:231,360
DA:232,0
DA:235,360
DA:236,1
DA:237,3
DA:239,360
DA:240,2
DA:241,4
DA:243,360
DA:244,360
DA:245,13
DA:248,15
DA:249,15
DA:251,360
DA:252,360
DA:253,360
DA:254,360
DA:255,360
DA:256,2
DA:257,1
DA:259,360
DA:260,2
DA:261,1
DA:263,360
DA:264,360
DA:265,2
DA:266,2
DA:267,2
DA:272,360
DA:273,9
DA:274,16
DA:275,9
DA:276,16
DA:277,9
DA:279,1
DA:280,4
DA:281,4
DA:282,6
DA:283,6
DA:286,1
DA:288,360
DA:289,30
DA:290,16
DA:291,15
DA:292,11
DA:293,11
DA:294,11
DA:295,11
DA:296,21
DA:298,360
DA:299,1
DA:302,7
DA:310,360
DA:311,360
DA:312,360
DA:313,2
DA:317,6
DA:319,360
DA:320,23
DA:322,1
DA:327,360
DA:328,1
DA:329,6
DA:332,360
DA:333,360
DA:334,34
DA:335,360
DA:336,360
DA:337,360
DA:338,1
DA:339,4
DA:340,4
DA:342,360
DA:343,1
DA:345,1
DA:346,360
DA:347,10
DA:348,360
DA:349,6
DA:350,11
DA:351,11
DA:352,7
DA:353,11
DA:355,360
DA:356,360
DA:357,1
DA:361,360
DA:362,360
DA:363,1
DA:365,2
DA:366,360
DA:367,3
DA:368,3
DA:375,3
DA:376,15
DA:377,9
DA:380,360
DA:381,3
DA:385,360
DA:386,360
DA:387,2
DA:390,5
DA:391,360
DA:392,10
DA:393,10
DA:395,360
DA:396,3
DA:397,21
DA:399,360
DA:400,1
DA:401,1
DA:404,3
DA:405,3
DA:407,360
DA:408,360
DA:409,1
DA:410,360
DA:411,5
DA:412,5
DA:414,360
DA:415,5
DA:422,360
DA:426,360
DA:427,360
DA:428,3
DA:429,360
DA:430,1
DA:431,2
DA:434,360
DA:435,3
DA:436,6
DA:437,6
DA:439,360
DA:440,360
DA:441,360
DA:442,0
DA:443,360
DA:444,0
DA:445,0
DA:446,0
DA:447,0
DA:448,0
DA:449,0
DA:452,360
DA:453,1
DA:454,1
DA:456,0
DA:465,360
DA:466,360
DA:467,3
DA:468,3
DA:469,3
DA:470,2
DA:471,3
DA:472,3
DA:485,360
DA:486,360
DA:487,2
DA:488,2
DA:489,2
DA:490,2
DA:491,2
DA:493,360
DA:494,2
DA:495,2
DA:496,2
DA:497,2
DA:498,2
DA:499,2
DA:501,360
DA:502,0
DA:504,360
DA:505,2
DA:506,110
DA:507,2
DA:509,360
DA:510,5
DA:511,5
DA:513,360
DA:514,360
DA:515,360
DA:516,360
DA:517,4
DA:518,360
DA:519,16
DA:520,360
DA:521,3
DA:522,16
DA:524,360
DA:525,360
DA:526,19
DA:528,17
DA:529,360
DA:530,360
DA:531,360
DA:532,1
DA:533,3
DA:535,360
DA:536,1
DA:537,2
DA:539,360
DA:540,360
DA:541,2
DA:542,6
DA:543,6
DA:544,6
DA:545,6
DA:547,360
DA:548,360
DA:549,360
DA:550,360
DA:551,4
DA:552,8
DA:558,4
DA:560,360
DA:561,360
DA:562,360
DA:563,360
DA:564,360
DA:565,360
DA:566,360
DA:567,4
DA:574,360
DA:575,360
DA:576,360
DA:577,360
DA:578,360
DA:579,360
DA:580,360
DA:581,360
DA:582,360
DA:583,360
DA:584,360
DA:585,2
DA:586,3
DA:587,1
DA:589,360
DA:590,360
DA:591,3
DA:594,360
DA:595,4
DA:600,360
DA:601,360
DA:602,11
DA:603,11
DA:604,31
DA:605,31
DA:606,22
DA:609,360
DA:610,360
DA:611,360
DA:612,360
DA:613,360
DA:614,360
DA:615,360
DA:616,3
DA:617,3
DA:618,2
DA:620,1
DA:623,360
DA:624,4
DA:629,360
DA:630,3
DA:632,12
DA:639,360
DA:640,360
DA:641,16
DA:642,4
DA:643,4
DA:645,360
DA:646,360
DA:647,1
DA:648,2
DA:649,2
DA:651,360
DA:652,3
DA:655,41
DA:656,3
DA:657,38
DA:658,3
DA:659,3
DA:661,360
DA:662,1
DA:663,2
DA:664,2
DA:666,360
DA:667,3
DA:668,11
DA:670,360
DA:671,3
DA:673,12
DA:675,360
DA:676,1
DA:677,2
DA:678,2
DA:680,360
DA:681,360
DA:682,3
DA:683,360
DA:684,1
DA:686,1
DA:690,360
DA:691,360
DA:692,360
DA:693,360
DA:694,3
DA:695,13
DA:696,3
DA:698,360
DA:699,1
DA:700,1
DA:701,3
DA:703,1
DA:704,1
DA:706,360
DA:707,1
DA:709,2
DA:710,5
DA:711,5
DA:715,360
DA:716,360
DA:717,360
DA:718,360
DA:719,2
DA:720,4
DA:721,20020
DA:722,4
DA:724,2
DA:726,360
DA:727,360
DA:728,6
DA:729,30
DA:730,5
DA:731,360
DA:732,360
DA:733,360
DA:734,360
DA:735,360
DA:736,360
DA:737,360
DA:738,0
DA:739,0
DA:753,0
DA:755,360
DA:756,360
DA:757,360
DA:758,1
DA:759,3
DA:760,2
DA:761,360
DA:762,1
DA:763,3
DA:764,1
DA:765,360
DA:766,2
DA:767,2
DA:768,2
DA:770,360
DA:771,0
DA:772,0
DA:773,0
DA:774,0
DA:775,0
DA:776,0
DA:777,0
DA:779,0
DA:780,0
DA:781,0
DA:784,360
DA:785,2
DA:786,2
DA:787,2
DA:788,1
DA:789,1
DA:792,360
DA:793,2
DA:794,7
DA:795,14
DA:796,9
DA:797,9
DA:799,14
DA:802,360
DA:803,360
DA:804,360
DA:805,4
DA:806,360
DA:807,2
DA:808,2
DA:810,360
DA:811,1
DA:813,2
DA:815,2
DA:816,2
DA:818,360
DA:819,360
DA:820,360
DA:821,1
DA:823,2
DA:824,2
DA:828,360
DA:829,10
DA:830,360
DA:831,5
DA:832,1
DA:834,3
DA:835,6
DA:840,360
DA:841,2
DA:842,360
DA:843,1
DA:844,3
DA:845,2
DA:846,360
DA:847,360
DA:848,360
DA:849,6
DA:850,6
DA:851,6
DA:852,5
DA:854,360
DA:855,360
DA:856,1
DA:857,1
DA:858,1
DA:859,2
DA:861,1
DA:863,360
DA:864,5
DA:865,5
DA:866,3
DA:867,3
DA:868,3
DA:870,360
DA:871,9
DA:872,1
DA:873,2
DA:874,14
DA:875,1
DA:877,360
DA:878,2
DA:879,2
DA:881,360
DA:882,1
DA:883,6
DA:884,1
DA:885,2
DA:887,360
DA:888,1
DA:889,1
DA:890,4
DA:891,4
DA:892,1
DA:893,2
DA:894,1
DA:896,360
DA:897,1
DA:898,4
DA:899,4
DA:900,1
DA:901,2
DA:902,1
DA:904,360
DA:905,1
DA:906,1
DA:907,1
DA:908,2
DA:909,4
DA:910,1
DA:911,1
DA:913,360
DA:914,360
DA:915,3
DA:916,3
DA:918,360
DA:919,10
DA:920,360
DA:921,360
DA:923,360
DA:924,0
DA:928,360
DA:929,360
DA:930,0
DA:932,0
DA:933,0
DA:934,0
DA:936,0
DA:937,0
DA:938,0
DA:940,0
DA:941,0
DA:942,0
DA:943,0
DA:946,0
DA:947,0
DA:949,360
DA:950,0
DA:951,360
DA:952,6
DA:953,360
DA:954,6
DA:955,360
DA:956,1
DA:957,1
DA:958,2
DA:959,2
DA:962,360
DA:963,360
DA:964,1
DA:966,2
DA:967,2
DA:970,360
DA:971,360
DA:972,1
DA:973,3
DA:979,360
DA:980,360
DA:981,360
DA:982,0
DA:987,0
DA:988,0
DA:989,0
DA:991,0
DA:992,0
DA:996,360
DA:997,360
DA:998,360
DA:999,5
DA:1000,5
DA:1001,16
DA:1002,16
DA:1004,5
DA:1006,360
DA:1007,0
DA:1008,0
DA:1009,0
DA:1010,0
DA:1013,360
DA:1014,1
DA:1015,1
DA:1017,4
DA:1021,360
DA:1022,360
DA:1023,360
DA:1024,360
DA:1025,3
DA:1029,360
DA:1030,360
DA:1031,4
DA:1032,4
DA:1033,13
DA:1034,13
DA:1036,4
DA:1038,360
DA:1039,360
DA:1040,2
DA:1047,360
DA:1048,360
DA:1049,0
DA:1052,360
DA:1053,360
DA:1054,3
DA:1055,6
DA:1056,3
DA:1058,360
DA:1059,3
DA:1060,3
DA:1061,5
DA:1062,3
DA:1064,360
DA:1065,3
DA:1066,9
DA:1067,3
DA:1069,360
DA:1070,3
DA:1071,3
DA:1072,3
DA:1075,6
DA:1076,3
DA:1078,360
DA:1079,360
DA:1080,360
DA:1081,1
DA:1082,11
DA:1083,10
DA:1084,11
DA:1085,360
DA:1086,14
DA:1087,2
DA:1088,14
DA:1092,360
DA:1093,6
DA:1094,1
DA:1098,6
DA:1102,360
DA:1103,360
DA:1104,360
DA:1105,8
DA:1106,360
DA:1107,3
DA:1109,26
DA:1110,26
DA:1111,360
DA:1112,2
DA:1113,2
DA:1114,6
DA:1116,360
DA:1117,2
DA:1118,2
DA:1119,2
DA:1121,360
DA:1122,14
DA:1123,17
DA:1125,360
DA:1126,360
DA:1127,360
DA:1128,360
DA:1129,4
DA:1130,360
DA:1131,7
DA:1132,1
DA:1134,360
DA:1136,1
DA:1137,1
DA:1138,1
DA:1139,1
DA:1140,1
DA:1141,1
DA:1142,1
DA:1144,0
DA:1145,0
DA:1146,0
DA:1147,0
DA:1148,0
DA:1154,360
DA:1155,1
DA:1156,1
DA:1157,1
DA:1158,1
DA:1160,360
DA:1161,1
DA:1162,1
DA:1164,360
DA:1166,9
DA:1169,30
DA:1171,6
DA:1173,360
DA:1174,3
DA:1175,360
DA:1176,360
DA:1177,2
DA:1179,5
DA:1182,360
DA:1183,9
DA:1186,50
DA:1188,360
DA:1189,4
DA:1190,4
DA:1191,4
DA:1192,4
DA:1193,4
DA:1194,4
DA:1198,360
DA:1199,11
DA:1200,360
DA:1201,9
DA:1204,50
DA:1206,360
DA:1207,8
DA:1209,31
DA:1211,360
DA:1212,360
DA:1213,1
DA:1214,1
DA:1215,1
DA:1218,1
DA:1220,360
DA:1221,360
DA:1222,1
DA:1223,360
DA:1224,1
DA:1225,360
DA:1226,360
DA:1227,360
DA:1228,6
DA:1229,4
DA:1230,3
DA:1232,360
DA:1233,1
DA:1236,7
DA:1244,360
DA:1245,1
DA:1246,2
DA:1247,1
DA:1248,1
DA:1252,3
DA:1257,1
DA:1258,2
DA:1260,360
DA:1261,1
DA:1262,1
DA:1263,5
DA:1264,1
DA:1266,360
DA:1267,360
DA:1268,1
DA:1269,2
DA:1271,360
DA:1272,17
DA:1273,360
DA:1274,360
DA:1275,2
DA:1276,12
DA:1277,10
DA:1279,360
DA:1280,2
DA:1281,12
DA:1282,10
DA:1284,360
DA:1285,6
DA:1287,360
DA:1288,360
DA:1289,2
DA:1290,11
DA:1292,4
DA:1293,6
DA:1295,360
DA:1296,1
DA:1298,6
DA:1300,2
DA:1301,3
DA:1303,3
DA:1304,360
DA:1305,360
DA:1306,360
DA:1307,360
DA:1308,360
DA:1309,360
DA:1310,12
DA:1311,360
DA:1312,15
DA:1313,6
DA:1314,24
DA:1317,360
DA:1318,10
DA:1319,360
DA:1320,2
DA:1321,2
DA:1322,6
DA:1323,6
DA:1326,360
DA:1327,1
DA:1328,1
DA:1330,360
DA:1331,9
DA:1332,7
DA:1333,7
DA:1334,5
DA:1335,2
DA:1337,360
DA:1338,360
DA:1339,2
DA:1340,5
DA:1341,1
DA:1342,4
DA:1343,2
DA:1346,2
DA:1348,360
DA:1349,360
DA:1350,360
DA:1351,4
DA:1352,15
DA:1353,15
DA:1354,9
DA:1356,4
DA:1357,4
DA:1358,4
DA:1359,44
DA:1360,44
DA:1361,4
DA:1362,2
DA:1363,10
DA:1364,10
DA:1365,10
DA:1367,4
DA:1369,360
DA:1370,360
DA:1371,1
DA:1372,360
DA:1373,1
DA:1374,1
DA:1375,7
DA:1379,360
DA:1380,1
DA:1381,1
DA:1383,360
DA:1384,4
DA:1385,3
DA:1386,2
DA:1387,2
DA:1388,4
DA:1389,4
DA:1391,2
DA:1393,360
DA:1394,2
DA:1395,2
DA:1396,2
DA:1397,2
DA:1398,2
DA:1400,360
DA:1401,2
DA:1402,2
DA:1403,2
DA:1404,2
DA:1405,2
DA:1406,2
DA:1408,360
DA:1409,6
DA:1412,360
DA:1413,2
DA:1415,10
DA:1420,360
DA:1421,360
DA:1422,3
DA:1423,2
DA:1424,1
DA:1426,26
DA:1427,1
DA:1429,19
DA:1430,1
DA:1431,25
DA:1432,450
DA:1433,45
DA:1435,405
DA:1443,1
DA:1445,360
DA:1446,360
DA:1447,360
DA:1448,51
DA:1451,53
DA:1453,53
DA:1455,360
DA:1456,360
DA:1457,2
DA:1458,1
DA:1459,3
DA:1460,2
DA:1461,1
DA:1462,1
DA:1464,2
DA:1469,18
DA:1471,2
DA:1472,18
DA:1473,10
DA:1474,8
DA:1475,8
DA:1476,8
DA:1478,0
DA:1481,2
DA:1482,0
DA:1484,360
DA:1485,0
DA:1486,0
DA:1487,0
DA:1489,360
DA:1492,360
LF:1017
LH:945
BRDA:1,0,0,360
BRDA:1,0,1,360
BRDA:2,1,0,360
BRDA:2,1,1,360
BRDA:4,2,0,1
BRDA:4,3,0,2
BRDA:6,4,0,2
BRDA:6,4,1,2
BRDA:9,5,0,1
BRDA:22,6,0,1
BRDA:27,7,0,8
BRDA:27,7,1,8
BRDA:27,8,0,4
BRDA:27,8,1,12
BRDA:51,9,0,6
BRDA:53,10,0,3
BRDA:54,11,0,3
BRDA:55,12,0,1
BRDA:68,13,0,1
BRDA:68,13,1,0
BRDA:73,14,0,1
BRDA:73,14,1,1
BRDA:76,15,0,3
BRDA:76,15,1,1
BRDA:78,16,0,3
BRDA:78,16,1,1
BRDA:92,17,0,2
BRDA:92,17,1,5
BRDA:92,18,0,7
BRDA:92,18,1,6
BRDA:93,19,0,1
BRDA:93,19,1,4
BRDA:93,20,0,5
BRDA:93,20,1,4
BRDA:94,21,0,1
BRDA:94,21,1,3
BRDA:94,22,0,4
BRDA:94,22,1,3
BRDA:95,23,0,1
BRDA:95,23,1,2
BRDA:95,24,0,3
BRDA:95,24,1,2
BRDA:96,25,0,1
BRDA:96,25,1,1
BRDA:103,26,0,1
BRDA:103,26,1,1
BRDA:107,27,0,1
BRDA:108,28,0,3
BRDA:108,28,1,1
BRDA:110,29,0,2
BRDA:110,29,1,3
BRDA:155,30,0,1
BRDA:155,30,1,1
BRDA:159,31,0,1
BRDA:159,31,1,1
BRDA:165,32,0,1
BRDA:165,32,1,1
BRDA:166,33,0,6
BRDA:166,33,1,4
BRDA:169,34,0,3
BRDA:169,34,1,3
BRDA:170,35,0,1
BRDA:170,36,0,1
BRDA:172,37,0,1
BRDA:172,37,1,2
BRDA:176,38,0,0
BRDA:176,38,1,0
BRDA:177,39,0,0
BRDA:177,39,1,0
BRDA:189,40,0,1
BRDA:189,40,1,1
BRDA:192,41,0,1
BRDA:192,41,1,0
BRDA:196,42,0,1
BRDA:196,42,1,0
BRDA:197,43,0,1
BRDA:197,43,1,0
BRDA:201,44,0,1
BRDA:202,45,0,2
BRDA:202,45,1,5
BRDA:205,46,0,1
BRDA:212,47,0,1
BRDA:213,48,0,1
BRDA:213,48,1,1
BRDA:217,49,0,2
BRDA:217,49,1,4
BRDA:219,50,0,1
BRDA:219,50,1,3
BRDA:219,51,0,1
BRDA:219,51,1,1
BRDA:221,52,0,3
BRDA:221,52,1,5
BRDA:223,53,0,4
BRDA:223,53,1,4
BRDA:225,54,0,2
BRDA:225,54,1,1
BRDA:225,55,0,3
BRDA:225,55,1,1
BRDA:232,56,0,0
BRDA:232,56,1,0
BRDA:245,57,0,3
BRDA:245,57,1,10
BRDA:248,58,0,0
BRDA:248,58,1,15
BRDA:249,59,0,9
BRDA:249,59,1,6
BRDA:253,60,0,1
BRDA:254,61,0,1
BRDA:256,62,0,3
BRDA:256,62,1,3
BRDA:260,63,0,3
BRDA:260,63,1,3
BRDA:263,64,0,2
BRDA:263,64,1,2
BRDA:264,65,0,1
BRDA:267,66,0,1
BRDA:267,66,1,1
BRDA:268,67,0,1
BRDA:268,67,1,0
BRDA:268,67,2,1
BRDA:268,67,3,0
BRDA:268,67,4,0
BRDA:268,67,5,0
BRDA:268,67,6,0
BRDA:268,67,7,0
BRDA:270,68,0,1
BRDA:270,68,1,1
BRDA:270,68,2,1
BRDA:270,68,3,1
BRDA:272,69,0,2
BRDA:276,70,0,16
BRDA:276,70,1,16
BRDA:276,71,0,8
BRDA:276,71,1,8
BRDA:276,72,0,8
BRDA:276,72,1,8
BRDA:277,73,0,8
BRDA:277,73,1,1
BRDA:289,74,0,14
BRDA:289,74,1,16
BRDA:290,75,0,1
BRDA:290,75,1,15
BRDA:290,76,0,16
BRDA:290,76,1,1
BRDA:291,77,0,4
BRDA:291,77,1,11
BRDA:291,78,0,15
BRDA:291,78,1,13
BRDA:291,78,2,13
BRDA:291,78,3,2
BRDA:292,79,0,0
BRDA:292,79,1,11
BRDA:292,80,0,11
BRDA:292,80,1,11
BRDA:292,80,2,11
BRDA:292,80,3,11
BRDA:293,81,0,0
BRDA:293,81,1,11
BRDA:295,82,0,1
BRDA:295,82,1,10
BRDA:302,83,0,7
BRDA:302,83,1,0
BRDA:315,84,0,1
BRDA:315,84,1,1
BRDA:320,85,0,1
BRDA:320,85,1,22
BRDA:324,86,0,5
BRDA:324,86,1,17
BRDA:329,87,0,4
BRDA:329,87,1,2
BRDA:346,88,0,1
BRDA:347,89,0,1
BRDA:347,89,1,9
BRDA:347,90,0,10
BRDA:347,90,1,3
BRDA:348,91,0,2
BRDA:350,92,0,5
BRDA:350,92,1,6
BRDA:351,93,0,4
BRDA:351,93,1,7
BRDA:367,94,0,1
BRDA:367,94,1,2
BRDA:377,95,0,5
BRDA:377,95,1,4
BRDA:380,96,0,1
BRDA:386,97,0,1
BRDA:387,98,0,1
BRDA:387,98,1,1
BRDA:392,99,0,3
BRDA:392,99,1,7
BRDA:395,100,0,1
BRDA:395,101,0,2
BRDA:405,102,0,3
BRDA:405,102,1,3
BRDA:410,103,0,1
BRDA:412,104,0,2
BRDA:412,104,1,3
BRDA:415,105,0,1
BRDA:415,105,1,4
BRDA:415,106,0,5
BRDA:415,106,1,4
BRDA:417,107,0,1
BRDA:417,107,1,3
BRDA:419,108,0,1
BRDA:419,108,1,2
BRDA:422,109,0,1
BRDA:423,110,0,1
BRDA:423,110,1,1
BRDA:424,111,0,1
BRDA:424,111,1,1
BRDA:428,112,0,1
BRDA:428,112,1,2
BRDA:428,113,0,1
BRDA:428,113,1,1
BRDA:430,114,0,1
BRDA:430,114,1,0
BRDA:435,115,0,1
BRDA:435,115,1,1
BRDA:436,116,0,6
BRDA:436,116,1,4
BRDA:439,117,0,1
BRDA:439,117,1,0
BRDA:442,118,0,0
BRDA:442,118,1,0
BRDA:468,119,0,2
BRDA:468,119,1,1
BRDA:469,120,0,1
BRDA:469,120,1,2
BRDA:470,121,0,1
BRDA:470,121,1,1
BRDA:474,122,0,1
BRDA:474,122,1,2
BRDA:476,123,0,1
BRDA:476,123,1,2
BRDA:478,124,0,1
BRDA:478,124,1,2
BRDA:478,125,0,1
BRDA:478,125,1,2
BRDA:480,126,0,1
BRDA:480,126,1,2
BRDA:480,127,0,1
BRDA:480,127,1,2
BRDA:481,128,0,1
BRDA:481,128,1,2
BRDA:486,129,0,1
BRDA:493,130,0,2
BRDA:502,131,0,0
BRDA:502,131,1,0
BRDA:504,132,0,1
BRDA:509,133,0,2
BRDA:510,134,0,1
BRDA:510,134,1,4
BRDA:510,135,0,5
BRDA:510,135,1,3
BRDA:511,136,0,2
BRDA:511,136,1,3
BRDA:511,137,0,2
BRDA:511,137,1,2
BRDA:511,138,0,3
BRDA:511,138,1,2
BRDA:513,139,0,1
BRDA:514,140,0,2
BRDA:514,140,1,7
BRDA:516,141,0,1
BRDA:518,142,0,1
BRDA:518,143,0,2
BRDA:520,144,0,1
BRDA:520,145,0,2
BRDA:524,146,0,1
BRDA:526,147,0,11
BRDA:526,147,1,8
BRDA:542,148,0,3
BRDA:542,148,1,3
BRDA:543,149,0,6
BRDA:543,149,1,4
BRDA:547,150,0,16
BRDA:547,150,1,16
BRDA:560,151,0,3
BRDA:560,151,1,2
BRDA:567,152,0,4
BRDA:567,152,1,4
BRDA:567,152,2,4
BRDA:567,152,3,3
BRDA:567,152,4,2
BRDA:567,152,5,2
BRDA:567,152,6,1
BRDA:574,153,0,10
BRDA:574,153,1,10
BRDA:574,154,0,10
BRDA:574,154,1,0
BRDA:578,155,0,3
BRDA:578,155,1,2
BRDA:582,156,0,4
BRDA:582,156,1,3
BRDA:583,157,0,2
BRDA:583,157,1,2
BRDA:583,157,2,2
BRDA:586,158,0,1
BRDA:586,158,1,2
BRDA:591,159,0,3
BRDA:591,159,1,3
BRDA:591,159,2,1
BRDA:591,159,3,3
BRDA:595,160,0,4
BRDA:595,160,1,4
BRDA:595,160,2,4
BRDA:595,160,3,3
BRDA:595,160,4,2
BRDA:604,161,0,7
BRDA:604,161,1,24
BRDA:605,162,0,9
BRDA:605,162,1,22
BRDA:605,163,0,1
BRDA:605,163,1,8
BRDA:606,164,0,1
BRDA:606,164,1,21
BRDA:609,165,0,4
BRDA:609,165,1,4
BRDA:609,165,2,4
BRDA:612,166,0,2
BRDA:612,166,1,2
BRDA:624,167,0,4
BRDA:624,167,1,4
BRDA:624,167,2,4
BRDA:624,167,3,3
BRDA:624,167,4,2
BRDA:629,168,0,1
BRDA:629,169,0,2
BRDA:632,170,0,3
BRDA:632,170,1,9
BRDA:634,171,0,3
BRDA:634,171,1,6
BRDA:641,172,0,4
BRDA:641,172,1,12
BRDA:645,173,0,8
BRDA:645,173,1,5
BRDA:657,174,0,18
BRDA:657,174,1,20
BRDA:657,175,0,20
BRDA:657,175,1,1
BRDA:680,176,0,1
BRDA:680,177,0,2
BRDA:682,178,0,3
BRDA:682,178,1,2
BRDA:686,179,0,1
BRDA:686,179,1,0
BRDA:686,180,0,1
BRDA:686,180,1,1
BRDA:690,181,0,1
BRDA:690,181,1,1
BRDA:692,182,0,1
BRDA:696,183,0,2
BRDA:696,183,1,1
BRDA:701,184,0,1
BRDA:701,184,1,2
BRDA:701,185,0,2
BRDA:701,185,1,2
BRDA:710,186,0,2
BRDA:710,186,1,3
BRDA:715,187,0,1
BRDA:715,187,1,1
BRDA:717,188,0,1
BRDA:718,189,0,1
BRDA:727,190,0,1
BRDA:727,191,0,6
BRDA:732,192,0,2
BRDA:734,193,0,1
BRDA:734,194,0,1
BRDA:734,194,1,3
BRDA:755,195,0,1
BRDA:765,196,0,1
BRDA:766,197,0,1
BRDA:766,197,1,1
BRDA:767,198,0,1
BRDA:767,198,1,1
BRDA:767,199,0,2
BRDA:767,199,1,2
BRDA:768,200,0,1
BRDA:768,200,1,1
BRDA:775,201,0,0
BRDA:775,201,1,0
BRDA:780,202,0,0
BRDA:780,202,1,0
BRDA:787,203,0,1
BRDA:787,203,1,1
BRDA:795,204,0,9
BRDA:795,204,1,5
BRDA:796,205,0,1
BRDA:796,205,1,8
BRDA:796,206,0,9
BRDA:796,206,1,4
BRDA:797,207,0,4
BRDA:797,207,1,5
BRDA:797,208,0,3
BRDA:797,208,1,2
BRDA:804,209,0,3
BRDA:823,210,0,1
BRDA:823,210,1,1
BRDA:829,211,0,5
BRDA:829,211,1,5
BRDA:829,212,0,1
BRDA:829,212,1,9
BRDA:831,213,0,4
BRDA:831,213,1,1
BRDA:831,214,0,3
BRDA:831,214,1,1
BRDA:841,215,0,2
BRDA:841,215,1,2
BRDA:848,216,0,4
BRDA:849,217,0,0
BRDA:850,218,0,2
BRDA:850,218,1,4
BRDA:851,219,0,1
BRDA:851,219,1,5
BRDA:859,220,0,1
BRDA:859,220,1,1
BRDA:861,221,0,1
BRDA:861,221,1,0
BRDA:861,222,0,0
BRDA:861,222,1,1
BRDA:863,223,0,1
BRDA:863,224,0,2
BRDA:865,225,0,2
BRDA:865,225,1,3
BRDA:865,226,0,1
BRDA:865,226,1,1
BRDA:866,227,0,1
BRDA:866,227,1,2
BRDA:867,228,0,1
BRDA:867,228,1,2
BRDA:868,229,0,1
BRDA:868,229,1,2
BRDA:868,230,0,2
BRDA:868,230,1,1
BRDA:874,231,0,14
BRDA:874,231,1,7
BRDA:879,232,0,0
BRDA:879,232,1,0
BRDA:882,233,0,0
BRDA:882,233,1,1
BRDA:890,234,0,2
BRDA:890,234,1,2
BRDA:898,235,0,2
BRDA:898,235,1,2
BRDA:906,236,0,1
BRDA:906,236,1,0
BRDA:907,237,0,1
BRDA:907,237,1,0
BRDA:908,238,0,1
BRDA:908,238,1,0
BRDA:918,239,0,0
BRDA:929,240,0,0
BRDA:943,241,0,0
BRDA:943,241,1,0
BRDA:946,242,0,0
BRDA:946,242,1,0
BRDA:949,243,0,0
BRDA:950,244,0,0
BRDA:950,244,1,0
BRDA:953,245,0,1
BRDA:954,246,0,2
BRDA:954,246,1,4
BRDA:964,247,0,1
BRDA:964,247,1,0
BRDA:975,248,0,3
BRDA:975,248,1,1
BRDA:980,249,0,4
BRDA:998,250,0,1
BRDA:1007,251,0,0
BRDA:1007,251,1,0
BRDA:1008,252,0,0
BRDA:1008,252,1,0
BRDA:1024,253,0,0
BRDA:1024,254,0,0
BRDA:1040,255,0,1
BRDA:1040,255,1,1
BRDA:1042,256,0,1
BRDA:1042,256,1,0
BRDA:1042,257,0,1
BRDA:1042,257,1,1
BRDA:1043,258,0,1
BRDA:1043,258,1,1
BRDA:1043,258,2,1
BRDA:1044,259,0,0
BRDA:1044,259,1,0
BRDA:1055,260,0,2
BRDA:1055,260,1,4
BRDA:1056,261,0,1
BRDA:1056,261,1,2
BRDA:1061,262,0,2
BRDA:1061,262,1,3
BRDA:1062,263,0,1
BRDA:1062,263,1,2
BRDA:1066,264,0,2
BRDA:1066,264,1,7
BRDA:1067,265,0,1
BRDA:1067,265,1,2
BRDA:1075,266,0,2
BRDA:1075,266,1,4
BRDA:1076,267,0,1
BRDA:1076,267,1,2
BRDA:1083,268,0,10
BRDA:1083,268,1,10
BRDA:1085,269,0,1
BRDA:1089,270,0,1
BRDA:1089,270,1,1
BRDA:1093,271,0,5
BRDA:1093,271,1,1
BRDA:1093,272,0,3
BRDA:1093,272,1,2
BRDA:1105,273,0,1
BRDA:1105,273,1,1
BRDA:1106,274,0,1
BRDA:1106,275,0,2
BRDA:1125,276,0,1
BRDA:1125,276,1,1
BRDA:1126,277,0,1
BRDA:1127,278,0,1
BRDA:1129,279,0,2
BRDA:1129,279,1,2
BRDA:1131,280,0,1
BRDA:1131,280,1,6
BRDA:1139,281,0,1
BRDA:1139,281,1,0
BRDA:1146,282,0,0
BRDA:1146,282,1,0
BRDA:1160,283,0,1
BRDA:1162,284,0,5
BRDA:1162,284,1,5
BRDA:1166,285,0,9
BRDA:1166,285,1,8
BRDA:1173,286,0,2
BRDA:1179,287,0,4
BRDA:1179,287,1,1
BRDA:1183,288,0,9
BRDA:1183,288,1,8
BRDA:1194,289,0,2
BRDA:1194,289,1,2
BRDA:1194,290,0,4
BRDA:1194,290,1,2
BRDA:1201,291,0,9
BRDA:1201,291,1,8
BRDA:1212,292,0,1
BRDA:1218,293,0,1
BRDA:1218,293,1,0
BRDA:1224,294,0,1
BRDA:1224,294,1,0
BRDA:1224,295,0,1
BRDA:1224,295,1,0
BRDA:1227,296,0,1
BRDA:1229,297,0,1
BRDA:1229,297,1,3
BRDA:1236,298,0,7
BRDA:1236,298,1,0
BRDA:1246,299,0,1
BRDA:1246,299,1,1
BRDA:1252,300,0,2
BRDA:1252,300,1,1
BRDA:1276,301,0,6
BRDA:1276,301,1,4
BRDA:1281,302,0,6
BRDA:1281,302,1,4
BRDA:1304,303,0,12
BRDA:1304,303,1,7
BRDA:1304,303,2,6
BRDA:1305,304,0,1
BRDA:1305,304,1,1
BRDA:1307,305,0,9
BRDA:1309,306,0,9
BRDA:1310,307,0,2
BRDA:1310,307,1,10
BRDA:1310,308,0,1
BRDA:1310,308,1,9
BRDA:1320,309,0,1
BRDA:1320,309,1,1
BRDA:1323,310,0,2
BRDA:1323,310,1,2
BRDA:1330,311,0,4
BRDA:1330,312,0,4
BRDA:1331,313,0,2
BRDA:1331,313,1,7
BRDA:1333,314,0,2
BRDA:1333,314,1,5
BRDA:1334,315,0,3
BRDA:1334,315,1,2
BRDA:1338,316,0,0
BRDA:1340,317,0,1
BRDA:1340,317,1,4
BRDA:1342,318,0,2
BRDA:1342,318,1,2
BRDA:1348,319,0,14
BRDA:1348,319,1,7
BRDA:1349,320,0,2
BRDA:1349,320,1,1
BRDA:1350,321,0,2
BRDA:1353,322,0,6
BRDA:1353,322,1,0
BRDA:1357,323,0,2
BRDA:1357,323,1,2
BRDA:1359,324,0,20
BRDA:1359,324,1,24
BRDA:1361,325,0,2
BRDA:1361,325,1,2
BRDA:1367,326,0,2
BRDA:1367,326,1,2
BRDA:1375,327,0,5
BRDA:1375,327,1,2
BRDA:1384,328,0,1
BRDA:1384,328,1,3
BRDA:1384,329,0,4
BRDA:1384,329,1,4
BRDA:1385,330,0,1
BRDA:1385,330,1,2
BRDA:1393,331,0,1
BRDA:1400,332,0,2
BRDA:1415,333,0,3
BRDA:1415,333,1,7
BRDA:1415,334,0,10
BRDA:1415,334,1,0
BRDA:1422,335,0,1
BRDA:1422,335,1,2
BRDA:1423,336,0,1
BRDA:1423,336,1,1
BRDA:1432,337,0,45
BRDA:1432,337,1,405
BRDA:1446,338,0,1
BRDA:1446,338,1,1
BRDA:1448,339,0,27
BRDA:1448,339,1,24
BRDA:1451,340,0,0
BRDA:1451,340,1,53
BRDA:1453,341,0,53
BRDA:1453,341,1,0
BRDA:1455,342,0,1
BRDA:1469,343,0,18
BRDA:1469,343,1,18
BRDA:1472,344,0,10
BRDA:1472,344,1,8
BRDA:1472,345,0,18
BRDA:1472,345,1,10
BRDA:1474,346,0,8
BRDA:1474,346,1,0
BRDA:1481,347,0,2
BRDA:1481,347,1,0
BRF:644
BRH:570
end_of_record
