TN:
SF:/home/travis/build/30-seconds/30-seconds-of-code/test/_30s.js
FN:4,(anonymous_0)
FN:8,(anonymous_1)
FN:9,(anonymous_2)
FN:14,(anonymous_3)
FN:16,(anonymous_4)
FN:20,(anonymous_5)
FN:22,(anonymous_6)
FN:25,(anonymous_7)
FN:27,(anonymous_8)
FN:32,(anonymous_9)
FN:33,(anonymous_10)
FN:42,(anonymous_11)
FN:43,(anonymous_12)
FN:47,(anonymous_13)
FN:48,(anonymous_14)
FN:51,(anonymous_15)
FN:52,(anonymous_16)
FN:52,(anonymous_17)
FN:53,(anonymous_18)
FN:54,(anonymous_19)
FN:55,(anonymous_20)
FN:56,(anonymous_21)
FN:56,(anonymous_22)
FN:57,(anonymous_23)
FN:58,(anonymous_24)
FN:60,(anonymous_25)
FN:62,(anonymous_26)
FN:62,(anonymous_27)
FN:63,(anonymous_28)
FN:64,(anonymous_29)
FN:71,(anonymous_30)
FN:71,(anonymous_31)
FN:72,(anonymous_32)
FN:73,(anonymous_33)
FN:73,(anonymous_34)
FN:75,(anonymous_35)
FN:76,(anonymous_36)
FN:77,(anonymous_37)
FN:78,(anonymous_38)
FN:79,(anonymous_39)
FN:79,(anonymous_40)
FN:80,(anonymous_41)
FN:82,(anonymous_42)
FN:84,(anonymous_43)
FN:89,(anonymous_44)
FN:89,(anonymous_45)
FN:91,(anonymous_46)
FN:101,(anonymous_47)
FN:104,(anonymous_48)
FN:105,(anonymous_49)
FN:106,(anonymous_50)
FN:106,(anonymous_51)
FN:107,(anonymous_52)
FN:109,(anonymous_53)
FN:109,(anonymous_54)
FN:110,(anonymous_55)
FN:111,(anonymous_56)
FN:114,(anonymous_57)
FN:120,(anonymous_58)
FN:121,(anonymous_59)
FN:124,(anonymous_60)
FN:125,(anonymous_61)
FN:126,(anonymous_62)
FN:126,(anonymous_63)
FN:127,(anonymous_64)
FN:127,(anonymous_65)
FN:128,(anonymous_66)
FN:128,(anonymous_67)
FN:129,(anonymous_68)
FN:147,(anonymous_69)
FN:148,(anonymous_70)
FN:149,(anonymous_71)
FN:149,(anonymous_72)
FN:149,(anonymous_73)
FN:150,(anonymous_74)
FN:150,(anonymous_75)
FN:150,(anonymous_76)
FN:151,(anonymous_77)
FN:151,(anonymous_78)
FN:151,(anonymous_79)
FN:152,(anonymous_80)
FN:169,(anonymous_81)
FN:170,(anonymous_82)
FN:170,(anonymous_83)
FN:174,(anonymous_84)
FN:174,(anonymous_85)
FN:175,(anonymous_86)
FN:178,(anonymous_87)
FN:186,(anonymous_88)
FN:191,(anonymous_89)
FN:194,(anonymous_90)
FN:201,(anonymous_91)
FN:205,(anonymous_92)
FN:206,(anonymous_93)
FN:208,(anonymous_94)
FN:210,(anonymous_95)
FN:212,(anonymous_96)
FN:214,(anonymous_97)
FN:217,(anonymous_98)
FN:219,(anonymous_99)
FN:222,(anonymous_100)
FN:226,(anonymous_101)
FN:226,(anonymous_102)
FN:227,(anonymous_103)
FN:229,(anonymous_104)
FN:232,(anonymous_105)
FN:234,(anonymous_106)
FN:236,(anonymous_107)
FN:243,(anonymous_108)
FN:244,(anonymous_109)
FN:245,(anonymous_110)
FN:246,(anonymous_111)
FN:247,(anonymous_112)
FN:251,(anonymous_113)
FN:253,(anonymous_114)
FN:255,(anonymous_115)
FN:257,(anonymous_116)
FN:259,(anonymous_117)
FN:259,(anonymous_118)
FN:259,(anonymous_119)
FN:260,(anonymous_120)
FN:263,(anonymous_121)
FN:267,(anonymous_122)
FN:267,(anonymous_123)
FN:268,(anonymous_124)
FN:269,(anonymous_125)
FN:270,(anonymous_126)
FN:271,(anonymous_127)
FN:275,(anonymous_128)
FN:279,(anonymous_129)
FN:280,(anonymous_130)
FN:288,(anonymous_131)
FN:290,(anonymous_132)
FN:291,(anonymous_133)
FN:304,(anonymous_134)
FN:312,(anonymous_135)
FN:314,(anonymous_136)
FN:317,(anonymous_137)
FN:326,(anonymous_138)
FN:327,(anonymous_139)
FN:327,(anonymous_140)
FN:328,(anonymous_141)
FN:333,(anonymous_142)
FN:335,(anonymous_143)
FN:337,(anonymous_144)
FN:343,(anonymous_145)
FN:345,(anonymous_146)
FN:348,(anonymous_147)
FN:349,(anonymous_148)
FN:349,(anonymous_149)
FN:350,(anonymous_150)
FN:351,(anonymous_151)
FN:351,(anonymous_152)
FN:352,(anonymous_153)
FN:352,(anonymous_154)
FN:353,(anonymous_155)
FN:354,(anonymous_156)
FN:356,(anonymous_157)
FN:357,(anonymous_158)
FN:359,(anonymous_159)
FN:362,(anonymous_160)
FN:363,(anonymous_161)
FN:364,(anonymous_162)
FN:365,(anonymous_163)
FN:366,(anonymous_164)
FN:372,(anonymous_165)
FN:372,(anonymous_166)
FN:373,(anonymous_167)
FN:378,(anonymous_168)
FN:378,(anonymous_169)
FN:379,(anonymous_170)
FN:382,(anonymous_171)
FN:383,(anonymous_172)
FN:393,(anonymous_173)
FN:394,(anonymous_174)
FN:397,(anonymous_175)
FN:402,(anonymous_176)
FN:403,(anonymous_177)
FN:407,(anonymous_178)
FN:408,(anonymous_179)
FN:409,(anonymous_180)
FN:410,(anonymous_181)
FN:412,(anonymous_182)
FN:414,(anonymous_183)
FN:416,(anonymous_184)
FN:417,(anonymous_185)
FN:421,(anonymous_186)
FN:422,(anonymous_187)
FN:424,(anonymous_188)
FN:425,(anonymous_189)
FN:427,(anonymous_190)
FN:428,(anonymous_191)
FN:431,(anonymous_192)
FN:439,(anonymous_193)
FN:443,(anonymous_194)
FN:444,(anonymous_195)
FN:446,(anonymous_196)
FN:448,(anonymous_197)
FN:451,(anonymous_198)
FN:452,(anonymous_199)
FN:452,(anonymous_200)
FN:456,(anonymous_201)
FN:457,(anonymous_202)
FN:458,(anonymous_203)
FN:459,(anonymous_204)
FN:460,(anonymous_205)
FN:461,(anonymous_206)
FN:469,(anonymous_207)
FN:470,(anonymous_208)
FN:472,(anonymous_209)
FN:482,(anonymous_210)
FN:483,(anonymous_211)
FN:486,(anonymous_212)
FN:502,(anonymous_213)
FN:502,(anonymous_214)
FN:503,(anonymous_215)
FN:506,(anonymous_216)
FN:507,(anonymous_217)
FN:510,(anonymous_218)
FN:514,(anonymous_219)
FN:515,(anonymous_220)
FN:518,(anonymous_221)
FN:521,(anonymous_222)
FN:526,(anonymous_223)
FN:530,(anonymous_224)
FN:531,(anonymous_225)
FN:531,(anonymous_226)
FN:532,(anonymous_227)
FN:533,(anonymous_228)
FN:534,(anonymous_229)
FN:535,(anonymous_230)
FN:536,(anonymous_231)
FN:537,(anonymous_232)
FN:539,(anonymous_233)
FN:541,(anonymous_234)
FN:542,(anonymous_235)
FN:545,(anonymous_236)
FN:546,(anonymous_237)
FN:547,(anonymous_238)
FN:548,(anonymous_239)
FN:550,(anonymous_240)
FN:552,(anonymous_241)
FN:554,(anonymous_242)
FN:556,(anonymous_243)
FN:556,(anonymous_244)
FN:556,(anonymous_245)
FN:557,(anonymous_246)
FN:558,(anonymous_247)
FN:564,(anonymous_248)
FN:565,(anonymous_249)
FN:566,(anonymous_250)
FN:567,(anonymous_251)
FN:568,(anonymous_252)
FN:577,(anonymous_253)
FN:578,(anonymous_254)
FN:579,(anonymous_255)
FN:580,(anonymous_256)
FN:581,(anonymous_257)
FN:582,(anonymous_258)
FN:583,(anonymous_259)
FN:591,(anonymous_260)
FN:592,(anonymous_261)
FN:593,(anonymous_262)
FN:594,(anonymous_263)
FN:595,(anonymous_264)
FN:596,(anonymous_265)
FN:597,(anonymous_266)
FN:598,(anonymous_267)
FN:599,(anonymous_268)
FN:600,(anonymous_269)
FN:601,(anonymous_270)
FN:602,(anonymous_271)
FN:607,(anonymous_272)
FN:608,(anonymous_273)
FN:612,(anonymous_274)
FN:618,(anonymous_275)
FN:619,(anonymous_276)
FN:627,(anonymous_277)
FN:628,(anonymous_278)
FN:629,(anonymous_279)
FN:630,(anonymous_280)
FN:631,(anonymous_281)
FN:632,(anonymous_282)
FN:633,(anonymous_283)
FN:641,(anonymous_284)
FN:647,(anonymous_285)
FN:649,(anonymous_286)
FN:657,(anonymous_287)
FN:658,(anonymous_288)
FN:659,(anonymous_289)
FN:660,(anonymous_290)
FN:661,(anonymous_291)
FN:663,(anonymous_292)
FN:663,(anonymous_293)
FN:664,(anonymous_294)
FN:665,(anonymous_295)
FN:669,(anonymous_296)
FN:673,(anonymous_297)
FN:675,(anonymous_298)
FN:679,(anonymous_299)
FN:680,(anonymous_300)
FN:684,(anonymous_301)
FN:685,(anonymous_302)
FN:686,(anonymous_303)
FN:688,(anonymous_304)
FN:691,(anonymous_305)
FN:693,(anonymous_306)
FN:694,(anonymous_307)
FN:698,(anonymous_308)
FN:699,(anonymous_309)
FN:700,(anonymous_310)
FN:701,(anonymous_311)
FN:703,(anonymous_312)
FN:708,(anonymous_313)
FN:708,(anonymous_314)
FN:709,(anonymous_315)
FN:710,(anonymous_316)
FN:710,(anonymous_317)
FN:711,(anonymous_318)
FN:713,(anonymous_319)
FN:716,(anonymous_320)
FN:718,(anonymous_321)
FN:724,(anonymous_322)
FN:726,(anonymous_323)
FN:727,(anonymous_324)
FN:733,(anonymous_325)
FN:734,(anonymous_326)
FN:734,(anonymous_327)
FN:735,(anonymous_328)
FN:736,(anonymous_329)
FN:736,(anonymous_330)
FN:737,(anonymous_331)
FN:738,(anonymous_332)
FN:745,(anonymous_333)
FN:745,(anonymous_334)
FN:746,(anonymous_335)
FN:748,(anonymous_336)
FN:749,(anonymous_337)
FN:750,(anonymous_338)
FN:751,(anonymous_339)
FN:752,(anonymous_340)
FN:752,(anonymous_341)
FN:753,(anonymous_342)
FN:754,(anonymous_343)
FN:754,(anonymous_344)
FN:755,(anonymous_345)
FN:755,(anonymous_346)
FN:756,(anonymous_347)
FN:757,(anonymous_348)
FN:757,(anonymous_349)
FN:774,(anonymous_350)
FN:775,(anonymous_351)
FN:776,(anonymous_352)
FN:778,(anonymous_353)
FN:779,(anonymous_354)
FN:780,(anonymous_355)
FN:782,(anonymous_356)
FN:783,(anonymous_357)
FN:784,(anonymous_358)
FN:785,(anonymous_359)
FN:789,(anonymous_360)
FN:792,(anonymous_361)
FN:798,(anonymous_362)
FN:803,(anonymous_363)
FN:805,(anonymous_364)
FN:811,(anonymous_365)
FN:812,(anonymous_366)
FN:813,(anonymous_367)
FN:821,(anonymous_368)
FN:821,(anonymous_369)
FN:821,(anonymous_370)
FN:822,(anonymous_371)
FN:822,(anonymous_372)
FN:822,(anonymous_373)
FN:823,(anonymous_374)
FN:825,(anonymous_375)
FN:829,(anonymous_376)
FN:832,(anonymous_377)
FN:833,(anonymous_378)
FN:837,(anonymous_379)
FN:837,(anonymous_380)
FN:838,(anonymous_381)
FN:838,(anonymous_382)
FN:839,(anonymous_383)
FN:841,(anonymous_384)
FN:847,(anonymous_385)
FN:848,(anonymous_386)
FN:849,(anonymous_387)
FN:852,(anonymous_388)
FN:854,(anonymous_389)
FN:859,(anonymous_390)
FN:860,(anonymous_391)
FN:861,(anonymous_392)
FN:863,(anonymous_393)
FN:864,(anonymous_394)
FN:865,(anonymous_395)
FN:865,(anonymous_396)
FN:865,(anonymous_397)
FN:866,(anonymous_398)
FN:866,(anonymous_399)
FN:866,(anonymous_400)
FN:867,(anonymous_401)
FN:868,(anonymous_402)
FN:870,(anonymous_403)
FN:873,(anonymous_404)
FN:873,(anonymous_405)
FN:873,(anonymous_406)
FN:874,(anonymous_407)
FN:878,(anonymous_408)
FN:882,(anonymous_409)
FN:889,(anonymous_410)
FN:890,(anonymous_411)
FN:892,(anonymous_412)
FN:893,(anonymous_413)
FN:893,(anonymous_414)
FN:896,(anonymous_415)
FN:896,(anonymous_416)
FN:897,(anonymous_417)
FN:898,(anonymous_418)
FN:900,(anonymous_419)
FN:902,(anonymous_420)
FN:904,(anonymous_421)
FN:906,(anonymous_422)
FN:909,(anonymous_423)
FN:910,(anonymous_424)
FN:912,(anonymous_425)
FN:915,(anonymous_426)
FN:917,(anonymous_427)
FN:918,(anonymous_428)
FN:920,(anonymous_429)
FN:923,(anonymous_430)
FN:927,(anonymous_431)
FN:928,(anonymous_432)
FN:930,(anonymous_433)
FN:932,(anonymous_434)
FN:933,(anonymous_435)
FN:937,(anonymous_436)
FN:938,(anonymous_437)
FN:939,(anonymous_438)
FN:940,(anonymous_439)
FN:942,(anonymous_440)
FN:947,(anonymous_441)
FN:947,(anonymous_442)
FN:947,(anonymous_443)
FN:948,(anonymous_444)
FN:951,(anonymous_445)
FN:955,(anonymous_446)
FN:959,(anonymous_447)
FN:960,(anonymous_448)
FN:968,(anonymous_449)
FN:970,(anonymous_450)
FN:971,(anonymous_451)
FN:972,(anonymous_452)
FN:972,(anonymous_453)
FN:973,(anonymous_454)
FN:974,(anonymous_455)
FN:975,(anonymous_456)
FN:976,(anonymous_457)
FN:981,(anonymous_458)
FN:981,(anonymous_459)
FN:982,(anonymous_460)
FN:984,(anonymous_461)
FN:989,(anonymous_462)
FN:990,(anonymous_463)
FN:992,(anonymous_464)
FN:998,(anonymous_465)
FN:999,(anonymous_466)
FN:1000,(anonymous_467)
FN:1006,(anonymous_468)
FN:1007,(anonymous_469)
FN:1010,(anonymous_470)
FN:1015,(anonymous_471)
FN:1015,(anonymous_472)
FN:1016,(anonymous_473)
FN:1017,(anonymous_474)
FN:1025,(anonymous_475)
FN:1032,(anonymous_476)
FN:1035,(anonymous_477)
FN:1040,(anonymous_478)
FN:1041,(anonymous_479)
FN:1042,(anonymous_480)
FN:1043,(anonymous_481)
FN:1048,(anonymous_482)
FN:1048,(anonymous_483)
FN:1049,(anonymous_484)
FN:1057,(anonymous_485)
FN:1057,(anonymous_486)
FN:1058,(anonymous_487)
FN:1066,(anonymous_488)
FN:1066,(anonymous_489)
FN:1067,(anonymous_490)
FN:1071,(anonymous_491)
FN:1071,(anonymous_492)
FN:1072,(anonymous_493)
FN:1074,(anonymous_494)
FN:1077,(anonymous_495)
FN:1080,(anonymous_496)
FN:1083,(anonymous_497)
FN:1085,(anonymous_498)
FN:1088,(anonymous_499)
FN:1094,(anonymous_500)
FN:1097,(anonymous_501)
FN:1098,(anonymous_502)
FN:1098,(anonymous_503)
FN:1099,(anonymous_504)
FN:1101,(anonymous_505)
FN:1102,(anonymous_506)
FN:1103,(anonymous_507)
FN:1104,(anonymous_508)
FN:1105,(anonymous_509)
FN:1107,(anonymous_510)
FN:1107,(anonymous_511)
FN:1111,(anonymous_512)
FN:1116,(anonymous_513)
FN:1117,(anonymous_514)
FN:1121,(anonymous_515)
FN:1122,(anonymous_516)
FN:1122,(anonymous_517)
FN:1123,(anonymous_518)
FN:1124,(anonymous_519)
FN:1124,(anonymous_520)
FN:1125,(anonymous_521)
FN:1128,(anonymous_522)
FN:1129,(anonymous_523)
FN:1130,(anonymous_524)
FN:1133,(anonymous_525)
FN:1133,(anonymous_526)
FN:1135,(anonymous_527)
FN:1136,(anonymous_528)
FN:1137,(anonymous_529)
FN:1138,(anonymous_530)
FN:1138,(anonymous_531)
FN:1140,(anonymous_532)
FN:1141,(anonymous_533)
FN:1141,(anonymous_534)
FN:1142,(anonymous_535)
FN:1142,(anonymous_536)
FN:1144,(anonymous_537)
FN:1145,(anonymous_538)
FN:1146,(anonymous_539)
FN:1147,(anonymous_540)
FN:1148,(anonymous_541)
FN:1149,(anonymous_542)
FN:1153,(anonymous_543)
FN:1155,(anonymous_544)
FN:1164,(anonymous_545)
FN:1173,(anonymous_546)
FN:1179,(anonymous_547)
FN:1183,(anonymous_548)
FN:1188,(anonymous_549)
FN:1192,(anonymous_550)
FN:1194,(anonymous_551)
FN:1195,(anonymous_552)
FN:1198,(anonymous_553)
FN:1201,(anonymous_554)
FN:1205,(anonymous_555)
FN:1207,(anonymous_556)
FN:1217,(anonymous_557)
FN:1219,(anonymous_558)
FN:1223,(anonymous_559)
FN:1225,(anonymous_560)
FN:1228,(anonymous_561)
FN:1230,(anonymous_562)
FN:1231,(anonymous_563)
FN:1239,(anonymous_564)
FN:1239,(anonymous_565)
FN:1240,(anonymous_566)
FN:1242,(anonymous_567)
FN:1244,(anonymous_568)
FN:1244,(anonymous_569)
FN:1245,(anonymous_570)
FN:1245,(anonymous_571)
FN:1246,(anonymous_572)
FN:1246,(anonymous_573)
FN:1247,(anonymous_574)
FN:1247,(anonymous_575)
FN:1247,(anonymous_576)
FN:1251,(anonymous_577)
FN:1254,(anonymous_578)
FN:1263,(anonymous_579)
FN:1264,(anonymous_580)
FN:1271,(anonymous_581)
FN:1279,(anonymous_582)
FN:1285,(anonymous_583)
FN:1286,(anonymous_584)
FN:1288,(anonymous_585)
FN:1290,(anonymous_586)
FN:1291,(anonymous_587)
FN:1291,(anonymous_588)
FN:1292,(anonymous_589)
FN:1293,(anonymous_590)
FN:1294,(anonymous_591)
FN:1295,(anonymous_592)
FN:1298,(anonymous_593)
FN:1299,(anonymous_594)
FN:1300,(anonymous_595)
FN:1303,(anonymous_596)
FN:1304,(anonymous_597)
FN:1304,(anonymous_598)
FN:1306,(anonymous_599)
FN:1307,(anonymous_600)
FN:1309,(anonymous_601)
FN:1309,(anonymous_602)
FN:1311,(anonymous_603)
FN:1312,(anonymous_604)
FN:1314,(anonymous_605)
FN:1317,(anonymous_606)
FN:1317,(anonymous_607)
FN:1319,(anonymous_608)
FN:1320,(anonymous_609)
FN:1322,(anonymous_610)
FN:1323,(anonymous_611)
FN:1324,(anonymous_612)
FN:1324,(anonymous_613)
FN:1325,(anonymous_614)
FN:1325,(anonymous_615)
FN:1326,(anonymous_616)
FN:1327,(anonymous_617)
FN:1327,(anonymous_618)
FN:1327,(anonymous_619)
FN:1328,(anonymous_620)
FN:1330,(anonymous_621)
FN:1331,(anonymous_622)
FN:1332,(anonymous_623)
FN:1333,(anonymous_624)
FN:1336,(anonymous_625)
FN:1337,(anonymous_626)
FN:1338,(anonymous_627)
FN:1341,(anonymous_628)
FN:1342,(anonymous_629)
FN:1342,(anonymous_630)
FN:1342,(anonymous_631)
FN:1345,(anonymous_632)
FN:1349,(anonymous_633)
FN:1356,(anonymous_634)
FN:1357,(anonymous_635)
FN:1358,(anonymous_636)
FN:1367,(anonymous_637)
FN:1368,(anonymous_638)
FN:1369,(anonymous_639)
FN:1370,(anonymous_640)
FN:1378,(anonymous_641)
FN:1379,(anonymous_642)
FN:1381,(anonymous_643)
FN:1388,(anonymous_644)
FN:1389,(anonymous_645)
FN:1391,(anonymous_646)
FN:1394,(anonymous_647)
FN:1398,(anonymous_648)
FN:1402,(anonymous_649)
FN:1412,(anonymous_650)
FN:1415,(anonymous_651)
FN:1416,(anonymous_652)
FN:1419,(anonymous_653)
FN:1423,(anonymous_654)
FN:1424,(anonymous_655)
FN:1427,(anonymous_656)
FN:1428,(anonymous_657)
FN:1428,(anonymous_658)
FN:1431,(anonymous_659)
FN:1433,(anonymous_660)
FN:1439,(anonymous_661)
FN:1440,(anonymous_662)
FN:1445,(anonymous_663)
FN:1448,(anonymous_664)
FN:1464,(anonymous_665)
FN:1465,(anonymous_666)
FN:1466,(anonymous_667)
FN:1470,(anonymous_668)
FN:1472,(anonymous_669)
FN:1474,(anonymous_670)
FN:1475,(anonymous_671)
FN:1477,(anonymous_672)
FN:1478,(anonymous_673)
FN:1479,(anonymous_674)
FN:1480,(anonymous_675)
FN:1481,(anonymous_676)
FN:1488,(anonymous_677)
FN:1490,(anonymous_678)
FN:1503,(anonymous_679)
FN:1508,(anonymous_680)
FN:1508,(anonymous_681)
FNF:682
FNH:630
FNDA:4,(anonymous_0)
FNDA:8,(anonymous_1)
FNDA:2,(anonymous_2)
FNDA:4,(anonymous_3)
FNDA:8,(anonymous_4)
FNDA:0,(anonymous_5)
FNDA:2,(anonymous_6)
FNDA:8,(anonymous_7)
FNDA:16,(anonymous_8)
FNDA:1,(anonymous_9)
FNDA:2,(anonymous_10)
FNDA:0,(anonymous_11)
FNDA:0,(anonymous_12)
FNDA:1,(anonymous_13)
FNDA:31,(anonymous_14)
FNDA:8,(anonymous_15)
FNDA:9,(anonymous_16)
FNDA:24,(anonymous_17)
FNDA:5,(anonymous_18)
FNDA:4,(anonymous_19)
FNDA:2,(anonymous_20)
FNDA:4,(anonymous_21)
FNDA:8,(anonymous_22)
FNDA:0,(anonymous_23)
FNDA:0,(anonymous_24)
FNDA:0,(anonymous_25)
FNDA:1,(anonymous_26)
FNDA:3,(anonymous_27)
FNDA:2,(anonymous_28)
FNDA:2,(anonymous_29)
FNDA:11,(anonymous_30)
FNDA:34,(anonymous_31)
FNDA:2,(anonymous_32)
FNDA:4,(anonymous_33)
FNDA:8,(anonymous_34)
FNDA:1,(anonymous_35)
FNDA:4,(anonymous_36)
FNDA:1,(anonymous_37)
FNDA:4,(anonymous_38)
FNDA:1,(anonymous_39)
FNDA:1,(anonymous_40)
FNDA:1,(anonymous_41)
FNDA:1,(anonymous_42)
FNDA:1,(anonymous_43)
FNDA:1,(anonymous_44)
FNDA:1,(anonymous_45)
FNDA:7,(anonymous_46)
FNDA:1,(anonymous_47)
FNDA:1,(anonymous_48)
FNDA:3,(anonymous_49)
FNDA:1,(anonymous_50)
FNDA:1,(anonymous_51)
FNDA:4,(anonymous_52)
FNDA:3,(anonymous_53)
FNDA:3,(anonymous_54)
FNDA:5,(anonymous_55)
FNDA:2,(anonymous_56)
FNDA:5,(anonymous_57)
FNDA:9,(anonymous_58)
FNDA:14,(anonymous_59)
FNDA:1,(anonymous_60)
FNDA:1,(anonymous_61)
FNDA:1,(anonymous_62)
FNDA:3,(anonymous_63)
FNDA:1,(anonymous_64)
FNDA:1,(anonymous_65)
FNDA:1,(anonymous_66)
FNDA:1,(anonymous_67)
FNDA:1,(anonymous_68)
FNDA:1,(anonymous_69)
FNDA:4,(anonymous_70)
FNDA:1,(anonymous_71)
FNDA:1,(anonymous_72)
FNDA:1,(anonymous_73)
FNDA:1,(anonymous_74)
FNDA:1,(anonymous_75)
FNDA:1,(anonymous_76)
FNDA:2,(anonymous_77)
FNDA:2,(anonymous_78)
FNDA:4,(anonymous_79)
FNDA:2,(anonymous_80)
FNDA:2,(anonymous_81)
FNDA:3,(anonymous_82)
FNDA:6,(anonymous_83)
FNDA:2,(anonymous_84)
FNDA:14,(anonymous_85)
FNDA:3,(anonymous_86)
FNDA:0,(anonymous_87)
FNDA:1,(anonymous_88)
FNDA:1,(anonymous_89)
FNDA:0,(anonymous_90)
FNDA:1,(anonymous_91)
FNDA:1,(anonymous_92)
FNDA:7,(anonymous_93)
FNDA:0,(anonymous_94)
FNDA:1,(anonymous_95)
FNDA:0,(anonymous_96)
FNDA:0,(anonymous_97)
FNDA:2,(anonymous_98)
FNDA:4,(anonymous_99)
FNDA:6,(anonymous_100)
FNDA:4,(anonymous_101)
FNDA:8,(anonymous_102)
FNDA:4,(anonymous_103)
FNDA:3,(anonymous_104)
FNDA:6,(anonymous_105)
FNDA:2,(anonymous_106)
FNDA:5,(anonymous_107)
FNDA:1,(anonymous_108)
FNDA:0,(anonymous_109)
FNDA:1,(anonymous_110)
FNDA:1,(anonymous_111)
FNDA:0,(anonymous_112)
FNDA:1,(anonymous_113)
FNDA:3,(anonymous_114)
FNDA:2,(anonymous_115)
FNDA:4,(anonymous_116)
FNDA:1,(anonymous_117)
FNDA:5,(anonymous_118)
FNDA:12,(anonymous_119)
FNDA:13,(anonymous_120)
FNDA:15,(anonymous_121)
FNDA:1,(anonymous_122)
FNDA:3,(anonymous_123)
FNDA:1,(anonymous_124)
FNDA:3,(anonymous_125)
FNDA:3,(anonymous_126)
FNDA:1,(anonymous_127)
FNDA:1,(anonymous_128)
FNDA:2,(anonymous_129)
FNDA:2,(anonymous_130)
FNDA:9,(anonymous_131)
FNDA:16,(anonymous_132)
FNDA:16,(anonymous_133)
FNDA:30,(anonymous_134)
FNDA:21,(anonymous_135)
FNDA:1,(anonymous_136)
FNDA:7,(anonymous_137)
FNDA:1,(anonymous_138)
FNDA:3,(anonymous_139)
FNDA:16,(anonymous_140)
FNDA:2,(anonymous_141)
FNDA:6,(anonymous_142)
FNDA:23,(anonymous_143)
FNDA:1,(anonymous_144)
FNDA:1,(anonymous_145)
FNDA:6,(anonymous_146)
FNDA:3,(anonymous_147)
FNDA:3,(anonymous_148)
FNDA:18,(anonymous_149)
FNDA:2,(anonymous_150)
FNDA:10,(anonymous_151)
FNDA:34,(anonymous_152)
FNDA:1,(anonymous_153)
FNDA:1,(anonymous_154)
FNDA:1,(anonymous_155)
FNDA:1,(anonymous_156)
FNDA:4,(anonymous_157)
FNDA:4,(anonymous_158)
FNDA:1,(anonymous_159)
FNDA:1,(anonymous_160)
FNDA:3,(anonymous_161)
FNDA:10,(anonymous_162)
FNDA:6,(anonymous_163)
FNDA:11,(anonymous_164)
FNDA:1,(anonymous_165)
FNDA:1,(anonymous_166)
FNDA:1,(anonymous_167)
FNDA:1,(anonymous_168)
FNDA:2,(anonymous_169)
FNDA:1,(anonymous_170)
FNDA:2,(anonymous_171)
FNDA:3,(anonymous_172)
FNDA:15,(anonymous_173)
FNDA:9,(anonymous_174)
FNDA:3,(anonymous_175)
FNDA:3,(anonymous_176)
FNDA:2,(anonymous_177)
FNDA:5,(anonymous_178)
FNDA:9,(anonymous_179)
FNDA:10,(anonymous_180)
FNDA:10,(anonymous_181)
FNDA:3,(anonymous_182)
FNDA:21,(anonymous_183)
FNDA:1,(anonymous_184)
FNDA:1,(anonymous_185)
FNDA:3,(anonymous_186)
FNDA:3,(anonymous_187)
FNDA:1,(anonymous_188)
FNDA:1,(anonymous_189)
FNDA:5,(anonymous_190)
FNDA:5,(anonymous_191)
FNDA:5,(anonymous_192)
FNDA:2,(anonymous_193)
FNDA:1,(anonymous_194)
FNDA:3,(anonymous_195)
FNDA:1,(anonymous_196)
FNDA:2,(anonymous_197)
FNDA:2,(anonymous_198)
FNDA:3,(anonymous_199)
FNDA:6,(anonymous_200)
FNDA:1,(anonymous_201)
FNDA:1,(anonymous_202)
FNDA:0,(anonymous_203)
FNDA:0,(anonymous_204)
FNDA:0,(anonymous_205)
FNDA:0,(anonymous_206)
FNDA:1,(anonymous_207)
FNDA:1,(anonymous_208)
FNDA:0,(anonymous_209)
FNDA:8,(anonymous_210)
FNDA:3,(anonymous_211)
FNDA:3,(anonymous_212)
FNDA:1,(anonymous_213)
FNDA:1,(anonymous_214)
FNDA:2,(anonymous_215)
FNDA:0,(anonymous_216)
FNDA:0,(anonymous_217)
FNDA:2,(anonymous_218)
FNDA:0,(anonymous_219)
FNDA:0,(anonymous_220)
FNDA:0,(anonymous_221)
FNDA:2,(anonymous_222)
FNDA:5,(anonymous_223)
FNDA:2,(anonymous_224)
FNDA:2,(anonymous_225)
FNDA:9,(anonymous_226)
FNDA:1,(anonymous_227)
FNDA:2,(anonymous_228)
FNDA:4,(anonymous_229)
FNDA:3,(anonymous_230)
FNDA:16,(anonymous_231)
FNDA:3,(anonymous_232)
FNDA:16,(anonymous_233)
FNDA:2,(anonymous_234)
FNDA:19,(anonymous_235)
FNDA:17,(anonymous_236)
FNDA:1,(anonymous_237)
FNDA:1,(anonymous_238)
FNDA:1,(anonymous_239)
FNDA:3,(anonymous_240)
FNDA:1,(anonymous_241)
FNDA:2,(anonymous_242)
FNDA:1,(anonymous_243)
FNDA:5,(anonymous_244)
FNDA:14,(anonymous_245)
FNDA:2,(anonymous_246)
FNDA:6,(anonymous_247)
FNDA:16,(anonymous_248)
FNDA:3,(anonymous_249)
FNDA:2,(anonymous_250)
FNDA:4,(anonymous_251)
FNDA:8,(anonymous_252)
FNDA:3,(anonymous_253)
FNDA:2,(anonymous_254)
FNDA:2,(anonymous_255)
FNDA:1,(anonymous_256)
FNDA:1,(anonymous_257)
FNDA:1,(anonymous_258)
FNDA:4,(anonymous_259)
FNDA:10,(anonymous_260)
FNDA:2,(anonymous_261)
FNDA:2,(anonymous_262)
FNDA:3,(anonymous_263)
FNDA:3,(anonymous_264)
FNDA:3,(anonymous_265)
FNDA:2,(anonymous_266)
FNDA:2,(anonymous_267)
FNDA:4,(anonymous_268)
FNDA:4,(anonymous_269)
FNDA:2,(anonymous_270)
FNDA:2,(anonymous_271)
FNDA:11,(anonymous_272)
FNDA:3,(anonymous_273)
FNDA:4,(anonymous_274)
FNDA:2,(anonymous_275)
FNDA:11,(anonymous_276)
FNDA:4,(anonymous_277)
FNDA:5,(anonymous_278)
FNDA:1,(anonymous_279)
FNDA:2,(anonymous_280)
FNDA:1,(anonymous_281)
FNDA:3,(anonymous_282)
FNDA:3,(anonymous_283)
FNDA:4,(anonymous_284)
FNDA:3,(anonymous_285)
FNDA:12,(anonymous_286)
FNDA:8,(anonymous_287)
FNDA:2,(anonymous_288)
FNDA:16,(anonymous_289)
FNDA:4,(anonymous_290)
FNDA:4,(anonymous_291)
FNDA:8,(anonymous_292)
FNDA:14,(anonymous_293)
FNDA:1,(anonymous_294)
FNDA:2,(anonymous_295)
FNDA:3,(anonymous_296)
FNDA:41,(anonymous_297)
FNDA:38,(anonymous_298)
FNDA:1,(anonymous_299)
FNDA:2,(anonymous_300)
FNDA:3,(anonymous_301)
FNDA:3,(anonymous_302)
FNDA:11,(anonymous_303)
FNDA:3,(anonymous_304)
FNDA:12,(anonymous_305)
FNDA:1,(anonymous_306)
FNDA:2,(anonymous_307)
FNDA:3,(anonymous_308)
FNDA:2,(anonymous_309)
FNDA:3,(anonymous_310)
FNDA:1,(anonymous_311)
FNDA:1,(anonymous_312)
FNDA:2,(anonymous_313)
FNDA:4,(anonymous_314)
FNDA:1,(anonymous_315)
FNDA:2,(anonymous_316)
FNDA:4,(anonymous_317)
FNDA:3,(anonymous_318)
FNDA:13,(anonymous_319)
FNDA:1,(anonymous_320)
FNDA:3,(anonymous_321)
FNDA:1,(anonymous_322)
FNDA:2,(anonymous_323)
FNDA:5,(anonymous_324)
FNDA:7,(anonymous_325)
FNDA:2,(anonymous_326)
FNDA:4,(anonymous_327)
FNDA:1,(anonymous_328)
FNDA:2,(anonymous_329)
FNDA:4,(anonymous_330)
FNDA:2,(anonymous_331)
FNDA:4,(anonymous_332)
FNDA:1,(anonymous_333)
FNDA:6,(anonymous_334)
FNDA:6,(anonymous_335)
FNDA:30,(anonymous_336)
FNDA:5,(anonymous_337)
FNDA:1,(anonymous_338)
FNDA:4,(anonymous_339)
FNDA:2,(anonymous_340)
FNDA:3,(anonymous_341)
FNDA:4,(anonymous_342)
FNDA:1,(anonymous_343)
FNDA:2,(anonymous_344)
FNDA:1,(anonymous_345)
FNDA:2,(anonymous_346)
FNDA:0,(anonymous_347)
FNDA:0,(anonymous_348)
FNDA:0,(anonymous_349)
FNDA:2,(anonymous_350)
FNDA:6,(anonymous_351)
FNDA:1,(anonymous_352)
FNDA:3,(anonymous_353)
FNDA:2,(anonymous_354)
FNDA:1,(anonymous_355)
FNDA:3,(anonymous_356)
FNDA:1,(anonymous_357)
FNDA:2,(anonymous_358)
FNDA:1,(anonymous_359)
FNDA:0,(anonymous_360)
FNDA:0,(anonymous_361)
FNDA:0,(anonymous_362)
FNDA:2,(anonymous_363)
FNDA:2,(anonymous_364)
FNDA:2,(anonymous_365)
FNDA:7,(anonymous_366)
FNDA:14,(anonymous_367)
FNDA:1,(anonymous_368)
FNDA:1,(anonymous_369)
FNDA:2,(anonymous_370)
FNDA:1,(anonymous_371)
FNDA:1,(anonymous_372)
FNDA:2,(anonymous_373)
FNDA:4,(anonymous_374)
FNDA:2,(anonymous_375)
FNDA:1,(anonymous_376)
FNDA:2,(anonymous_377)
FNDA:2,(anonymous_378)
FNDA:1,(anonymous_379)
FNDA:1,(anonymous_380)
FNDA:1,(anonymous_381)
FNDA:1,(anonymous_382)
FNDA:1,(anonymous_383)
FNDA:2,(anonymous_384)
FNDA:1,(anonymous_385)
FNDA:10,(anonymous_386)
FNDA:5,(anonymous_387)
FNDA:3,(anonymous_388)
FNDA:6,(anonymous_389)
FNDA:1,(anonymous_390)
FNDA:2,(anonymous_391)
FNDA:1,(anonymous_392)
FNDA:3,(anonymous_393)
FNDA:2,(anonymous_394)
FNDA:1,(anonymous_395)
FNDA:1,(anonymous_396)
FNDA:4,(anonymous_397)
FNDA:1,(anonymous_398)
FNDA:1,(anonymous_399)
FNDA:1,(anonymous_400)
FNDA:6,(anonymous_401)
FNDA:6,(anonymous_402)
FNDA:1,(anonymous_403)
FNDA:1,(anonymous_404)
FNDA:2,(anonymous_405)
FNDA:3,(anonymous_406)
FNDA:1,(anonymous_407)
FNDA:2,(anonymous_408)
FNDA:5,(anonymous_409)
FNDA:1,(anonymous_410)
FNDA:9,(anonymous_411)
FNDA:2,(anonymous_412)
FNDA:2,(anonymous_413)
FNDA:14,(anonymous_414)
FNDA:2,(anonymous_415)
FNDA:2,(anonymous_416)
FNDA:2,(anonymous_417)
FNDA:0,(anonymous_418)
FNDA:1,(anonymous_419)
FNDA:6,(anonymous_420)
FNDA:2,(anonymous_421)
FNDA:1,(anonymous_422)
FNDA:4,(anonymous_423)
FNDA:4,(anonymous_424)
FNDA:2,(anonymous_425)
FNDA:1,(anonymous_426)
FNDA:4,(anonymous_427)
FNDA:4,(anonymous_428)
FNDA:2,(anonymous_429)
FNDA:1,(anonymous_430)
FNDA:2,(anonymous_431)
FNDA:4,(anonymous_432)
FNDA:1,(anonymous_433)
FNDA:1,(anonymous_434)
FNDA:3,(anonymous_435)
FNDA:1,(anonymous_436)
FNDA:10,(anonymous_437)
FNDA:2,(anonymous_438)
FNDA:2,(anonymous_439)
FNDA:0,(anonymous_440)
FNDA:1,(anonymous_441)
FNDA:1,(anonymous_442)
FNDA:3,(anonymous_443)
FNDA:0,(anonymous_444)
FNDA:0,(anonymous_445)
FNDA:0,(anonymous_446)
FNDA:0,(anonymous_447)
FNDA:0,(anonymous_448)
FNDA:0,(anonymous_449)
FNDA:1,(anonymous_450)
FNDA:6,(anonymous_451)
FNDA:3,(anonymous_452)
FNDA:2,(anonymous_453)
FNDA:6,(anonymous_454)
FNDA:1,(anonymous_455)
FNDA:1,(anonymous_456)
FNDA:2,(anonymous_457)
FNDA:2,(anonymous_458)
FNDA:9,(anonymous_459)
FNDA:1,(anonymous_460)
FNDA:2,(anonymous_461)
FNDA:1,(anonymous_462)
FNDA:1,(anonymous_463)
FNDA:3,(anonymous_464)
FNDA:1,(anonymous_465)
FNDA:10,(anonymous_466)
FNDA:0,(anonymous_467)
FNDA:0,(anonymous_468)
FNDA:0,(anonymous_469)
FNDA:0,(anonymous_470)
FNDA:1,(anonymous_471)
FNDA:2,(anonymous_472)
FNDA:3,(anonymous_473)
FNDA:5,(anonymous_474)
FNDA:0,(anonymous_475)
FNDA:1,(anonymous_476)
FNDA:4,(anonymous_477)
FNDA:1,(anonymous_478)
FNDA:0,(anonymous_479)
FNDA:1,(anonymous_480)
FNDA:3,(anonymous_481)
FNDA:1,(anonymous_482)
FNDA:1,(anonymous_483)
FNDA:4,(anonymous_484)
FNDA:1,(anonymous_485)
FNDA:3,(anonymous_486)
FNDA:2,(anonymous_487)
FNDA:0,(anonymous_488)
FNDA:0,(anonymous_489)
FNDA:0,(anonymous_490)
FNDA:1,(anonymous_491)
FNDA:14,(anonymous_492)
FNDA:3,(anonymous_493)
FNDA:6,(anonymous_494)
FNDA:3,(anonymous_495)
FNDA:5,(anonymous_496)
FNDA:3,(anonymous_497)
FNDA:9,(anonymous_498)
FNDA:3,(anonymous_499)
FNDA:6,(anonymous_500)
FNDA:1,(anonymous_501)
FNDA:1,(anonymous_502)
FNDA:1,(anonymous_503)
FNDA:1,(anonymous_504)
FNDA:11,(anonymous_505)
FNDA:10,(anonymous_506)
FNDA:11,(anonymous_507)
FNDA:2,(anonymous_508)
FNDA:14,(anonymous_509)
FNDA:14,(anonymous_510)
FNDA:14,(anonymous_511)
FNDA:6,(anonymous_512)
FNDA:3,(anonymous_513)
FNDA:6,(anonymous_514)
FNDA:1,(anonymous_515)
FNDA:1,(anonymous_516)
FNDA:4,(anonymous_517)
FNDA:2,(anonymous_518)
FNDA:4,(anonymous_519)
FNDA:8,(anonymous_520)
FNDA:3,(anonymous_521)
FNDA:26,(anonymous_522)
FNDA:26,(anonymous_523)
FNDA:2,(anonymous_524)
FNDA:6,(anonymous_525)
FNDA:6,(anonymous_526)
FNDA:1,(anonymous_527)
FNDA:2,(anonymous_528)
FNDA:2,(anonymous_529)
FNDA:2,(anonymous_530)
FNDA:2,(anonymous_531)
FNDA:1,(anonymous_532)
FNDA:5,(anonymous_533)
FNDA:14,(anonymous_534)
FNDA:4,(anonymous_535)
FNDA:17,(anonymous_536)
FNDA:2,(anonymous_537)
FNDA:3,(anonymous_538)
FNDA:2,(anonymous_539)
FNDA:1,(anonymous_540)
FNDA:4,(anonymous_541)
FNDA:2,(anonymous_542)
FNDA:1,(anonymous_543)
FNDA:1,(anonymous_544)
FNDA:0,(anonymous_545)
FNDA:1,(anonymous_546)
FNDA:1,(anonymous_547)
FNDA:16,(anonymous_548)
FNDA:45,(anonymous_549)
FNDA:3,(anonymous_550)
FNDA:1,(anonymous_551)
FNDA:2,(anonymous_552)
FNDA:5,(anonymous_553)
FNDA:9,(anonymous_554)
FNDA:50,(anonymous_555)
FNDA:4,(anonymous_556)
FNDA:11,(anonymous_557)
FNDA:9,(anonymous_558)
FNDA:50,(anonymous_559)
FNDA:8,(anonymous_560)
FNDA:31,(anonymous_561)
FNDA:1,(anonymous_562)
FNDA:1,(anonymous_563)
FNDA:1,(anonymous_564)
FNDA:3,(anonymous_565)
FNDA:1,(anonymous_566)
FNDA:1,(anonymous_567)
FNDA:1,(anonymous_568)
FNDA:2,(anonymous_569)
FNDA:1,(anonymous_570)
FNDA:3,(anonymous_571)
FNDA:3,(anonymous_572)
FNDA:4,(anonymous_573)
FNDA:3,(anonymous_574)
FNDA:3,(anonymous_575)
FNDA:6,(anonymous_576)
FNDA:1,(anonymous_577)
FNDA:7,(anonymous_578)
FNDA:1,(anonymous_579)
FNDA:2,(anonymous_580)
FNDA:3,(anonymous_581)
FNDA:1,(anonymous_582)
FNDA:11,(anonymous_583)
FNDA:1,(anonymous_584)
FNDA:2,(anonymous_585)
FNDA:1,(anonymous_586)
FNDA:4,(anonymous_587)
FNDA:17,(anonymous_588)
FNDA:12,(anonymous_589)
FNDA:2,(anonymous_590)
FNDA:10,(anonymous_591)
FNDA:12,(anonymous_592)
FNDA:2,(anonymous_593)
FNDA:10,(anonymous_594)
FNDA:12,(anonymous_595)
FNDA:5,(anonymous_596)
FNDA:18,(anonymous_597)
FNDA:15,(anonymous_598)
FNDA:3,(anonymous_599)
FNDA:2,(anonymous_600)
FNDA:4,(anonymous_601)
FNDA:11,(anonymous_602)
FNDA:4,(anonymous_603)
FNDA:6,(anonymous_604)
FNDA:1,(anonymous_605)
FNDA:2,(anonymous_606)
FNDA:6,(anonymous_607)
FNDA:2,(anonymous_608)
FNDA:3,(anonymous_609)
FNDA:3,(anonymous_610)
FNDA:12,(anonymous_611)
FNDA:1,(anonymous_612)
FNDA:2,(anonymous_613)
FNDA:9,(anonymous_614)
FNDA:15,(anonymous_615)
FNDA:9,(anonymous_616)
FNDA:1,(anonymous_617)
FNDA:2,(anonymous_618)
FNDA:4,(anonymous_619)
FNDA:12,(anonymous_620)
FNDA:8,(anonymous_621)
FNDA:15,(anonymous_622)
FNDA:8,(anonymous_623)
FNDA:24,(anonymous_624)
FNDA:9,(anonymous_625)
FNDA:10,(anonymous_626)
FNDA:2,(anonymous_627)
FNDA:6,(anonymous_628)
FNDA:4,(anonymous_629)
FNDA:6,(anonymous_630)
FNDA:6,(anonymous_631)
FNDA:1,(anonymous_632)
FNDA:9,(anonymous_633)
FNDA:5,(anonymous_634)
FNDA:2,(anonymous_635)
FNDA:5,(anonymous_636)
FNDA:21,(anonymous_637)
FNDA:2,(anonymous_638)
FNDA:4,(anonymous_639)
FNDA:15,(anonymous_640)
FNDA:44,(anonymous_641)
FNDA:44,(anonymous_642)
FNDA:10,(anonymous_643)
FNDA:5,(anonymous_644)
FNDA:1,(anonymous_645)
FNDA:1,(anonymous_646)
FNDA:7,(anonymous_647)
FNDA:1,(anonymous_648)
FNDA:4,(anonymous_649)
FNDA:2,(anonymous_650)
FNDA:0,(anonymous_651)
FNDA:0,(anonymous_652)
FNDA:2,(anonymous_653)
FNDA:0,(anonymous_654)
FNDA:0,(anonymous_655)
FNDA:2,(anonymous_656)
FNDA:2,(anonymous_657)
FNDA:6,(anonymous_658)
FNDA:2,(anonymous_659)
FNDA:10,(anonymous_660)
FNDA:1,(anonymous_661)
FNDA:3,(anonymous_662)
FNDA:26,(anonymous_663)
FNDA:19,(anonymous_664)
FNDA:1,(anonymous_665)
FNDA:1,(anonymous_666)
FNDA:51,(anonymous_667)
FNDA:53,(anonymous_668)
FNDA:53,(anonymous_669)
FNDA:2,(anonymous_670)
FNDA:2,(anonymous_671)
FNDA:1,(anonymous_672)
FNDA:3,(anonymous_673)
FNDA:2,(anonymous_674)
FNDA:1,(anonymous_675)
FNDA:1,(anonymous_676)
FNDA:18,(anonymous_677)
FNDA:18,(anonymous_678)
FNDA:0,(anonymous_679)
FNDA:3,(anonymous_680)
FNDA:10,(anonymous_681)
DA:1,365
DA:2,365
DA:4,365
DA:5,4
DA:8,8
DA:9,365
DA:10,2
DA:11,2
DA:15,4
DA:16,8
DA:20,365
DA:21,0
DA:22,365
DA:23,2
DA:26,8
DA:27,16
DA:32,365
DA:33,365
DA:34,2
DA:42,365
DA:43,0
DA:44,0
DA:47,365
DA:48,1
DA:49,31
DA:51,365
DA:52,365
DA:53,365
DA:54,365
DA:55,365
DA:56,8
DA:57,365
DA:58,0
DA:59,0
DA:60,0
DA:62,365
DA:63,365
DA:64,365
DA:65,2
DA:66,2
DA:68,1
DA:71,365
DA:72,365
DA:73,8
DA:75,365
DA:76,4
DA:77,365
DA:78,4
DA:79,365
DA:80,365
DA:81,1
DA:83,1
DA:85,1
DA:89,365
DA:90,1
DA:91,365
DA:92,7
DA:93,5
DA:94,4
DA:95,3
DA:96,2
DA:97,2
DA:98,2
DA:99,2
DA:101,365
DA:102,1
DA:104,365
DA:105,365
DA:106,365
DA:107,365
DA:108,4
DA:109,365
DA:110,365
DA:111,365
DA:112,2
DA:113,2
DA:114,2
DA:115,5
DA:116,5
DA:118,2
DA:120,365
DA:121,9
DA:122,14
DA:124,365
DA:125,365
DA:126,365
DA:127,365
DA:128,365
DA:129,365
DA:147,365
DA:148,365
DA:149,365
DA:150,365
DA:151,365
DA:152,365
DA:153,2
DA:154,2
DA:155,2
DA:156,2
DA:157,2
DA:158,2
DA:160,2
DA:161,2
DA:162,2
DA:163,2
DA:164,2
DA:165,1
DA:166,1
DA:169,365
DA:170,3
DA:171,6
DA:172,6
DA:174,365
DA:175,365
DA:176,3
DA:177,3
DA:178,3
DA:179,0
DA:180,0
DA:181,0
DA:182,0
DA:184,3
DA:186,365
DA:187,1
DA:188,1
DA:189,1
DA:191,365
DA:194,1
DA:197,1
DA:198,1
DA:201,1
DA:202,1
DA:205,365
DA:206,365
DA:207,7
DA:208,365
DA:209,0
DA:210,365
DA:212,1
DA:213,0
DA:214,0
DA:217,365
DA:218,2
DA:219,365
DA:220,4
DA:221,4
DA:222,6
DA:224,4
DA:226,365
DA:227,365
DA:228,4
DA:230,3
DA:232,365
DA:233,6
DA:234,2
DA:237,5
DA:238,5
DA:240,5
DA:243,365
DA:244,365
DA:245,365
DA:246,365
DA:247,365
DA:248,0
DA:251,365
DA:252,1
DA:253,3
DA:255,365
DA:256,2
DA:257,4
DA:259,365
DA:260,365
DA:261,13
DA:264,15
DA:265,15
DA:267,365
DA:268,365
DA:269,365
DA:270,365
DA:271,365
DA:272,2
DA:273,1
DA:275,365
DA:276,2
DA:277,1
DA:279,365
DA:280,365
DA:281,2
DA:282,2
DA:283,2
DA:288,365
DA:289,9
DA:290,16
DA:291,9
DA:292,16
DA:293,9
DA:295,1
DA:296,4
DA:297,4
DA:298,6
DA:299,6
DA:302,1
DA:304,365
DA:305,30
DA:306,16
DA:307,15
DA:308,11
DA:309,11
DA:310,11
DA:311,11
DA:312,21
DA:314,365
DA:315,1
DA:318,7
DA:326,365
DA:327,365
DA:328,365
DA:329,2
DA:333,6
DA:335,365
DA:336,23
DA:338,1
DA:343,365
DA:344,1
DA:345,6
DA:348,365
DA:349,365
DA:350,365
DA:351,34
DA:352,365
DA:353,365
DA:354,365
DA:355,1
DA:356,4
DA:357,4
DA:359,365
DA:360,1
DA:362,1
DA:363,365
DA:364,10
DA:365,365
DA:366,6
DA:367,11
DA:368,11
DA:369,7
DA:370,11
DA:372,365
DA:373,365
DA:374,1
DA:378,365
DA:379,365
DA:380,1
DA:382,2
DA:383,365
DA:384,3
DA:385,3
DA:392,3
DA:393,15
DA:394,9
DA:397,365
DA:398,3
DA:402,365
DA:403,365
DA:404,2
DA:407,5
DA:408,365
DA:409,10
DA:410,10
DA:412,365
DA:413,3
DA:414,21
DA:416,365
DA:417,1
DA:418,1
DA:421,3
DA:422,3
DA:424,365
DA:425,365
DA:426,1
DA:427,365
DA:428,5
DA:429,5
DA:431,365
DA:432,5
DA:439,365
DA:443,365
DA:444,365
DA:445,3
DA:446,365
DA:447,1
DA:448,2
DA:451,365
DA:452,3
DA:453,6
DA:454,6
DA:456,365
DA:457,365
DA:458,365
DA:459,0
DA:460,365
DA:461,0
DA:462,0
DA:463,0
DA:464,0
DA:465,0
DA:466,0
DA:469,365
DA:470,1
DA:471,1
DA:473,0
DA:482,365
DA:483,365
DA:484,3
DA:485,3
DA:486,3
DA:487,2
DA:488,3
DA:489,3
DA:502,365
DA:503,365
DA:504,2
DA:505,2
DA:506,2
DA:507,2
DA:508,2
DA:510,365
DA:511,2
DA:512,2
DA:513,2
DA:514,2
DA:515,2
DA:516,2
DA:518,365
DA:519,0
DA:521,365
DA:522,2
DA:523,110
DA:524,2
DA:526,365
DA:527,5
DA:528,5
DA:530,365
DA:531,365
DA:532,365
DA:533,365
DA:534,4
DA:535,365
DA:536,16
DA:537,365
DA:538,3
DA:539,16
DA:541,365
DA:542,365
DA:543,19
DA:545,17
DA:546,365
DA:547,365
DA:548,365
DA:549,1
DA:550,3
DA:552,365
DA:553,1
DA:554,2
DA:556,365
DA:557,365
DA:558,2
DA:559,6
DA:560,6
DA:561,6
DA:562,6
DA:564,365
DA:565,365
DA:566,365
DA:567,365
DA:568,4
DA:569,8
DA:575,4
DA:577,365
DA:578,365
DA:579,365
DA:580,365
DA:581,365
DA:582,365
DA:583,365
DA:584,4
DA:591,365
DA:592,365
DA:593,365
DA:594,365
DA:595,365
DA:596,365
DA:597,365
DA:598,365
DA:599,365
DA:600,365
DA:601,365
DA:602,365
DA:603,2
DA:604,3
DA:605,1
DA:607,365
DA:608,365
DA:609,3
DA:612,365
DA:613,4
DA:618,365
DA:619,365
DA:620,11
DA:621,11
DA:622,31
DA:623,31
DA:624,22
DA:627,365
DA:628,365
DA:629,365
DA:630,365
DA:631,365
DA:632,365
DA:633,365
DA:634,3
DA:635,3
DA:636,2
DA:638,1
DA:641,365
DA:642,4
DA:647,365
DA:648,3
DA:650,12
DA:657,365
DA:658,365
DA:659,16
DA:660,4
DA:661,4
DA:663,365
DA:664,365
DA:665,1
DA:666,2
DA:667,2
DA:669,365
DA:670,3
DA:673,41
DA:674,3
DA:675,38
DA:676,3
DA:677,3
DA:679,365
DA:680,1
DA:681,2
DA:682,2
DA:684,365
DA:685,3
DA:686,11
DA:688,365
DA:689,3
DA:691,12
DA:693,365
DA:694,1
DA:695,2
DA:696,2
DA:698,365
DA:699,365
DA:700,3
DA:701,365
DA:702,1
DA:704,1
DA:708,365
DA:709,365
DA:710,365
DA:711,365
DA:712,3
DA:713,13
DA:714,3
DA:716,365
DA:717,1
DA:718,1
DA:719,3
DA:721,1
DA:722,1
DA:724,365
DA:725,1
DA:727,2
DA:728,5
DA:729,5
DA:733,365
DA:734,365
DA:735,365
DA:736,365
DA:737,365
DA:738,2
DA:739,4
DA:740,20020
DA:741,4
DA:743,2
DA:745,365
DA:746,365
DA:747,6
DA:748,30
DA:749,5
DA:750,365
DA:751,365
DA:752,365
DA:753,365
DA:754,365
DA:755,365
DA:756,365
DA:757,0
DA:758,0
DA:772,0
DA:774,365
DA:775,365
DA:776,365
DA:777,1
DA:778,3
DA:779,2
DA:780,365
DA:781,1
DA:782,3
DA:783,1
DA:784,365
DA:785,2
DA:786,2
DA:787,2
DA:789,365
DA:790,0
DA:791,0
DA:792,0
DA:793,0
DA:794,0
DA:795,0
DA:796,0
DA:798,0
DA:799,0
DA:800,0
DA:803,365
DA:804,2
DA:805,2
DA:806,2
DA:807,1
DA:808,1
DA:811,365
DA:812,2
DA:813,7
DA:814,14
DA:815,9
DA:816,9
DA:818,14
DA:821,365
DA:822,365
DA:823,365
DA:824,4
DA:825,365
DA:826,2
DA:827,2
DA:829,365
DA:830,1
DA:832,2
DA:834,2
DA:835,2
DA:837,365
DA:838,365
DA:839,365
DA:840,1
DA:842,2
DA:843,2
DA:847,365
DA:848,10
DA:849,365
DA:850,5
DA:851,1
DA:853,3
DA:854,6
DA:859,365
DA:860,2
DA:861,365
DA:862,1
DA:863,3
DA:864,2
DA:865,365
DA:866,365
DA:867,365
DA:868,6
DA:869,6
DA:870,6
DA:871,5
DA:873,365
DA:874,365
DA:875,1
DA:876,1
DA:877,1
DA:878,2
DA:880,1
DA:882,365
DA:883,5
DA:884,5
DA:885,3
DA:886,3
DA:887,3
DA:889,365
DA:890,9
DA:891,1
DA:892,2
DA:893,14
DA:894,1
DA:896,365
DA:897,2
DA:898,2
DA:900,365
DA:901,1
DA:902,6
DA:903,1
DA:904,2
DA:906,365
DA:907,1
DA:908,1
DA:909,4
DA:910,4
DA:911,1
DA:912,2
DA:913,1
DA:915,365
DA:916,1
DA:917,4
DA:918,4
DA:919,1
DA:920,2
DA:921,1
DA:923,365
DA:924,1
DA:925,1
DA:926,1
DA:927,2
DA:928,4
DA:929,1
DA:930,1
DA:932,365
DA:933,365
DA:934,3
DA:935,3
DA:937,365
DA:938,10
DA:939,365
DA:940,365
DA:942,365
DA:943,0
DA:947,365
DA:948,365
DA:949,0
DA:951,0
DA:952,0
DA:953,0
DA:955,0
DA:956,0
DA:957,0
DA:959,0
DA:960,0
DA:961,0
DA:962,0
DA:965,0
DA:966,0
DA:968,365
DA:969,0
DA:970,365
DA:971,6
DA:972,365
DA:973,6
DA:974,365
DA:975,1
DA:976,1
DA:977,2
DA:978,2
DA:981,365
DA:982,365
DA:983,1
DA:985,2
DA:986,2
DA:989,365
DA:990,365
DA:991,1
DA:992,3
DA:998,365
DA:999,365
DA:1000,365
DA:1001,0
DA:1006,0
DA:1007,0
DA:1008,0
DA:1010,0
DA:1011,0
DA:1015,365
DA:1016,365
DA:1017,365
DA:1018,5
DA:1019,5
DA:1020,16
DA:1021,16
DA:1023,5
DA:1025,365
DA:1026,0
DA:1027,0
DA:1028,0
DA:1029,0
DA:1032,365
DA:1033,1
DA:1034,1
DA:1036,4
DA:1040,365
DA:1041,365
DA:1042,365
DA:1043,365
DA:1044,3
DA:1048,365
DA:1049,365
DA:1050,4
DA:1051,4
DA:1052,13
DA:1053,13
DA:1055,4
DA:1057,365
DA:1058,365
DA:1059,2
DA:1066,365
DA:1067,365
DA:1068,0
DA:1071,365
DA:1072,365
DA:1073,3
DA:1074,6
DA:1075,3
DA:1077,365
DA:1078,3
DA:1079,3
DA:1080,5
DA:1081,3
DA:1083,365
DA:1084,3
DA:1085,9
DA:1086,3
DA:1088,365
DA:1089,3
DA:1090,3
DA:1091,3
DA:1094,6
DA:1095,3
DA:1097,365
DA:1098,365
DA:1099,365
DA:1100,1
DA:1101,11
DA:1102,10
DA:1103,11
DA:1104,365
DA:1105,14
DA:1106,2
DA:1107,14
DA:1111,365
DA:1112,6
DA:1113,1
DA:1117,6
DA:1121,365
DA:1122,365
DA:1123,365
DA:1124,8
DA:1125,365
DA:1126,3
DA:1128,26
DA:1129,26
DA:1130,365
DA:1131,2
DA:1132,2
DA:1133,6
DA:1135,365
DA:1136,2
DA:1137,2
DA:1138,2
DA:1140,365
DA:1141,14
DA:1142,17
DA:1144,365
DA:1145,365
DA:1146,365
DA:1147,365
DA:1148,4
DA:1149,365
DA:1150,7
DA:1151,1
DA:1153,365
DA:1155,1
DA:1156,1
DA:1157,1
DA:1158,1
DA:1159,1
DA:1160,1
DA:1161,1
DA:1163,0
DA:1164,0
DA:1165,0
DA:1166,0
DA:1167,0
DA:1173,365
DA:1174,1
DA:1175,1
DA:1176,1
DA:1177,1
DA:1179,365
DA:1180,1
DA:1181,1
DA:1183,365
DA:1185,16
DA:1188,45
DA:1190,13
DA:1192,365
DA:1193,3
DA:1194,365
DA:1195,365
DA:1196,2
DA:1198,5
DA:1201,365
DA:1202,9
DA:1205,50
DA:1207,365
DA:1208,4
DA:1209,4
DA:1210,4
DA:1211,4
DA:1212,4
DA:1213,4
DA:1217,365
DA:1218,11
DA:1219,365
DA:1220,9
DA:1223,50
DA:1225,365
DA:1226,8
DA:1228,31
DA:1230,365
DA:1231,365
DA:1232,1
DA:1233,1
DA:1234,1
DA:1237,1
DA:1239,365
DA:1240,365
DA:1241,1
DA:1242,365
DA:1243,1
DA:1244,365
DA:1245,365
DA:1246,365
DA:1247,6
DA:1248,4
DA:1249,3
DA:1251,365
DA:1252,1
DA:1255,7
DA:1263,365
DA:1264,1
DA:1265,2
DA:1266,1
DA:1267,1
DA:1271,3
DA:1276,1
DA:1277,2
DA:1279,365
DA:1280,1
DA:1281,1
DA:1282,5
DA:1283,1
DA:1285,365
DA:1286,365
DA:1287,1
DA:1288,2
DA:1290,365
DA:1291,17
DA:1292,365
DA:1293,365
DA:1294,2
DA:1295,12
DA:1296,10
DA:1298,365
DA:1299,2
DA:1300,12
DA:1301,10
DA:1303,365
DA:1304,18
DA:1306,365
DA:1307,365
DA:1308,2
DA:1309,11
DA:1311,4
DA:1312,6
DA:1314,365
DA:1315,1
DA:1317,6
DA:1319,2
DA:1320,3
DA:1322,3
DA:1323,365
DA:1324,365
DA:1325,365
DA:1326,365
DA:1327,365
DA:1328,365
DA:1329,12
DA:1330,365
DA:1331,15
DA:1332,6
DA:1333,24
DA:1336,365
DA:1337,10
DA:1338,365
DA:1339,2
DA:1340,2
DA:1341,6
DA:1342,6
DA:1345,365
DA:1346,1
DA:1347,1
DA:1349,365
DA:1350,9
DA:1351,7
DA:1352,7
DA:1353,5
DA:1354,2
DA:1356,365
DA:1357,365
DA:1358,2
DA:1359,5
DA:1360,1
DA:1361,4
DA:1362,2
DA:1365,2
DA:1367,365
DA:1368,365
DA:1369,365
DA:1370,4
DA:1371,15
DA:1372,15
DA:1373,9
DA:1375,4
DA:1376,4
DA:1377,4
DA:1378,44
DA:1379,44
DA:1380,4
DA:1381,2
DA:1382,10
DA:1383,10
DA:1384,10
DA:1386,4
DA:1388,365
DA:1389,365
DA:1390,1
DA:1391,365
DA:1392,1
DA:1393,1
DA:1394,7
DA:1398,365
DA:1399,1
DA:1400,1
DA:1402,365
DA:1403,4
DA:1404,3
DA:1405,2
DA:1406,2
DA:1407,4
DA:1408,4
DA:1410,2
DA:1412,365
DA:1413,2
DA:1414,2
DA:1415,2
DA:1416,2
DA:1417,2
DA:1419,365
DA:1420,2
DA:1421,2
DA:1422,2
DA:1423,2
DA:1424,2
DA:1425,2
DA:1427,365
DA:1428,6
DA:1431,365
DA:1432,2
DA:1434,10
DA:1439,365
DA:1440,365
DA:1441,3
DA:1442,2
DA:1443,1
DA:1445,26
DA:1446,1
DA:1448,19
DA:1449,1
DA:1450,25
DA:1451,450
DA:1452,45
DA:1454,405
DA:1462,1
DA:1464,365
DA:1465,365
DA:1466,365
DA:1467,51
DA:1470,53
DA:1472,53
DA:1474,365
DA:1475,365
DA:1476,2
DA:1477,1
DA:1478,3
DA:1479,2
DA:1480,1
DA:1481,1
DA:1483,2
DA:1488,18
DA:1490,2
DA:1491,18
DA:1492,10
DA:1493,8
DA:1494,8
DA:1495,8
DA:1497,0
DA:1500,2
DA:1501,0
DA:1503,365
DA:1504,0
DA:1505,0
DA:1506,0
DA:1508,365
DA:1511,365
LF:1030
LH:958
BRDA:1,0,0,365
BRDA:1,0,1,365
BRDA:2,1,0,365
BRDA:2,1,1,365
BRDA:4,2,0,1
BRDA:4,3,0,2
BRDA:6,4,0,2
BRDA:6,4,1,2
BRDA:9,5,0,1
BRDA:22,6,0,1
BRDA:27,7,0,8
BRDA:27,7,1,8
BRDA:27,8,0,4
BRDA:27,8,1,12
BRDA:51,9,0,6
BRDA:53,10,0,3
BRDA:54,11,0,3
BRDA:55,12,0,1
BRDA:68,13,0,1
BRDA:68,13,1,0
BRDA:73,14,0,1
BRDA:73,14,1,1
BRDA:76,15,0,3
BRDA:76,15,1,1
BRDA:78,16,0,3
BRDA:78,16,1,1
BRDA:92,17,0,2
BRDA:92,17,1,5
BRDA:92,18,0,7
BRDA:92,18,1,6
BRDA:93,19,0,1
BRDA:93,19,1,4
BRDA:93,20,0,5
BRDA:93,20,1,4
BRDA:94,21,0,1
BRDA:94,21,1,3
BRDA:94,22,0,4
BRDA:94,22,1,3
BRDA:95,23,0,1
BRDA:95,23,1,2
BRDA:95,24,0,3
BRDA:95,24,1,2
BRDA:96,25,0,1
BRDA:96,25,1,1
BRDA:103,26,0,1
BRDA:103,26,1,1
BRDA:107,27,0,1
BRDA:108,28,0,3
BRDA:108,28,1,1
BRDA:110,29,0,2
BRDA:110,29,1,3
BRDA:116,30,0,2
BRDA:116,30,1,3
BRDA:160,31,0,1
BRDA:160,31,1,1
BRDA:164,32,0,1
BRDA:164,32,1,1
BRDA:170,33,0,1
BRDA:170,33,1,1
BRDA:171,34,0,6
BRDA:171,34,1,4
BRDA:174,35,0,6
BRDA:174,35,1,8
BRDA:175,36,0,1
BRDA:175,37,0,1
BRDA:177,38,0,1
BRDA:177,38,1,2
BRDA:181,39,0,0
BRDA:181,39,1,0
BRDA:182,40,0,0
BRDA:182,40,1,0
BRDA:194,41,0,1
BRDA:194,41,1,1
BRDA:197,42,0,1
BRDA:197,42,1,0
BRDA:201,43,0,1
BRDA:201,43,1,0
BRDA:202,44,0,1
BRDA:202,44,1,0
BRDA:206,45,0,1
BRDA:207,46,0,2
BRDA:207,46,1,5
BRDA:210,47,0,1
BRDA:217,48,0,1
BRDA:218,49,0,1
BRDA:218,49,1,1
BRDA:222,50,0,2
BRDA:222,50,1,4
BRDA:224,51,0,1
BRDA:224,51,1,3
BRDA:224,52,0,1
BRDA:224,52,1,1
BRDA:226,53,0,3
BRDA:226,53,1,5
BRDA:228,54,0,4
BRDA:228,54,1,4
BRDA:230,55,0,2
BRDA:230,55,1,1
BRDA:230,56,0,3
BRDA:230,56,1,1
BRDA:233,57,0,2
BRDA:233,57,1,4
BRDA:235,58,0,3
BRDA:235,58,1,1
BRDA:239,59,0,3
BRDA:239,59,1,2
BRDA:239,60,0,5
BRDA:239,60,1,5
BRDA:248,61,0,0
BRDA:248,61,1,0
BRDA:261,62,0,3
BRDA:261,62,1,10
BRDA:264,63,0,0
BRDA:264,63,1,15
BRDA:265,64,0,9
BRDA:265,64,1,6
BRDA:269,65,0,1
BRDA:270,66,0,1
BRDA:272,67,0,3
BRDA:272,67,1,3
BRDA:276,68,0,3
BRDA:276,68,1,3
BRDA:279,69,0,2
BRDA:279,69,1,2
BRDA:280,70,0,1
BRDA:283,71,0,1
BRDA:283,71,1,1
BRDA:284,72,0,1
BRDA:284,72,1,0
BRDA:284,72,2,1
BRDA:284,72,3,0
BRDA:284,72,4,0
BRDA:284,72,5,0
BRDA:284,72,6,0
BRDA:284,72,7,0
BRDA:286,73,0,1
BRDA:286,73,1,1
BRDA:286,73,2,1
BRDA:286,73,3,1
BRDA:288,74,0,2
BRDA:292,75,0,16
BRDA:292,75,1,16
BRDA:292,76,0,8
BRDA:292,76,1,8
BRDA:292,77,0,8
BRDA:292,77,1,8
BRDA:293,78,0,8
BRDA:293,78,1,1
BRDA:305,79,0,14
BRDA:305,79,1,16
BRDA:306,80,0,1
BRDA:306,80,1,15
BRDA:306,81,0,16
BRDA:306,81,1,1
BRDA:307,82,0,4
BRDA:307,82,1,11
BRDA:307,83,0,15
BRDA:307,83,1,13
BRDA:307,83,2,13
BRDA:307,83,3,2
BRDA:308,84,0,0
BRDA:308,84,1,11
BRDA:308,85,0,11
BRDA:308,85,1,11
BRDA:308,85,2,11
BRDA:308,85,3,11
BRDA:309,86,0,0
BRDA:309,86,1,11
BRDA:311,87,0,1
BRDA:311,87,1,10
BRDA:318,88,0,7
BRDA:318,88,1,0
BRDA:331,89,0,1
BRDA:331,89,1,1
BRDA:336,90,0,1
BRDA:336,90,1,22
BRDA:340,91,0,5
BRDA:340,91,1,17
BRDA:345,92,0,4
BRDA:345,92,1,2
BRDA:363,93,0,1
BRDA:364,94,0,1
BRDA:364,94,1,9
BRDA:364,95,0,10
BRDA:364,95,1,3
BRDA:365,96,0,2
BRDA:367,97,0,5
BRDA:367,97,1,6
BRDA:368,98,0,4
BRDA:368,98,1,7
BRDA:384,99,0,1
BRDA:384,99,1,2
BRDA:394,100,0,5
BRDA:394,100,1,4
BRDA:397,101,0,1
BRDA:403,102,0,1
BRDA:404,103,0,1
BRDA:404,103,1,1
BRDA:409,104,0,3
BRDA:409,104,1,7
BRDA:412,105,0,1
BRDA:412,106,0,2
BRDA:422,107,0,3
BRDA:422,107,1,3
BRDA:427,108,0,1
BRDA:429,109,0,2
BRDA:429,109,1,3
BRDA:432,110,0,1
BRDA:432,110,1,4
BRDA:432,111,0,5
BRDA:432,111,1,4
BRDA:434,112,0,1
BRDA:434,112,1,3
BRDA:436,113,0,1
BRDA:436,113,1,2
BRDA:439,114,0,1
BRDA:440,115,0,1
BRDA:440,115,1,1
BRDA:441,116,0,1
BRDA:441,116,1,1
BRDA:445,117,0,1
BRDA:445,117,1,2
BRDA:445,118,0,1
BRDA:445,118,1,1
BRDA:447,119,0,1
BRDA:447,119,1,0
BRDA:452,120,0,1
BRDA:452,120,1,1
BRDA:453,121,0,6
BRDA:453,121,1,4
BRDA:456,122,0,1
BRDA:456,122,1,0
BRDA:459,123,0,0
BRDA:459,123,1,0
BRDA:485,124,0,2
BRDA:485,124,1,1
BRDA:486,125,0,1
BRDA:486,125,1,2
BRDA:487,126,0,1
BRDA:487,126,1,1
BRDA:491,127,0,1
BRDA:491,127,1,2
BRDA:493,128,0,1
BRDA:493,128,1,2
BRDA:495,129,0,1
BRDA:495,129,1,2
BRDA:495,130,0,1
BRDA:495,130,1,2
BRDA:497,131,0,1
BRDA:497,131,1,2
BRDA:497,132,0,1
BRDA:497,132,1,2
BRDA:498,133,0,1
BRDA:498,133,1,2
BRDA:503,134,0,1
BRDA:510,135,0,2
BRDA:519,136,0,0
BRDA:519,136,1,0
BRDA:521,137,0,1
BRDA:526,138,0,2
BRDA:527,139,0,1
BRDA:527,139,1,4
BRDA:527,140,0,5
BRDA:527,140,1,3
BRDA:528,141,0,2
BRDA:528,141,1,3
BRDA:528,142,0,2
BRDA:528,142,1,2
BRDA:528,143,0,3
BRDA:528,143,1,2
BRDA:530,144,0,1
BRDA:531,145,0,2
BRDA:531,145,1,7
BRDA:533,146,0,1
BRDA:535,147,0,1
BRDA:535,148,0,2
BRDA:537,149,0,1
BRDA:537,150,0,2
BRDA:541,151,0,1
BRDA:543,152,0,11
BRDA:543,152,1,8
BRDA:559,153,0,3
BRDA:559,153,1,3
BRDA:560,154,0,6
BRDA:560,154,1,4
BRDA:564,155,0,16
BRDA:564,155,1,16
BRDA:577,156,0,3
BRDA:577,156,1,2
BRDA:584,157,0,4
BRDA:584,157,1,4
BRDA:584,157,2,4
BRDA:584,157,3,3
BRDA:584,157,4,2
BRDA:584,157,5,2
BRDA:584,157,6,1
BRDA:591,158,0,10
BRDA:591,158,1,10
BRDA:591,159,0,10
BRDA:591,159,1,0
BRDA:595,160,0,3
BRDA:595,160,1,2
BRDA:596,161,0,3
BRDA:596,161,1,2
BRDA:600,162,0,4
BRDA:600,162,1,3
BRDA:601,163,0,2
BRDA:601,163,1,2
BRDA:601,163,2,2
BRDA:604,164,0,1
BRDA:604,164,1,2
BRDA:609,165,0,3
BRDA:609,165,1,3
BRDA:609,165,2,1
BRDA:609,165,3,3
BRDA:613,166,0,4
BRDA:613,166,1,4
BRDA:613,166,2,4
BRDA:613,166,3,3
BRDA:613,166,4,2
BRDA:622,167,0,7
BRDA:622,167,1,24
BRDA:623,168,0,9
BRDA:623,168,1,22
BRDA:623,169,0,1
BRDA:623,169,1,8
BRDA:624,170,0,1
BRDA:624,170,1,21
BRDA:627,171,0,4
BRDA:627,171,1,4
BRDA:627,171,2,4
BRDA:630,172,0,2
BRDA:630,172,1,2
BRDA:642,173,0,4
BRDA:642,173,1,4
BRDA:642,173,2,4
BRDA:642,173,3,3
BRDA:642,173,4,2
BRDA:647,174,0,1
BRDA:647,175,0,2
BRDA:650,176,0,3
BRDA:650,176,1,9
BRDA:652,177,0,3
BRDA:652,177,1,6
BRDA:659,178,0,4
BRDA:659,178,1,12
BRDA:663,179,0,8
BRDA:663,179,1,5
BRDA:675,180,0,18
BRDA:675,180,1,20
BRDA:675,181,0,20
BRDA:675,181,1,1
BRDA:698,182,0,1
BRDA:698,183,0,2
BRDA:700,184,0,3
BRDA:700,184,1,2
BRDA:704,185,0,1
BRDA:704,185,1,0
BRDA:704,186,0,1
BRDA:704,186,1,1
BRDA:708,187,0,1
BRDA:708,187,1,1
BRDA:710,188,0,1
BRDA:714,189,0,2
BRDA:714,189,1,1
BRDA:719,190,0,1
BRDA:719,190,1,2
BRDA:719,191,0,2
BRDA:719,191,1,2
BRDA:728,192,0,2
BRDA:728,192,1,3
BRDA:734,193,0,1
BRDA:734,193,1,1
BRDA:736,194,0,1
BRDA:737,195,0,1
BRDA:746,196,0,1
BRDA:746,197,0,6
BRDA:751,198,0,2
BRDA:753,199,0,1
BRDA:753,200,0,1
BRDA:753,200,1,3
BRDA:774,201,0,1
BRDA:784,202,0,1
BRDA:785,203,0,1
BRDA:785,203,1,1
BRDA:786,204,0,1
BRDA:786,204,1,1
BRDA:786,205,0,2
BRDA:786,205,1,2
BRDA:787,206,0,1
BRDA:787,206,1,1
BRDA:794,207,0,0
BRDA:794,207,1,0
BRDA:799,208,0,0
BRDA:799,208,1,0
BRDA:806,209,0,1
BRDA:806,209,1,1
BRDA:814,210,0,9
BRDA:814,210,1,5
BRDA:815,211,0,1
BRDA:815,211,1,8
BRDA:815,212,0,9
BRDA:815,212,1,4
BRDA:816,213,0,4
BRDA:816,213,1,5
BRDA:816,214,0,3
BRDA:816,214,1,2
BRDA:823,215,0,3
BRDA:842,216,0,1
BRDA:842,216,1,1
BRDA:848,217,0,5
BRDA:848,217,1,5
BRDA:848,218,0,1
BRDA:848,218,1,9
BRDA:850,219,0,4
BRDA:850,219,1,1
BRDA:850,220,0,3
BRDA:850,220,1,1
BRDA:860,221,0,2
BRDA:860,221,1,2
BRDA:867,222,0,4
BRDA:868,223,0,0
BRDA:869,224,0,2
BRDA:869,224,1,4
BRDA:870,225,0,1
BRDA:870,225,1,5
BRDA:878,226,0,1
BRDA:878,226,1,1
BRDA:880,227,0,1
BRDA:880,227,1,0
BRDA:880,228,0,0
BRDA:880,228,1,1
BRDA:882,229,0,1
BRDA:882,230,0,2
BRDA:884,231,0,2
BRDA:884,231,1,3
BRDA:884,232,0,1
BRDA:884,232,1,1
BRDA:885,233,0,1
BRDA:885,233,1,2
BRDA:886,234,0,1
BRDA:886,234,1,2
BRDA:887,235,0,1
BRDA:887,235,1,2
BRDA:887,236,0,2
BRDA:887,236,1,1
BRDA:893,237,0,14
BRDA:893,237,1,7
BRDA:898,238,0,0
BRDA:898,238,1,0
BRDA:901,239,0,0
BRDA:901,239,1,1
BRDA:909,240,0,2
BRDA:909,240,1,2
BRDA:917,241,0,2
BRDA:917,241,1,2
BRDA:925,242,0,1
BRDA:925,242,1,0
BRDA:926,243,0,1
BRDA:926,243,1,0
BRDA:927,244,0,1
BRDA:927,244,1,0
BRDA:937,245,0,0
BRDA:948,246,0,0
BRDA:962,247,0,0
BRDA:962,247,1,0
BRDA:965,248,0,0
BRDA:965,248,1,0
BRDA:968,249,0,0
BRDA:969,250,0,0
BRDA:969,250,1,0
BRDA:972,251,0,1
BRDA:973,252,0,2
BRDA:973,252,1,4
BRDA:983,253,0,1
BRDA:983,253,1,0
BRDA:994,254,0,3
BRDA:994,254,1,1
BRDA:999,255,0,4
BRDA:1017,256,0,1
BRDA:1026,257,0,0
BRDA:1026,257,1,0
BRDA:1027,258,0,0
BRDA:1027,258,1,0
BRDA:1043,259,0,0
BRDA:1043,260,0,0
BRDA:1059,261,0,1
BRDA:1059,261,1,1
BRDA:1061,262,0,1
BRDA:1061,262,1,0
BRDA:1061,263,0,1
BRDA:1061,263,1,1
BRDA:1062,264,0,1
BRDA:1062,264,1,1
BRDA:1062,264,2,1
BRDA:1063,265,0,0
BRDA:1063,265,1,0
BRDA:1074,266,0,2
BRDA:1074,266,1,4
BRDA:1075,267,0,1
BRDA:1075,267,1,2
BRDA:1080,268,0,2
BRDA:1080,268,1,3
BRDA:1081,269,0,1
BRDA:1081,269,1,2
BRDA:1085,270,0,2
BRDA:1085,270,1,7
BRDA:1086,271,0,1
BRDA:1086,271,1,2
BRDA:1094,272,0,2
BRDA:1094,272,1,4
BRDA:1095,273,0,1
BRDA:1095,273,1,2
BRDA:1102,274,0,10
BRDA:1102,274,1,10
BRDA:1104,275,0,1
BRDA:1108,276,0,1
BRDA:1108,276,1,1
BRDA:1112,277,0,5
BRDA:1112,277,1,1
BRDA:1112,278,0,3
BRDA:1112,278,1,2
BRDA:1124,279,0,1
BRDA:1124,279,1,1
BRDA:1125,280,0,1
BRDA:1125,281,0,2
BRDA:1144,282,0,1
BRDA:1144,282,1,1
BRDA:1145,283,0,1
BRDA:1146,284,0,1
BRDA:1148,285,0,2
BRDA:1148,285,1,2
BRDA:1150,286,0,1
BRDA:1150,286,1,6
BRDA:1158,287,0,1
BRDA:1158,287,1,0
BRDA:1165,288,0,0
BRDA:1165,288,1,0
BRDA:1179,289,0,1
BRDA:1181,290,0,5
BRDA:1181,290,1,5
BRDA:1185,291,0,16
BRDA:1185,291,1,15
BRDA:1192,292,0,2
BRDA:1198,293,0,4
BRDA:1198,293,1,1
BRDA:1202,294,0,9
BRDA:1202,294,1,8
BRDA:1213,295,0,2
BRDA:1213,295,1,2
BRDA:1213,296,0,4
BRDA:1213,296,1,2
BRDA:1220,297,0,9
BRDA:1220,297,1,8
BRDA:1231,298,0,1
BRDA:1237,299,0,1
BRDA:1237,299,1,0
BRDA:1243,300,0,1
BRDA:1243,300,1,0
BRDA:1243,301,0,1
BRDA:1243,301,1,0
BRDA:1246,302,0,1
BRDA:1248,303,0,1
BRDA:1248,303,1,3
BRDA:1255,304,0,7
BRDA:1255,304,1,0
BRDA:1265,305,0,1
BRDA:1265,305,1,1
BRDA:1271,306,0,2
BRDA:1271,306,1,1
BRDA:1295,307,0,6
BRDA:1295,307,1,4
BRDA:1300,308,0,6
BRDA:1300,308,1,4
BRDA:1323,309,0,12
BRDA:1323,309,1,7
BRDA:1323,309,2,6
BRDA:1324,310,0,1
BRDA:1324,310,1,1
BRDA:1326,311,0,9
BRDA:1328,312,0,9
BRDA:1329,313,0,2
BRDA:1329,313,1,10
BRDA:1329,314,0,1
BRDA:1329,314,1,9
BRDA:1339,315,0,1
BRDA:1339,315,1,1
BRDA:1342,316,0,2
BRDA:1342,316,1,2
BRDA:1349,317,0,4
BRDA:1349,318,0,4
BRDA:1350,319,0,2
BRDA:1350,319,1,7
BRDA:1352,320,0,2
BRDA:1352,320,1,5
BRDA:1353,321,0,3
BRDA:1353,321,1,2
BRDA:1357,322,0,0
BRDA:1359,323,0,1
BRDA:1359,323,1,4
BRDA:1361,324,0,2
BRDA:1361,324,1,2
BRDA:1367,325,0,14
BRDA:1367,325,1,7
BRDA:1368,326,0,2
BRDA:1368,326,1,1
BRDA:1369,327,0,2
BRDA:1372,328,0,6
BRDA:1372,328,1,0
BRDA:1376,329,0,2
BRDA:1376,329,1,2
BRDA:1378,330,0,20
BRDA:1378,330,1,24
BRDA:1380,331,0,2
BRDA:1380,331,1,2
BRDA:1386,332,0,2
BRDA:1386,332,1,2
BRDA:1394,333,0,5
BRDA:1394,333,1,2
BRDA:1403,334,0,1
BRDA:1403,334,1,3
BRDA:1403,335,0,4
BRDA:1403,335,1,4
BRDA:1404,336,0,1
BRDA:1404,336,1,2
BRDA:1412,337,0,1
BRDA:1419,338,0,2
BRDA:1434,339,0,3
BRDA:1434,339,1,7
BRDA:1434,340,0,10
BRDA:1434,340,1,0
BRDA:1441,341,0,1
BRDA:1441,341,1,2
BRDA:1442,342,0,1
BRDA:1442,342,1,1
BRDA:1451,343,0,45
BRDA:1451,343,1,405
BRDA:1465,344,0,1
BRDA:1465,344,1,1
BRDA:1467,345,0,27
BRDA:1467,345,1,24
BRDA:1470,346,0,0
BRDA:1470,346,1,53
BRDA:1472,347,0,53
BRDA:1472,347,1,0
BRDA:1474,348,0,1
BRDA:1488,349,0,18
BRDA:1488,349,1,18
BRDA:1491,350,0,10
BRDA:1491,350,1,8
BRDA:1491,351,0,18
BRDA:1491,351,1,10
BRDA:1493,352,0,8
BRDA:1493,352,1,0
BRDA:1500,353,0,2
BRDA:1500,353,1,0
BRF:656
BRH:582
end_of_record
